running develop
/usr/lib/python3/dist-packages/setuptools/command/easy_install.py:158: EasyInstallDeprecationWarning: easy_install command is deprecated. Use build and pip and other standards-based tools.
  warnings.warn(
/usr/lib/python3/dist-packages/setuptools/command/install.py:34: SetuptoolsDeprecationWarning: setup.py install is deprecated. Use build and pip and other standards-based tools.
  warnings.warn(
running egg_info
creating realsense_streamer.egg-info
writing realsense_streamer.egg-info/PKG-INFO
writing dependency_links to realsense_streamer.egg-info/dependency_links.txt
writing entry points to realsense_streamer.egg-info/entry_points.txt
writing requirements to realsense_streamer.egg-info/requires.txt
writing top-level names to realsense_streamer.egg-info/top_level.txt
writing manifest file 'realsense_streamer.egg-info/SOURCES.txt'
reading manifest file 'realsense_streamer.egg-info/SOURCES.txt'
writing manifest file 'realsense_streamer.egg-info/SOURCES.txt'
running build_ext
Creating /home/fabio_tdt/Documents/ros2_dataset_ws/src/install/realsense_streamer/lib/python3.10/site-packages/realsense-streamer.egg-link (link to .)
Installing RealSenseStreamer script to /home/fabio_tdt/Documents/ros2_dataset_ws/src/install/realsense_streamer/lib/realsense_streamer

Installed /home/fabio_tdt/Documents/ros2_dataset_ws/src/build/realsense_streamer
running install_data
creating /home/fabio_tdt/Documents/ros2_dataset_ws/src/install/realsense_streamer/share/ament_index
creating /home/fabio_tdt/Documents/ros2_dataset_ws/src/install/realsense_streamer/share/ament_index/resource_index
creating /home/fabio_tdt/Documents/ros2_dataset_ws/src/install/realsense_streamer/share/ament_index/resource_index/packages
copying resource/realsense_streamer -> /home/fabio_tdt/Documents/ros2_dataset_ws/src/install/realsense_streamer/share/ament_index/resource_index/packages
copying package.xml -> /home/fabio_tdt/Documents/ros2_dataset_ws/src/install/realsense_streamer/share/realsense_streamer
