running develop
running egg_info
creating ur5e_motion_controller.egg-info
writing ur5e_motion_controller.egg-info/PKG-INFO
writing dependency_links to ur5e_motion_controller.egg-info/dependency_links.txt
writing entry points to ur5e_motion_controller.egg-info/entry_points.txt
writing requirements to ur5e_motion_controller.egg-info/requires.txt
writing top-level names to ur5e_motion_controller.egg-info/top_level.txt
writing manifest file 'ur5e_motion_controller.egg-info/SOURCES.txt'
reading manifest file 'ur5e_motion_controller.egg-info/SOURCES.txt'
writing manifest file 'ur5e_motion_controller.egg-info/SOURCES.txt'
running build_ext
Creating /home/fabio_tdt/Documents/ros2_dataset_ws/src/install/ur5e_motion_controller/lib/python3.10/site-packages/ur5e-motion-controller.egg-link (link to .)

Installed /home/fabio_tdt/Documents/ros2_dataset_ws/src/build/ur5e_motion_controller
running install_data
creating /home/fabio_tdt/Documents/ros2_dataset_ws/src/install/ur5e_motion_controller/share/ament_index
creating /home/fabio_tdt/Documents/ros2_dataset_ws/src/install/ur5e_motion_controller/share/ament_index/resource_index
creating /home/fabio_tdt/Documents/ros2_dataset_ws/src/install/ur5e_motion_controller/share/ament_index/resource_index/packages
copying resource/ur5e_motion_controller -> /home/fabio_tdt/Documents/ros2_dataset_ws/src/install/ur5e_motion_controller/share/ament_index/resource_index/packages
copying package.xml -> /home/fabio_tdt/Documents/ros2_dataset_ws/src/install/ur5e_motion_controller/share/ur5e_motion_controller
