[2.511s] Invoking command in '/home/fabio_tdt/Documents/ros2_dataset_ws/src/build/ur5e_motion_controller': PYTHONPATH=/home/fabio_tdt/Documents/ros2_dataset_ws/src/build/ur5e_motion_controller/prefix_override:/home/fabio_tdt/Documents/ros2_dataset_ws/src/install/ur5e_motion_controller/lib/python3.10/site-packages:${PYTHONPATH} /usr/bin/python3 setup.py develop --editable --build-directory /home/fabio_tdt/Documents/ros2_dataset_ws/src/build/ur5e_motion_controller/build --no-deps install_data
[2.977s] running develop
[2.987s] /usr/lib/python3/dist-packages/setuptools/command/easy_install.py:158: EasyInstallDeprecationWarning: easy_install command is deprecated. Use build and pip and other standards-based tools.
[2.987s]   warnings.warn(
[2.994s] /usr/lib/python3/dist-packages/setuptools/command/install.py:34: SetuptoolsDeprecationWarning: setup.py install is deprecated. Use build and pip and other standards-based tools.
[2.994s]   warnings.warn(
[3.309s] running egg_info
[3.310s] creating ur5e_motion_controller.egg-info
[3.310s] writing ur5e_motion_controller.egg-info/PKG-INFO
[3.310s] writing dependency_links to ur5e_motion_controller.egg-info/dependency_links.txt
[3.310s] writing entry points to ur5e_motion_controller.egg-info/entry_points.txt
[3.310s] writing requirements to ur5e_motion_controller.egg-info/requires.txt
[3.310s] writing top-level names to ur5e_motion_controller.egg-info/top_level.txt
[3.310s] writing manifest file 'ur5e_motion_controller.egg-info/SOURCES.txt'
[3.317s] reading manifest file 'ur5e_motion_controller.egg-info/SOURCES.txt'
[3.317s] writing manifest file 'ur5e_motion_controller.egg-info/SOURCES.txt'
[3.383s] running build_ext
[3.383s] Creating /home/fabio_tdt/Documents/ros2_dataset_ws/src/install/ur5e_motion_controller/lib/python3.10/site-packages/ur5e-motion-controller.egg-link (link to .)
[3.383s] 
[3.383s] Installed /home/fabio_tdt/Documents/ros2_dataset_ws/src/build/ur5e_motion_controller
[3.383s] running install_data
[3.383s] creating /home/fabio_tdt/Documents/ros2_dataset_ws/src/install/ur5e_motion_controller/share/ament_index
[3.383s] creating /home/fabio_tdt/Documents/ros2_dataset_ws/src/install/ur5e_motion_controller/share/ament_index/resource_index
[3.383s] creating /home/fabio_tdt/Documents/ros2_dataset_ws/src/install/ur5e_motion_controller/share/ament_index/resource_index/packages
[3.383s] copying resource/ur5e_motion_controller -> /home/fabio_tdt/Documents/ros2_dataset_ws/src/install/ur5e_motion_controller/share/ament_index/resource_index/packages
[3.383s] copying package.xml -> /home/fabio_tdt/Documents/ros2_dataset_ws/src/install/ur5e_motion_controller/share/ur5e_motion_controller
[3.432s] Invoked command in '/home/fabio_tdt/Documents/ros2_dataset_ws/src/build/ur5e_motion_controller' returned '0': PYTHONPATH=/home/fabio_tdt/Documents/ros2_dataset_ws/src/build/ur5e_motion_controller/prefix_override:/home/fabio_tdt/Documents/ros2_dataset_ws/src/install/ur5e_motion_controller/lib/python3.10/site-packages:${PYTHONPATH} /usr/bin/python3 setup.py develop --editable --build-directory /home/fabio_tdt/Documents/ros2_dataset_ws/src/build/ur5e_motion_controller/build --no-deps install_data
