[1.571s] Invoking command in '/home/fabio_tdt/Documents/blackberry_pose/ros2_dataset_ws/build/realsense_streamer': PYTHONPATH=/home/fabio_tdt/Documents/blackberry_pose/ros2_dataset_ws/build/realsense_streamer/prefix_override:/home/fabio_tdt/Documents/blackberry_pose/ros2_dataset_ws/install/realsense_streamer/lib/python3.10/site-packages:${PYTHONPATH} /usr/bin/python3 setup.py develop --editable --build-directory /home/fabio_tdt/Documents/blackberry_pose/ros2_dataset_ws/build/realsense_streamer/build --no-deps install_data
[1.812s] running develop
[1.812s] /usr/lib/python3/dist-packages/setuptools/command/easy_install.py:158: EasyInstallDeprecationWarning: easy_install command is deprecated. Use build and pip and other standards-based tools.
[1.812s]   warnings.warn(
[1.815s] /usr/lib/python3/dist-packages/setuptools/command/install.py:34: SetuptoolsDeprecationWarning: setup.py install is deprecated. Use build and pip and other standards-based tools.
[1.815s]   warnings.warn(
[1.972s] running egg_info
[1.972s] writing realsense_streamer.egg-info/PKG-INFO
[1.973s] writing dependency_links to realsense_streamer.egg-info/dependency_links.txt
[1.973s] writing entry points to realsense_streamer.egg-info/entry_points.txt
[1.973s] writing requirements to realsense_streamer.egg-info/requires.txt
[1.973s] writing top-level names to realsense_streamer.egg-info/top_level.txt
[1.974s] reading manifest file 'realsense_streamer.egg-info/SOURCES.txt'
[1.975s] writing manifest file 'realsense_streamer.egg-info/SOURCES.txt'
[2.011s] running build_ext
[2.011s] Creating /home/fabio_tdt/Documents/blackberry_pose/ros2_dataset_ws/install/realsense_streamer/lib/python3.10/site-packages/realsense-streamer.egg-link (link to .)
[2.012s] Installing RealSenseStreamer script to /home/fabio_tdt/Documents/blackberry_pose/ros2_dataset_ws/install/realsense_streamer/lib/realsense_streamer
[2.012s] 
[2.013s] Installed /home/fabio_tdt/Documents/blackberry_pose/ros2_dataset_ws/build/realsense_streamer
[2.013s] running install_data
[2.282s] Invoked command in '/home/fabio_tdt/Documents/blackberry_pose/ros2_dataset_ws/build/realsense_streamer' returned '0': PYTHONPATH=/home/fabio_tdt/Documents/blackberry_pose/ros2_dataset_ws/build/realsense_streamer/prefix_override:/home/fabio_tdt/Documents/blackberry_pose/ros2_dataset_ws/install/realsense_streamer/lib/python3.10/site-packages:${PYTHONPATH} /usr/bin/python3 setup.py develop --editable --build-directory /home/fabio_tdt/Documents/blackberry_pose/ros2_dataset_ws/build/realsense_streamer/build --no-deps install_data
