[0.082s] Invoking command in '/home/fabio_tdt/Documents/ros2_dataset_ws/build/cartesian_compliance_controller': AMENT_PREFIX_PATH=/home/fabio_tdt/Documents/ros2_dataset_ws/install/cartesian_motion_controller:/home/fabio_tdt/Documents/ros2_dataset_ws/install/cartesian_force_controller:/home/fabio_tdt/Documents/ros2_dataset_ws/install/cartesian_controller_base:${AMENT_PREFIX_PATH} CMAKE_PREFIX_PATH=/home/fabio_tdt/Documents/ros2_dataset_ws/install/cartesian_motion_controller:/home/fabio_tdt/Documents/ros2_dataset_ws/install/cartesian_force_controller:/home/fabio_tdt/Documents/ros2_dataset_ws/install/cartesian_controller_base:/home/fabio_tdt/Documents/ros2_dataset_ws/install/ur_simulator:/home/fabio_tdt/Documents/ros2_dataset_ws/install/realsense_streamer:/home/fabio_tdt/Documents/ros2_dataset_ws/install/launch_package:/home/fabio_tdt/Documents/ros2_dataset_ws/install/berry_dataset:/home/fabio_tdt/Documents/ros2_dataset_ws/src/install/ur_simulator:/home/fabio_tdt/Documents/ros2_dataset_ws/src/install/realsense_streamer:/home/fabio_tdt/Documents/ros2_dataset_ws/src/install/launch_package:/home/fabio_tdt/Documents/ros2_dataset_ws/src/install/berry_dataset:/opt/ros/humble LD_LIBRARY_PATH=/home/fabio_tdt/Documents/ros2_dataset_ws/install/cartesian_motion_controller/lib:/home/fabio_tdt/Documents/ros2_dataset_ws/install/cartesian_force_controller/lib:/home/fabio_tdt/Documents/ros2_dataset_ws/install/cartesian_controller_base/lib:${LD_LIBRARY_PATH} /usr/bin/cmake /home/fabio_tdt/Documents/ros2_dataset_ws/src/cartesian_controllers/cartesian_compliance_controller -DAMENT_CMAKE_SYMLINK_INSTALL=1 -DCMAKE_INSTALL_PREFIX=/home/fabio_tdt/Documents/ros2_dataset_ws/install/cartesian_compliance_controller
[0.121s] -- The C compiler identification is GNU 11.4.0
[0.166s] -- The CXX compiler identification is GNU 11.4.0
[0.172s] -- Detecting C compiler ABI info
[0.222s] -- Detecting C compiler ABI info - done
[0.228s] -- Check for working C compiler: /usr/bin/cc - skipped
[0.228s] -- Detecting C compile features
[0.229s] -- Detecting C compile features - done
[0.231s] -- Detecting CXX compiler ABI info
[0.291s] -- Detecting CXX compiler ABI info - done
[0.297s] -- Check for working CXX compiler: /usr/bin/c++ - skipped
[0.297s] -- Detecting CXX compile features
[0.297s] -- Detecting CXX compile features - done
[0.306s] -- Found ament_cmake: 1.3.7 (/opt/ros/humble/share/ament_cmake/cmake)
[0.466s] -- Found Python3: /usr/bin/python3.10 (found version "3.10.12") found components: Interpreter 
[0.523s] -- Override CMake install command with custom implementation using symlinks instead of copying resources
[0.559s] -- Found rclcpp: 16.0.8 (/opt/ros/humble/share/rclcpp/cmake)
[0.601s] -- Found rosidl_generator_c: 3.1.5 (/opt/ros/humble/share/rosidl_generator_c/cmake)
[0.606s] -- Found rosidl_adapter: 3.1.5 (/opt/ros/humble/share/rosidl_adapter/cmake)
[0.614s] -- Found rosidl_generator_cpp: 3.1.5 (/opt/ros/humble/share/rosidl_generator_cpp/cmake)
[0.627s] -- Using all available rosidl_typesupport_c: rosidl_typesupport_fastrtps_c;rosidl_typesupport_introspection_c
[0.648s] -- Using all available rosidl_typesupport_cpp: rosidl_typesupport_fastrtps_cpp;rosidl_typesupport_introspection_cpp
[0.716s] -- Found rmw_implementation_cmake: 6.1.1 (/opt/ros/humble/share/rmw_implementation_cmake/cmake)
[0.719s] -- Found rmw_fastrtps_cpp: 6.2.6 (/opt/ros/humble/share/rmw_fastrtps_cpp/cmake)
[0.801s] -- Found OpenSSL: /usr/lib/x86_64-linux-gnu/libcrypto.so (found version "3.0.2")  
[0.822s] -- Found FastRTPS: /opt/ros/humble/include  
[0.863s] -- Using RMW implementation 'rmw_fastrtps_cpp' as default
[0.881s] -- Looking for pthread.h
[0.945s] -- Looking for pthread.h - found
[0.945s] -- Performing Test CMAKE_HAVE_LIBC_PTHREAD
[0.998s] -- Performing Test CMAKE_HAVE_LIBC_PTHREAD - Success
[0.998s] -- Found Threads: TRUE  
[1.126s] -- Found cartesian_controller_base: 0.0.0 (/home/fabio_tdt/Documents/ros2_dataset_ws/install/cartesian_controller_base/share/cartesian_controller_base/cmake)
[1.805s] -- Found eigen3_cmake_module: 0.1.1 (/opt/ros/humble/share/eigen3_cmake_module/cmake)
[1.806s] -- Found Eigen3: TRUE (found version "3.4.0") 
[1.806s] -- Ensuring Eigen3 include directory is part of orocos-kdl CMake target
[2.017s] -- Found cartesian_motion_controller: 0.0.0 (/home/fabio_tdt/Documents/ros2_dataset_ws/install/cartesian_motion_controller/share/cartesian_motion_controller/cmake)
[3.260s] -- Found cartesian_force_controller: 0.0.0 (/home/fabio_tdt/Documents/ros2_dataset_ws/install/cartesian_force_controller/share/cartesian_force_controller/cmake)
[7.214s] -- Configuring done
[7.233s] -- Generating done
[7.234s] -- Build files have been written to: /home/fabio_tdt/Documents/ros2_dataset_ws/build/cartesian_compliance_controller
[7.242s] Invoked command in '/home/fabio_tdt/Documents/ros2_dataset_ws/build/cartesian_compliance_controller' returned '0': AMENT_PREFIX_PATH=/home/fabio_tdt/Documents/ros2_dataset_ws/install/cartesian_motion_controller:/home/fabio_tdt/Documents/ros2_dataset_ws/install/cartesian_force_controller:/home/fabio_tdt/Documents/ros2_dataset_ws/install/cartesian_controller_base:${AMENT_PREFIX_PATH} CMAKE_PREFIX_PATH=/home/fabio_tdt/Documents/ros2_dataset_ws/install/cartesian_motion_controller:/home/fabio_tdt/Documents/ros2_dataset_ws/install/cartesian_force_controller:/home/fabio_tdt/Documents/ros2_dataset_ws/install/cartesian_controller_base:/home/fabio_tdt/Documents/ros2_dataset_ws/install/ur_simulator:/home/fabio_tdt/Documents/ros2_dataset_ws/install/realsense_streamer:/home/fabio_tdt/Documents/ros2_dataset_ws/install/launch_package:/home/fabio_tdt/Documents/ros2_dataset_ws/install/berry_dataset:/home/fabio_tdt/Documents/ros2_dataset_ws/src/install/ur_simulator:/home/fabio_tdt/Documents/ros2_dataset_ws/src/install/realsense_streamer:/home/fabio_tdt/Documents/ros2_dataset_ws/src/install/launch_package:/home/fabio_tdt/Documents/ros2_dataset_ws/src/install/berry_dataset:/opt/ros/humble LD_LIBRARY_PATH=/home/fabio_tdt/Documents/ros2_dataset_ws/install/cartesian_motion_controller/lib:/home/fabio_tdt/Documents/ros2_dataset_ws/install/cartesian_force_controller/lib:/home/fabio_tdt/Documents/ros2_dataset_ws/install/cartesian_controller_base/lib:${LD_LIBRARY_PATH} /usr/bin/cmake /home/fabio_tdt/Documents/ros2_dataset_ws/src/cartesian_controllers/cartesian_compliance_controller -DAMENT_CMAKE_SYMLINK_INSTALL=1 -DCMAKE_INSTALL_PREFIX=/home/fabio_tdt/Documents/ros2_dataset_ws/install/cartesian_compliance_controller
[7.244s] Invoking command in '/home/fabio_tdt/Documents/ros2_dataset_ws/build/cartesian_compliance_controller': AMENT_PREFIX_PATH=/home/fabio_tdt/Documents/ros2_dataset_ws/install/cartesian_motion_controller:/home/fabio_tdt/Documents/ros2_dataset_ws/install/cartesian_force_controller:/home/fabio_tdt/Documents/ros2_dataset_ws/install/cartesian_controller_base:${AMENT_PREFIX_PATH} CMAKE_PREFIX_PATH=/home/fabio_tdt/Documents/ros2_dataset_ws/install/cartesian_motion_controller:/home/fabio_tdt/Documents/ros2_dataset_ws/install/cartesian_force_controller:/home/fabio_tdt/Documents/ros2_dataset_ws/install/cartesian_controller_base:/home/fabio_tdt/Documents/ros2_dataset_ws/install/ur_simulator:/home/fabio_tdt/Documents/ros2_dataset_ws/install/realsense_streamer:/home/fabio_tdt/Documents/ros2_dataset_ws/install/launch_package:/home/fabio_tdt/Documents/ros2_dataset_ws/install/berry_dataset:/home/fabio_tdt/Documents/ros2_dataset_ws/src/install/ur_simulator:/home/fabio_tdt/Documents/ros2_dataset_ws/src/install/realsense_streamer:/home/fabio_tdt/Documents/ros2_dataset_ws/src/install/launch_package:/home/fabio_tdt/Documents/ros2_dataset_ws/src/install/berry_dataset:/opt/ros/humble LD_LIBRARY_PATH=/home/fabio_tdt/Documents/ros2_dataset_ws/install/cartesian_motion_controller/lib:/home/fabio_tdt/Documents/ros2_dataset_ws/install/cartesian_force_controller/lib:/home/fabio_tdt/Documents/ros2_dataset_ws/install/cartesian_controller_base/lib:${LD_LIBRARY_PATH} /usr/bin/cmake --build /home/fabio_tdt/Documents/ros2_dataset_ws/build/cartesian_compliance_controller -- -j8 -l8
[7.284s] [ 50%] [32mBuilding CXX object CMakeFiles/cartesian_compliance_controller.dir/src/cartesian_compliance_controller.cpp.o[0m
[11.643s] [100%] [32m[1mLinking CXX shared library libcartesian_compliance_controller.so[0m
[11.791s] [100%] Built target cartesian_compliance_controller
[11.801s] Invoked command in '/home/fabio_tdt/Documents/ros2_dataset_ws/build/cartesian_compliance_controller' returned '0': AMENT_PREFIX_PATH=/home/fabio_tdt/Documents/ros2_dataset_ws/install/cartesian_motion_controller:/home/fabio_tdt/Documents/ros2_dataset_ws/install/cartesian_force_controller:/home/fabio_tdt/Documents/ros2_dataset_ws/install/cartesian_controller_base:${AMENT_PREFIX_PATH} CMAKE_PREFIX_PATH=/home/fabio_tdt/Documents/ros2_dataset_ws/install/cartesian_motion_controller:/home/fabio_tdt/Documents/ros2_dataset_ws/install/cartesian_force_controller:/home/fabio_tdt/Documents/ros2_dataset_ws/install/cartesian_controller_base:/home/fabio_tdt/Documents/ros2_dataset_ws/install/ur_simulator:/home/fabio_tdt/Documents/ros2_dataset_ws/install/realsense_streamer:/home/fabio_tdt/Documents/ros2_dataset_ws/install/launch_package:/home/fabio_tdt/Documents/ros2_dataset_ws/install/berry_dataset:/home/fabio_tdt/Documents/ros2_dataset_ws/src/install/ur_simulator:/home/fabio_tdt/Documents/ros2_dataset_ws/src/install/realsense_streamer:/home/fabio_tdt/Documents/ros2_dataset_ws/src/install/launch_package:/home/fabio_tdt/Documents/ros2_dataset_ws/src/install/berry_dataset:/opt/ros/humble LD_LIBRARY_PATH=/home/fabio_tdt/Documents/ros2_dataset_ws/install/cartesian_motion_controller/lib:/home/fabio_tdt/Documents/ros2_dataset_ws/install/cartesian_force_controller/lib:/home/fabio_tdt/Documents/ros2_dataset_ws/install/cartesian_controller_base/lib:${LD_LIBRARY_PATH} /usr/bin/cmake --build /home/fabio_tdt/Documents/ros2_dataset_ws/build/cartesian_compliance_controller -- -j8 -l8
[11.817s] Invoking command in '/home/fabio_tdt/Documents/ros2_dataset_ws/build/cartesian_compliance_controller': AMENT_PREFIX_PATH=/home/fabio_tdt/Documents/ros2_dataset_ws/install/cartesian_motion_controller:/home/fabio_tdt/Documents/ros2_dataset_ws/install/cartesian_force_controller:/home/fabio_tdt/Documents/ros2_dataset_ws/install/cartesian_controller_base:${AMENT_PREFIX_PATH} CMAKE_PREFIX_PATH=/home/fabio_tdt/Documents/ros2_dataset_ws/install/cartesian_motion_controller:/home/fabio_tdt/Documents/ros2_dataset_ws/install/cartesian_force_controller:/home/fabio_tdt/Documents/ros2_dataset_ws/install/cartesian_controller_base:/home/fabio_tdt/Documents/ros2_dataset_ws/install/ur_simulator:/home/fabio_tdt/Documents/ros2_dataset_ws/install/realsense_streamer:/home/fabio_tdt/Documents/ros2_dataset_ws/install/launch_package:/home/fabio_tdt/Documents/ros2_dataset_ws/install/berry_dataset:/home/fabio_tdt/Documents/ros2_dataset_ws/src/install/ur_simulator:/home/fabio_tdt/Documents/ros2_dataset_ws/src/install/realsense_streamer:/home/fabio_tdt/Documents/ros2_dataset_ws/src/install/launch_package:/home/fabio_tdt/Documents/ros2_dataset_ws/src/install/berry_dataset:/opt/ros/humble LD_LIBRARY_PATH=/home/fabio_tdt/Documents/ros2_dataset_ws/install/cartesian_motion_controller/lib:/home/fabio_tdt/Documents/ros2_dataset_ws/install/cartesian_force_controller/lib:/home/fabio_tdt/Documents/ros2_dataset_ws/install/cartesian_controller_base/lib:${LD_LIBRARY_PATH} /usr/bin/cmake --install /home/fabio_tdt/Documents/ros2_dataset_ws/build/cartesian_compliance_controller
[11.822s] -- Install configuration: "Release"
[11.822s] -- Execute custom install script
[11.822s] -- Symlinking: /home/fabio_tdt/Documents/ros2_dataset_ws/install/cartesian_compliance_controller/share/cartesian_compliance_controller//cartesian_compliance_controller_plugin.xml
[11.829s] -- Symlinking: /home/fabio_tdt/Documents/ros2_dataset_ws/install/cartesian_compliance_controller/include/cartesian_compliance_controller/cartesian_compliance_controller.h
[11.835s] -- Symlinking: /home/fabio_tdt/Documents/ros2_dataset_ws/install/cartesian_compliance_controller/lib/libcartesian_compliance_controller.so
[11.841s] -- Symlinking: /home/fabio_tdt/Documents/ros2_dataset_ws/install/cartesian_compliance_controller/share/cartesian_compliance_controller/environment/library_path.sh
[11.848s] -- Symlinking: /home/fabio_tdt/Documents/ros2_dataset_ws/install/cartesian_compliance_controller/share/cartesian_compliance_controller/environment/library_path.dsv
[11.853s] -- Symlinking: /home/fabio_tdt/Documents/ros2_dataset_ws/install/cartesian_compliance_controller/share/ament_index/resource_index/package_run_dependencies/cartesian_compliance_controller
[11.860s] -- Symlinking: /home/fabio_tdt/Documents/ros2_dataset_ws/install/cartesian_compliance_controller/share/ament_index/resource_index/parent_prefix_path/cartesian_compliance_controller
[11.867s] -- Symlinking: /home/fabio_tdt/Documents/ros2_dataset_ws/install/cartesian_compliance_controller/share/cartesian_compliance_controller/environment/ament_prefix_path.sh
[11.874s] -- Symlinking: /home/fabio_tdt/Documents/ros2_dataset_ws/install/cartesian_compliance_controller/share/cartesian_compliance_controller/environment/ament_prefix_path.dsv
[11.881s] -- Symlinking: /home/fabio_tdt/Documents/ros2_dataset_ws/install/cartesian_compliance_controller/share/cartesian_compliance_controller/environment/path.sh
[11.887s] -- Symlinking: /home/fabio_tdt/Documents/ros2_dataset_ws/install/cartesian_compliance_controller/share/cartesian_compliance_controller/environment/path.dsv
[11.893s] -- Symlinking: /home/fabio_tdt/Documents/ros2_dataset_ws/install/cartesian_compliance_controller/share/cartesian_compliance_controller/local_setup.bash
[11.900s] -- Symlinking: /home/fabio_tdt/Documents/ros2_dataset_ws/install/cartesian_compliance_controller/share/cartesian_compliance_controller/local_setup.sh
[11.905s] -- Symlinking: /home/fabio_tdt/Documents/ros2_dataset_ws/install/cartesian_compliance_controller/share/cartesian_compliance_controller/local_setup.zsh
[11.911s] -- Symlinking: /home/fabio_tdt/Documents/ros2_dataset_ws/install/cartesian_compliance_controller/share/cartesian_compliance_controller/local_setup.dsv
[11.917s] -- Symlinking: /home/fabio_tdt/Documents/ros2_dataset_ws/install/cartesian_compliance_controller/share/cartesian_compliance_controller/package.dsv
[11.922s] -- Symlinking: /home/fabio_tdt/Documents/ros2_dataset_ws/install/cartesian_compliance_controller/share/ament_index/resource_index/packages/cartesian_compliance_controller
[11.928s] -- Symlinking: /home/fabio_tdt/Documents/ros2_dataset_ws/install/cartesian_compliance_controller/share/ament_index/resource_index/controller_interface__pluginlib__plugin/cartesian_compliance_controller
[11.934s] -- Symlinking: /home/fabio_tdt/Documents/ros2_dataset_ws/install/cartesian_compliance_controller/share/cartesian_compliance_controller/cmake/ament_cmake_export_dependencies-extras.cmake
[11.940s] -- Symlinking: /home/fabio_tdt/Documents/ros2_dataset_ws/install/cartesian_compliance_controller/share/cartesian_compliance_controller/cmake/ament_cmake_export_include_directories-extras.cmake
[11.946s] -- Symlinking: /home/fabio_tdt/Documents/ros2_dataset_ws/install/cartesian_compliance_controller/share/cartesian_compliance_controller/cmake/ament_cmake_export_libraries-extras.cmake
[11.952s] -- Symlinking: /home/fabio_tdt/Documents/ros2_dataset_ws/install/cartesian_compliance_controller/share/cartesian_compliance_controller/cmake/cartesian_compliance_controllerConfig.cmake
[11.957s] -- Symlinking: /home/fabio_tdt/Documents/ros2_dataset_ws/install/cartesian_compliance_controller/share/cartesian_compliance_controller/cmake/cartesian_compliance_controllerConfig-version.cmake
[11.964s] -- Symlinking: /home/fabio_tdt/Documents/ros2_dataset_ws/install/cartesian_compliance_controller/share/cartesian_compliance_controller/package.xml
[11.973s] Invoked command in '/home/fabio_tdt/Documents/ros2_dataset_ws/build/cartesian_compliance_controller' returned '0': AMENT_PREFIX_PATH=/home/fabio_tdt/Documents/ros2_dataset_ws/install/cartesian_motion_controller:/home/fabio_tdt/Documents/ros2_dataset_ws/install/cartesian_force_controller:/home/fabio_tdt/Documents/ros2_dataset_ws/install/cartesian_controller_base:${AMENT_PREFIX_PATH} CMAKE_PREFIX_PATH=/home/fabio_tdt/Documents/ros2_dataset_ws/install/cartesian_motion_controller:/home/fabio_tdt/Documents/ros2_dataset_ws/install/cartesian_force_controller:/home/fabio_tdt/Documents/ros2_dataset_ws/install/cartesian_controller_base:/home/fabio_tdt/Documents/ros2_dataset_ws/install/ur_simulator:/home/fabio_tdt/Documents/ros2_dataset_ws/install/realsense_streamer:/home/fabio_tdt/Documents/ros2_dataset_ws/install/launch_package:/home/fabio_tdt/Documents/ros2_dataset_ws/install/berry_dataset:/home/fabio_tdt/Documents/ros2_dataset_ws/src/install/ur_simulator:/home/fabio_tdt/Documents/ros2_dataset_ws/src/install/realsense_streamer:/home/fabio_tdt/Documents/ros2_dataset_ws/src/install/launch_package:/home/fabio_tdt/Documents/ros2_dataset_ws/src/install/berry_dataset:/opt/ros/humble LD_LIBRARY_PATH=/home/fabio_tdt/Documents/ros2_dataset_ws/install/cartesian_motion_controller/lib:/home/fabio_tdt/Documents/ros2_dataset_ws/install/cartesian_force_controller/lib:/home/fabio_tdt/Documents/ros2_dataset_ws/install/cartesian_controller_base/lib:${LD_LIBRARY_PATH} /usr/bin/cmake --install /home/fabio_tdt/Documents/ros2_dataset_ws/build/cartesian_compliance_controller
