[2.435s] Invoking command in '/home/fabio_tdt/Documents/ros2_dataset_ws/build/ur_simulator': PYTHONPATH=/home/fabio_tdt/Documents/ros2_dataset_ws/build/ur_simulator/prefix_override:/home/fabio_tdt/Documents/ros2_dataset_ws/install/ur_simulator/lib/python3.10/site-packages:${PYTHONPATH} /usr/bin/python3 setup.py develop --editable --build-directory /home/fabio_tdt/Documents/ros2_dataset_ws/build/ur_simulator/build --no-deps install_data
[2.820s] running develop
[2.821s] /usr/lib/python3/dist-packages/setuptools/command/easy_install.py:158: EasyInstallDeprecationWarning: easy_install command is deprecated. Use build and pip and other standards-based tools.
[2.821s]   warnings.warn(
[2.822s] /usr/lib/python3/dist-packages/setuptools/command/install.py:34: SetuptoolsDeprecationWarning: setup.py install is deprecated. Use build and pip and other standards-based tools.
[2.823s]   warnings.warn(
[3.158s] running egg_info
[3.158s] writing ur_simulator.egg-info/PKG-INFO
[3.160s] writing dependency_links to ur_simulator.egg-info/dependency_links.txt
[3.160s] writing entry points to ur_simulator.egg-info/entry_points.txt
[3.160s] writing requirements to ur_simulator.egg-info/requires.txt
[3.160s] writing top-level names to ur_simulator.egg-info/top_level.txt
[3.163s] reading manifest file 'ur_simulator.egg-info/SOURCES.txt'
[3.163s] writing manifest file 'ur_simulator.egg-info/SOURCES.txt'
[3.226s] running build_ext
[3.226s] Creating /home/fabio_tdt/Documents/ros2_dataset_ws/install/ur_simulator/lib/python3.10/site-packages/ur-simulator.egg-link (link to .)
[3.227s] Installing ur_publisher script to /home/fabio_tdt/Documents/ros2_dataset_ws/install/ur_simulator/lib/ur_simulator
[3.228s] 
[3.228s] Installed /home/fabio_tdt/Documents/ros2_dataset_ws/build/ur_simulator
[3.228s] running install_data
[3.472s] Invoked command in '/home/fabio_tdt/Documents/ros2_dataset_ws/build/ur_simulator' returned '0': PYTHONPATH=/home/fabio_tdt/Documents/ros2_dataset_ws/build/ur_simulator/prefix_override:/home/fabio_tdt/Documents/ros2_dataset_ws/install/ur_simulator/lib/python3.10/site-packages:${PYTHONPATH} /usr/bin/python3 setup.py develop --editable --build-directory /home/fabio_tdt/Documents/ros2_dataset_ws/build/ur_simulator/build --no-deps install_data
