[1.055s] DEBUG:colcon:Command line arguments: ['/usr/bin/colcon', 'build', '--cmake-args', '-DMUJOCO_DIR=/home/fabio_tdt/mujoco-3.0.0', '--packages-select', 'cartesian_controller_simulation']
[1.055s] DEBUG:colcon:Parsed command line arguments: Namespace(log_base=None, log_level=None, verb_name='build', build_base='build', install_base='install', merge_install=False, symlink_install=False, test_result_base=None, continue_on_error=False, executor='parallel', parallel_workers=8, event_handlers=None, ignore_user_meta=False, metas=['./colcon.meta'], base_paths=['.'], packages_ignore=None, packages_ignore_regex=None, paths=None, packages_up_to=None, packages_up_to_regex=None, packages_above=None, packages_above_and_dependencies=None, packages_above_depth=None, packages_select_by_dep=None, packages_skip_by_dep=None, packages_skip_up_to=None, packages_select_build_failed=False, packages_skip_build_finished=False, packages_select_test_failures=False, packages_skip_test_passed=False, packages_select=['cartesian_controller_simulation'], packages_skip=None, packages_select_regex=None, packages_skip_regex=None, packages_start=None, packages_end=None, allow_overriding=[], cmake_args=['-DMUJOCO_DIR=/home/fabio_tdt/mujoco-3.0.0'], cmake_target=None, cmake_target_skip_unavailable=False, cmake_clean_cache=False, cmake_clean_first=False, cmake_force_configure=False, ament_cmake_args=None, catkin_cmake_args=None, catkin_skip_building_tests=False, mixin_files=None, mixin=None, verb_parser=<colcon_mixin.mixin.mixin_argument.MixinArgumentDecorator object at 0x70158f51b2b0>, verb_extension=<colcon_core.verb.build.BuildVerb object at 0x70158f518e80>, main=<bound method BuildVerb.main of <colcon_core.verb.build.BuildVerb object at 0x70158f518e80>>, mixin_verb=('build',))
[1.097s] Level 1:colcon.colcon_core.package_discovery:discover_packages(colcon_meta) check parameters
[1.097s] Level 1:colcon.colcon_core.package_discovery:discover_packages(recursive) check parameters
[1.097s] Level 1:colcon.colcon_core.package_discovery:discover_packages(ignore) check parameters
[1.097s] Level 1:colcon.colcon_core.package_discovery:discover_packages(path) check parameters
[1.097s] Level 1:colcon.colcon_core.package_discovery:discover_packages(colcon_meta) discover
[1.098s] Level 1:colcon.colcon_core.package_discovery:discover_packages(recursive) discover
[1.098s] INFO:colcon.colcon_core.package_discovery:Crawling recursively for packages in '/home/fabio_tdt/Documents/ros2_dataset_ws'
[1.098s] Level 1:colcon.colcon_core.package_identification:_identify(.) by extensions ['ignore', 'ignore_ament_install']
[1.098s] Level 1:colcon.colcon_core.package_identification:_identify(.) by extension 'ignore'
[1.098s] Level 1:colcon.colcon_core.package_identification:_identify(.) by extension 'ignore_ament_install'
[1.098s] Level 1:colcon.colcon_core.package_identification:_identify(.) by extensions ['colcon_pkg']
[1.098s] Level 1:colcon.colcon_core.package_identification:_identify(.) by extension 'colcon_pkg'
[1.098s] Level 1:colcon.colcon_core.package_identification:_identify(.) by extensions ['colcon_meta']
[1.098s] Level 1:colcon.colcon_core.package_identification:_identify(.) by extension 'colcon_meta'
[1.098s] Level 1:colcon.colcon_core.package_identification:_identify(.) by extensions ['ros']
[1.098s] Level 1:colcon.colcon_core.package_identification:_identify(.) by extension 'ros'
[1.105s] Level 1:colcon.colcon_core.package_identification:_identify(.) by extensions ['cmake', 'python']
[1.106s] Level 1:colcon.colcon_core.package_identification:_identify(.) by extension 'cmake'
[1.106s] Level 1:colcon.colcon_core.package_identification:_identify(.) by extension 'python'
[1.106s] Level 1:colcon.colcon_core.package_identification:_identify(.) by extensions ['python_setup_py']
[1.106s] Level 1:colcon.colcon_core.package_identification:_identify(.) by extension 'python_setup_py'
[1.106s] Level 1:colcon.colcon_core.package_identification:_identify(build) by extensions ['ignore', 'ignore_ament_install']
[1.106s] Level 1:colcon.colcon_core.package_identification:_identify(build) by extension 'ignore'
[1.106s] Level 1:colcon.colcon_core.package_identification:_identify(build) ignored
[1.106s] Level 1:colcon.colcon_core.package_identification:_identify(install) by extensions ['ignore', 'ignore_ament_install']
[1.106s] Level 1:colcon.colcon_core.package_identification:_identify(install) by extension 'ignore'
[1.106s] Level 1:colcon.colcon_core.package_identification:_identify(install) ignored
[1.106s] Level 1:colcon.colcon_core.package_identification:_identify(log) by extensions ['ignore', 'ignore_ament_install']
[1.106s] Level 1:colcon.colcon_core.package_identification:_identify(log) by extension 'ignore'
[1.106s] Level 1:colcon.colcon_core.package_identification:_identify(log) ignored
[1.106s] Level 1:colcon.colcon_core.package_identification:_identify(src) by extensions ['ignore', 'ignore_ament_install']
[1.106s] Level 1:colcon.colcon_core.package_identification:_identify(src) by extension 'ignore'
[1.106s] Level 1:colcon.colcon_core.package_identification:_identify(src) by extension 'ignore_ament_install'
[1.106s] Level 1:colcon.colcon_core.package_identification:_identify(src) by extensions ['colcon_pkg']
[1.106s] Level 1:colcon.colcon_core.package_identification:_identify(src) by extension 'colcon_pkg'
[1.106s] Level 1:colcon.colcon_core.package_identification:_identify(src) by extensions ['colcon_meta']
[1.106s] Level 1:colcon.colcon_core.package_identification:_identify(src) by extension 'colcon_meta'
[1.106s] Level 1:colcon.colcon_core.package_identification:_identify(src) by extensions ['ros']
[1.106s] Level 1:colcon.colcon_core.package_identification:_identify(src) by extension 'ros'
[1.107s] Level 1:colcon.colcon_core.package_identification:_identify(src) by extensions ['cmake', 'python']
[1.107s] Level 1:colcon.colcon_core.package_identification:_identify(src) by extension 'cmake'
[1.107s] Level 1:colcon.colcon_core.package_identification:_identify(src) by extension 'python'
[1.107s] Level 1:colcon.colcon_core.package_identification:_identify(src) by extensions ['python_setup_py']
[1.107s] Level 1:colcon.colcon_core.package_identification:_identify(src) by extension 'python_setup_py'
[1.107s] Level 1:colcon.colcon_core.package_identification:_identify(src/berry_dataset) by extensions ['ignore', 'ignore_ament_install']
[1.107s] Level 1:colcon.colcon_core.package_identification:_identify(src/berry_dataset) by extension 'ignore'
[1.107s] Level 1:colcon.colcon_core.package_identification:_identify(src/berry_dataset) by extension 'ignore_ament_install'
[1.107s] Level 1:colcon.colcon_core.package_identification:_identify(src/berry_dataset) by extensions ['colcon_pkg']
[1.107s] Level 1:colcon.colcon_core.package_identification:_identify(src/berry_dataset) by extension 'colcon_pkg'
[1.107s] Level 1:colcon.colcon_core.package_identification:_identify(src/berry_dataset) by extensions ['colcon_meta']
[1.107s] Level 1:colcon.colcon_core.package_identification:_identify(src/berry_dataset) by extension 'colcon_meta'
[1.107s] Level 1:colcon.colcon_core.package_identification:_identify(src/berry_dataset) by extensions ['ros']
[1.107s] Level 1:colcon.colcon_core.package_identification:_identify(src/berry_dataset) by extension 'ros'
[1.109s] DEBUG:colcon.colcon_core.package_identification:Package 'src/berry_dataset' with type 'ros.ament_python' and name 'berry_dataset'
[1.109s] Level 1:colcon.colcon_core.package_identification:_identify(src/build) by extensions ['ignore', 'ignore_ament_install']
[1.109s] Level 1:colcon.colcon_core.package_identification:_identify(src/build) by extension 'ignore'
[1.109s] Level 1:colcon.colcon_core.package_identification:_identify(src/build) ignored
[1.109s] Level 1:colcon.colcon_core.package_identification:_identify(src/cartesian_controllers) by extensions ['ignore', 'ignore_ament_install']
[1.109s] Level 1:colcon.colcon_core.package_identification:_identify(src/cartesian_controllers) by extension 'ignore'
[1.109s] Level 1:colcon.colcon_core.package_identification:_identify(src/cartesian_controllers) by extension 'ignore_ament_install'
[1.109s] Level 1:colcon.colcon_core.package_identification:_identify(src/cartesian_controllers) by extensions ['colcon_pkg']
[1.109s] Level 1:colcon.colcon_core.package_identification:_identify(src/cartesian_controllers) by extension 'colcon_pkg'
[1.109s] Level 1:colcon.colcon_core.package_identification:_identify(src/cartesian_controllers) by extensions ['colcon_meta']
[1.109s] Level 1:colcon.colcon_core.package_identification:_identify(src/cartesian_controllers) by extension 'colcon_meta'
[1.109s] Level 1:colcon.colcon_core.package_identification:_identify(src/cartesian_controllers) by extensions ['ros']
[1.109s] Level 1:colcon.colcon_core.package_identification:_identify(src/cartesian_controllers) by extension 'ros'
[1.109s] Level 1:colcon.colcon_core.package_identification:_identify(src/cartesian_controllers) by extensions ['cmake', 'python']
[1.109s] Level 1:colcon.colcon_core.package_identification:_identify(src/cartesian_controllers) by extension 'cmake'
[1.109s] Level 1:colcon.colcon_core.package_identification:_identify(src/cartesian_controllers) by extension 'python'
[1.109s] Level 1:colcon.colcon_core.package_identification:_identify(src/cartesian_controllers) by extensions ['python_setup_py']
[1.109s] Level 1:colcon.colcon_core.package_identification:_identify(src/cartesian_controllers) by extension 'python_setup_py'
[1.109s] Level 1:colcon.colcon_core.package_identification:_identify(src/cartesian_controllers/LICENSES) by extensions ['ignore', 'ignore_ament_install']
[1.110s] Level 1:colcon.colcon_core.package_identification:_identify(src/cartesian_controllers/LICENSES) by extension 'ignore'
[1.110s] Level 1:colcon.colcon_core.package_identification:_identify(src/cartesian_controllers/LICENSES) by extension 'ignore_ament_install'
[1.110s] Level 1:colcon.colcon_core.package_identification:_identify(src/cartesian_controllers/LICENSES) by extensions ['colcon_pkg']
[1.110s] Level 1:colcon.colcon_core.package_identification:_identify(src/cartesian_controllers/LICENSES) by extension 'colcon_pkg'
[1.110s] Level 1:colcon.colcon_core.package_identification:_identify(src/cartesian_controllers/LICENSES) by extensions ['colcon_meta']
[1.110s] Level 1:colcon.colcon_core.package_identification:_identify(src/cartesian_controllers/LICENSES) by extension 'colcon_meta'
[1.110s] Level 1:colcon.colcon_core.package_identification:_identify(src/cartesian_controllers/LICENSES) by extensions ['ros']
[1.110s] Level 1:colcon.colcon_core.package_identification:_identify(src/cartesian_controllers/LICENSES) by extension 'ros'
[1.110s] Level 1:colcon.colcon_core.package_identification:_identify(src/cartesian_controllers/LICENSES) by extensions ['cmake', 'python']
[1.110s] Level 1:colcon.colcon_core.package_identification:_identify(src/cartesian_controllers/LICENSES) by extension 'cmake'
[1.110s] Level 1:colcon.colcon_core.package_identification:_identify(src/cartesian_controllers/LICENSES) by extension 'python'
[1.110s] Level 1:colcon.colcon_core.package_identification:_identify(src/cartesian_controllers/LICENSES) by extensions ['python_setup_py']
[1.110s] Level 1:colcon.colcon_core.package_identification:_identify(src/cartesian_controllers/LICENSES) by extension 'python_setup_py'
[1.110s] Level 1:colcon.colcon_core.package_identification:_identify(src/cartesian_controllers/cartesian_compliance_controller) by extensions ['ignore', 'ignore_ament_install']
[1.110s] Level 1:colcon.colcon_core.package_identification:_identify(src/cartesian_controllers/cartesian_compliance_controller) by extension 'ignore'
[1.110s] Level 1:colcon.colcon_core.package_identification:_identify(src/cartesian_controllers/cartesian_compliance_controller) by extension 'ignore_ament_install'
[1.110s] Level 1:colcon.colcon_core.package_identification:_identify(src/cartesian_controllers/cartesian_compliance_controller) by extensions ['colcon_pkg']
[1.110s] Level 1:colcon.colcon_core.package_identification:_identify(src/cartesian_controllers/cartesian_compliance_controller) by extension 'colcon_pkg'
[1.110s] Level 1:colcon.colcon_core.package_identification:_identify(src/cartesian_controllers/cartesian_compliance_controller) by extensions ['colcon_meta']
[1.110s] Level 1:colcon.colcon_core.package_identification:_identify(src/cartesian_controllers/cartesian_compliance_controller) by extension 'colcon_meta'
[1.110s] Level 1:colcon.colcon_core.package_identification:_identify(src/cartesian_controllers/cartesian_compliance_controller) by extensions ['ros']
[1.110s] Level 1:colcon.colcon_core.package_identification:_identify(src/cartesian_controllers/cartesian_compliance_controller) by extension 'ros'
[1.111s] DEBUG:colcon.colcon_core.package_identification:Package 'src/cartesian_controllers/cartesian_compliance_controller' with type 'ros.ament_cmake' and name 'cartesian_compliance_controller'
[1.111s] Level 1:colcon.colcon_core.package_identification:_identify(src/cartesian_controllers/cartesian_controller_base) by extensions ['ignore', 'ignore_ament_install']
[1.111s] Level 1:colcon.colcon_core.package_identification:_identify(src/cartesian_controllers/cartesian_controller_base) by extension 'ignore'
[1.111s] Level 1:colcon.colcon_core.package_identification:_identify(src/cartesian_controllers/cartesian_controller_base) by extension 'ignore_ament_install'
[1.111s] Level 1:colcon.colcon_core.package_identification:_identify(src/cartesian_controllers/cartesian_controller_base) by extensions ['colcon_pkg']
[1.111s] Level 1:colcon.colcon_core.package_identification:_identify(src/cartesian_controllers/cartesian_controller_base) by extension 'colcon_pkg'
[1.111s] Level 1:colcon.colcon_core.package_identification:_identify(src/cartesian_controllers/cartesian_controller_base) by extensions ['colcon_meta']
[1.111s] Level 1:colcon.colcon_core.package_identification:_identify(src/cartesian_controllers/cartesian_controller_base) by extension 'colcon_meta'
[1.111s] Level 1:colcon.colcon_core.package_identification:_identify(src/cartesian_controllers/cartesian_controller_base) by extensions ['ros']
[1.111s] Level 1:colcon.colcon_core.package_identification:_identify(src/cartesian_controllers/cartesian_controller_base) by extension 'ros'
[1.112s] DEBUG:colcon.colcon_core.package_identification:Package 'src/cartesian_controllers/cartesian_controller_base' with type 'ros.ament_cmake' and name 'cartesian_controller_base'
[1.112s] Level 1:colcon.colcon_core.package_identification:_identify(src/cartesian_controllers/cartesian_controller_handles) by extensions ['ignore', 'ignore_ament_install']
[1.112s] Level 1:colcon.colcon_core.package_identification:_identify(src/cartesian_controllers/cartesian_controller_handles) by extension 'ignore'
[1.112s] Level 1:colcon.colcon_core.package_identification:_identify(src/cartesian_controllers/cartesian_controller_handles) by extension 'ignore_ament_install'
[1.112s] Level 1:colcon.colcon_core.package_identification:_identify(src/cartesian_controllers/cartesian_controller_handles) by extensions ['colcon_pkg']
[1.112s] Level 1:colcon.colcon_core.package_identification:_identify(src/cartesian_controllers/cartesian_controller_handles) by extension 'colcon_pkg'
[1.112s] Level 1:colcon.colcon_core.package_identification:_identify(src/cartesian_controllers/cartesian_controller_handles) by extensions ['colcon_meta']
[1.112s] Level 1:colcon.colcon_core.package_identification:_identify(src/cartesian_controllers/cartesian_controller_handles) by extension 'colcon_meta'
[1.112s] Level 1:colcon.colcon_core.package_identification:_identify(src/cartesian_controllers/cartesian_controller_handles) by extensions ['ros']
[1.112s] Level 1:colcon.colcon_core.package_identification:_identify(src/cartesian_controllers/cartesian_controller_handles) by extension 'ros'
[1.113s] DEBUG:colcon.colcon_core.package_identification:Package 'src/cartesian_controllers/cartesian_controller_handles' with type 'ros.ament_cmake' and name 'cartesian_controller_handles'
[1.113s] Level 1:colcon.colcon_core.package_identification:_identify(src/cartesian_controllers/cartesian_controller_simulation) by extensions ['ignore', 'ignore_ament_install']
[1.113s] Level 1:colcon.colcon_core.package_identification:_identify(src/cartesian_controllers/cartesian_controller_simulation) by extension 'ignore'
[1.113s] Level 1:colcon.colcon_core.package_identification:_identify(src/cartesian_controllers/cartesian_controller_simulation) by extension 'ignore_ament_install'
[1.113s] Level 1:colcon.colcon_core.package_identification:_identify(src/cartesian_controllers/cartesian_controller_simulation) by extensions ['colcon_pkg']
[1.113s] Level 1:colcon.colcon_core.package_identification:_identify(src/cartesian_controllers/cartesian_controller_simulation) by extension 'colcon_pkg'
[1.113s] Level 1:colcon.colcon_core.package_identification:_identify(src/cartesian_controllers/cartesian_controller_simulation) by extensions ['colcon_meta']
[1.113s] Level 1:colcon.colcon_core.package_identification:_identify(src/cartesian_controllers/cartesian_controller_simulation) by extension 'colcon_meta'
[1.113s] Level 1:colcon.colcon_core.package_identification:_identify(src/cartesian_controllers/cartesian_controller_simulation) by extensions ['ros']
[1.113s] Level 1:colcon.colcon_core.package_identification:_identify(src/cartesian_controllers/cartesian_controller_simulation) by extension 'ros'
[1.113s] DEBUG:colcon.colcon_core.package_identification:Package 'src/cartesian_controllers/cartesian_controller_simulation' with type 'ros.ament_cmake' and name 'cartesian_controller_simulation'
[1.114s] Level 1:colcon.colcon_core.package_identification:_identify(src/cartesian_controllers/cartesian_controller_tests) by extensions ['ignore', 'ignore_ament_install']
[1.114s] Level 1:colcon.colcon_core.package_identification:_identify(src/cartesian_controllers/cartesian_controller_tests) by extension 'ignore'
[1.114s] Level 1:colcon.colcon_core.package_identification:_identify(src/cartesian_controllers/cartesian_controller_tests) by extension 'ignore_ament_install'
[1.114s] Level 1:colcon.colcon_core.package_identification:_identify(src/cartesian_controllers/cartesian_controller_tests) by extensions ['colcon_pkg']
[1.114s] Level 1:colcon.colcon_core.package_identification:_identify(src/cartesian_controllers/cartesian_controller_tests) by extension 'colcon_pkg'
[1.114s] Level 1:colcon.colcon_core.package_identification:_identify(src/cartesian_controllers/cartesian_controller_tests) by extensions ['colcon_meta']
[1.114s] Level 1:colcon.colcon_core.package_identification:_identify(src/cartesian_controllers/cartesian_controller_tests) by extension 'colcon_meta'
[1.114s] Level 1:colcon.colcon_core.package_identification:_identify(src/cartesian_controllers/cartesian_controller_tests) by extensions ['ros']
[1.114s] Level 1:colcon.colcon_core.package_identification:_identify(src/cartesian_controllers/cartesian_controller_tests) by extension 'ros'
[1.114s] DEBUG:colcon.colcon_core.package_identification:Package 'src/cartesian_controllers/cartesian_controller_tests' with type 'ros.catkin' and name 'cartesian_controller_tests'
[1.114s] Level 1:colcon.colcon_core.package_identification:_identify(src/cartesian_controllers/cartesian_controller_utilities) by extensions ['ignore', 'ignore_ament_install']
[1.114s] Level 1:colcon.colcon_core.package_identification:_identify(src/cartesian_controllers/cartesian_controller_utilities) by extension 'ignore'
[1.114s] Level 1:colcon.colcon_core.package_identification:_identify(src/cartesian_controllers/cartesian_controller_utilities) by extension 'ignore_ament_install'
[1.114s] Level 1:colcon.colcon_core.package_identification:_identify(src/cartesian_controllers/cartesian_controller_utilities) by extensions ['colcon_pkg']
[1.114s] Level 1:colcon.colcon_core.package_identification:_identify(src/cartesian_controllers/cartesian_controller_utilities) by extension 'colcon_pkg'
[1.114s] Level 1:colcon.colcon_core.package_identification:_identify(src/cartesian_controllers/cartesian_controller_utilities) by extensions ['colcon_meta']
[1.114s] Level 1:colcon.colcon_core.package_identification:_identify(src/cartesian_controllers/cartesian_controller_utilities) by extension 'colcon_meta'
[1.114s] Level 1:colcon.colcon_core.package_identification:_identify(src/cartesian_controllers/cartesian_controller_utilities) by extensions ['ros']
[1.114s] Level 1:colcon.colcon_core.package_identification:_identify(src/cartesian_controllers/cartesian_controller_utilities) by extension 'ros'
[1.115s] DEBUG:colcon.colcon_core.package_identification:Package 'src/cartesian_controllers/cartesian_controller_utilities' with type 'ros.ament_cmake' and name 'cartesian_controller_utilities'
[1.115s] Level 1:colcon.colcon_core.package_identification:_identify(src/cartesian_controllers/cartesian_force_controller) by extensions ['ignore', 'ignore_ament_install']
[1.115s] Level 1:colcon.colcon_core.package_identification:_identify(src/cartesian_controllers/cartesian_force_controller) by extension 'ignore'
[1.115s] Level 1:colcon.colcon_core.package_identification:_identify(src/cartesian_controllers/cartesian_force_controller) by extension 'ignore_ament_install'
[1.115s] Level 1:colcon.colcon_core.package_identification:_identify(src/cartesian_controllers/cartesian_force_controller) by extensions ['colcon_pkg']
[1.115s] Level 1:colcon.colcon_core.package_identification:_identify(src/cartesian_controllers/cartesian_force_controller) by extension 'colcon_pkg'
[1.115s] Level 1:colcon.colcon_core.package_identification:_identify(src/cartesian_controllers/cartesian_force_controller) by extensions ['colcon_meta']
[1.115s] Level 1:colcon.colcon_core.package_identification:_identify(src/cartesian_controllers/cartesian_force_controller) by extension 'colcon_meta'
[1.115s] Level 1:colcon.colcon_core.package_identification:_identify(src/cartesian_controllers/cartesian_force_controller) by extensions ['ros']
[1.115s] Level 1:colcon.colcon_core.package_identification:_identify(src/cartesian_controllers/cartesian_force_controller) by extension 'ros'
[1.116s] DEBUG:colcon.colcon_core.package_identification:Package 'src/cartesian_controllers/cartesian_force_controller' with type 'ros.ament_cmake' and name 'cartesian_force_controller'
[1.116s] Level 1:colcon.colcon_core.package_identification:_identify(src/cartesian_controllers/cartesian_motion_controller) by extensions ['ignore', 'ignore_ament_install']
[1.116s] Level 1:colcon.colcon_core.package_identification:_identify(src/cartesian_controllers/cartesian_motion_controller) by extension 'ignore'
[1.116s] Level 1:colcon.colcon_core.package_identification:_identify(src/cartesian_controllers/cartesian_motion_controller) by extension 'ignore_ament_install'
[1.116s] Level 1:colcon.colcon_core.package_identification:_identify(src/cartesian_controllers/cartesian_motion_controller) by extensions ['colcon_pkg']
[1.116s] Level 1:colcon.colcon_core.package_identification:_identify(src/cartesian_controllers/cartesian_motion_controller) by extension 'colcon_pkg'
[1.116s] Level 1:colcon.colcon_core.package_identification:_identify(src/cartesian_controllers/cartesian_motion_controller) by extensions ['colcon_meta']
[1.116s] Level 1:colcon.colcon_core.package_identification:_identify(src/cartesian_controllers/cartesian_motion_controller) by extension 'colcon_meta'
[1.116s] Level 1:colcon.colcon_core.package_identification:_identify(src/cartesian_controllers/cartesian_motion_controller) by extensions ['ros']
[1.116s] Level 1:colcon.colcon_core.package_identification:_identify(src/cartesian_controllers/cartesian_motion_controller) by extension 'ros'
[1.116s] DEBUG:colcon.colcon_core.package_identification:Package 'src/cartesian_controllers/cartesian_motion_controller' with type 'ros.ament_cmake' and name 'cartesian_motion_controller'
[1.116s] Level 1:colcon.colcon_core.package_identification:_identify(src/cartesian_controllers/resources) by extensions ['ignore', 'ignore_ament_install']
[1.116s] Level 1:colcon.colcon_core.package_identification:_identify(src/cartesian_controllers/resources) by extension 'ignore'
[1.116s] Level 1:colcon.colcon_core.package_identification:_identify(src/cartesian_controllers/resources) by extension 'ignore_ament_install'
[1.116s] Level 1:colcon.colcon_core.package_identification:_identify(src/cartesian_controllers/resources) by extensions ['colcon_pkg']
[1.117s] Level 1:colcon.colcon_core.package_identification:_identify(src/cartesian_controllers/resources) by extension 'colcon_pkg'
[1.117s] Level 1:colcon.colcon_core.package_identification:_identify(src/cartesian_controllers/resources) by extensions ['colcon_meta']
[1.117s] Level 1:colcon.colcon_core.package_identification:_identify(src/cartesian_controllers/resources) by extension 'colcon_meta'
[1.117s] Level 1:colcon.colcon_core.package_identification:_identify(src/cartesian_controllers/resources) by extensions ['ros']
[1.117s] Level 1:colcon.colcon_core.package_identification:_identify(src/cartesian_controllers/resources) by extension 'ros'
[1.117s] Level 1:colcon.colcon_core.package_identification:_identify(src/cartesian_controllers/resources) by extensions ['cmake', 'python']
[1.117s] Level 1:colcon.colcon_core.package_identification:_identify(src/cartesian_controllers/resources) by extension 'cmake'
[1.117s] Level 1:colcon.colcon_core.package_identification:_identify(src/cartesian_controllers/resources) by extension 'python'
[1.117s] Level 1:colcon.colcon_core.package_identification:_identify(src/cartesian_controllers/resources) by extensions ['python_setup_py']
[1.117s] Level 1:colcon.colcon_core.package_identification:_identify(src/cartesian_controllers/resources) by extension 'python_setup_py'
[1.117s] Level 1:colcon.colcon_core.package_identification:_identify(src/cartesian_controllers/resources/doc) by extensions ['ignore', 'ignore_ament_install']
[1.117s] Level 1:colcon.colcon_core.package_identification:_identify(src/cartesian_controllers/resources/doc) by extension 'ignore'
[1.117s] Level 1:colcon.colcon_core.package_identification:_identify(src/cartesian_controllers/resources/doc) by extension 'ignore_ament_install'
[1.117s] Level 1:colcon.colcon_core.package_identification:_identify(src/cartesian_controllers/resources/doc) by extensions ['colcon_pkg']
[1.117s] Level 1:colcon.colcon_core.package_identification:_identify(src/cartesian_controllers/resources/doc) by extension 'colcon_pkg'
[1.117s] Level 1:colcon.colcon_core.package_identification:_identify(src/cartesian_controllers/resources/doc) by extensions ['colcon_meta']
[1.117s] Level 1:colcon.colcon_core.package_identification:_identify(src/cartesian_controllers/resources/doc) by extension 'colcon_meta'
[1.117s] Level 1:colcon.colcon_core.package_identification:_identify(src/cartesian_controllers/resources/doc) by extensions ['ros']
[1.117s] Level 1:colcon.colcon_core.package_identification:_identify(src/cartesian_controllers/resources/doc) by extension 'ros'
[1.117s] Level 1:colcon.colcon_core.package_identification:_identify(src/cartesian_controllers/resources/doc) by extensions ['cmake', 'python']
[1.117s] Level 1:colcon.colcon_core.package_identification:_identify(src/cartesian_controllers/resources/doc) by extension 'cmake'
[1.117s] Level 1:colcon.colcon_core.package_identification:_identify(src/cartesian_controllers/resources/doc) by extension 'python'
[1.117s] Level 1:colcon.colcon_core.package_identification:_identify(src/cartesian_controllers/resources/doc) by extensions ['python_setup_py']
[1.117s] Level 1:colcon.colcon_core.package_identification:_identify(src/cartesian_controllers/resources/doc) by extension 'python_setup_py'
[1.117s] Level 1:colcon.colcon_core.package_identification:_identify(src/cartesian_controllers/resources/images) by extensions ['ignore', 'ignore_ament_install']
[1.117s] Level 1:colcon.colcon_core.package_identification:_identify(src/cartesian_controllers/resources/images) by extension 'ignore'
[1.117s] Level 1:colcon.colcon_core.package_identification:_identify(src/cartesian_controllers/resources/images) by extension 'ignore_ament_install'
[1.117s] Level 1:colcon.colcon_core.package_identification:_identify(src/cartesian_controllers/resources/images) by extensions ['colcon_pkg']
[1.117s] Level 1:colcon.colcon_core.package_identification:_identify(src/cartesian_controllers/resources/images) by extension 'colcon_pkg'
[1.117s] Level 1:colcon.colcon_core.package_identification:_identify(src/cartesian_controllers/resources/images) by extensions ['colcon_meta']
[1.117s] Level 1:colcon.colcon_core.package_identification:_identify(src/cartesian_controllers/resources/images) by extension 'colcon_meta'
[1.117s] Level 1:colcon.colcon_core.package_identification:_identify(src/cartesian_controllers/resources/images) by extensions ['ros']
[1.117s] Level 1:colcon.colcon_core.package_identification:_identify(src/cartesian_controllers/resources/images) by extension 'ros'
[1.118s] Level 1:colcon.colcon_core.package_identification:_identify(src/cartesian_controllers/resources/images) by extensions ['cmake', 'python']
[1.118s] Level 1:colcon.colcon_core.package_identification:_identify(src/cartesian_controllers/resources/images) by extension 'cmake'
[1.118s] Level 1:colcon.colcon_core.package_identification:_identify(src/cartesian_controllers/resources/images) by extension 'python'
[1.118s] Level 1:colcon.colcon_core.package_identification:_identify(src/cartesian_controllers/resources/images) by extensions ['python_setup_py']
[1.118s] Level 1:colcon.colcon_core.package_identification:_identify(src/cartesian_controllers/resources/images) by extension 'python_setup_py'
[1.118s] Level 1:colcon.colcon_core.package_identification:_identify(src/install) by extensions ['ignore', 'ignore_ament_install']
[1.118s] Level 1:colcon.colcon_core.package_identification:_identify(src/install) by extension 'ignore'
[1.118s] Level 1:colcon.colcon_core.package_identification:_identify(src/install) ignored
[1.118s] Level 1:colcon.colcon_core.package_identification:_identify(src/launch_package) by extensions ['ignore', 'ignore_ament_install']
[1.118s] Level 1:colcon.colcon_core.package_identification:_identify(src/launch_package) by extension 'ignore'
[1.118s] Level 1:colcon.colcon_core.package_identification:_identify(src/launch_package) by extension 'ignore_ament_install'
[1.118s] Level 1:colcon.colcon_core.package_identification:_identify(src/launch_package) by extensions ['colcon_pkg']
[1.118s] Level 1:colcon.colcon_core.package_identification:_identify(src/launch_package) by extension 'colcon_pkg'
[1.118s] Level 1:colcon.colcon_core.package_identification:_identify(src/launch_package) by extensions ['colcon_meta']
[1.118s] Level 1:colcon.colcon_core.package_identification:_identify(src/launch_package) by extension 'colcon_meta'
[1.118s] Level 1:colcon.colcon_core.package_identification:_identify(src/launch_package) by extensions ['ros']
[1.118s] Level 1:colcon.colcon_core.package_identification:_identify(src/launch_package) by extension 'ros'
[1.118s] DEBUG:colcon.colcon_core.package_identification:Package 'src/launch_package' with type 'ros.ament_python' and name 'launch_package'
[1.118s] Level 1:colcon.colcon_core.package_identification:_identify(src/realsense_streamer) by extensions ['ignore', 'ignore_ament_install']
[1.118s] Level 1:colcon.colcon_core.package_identification:_identify(src/realsense_streamer) by extension 'ignore'
[1.119s] Level 1:colcon.colcon_core.package_identification:_identify(src/realsense_streamer) by extension 'ignore_ament_install'
[1.119s] Level 1:colcon.colcon_core.package_identification:_identify(src/realsense_streamer) by extensions ['colcon_pkg']
[1.119s] Level 1:colcon.colcon_core.package_identification:_identify(src/realsense_streamer) by extension 'colcon_pkg'
[1.119s] Level 1:colcon.colcon_core.package_identification:_identify(src/realsense_streamer) by extensions ['colcon_meta']
[1.119s] Level 1:colcon.colcon_core.package_identification:_identify(src/realsense_streamer) by extension 'colcon_meta'
[1.119s] Level 1:colcon.colcon_core.package_identification:_identify(src/realsense_streamer) by extensions ['ros']
[1.119s] Level 1:colcon.colcon_core.package_identification:_identify(src/realsense_streamer) by extension 'ros'
[1.119s] DEBUG:colcon.colcon_core.package_identification:Package 'src/realsense_streamer' with type 'ros.ament_python' and name 'realsense_streamer'
[1.119s] Level 1:colcon.colcon_core.package_identification:_identify(src/scripts) by extensions ['ignore', 'ignore_ament_install']
[1.119s] Level 1:colcon.colcon_core.package_identification:_identify(src/scripts) by extension 'ignore'
[1.119s] Level 1:colcon.colcon_core.package_identification:_identify(src/scripts) by extension 'ignore_ament_install'
[1.119s] Level 1:colcon.colcon_core.package_identification:_identify(src/scripts) by extensions ['colcon_pkg']
[1.119s] Level 1:colcon.colcon_core.package_identification:_identify(src/scripts) by extension 'colcon_pkg'
[1.119s] Level 1:colcon.colcon_core.package_identification:_identify(src/scripts) by extensions ['colcon_meta']
[1.119s] Level 1:colcon.colcon_core.package_identification:_identify(src/scripts) by extension 'colcon_meta'
[1.119s] Level 1:colcon.colcon_core.package_identification:_identify(src/scripts) by extensions ['ros']
[1.119s] Level 1:colcon.colcon_core.package_identification:_identify(src/scripts) by extension 'ros'
[1.119s] Level 1:colcon.colcon_core.package_identification:_identify(src/scripts) by extensions ['cmake', 'python']
[1.119s] Level 1:colcon.colcon_core.package_identification:_identify(src/scripts) by extension 'cmake'
[1.119s] Level 1:colcon.colcon_core.package_identification:_identify(src/scripts) by extension 'python'
[1.119s] Level 1:colcon.colcon_core.package_identification:_identify(src/scripts) by extensions ['python_setup_py']
[1.120s] Level 1:colcon.colcon_core.package_identification:_identify(src/scripts) by extension 'python_setup_py'
[1.120s] Level 1:colcon.colcon_core.package_identification:_identify(src/ur5e_motion_controller) by extensions ['ignore', 'ignore_ament_install']
[1.120s] Level 1:colcon.colcon_core.package_identification:_identify(src/ur5e_motion_controller) by extension 'ignore'
[1.120s] Level 1:colcon.colcon_core.package_identification:_identify(src/ur5e_motion_controller) by extension 'ignore_ament_install'
[1.120s] Level 1:colcon.colcon_core.package_identification:_identify(src/ur5e_motion_controller) by extensions ['colcon_pkg']
[1.120s] Level 1:colcon.colcon_core.package_identification:_identify(src/ur5e_motion_controller) by extension 'colcon_pkg'
[1.120s] Level 1:colcon.colcon_core.package_identification:_identify(src/ur5e_motion_controller) by extensions ['colcon_meta']
[1.120s] Level 1:colcon.colcon_core.package_identification:_identify(src/ur5e_motion_controller) by extension 'colcon_meta'
[1.120s] Level 1:colcon.colcon_core.package_identification:_identify(src/ur5e_motion_controller) by extensions ['ros']
[1.120s] Level 1:colcon.colcon_core.package_identification:_identify(src/ur5e_motion_controller) by extension 'ros'
[1.120s] DEBUG:colcon.colcon_core.package_identification:Package 'src/ur5e_motion_controller' with type 'ros.ament_python' and name 'ur5e_motion_controller'
[1.120s] Level 1:colcon.colcon_core.package_identification:_identify(src/ur_simulation_gz) by extensions ['ignore', 'ignore_ament_install']
[1.120s] Level 1:colcon.colcon_core.package_identification:_identify(src/ur_simulation_gz) by extension 'ignore'
[1.120s] Level 1:colcon.colcon_core.package_identification:_identify(src/ur_simulation_gz) by extension 'ignore_ament_install'
[1.120s] Level 1:colcon.colcon_core.package_identification:_identify(src/ur_simulation_gz) by extensions ['colcon_pkg']
[1.120s] Level 1:colcon.colcon_core.package_identification:_identify(src/ur_simulation_gz) by extension 'colcon_pkg'
[1.120s] Level 1:colcon.colcon_core.package_identification:_identify(src/ur_simulation_gz) by extensions ['colcon_meta']
[1.120s] Level 1:colcon.colcon_core.package_identification:_identify(src/ur_simulation_gz) by extension 'colcon_meta'
[1.120s] Level 1:colcon.colcon_core.package_identification:_identify(src/ur_simulation_gz) by extensions ['ros']
[1.120s] Level 1:colcon.colcon_core.package_identification:_identify(src/ur_simulation_gz) by extension 'ros'
[1.120s] Level 1:colcon.colcon_core.package_identification:_identify(src/ur_simulation_gz) by extensions ['cmake', 'python']
[1.121s] Level 1:colcon.colcon_core.package_identification:_identify(src/ur_simulation_gz) by extension 'cmake'
[1.121s] Level 1:colcon.colcon_core.package_identification:_identify(src/ur_simulation_gz) by extension 'python'
[1.121s] Level 1:colcon.colcon_core.package_identification:_identify(src/ur_simulation_gz) by extensions ['python_setup_py']
[1.121s] Level 1:colcon.colcon_core.package_identification:_identify(src/ur_simulation_gz) by extension 'python_setup_py'
[1.121s] Level 1:colcon.colcon_core.package_identification:_identify(src/ur_simulation_gz/ur_simulation_gz) by extensions ['ignore', 'ignore_ament_install']
[1.121s] Level 1:colcon.colcon_core.package_identification:_identify(src/ur_simulation_gz/ur_simulation_gz) by extension 'ignore'
[1.121s] Level 1:colcon.colcon_core.package_identification:_identify(src/ur_simulation_gz/ur_simulation_gz) by extension 'ignore_ament_install'
[1.121s] Level 1:colcon.colcon_core.package_identification:_identify(src/ur_simulation_gz/ur_simulation_gz) by extensions ['colcon_pkg']
[1.121s] Level 1:colcon.colcon_core.package_identification:_identify(src/ur_simulation_gz/ur_simulation_gz) by extension 'colcon_pkg'
[1.121s] Level 1:colcon.colcon_core.package_identification:_identify(src/ur_simulation_gz/ur_simulation_gz) by extensions ['colcon_meta']
[1.121s] Level 1:colcon.colcon_core.package_identification:_identify(src/ur_simulation_gz/ur_simulation_gz) by extension 'colcon_meta'
[1.121s] Level 1:colcon.colcon_core.package_identification:_identify(src/ur_simulation_gz/ur_simulation_gz) by extensions ['ros']
[1.121s] Level 1:colcon.colcon_core.package_identification:_identify(src/ur_simulation_gz/ur_simulation_gz) by extension 'ros'
[1.121s] DEBUG:colcon.colcon_core.package_identification:Package 'src/ur_simulation_gz/ur_simulation_gz' with type 'ros.ament_cmake' and name 'ur_simulation_gz'
[1.121s] Level 1:colcon.colcon_core.package_identification:_identify(src/ur_simulator) by extensions ['ignore', 'ignore_ament_install']
[1.121s] Level 1:colcon.colcon_core.package_identification:_identify(src/ur_simulator) by extension 'ignore'
[1.122s] Level 1:colcon.colcon_core.package_identification:_identify(src/ur_simulator) by extension 'ignore_ament_install'
[1.122s] Level 1:colcon.colcon_core.package_identification:_identify(src/ur_simulator) by extensions ['colcon_pkg']
[1.122s] Level 1:colcon.colcon_core.package_identification:_identify(src/ur_simulator) by extension 'colcon_pkg'
[1.122s] Level 1:colcon.colcon_core.package_identification:_identify(src/ur_simulator) by extensions ['colcon_meta']
[1.122s] Level 1:colcon.colcon_core.package_identification:_identify(src/ur_simulator) by extension 'colcon_meta'
[1.122s] Level 1:colcon.colcon_core.package_identification:_identify(src/ur_simulator) by extensions ['ros']
[1.122s] Level 1:colcon.colcon_core.package_identification:_identify(src/ur_simulator) by extension 'ros'
[1.122s] DEBUG:colcon.colcon_core.package_identification:Package 'src/ur_simulator' with type 'ros.ament_python' and name 'ur_simulator'
[1.122s] Level 1:colcon.colcon_core.package_discovery:discover_packages(recursive) using defaults
[1.122s] Level 1:colcon.colcon_core.package_discovery:discover_packages(ignore) discover
[1.122s] Level 1:colcon.colcon_core.package_discovery:discover_packages(ignore) using defaults
[1.122s] Level 1:colcon.colcon_core.package_discovery:discover_packages(path) discover
[1.122s] Level 1:colcon.colcon_core.package_discovery:discover_packages(path) using defaults
[1.177s] INFO:colcon.colcon_core.package_selection:Skipping not selected package 'berry_dataset' in 'src/berry_dataset'
[1.177s] INFO:colcon.colcon_core.package_selection:Skipping not selected package 'cartesian_controller_base' in 'src/cartesian_controllers/cartesian_controller_base'
[1.177s] INFO:colcon.colcon_core.package_selection:Skipping not selected package 'cartesian_controller_utilities' in 'src/cartesian_controllers/cartesian_controller_utilities'
[1.177s] INFO:colcon.colcon_core.package_selection:Skipping not selected package 'launch_package' in 'src/launch_package'
[1.177s] INFO:colcon.colcon_core.package_selection:Skipping not selected package 'realsense_streamer' in 'src/realsense_streamer'
[1.177s] INFO:colcon.colcon_core.package_selection:Skipping not selected package 'ur5e_motion_controller' in 'src/ur5e_motion_controller'
[1.177s] INFO:colcon.colcon_core.package_selection:Skipping not selected package 'ur_simulation_gz' in 'src/ur_simulation_gz/ur_simulation_gz'
[1.177s] INFO:colcon.colcon_core.package_selection:Skipping not selected package 'ur_simulator' in 'src/ur_simulator'
[1.177s] INFO:colcon.colcon_core.package_selection:Skipping not selected package 'cartesian_controller_handles' in 'src/cartesian_controllers/cartesian_controller_handles'
[1.177s] INFO:colcon.colcon_core.package_selection:Skipping not selected package 'cartesian_force_controller' in 'src/cartesian_controllers/cartesian_force_controller'
[1.177s] INFO:colcon.colcon_core.package_selection:Skipping not selected package 'cartesian_motion_controller' in 'src/cartesian_controllers/cartesian_motion_controller'
[1.177s] INFO:colcon.colcon_core.package_selection:Skipping not selected package 'cartesian_compliance_controller' in 'src/cartesian_controllers/cartesian_compliance_controller'
[1.177s] INFO:colcon.colcon_core.package_selection:Skipping not selected package 'cartesian_controller_tests' in 'src/cartesian_controllers/cartesian_controller_tests'
[1.201s] Level 1:colcon.colcon_core.package_discovery:discover_packages(prefix_path) check parameters
[1.201s] Level 1:colcon.colcon_core.package_discovery:discover_packages(prefix_path) discover
[1.227s] DEBUG:colcon.colcon_installed_package_information.package_discovery:Found 9 installed packages in /home/fabio_tdt/Documents/ros2_dataset_ws/install
[1.239s] DEBUG:colcon.colcon_installed_package_information.package_discovery:Found 4 installed packages in /home/fabio_tdt/Documents/ros2_dataset_ws/src/install
[1.252s] DEBUG:colcon.colcon_installed_package_information.package_discovery:Found 370 installed packages in /opt/ros/humble
[1.253s] Level 1:colcon.colcon_core.package_discovery:discover_packages(prefix_path) using defaults
[1.333s] Level 5:colcon.colcon_core.verb:set package 'cartesian_controller_simulation' build argument 'cmake_args' from command line to '['-DMUJOCO_DIR=/home/fabio_tdt/mujoco-3.0.0']'
[1.333s] Level 5:colcon.colcon_core.verb:set package 'cartesian_controller_simulation' build argument 'cmake_target' from command line to 'None'
[1.333s] Level 5:colcon.colcon_core.verb:set package 'cartesian_controller_simulation' build argument 'cmake_target_skip_unavailable' from command line to 'False'
[1.334s] Level 5:colcon.colcon_core.verb:set package 'cartesian_controller_simulation' build argument 'cmake_clean_cache' from command line to 'False'
[1.334s] Level 5:colcon.colcon_core.verb:set package 'cartesian_controller_simulation' build argument 'cmake_clean_first' from command line to 'False'
[1.334s] Level 5:colcon.colcon_core.verb:set package 'cartesian_controller_simulation' build argument 'cmake_force_configure' from command line to 'False'
[1.334s] Level 5:colcon.colcon_core.verb:set package 'cartesian_controller_simulation' build argument 'ament_cmake_args' from command line to 'None'
[1.334s] Level 5:colcon.colcon_core.verb:set package 'cartesian_controller_simulation' build argument 'catkin_cmake_args' from command line to 'None'
[1.334s] Level 5:colcon.colcon_core.verb:set package 'cartesian_controller_simulation' build argument 'catkin_skip_building_tests' from command line to 'False'
[1.334s] DEBUG:colcon.colcon_core.verb:Building package 'cartesian_controller_simulation' with the following arguments: {'ament_cmake_args': None, 'build_base': '/home/fabio_tdt/Documents/ros2_dataset_ws/build/cartesian_controller_simulation', 'catkin_cmake_args': None, 'catkin_skip_building_tests': False, 'cmake_args': ['-DMUJOCO_DIR=/home/fabio_tdt/mujoco-3.0.0'], 'cmake_clean_cache': False, 'cmake_clean_first': False, 'cmake_force_configure': False, 'cmake_target': None, 'cmake_target_skip_unavailable': False, 'install_base': '/home/fabio_tdt/Documents/ros2_dataset_ws/install/cartesian_controller_simulation', 'merge_install': False, 'path': '/home/fabio_tdt/Documents/ros2_dataset_ws/src/cartesian_controllers/cartesian_controller_simulation', 'symlink_install': False, 'test_result_base': None}
[1.346s] INFO:colcon.colcon_core.executor:Executing jobs using 'parallel' executor
[1.359s] DEBUG:colcon.colcon_parallel_executor.executor.parallel:run_until_complete
[1.359s] INFO:colcon.colcon_ros.task.ament_cmake.build:Building ROS package in '/home/fabio_tdt/Documents/ros2_dataset_ws/src/cartesian_controllers/cartesian_controller_simulation' with build type 'ament_cmake'
[1.359s] INFO:colcon.colcon_cmake.task.cmake.build:Building CMake package in '/home/fabio_tdt/Documents/ros2_dataset_ws/src/cartesian_controllers/cartesian_controller_simulation'
[1.374s] INFO:colcon.colcon_core.plugin_system:Skipping extension 'colcon_core.shell.bat': Not used on non-Windows systems
[1.374s] INFO:colcon.colcon_core.shell:Skip shell extension 'powershell' for command environment: Not usable outside of PowerShell
[1.374s] DEBUG:colcon.colcon_core.shell:Skip shell extension 'dsv' for command environment
[1.433s] DEBUG:colcon.colcon_core.event_handler.log_command:Invoking command in '/home/fabio_tdt/Documents/ros2_dataset_ws/build/cartesian_controller_simulation': AMENT_PREFIX_PATH=/home/fabio_tdt/Documents/ros2_dataset_ws/install/cartesian_controller_base:${AMENT_PREFIX_PATH} CMAKE_PREFIX_PATH=/home/fabio_tdt/Documents/ros2_dataset_ws/install/cartesian_controller_base:/home/fabio_tdt/Documents/ros2_dataset_ws/install/ur_simulator:/home/fabio_tdt/Documents/ros2_dataset_ws/install/realsense_streamer:/home/fabio_tdt/Documents/ros2_dataset_ws/install/launch_package:/home/fabio_tdt/Documents/ros2_dataset_ws/install/berry_dataset:/home/fabio_tdt/Documents/ros2_dataset_ws/src/install/ur_simulator:/home/fabio_tdt/Documents/ros2_dataset_ws/src/install/realsense_streamer:/home/fabio_tdt/Documents/ros2_dataset_ws/src/install/launch_package:/home/fabio_tdt/Documents/ros2_dataset_ws/src/install/berry_dataset:/opt/ros/humble LD_LIBRARY_PATH=/home/fabio_tdt/Documents/ros2_dataset_ws/install/cartesian_controller_base/lib:${LD_LIBRARY_PATH} /usr/bin/cmake --build /home/fabio_tdt/Documents/ros2_dataset_ws/build/cartesian_controller_simulation -- -j8 -l8
[4.716s] DEBUG:colcon.colcon_core.event_handler.log_command:Invoked command in '/home/fabio_tdt/Documents/ros2_dataset_ws/build/cartesian_controller_simulation' returned '0': AMENT_PREFIX_PATH=/home/fabio_tdt/Documents/ros2_dataset_ws/install/cartesian_controller_base:${AMENT_PREFIX_PATH} CMAKE_PREFIX_PATH=/home/fabio_tdt/Documents/ros2_dataset_ws/install/cartesian_controller_base:/home/fabio_tdt/Documents/ros2_dataset_ws/install/ur_simulator:/home/fabio_tdt/Documents/ros2_dataset_ws/install/realsense_streamer:/home/fabio_tdt/Documents/ros2_dataset_ws/install/launch_package:/home/fabio_tdt/Documents/ros2_dataset_ws/install/berry_dataset:/home/fabio_tdt/Documents/ros2_dataset_ws/src/install/ur_simulator:/home/fabio_tdt/Documents/ros2_dataset_ws/src/install/realsense_streamer:/home/fabio_tdt/Documents/ros2_dataset_ws/src/install/launch_package:/home/fabio_tdt/Documents/ros2_dataset_ws/src/install/berry_dataset:/opt/ros/humble LD_LIBRARY_PATH=/home/fabio_tdt/Documents/ros2_dataset_ws/install/cartesian_controller_base/lib:${LD_LIBRARY_PATH} /usr/bin/cmake --build /home/fabio_tdt/Documents/ros2_dataset_ws/build/cartesian_controller_simulation -- -j8 -l8
[4.741s] DEBUG:colcon.colcon_core.event_handler.log_command:Invoking command in '/home/fabio_tdt/Documents/ros2_dataset_ws/build/cartesian_controller_simulation': AMENT_PREFIX_PATH=/home/fabio_tdt/Documents/ros2_dataset_ws/install/cartesian_controller_base:${AMENT_PREFIX_PATH} CMAKE_PREFIX_PATH=/home/fabio_tdt/Documents/ros2_dataset_ws/install/cartesian_controller_base:/home/fabio_tdt/Documents/ros2_dataset_ws/install/ur_simulator:/home/fabio_tdt/Documents/ros2_dataset_ws/install/realsense_streamer:/home/fabio_tdt/Documents/ros2_dataset_ws/install/launch_package:/home/fabio_tdt/Documents/ros2_dataset_ws/install/berry_dataset:/home/fabio_tdt/Documents/ros2_dataset_ws/src/install/ur_simulator:/home/fabio_tdt/Documents/ros2_dataset_ws/src/install/realsense_streamer:/home/fabio_tdt/Documents/ros2_dataset_ws/src/install/launch_package:/home/fabio_tdt/Documents/ros2_dataset_ws/src/install/berry_dataset:/opt/ros/humble LD_LIBRARY_PATH=/home/fabio_tdt/Documents/ros2_dataset_ws/install/cartesian_controller_base/lib:${LD_LIBRARY_PATH} /usr/bin/cmake --install /home/fabio_tdt/Documents/ros2_dataset_ws/build/cartesian_controller_simulation
[4.917s] Level 1:colcon.colcon_core.environment:create_environment_scripts_only(cartesian_controller_simulation)
[4.918s] DEBUG:colcon.colcon_core.event_handler.log_command:Invoked command in '/home/fabio_tdt/Documents/ros2_dataset_ws/build/cartesian_controller_simulation' returned '0': AMENT_PREFIX_PATH=/home/fabio_tdt/Documents/ros2_dataset_ws/install/cartesian_controller_base:${AMENT_PREFIX_PATH} CMAKE_PREFIX_PATH=/home/fabio_tdt/Documents/ros2_dataset_ws/install/cartesian_controller_base:/home/fabio_tdt/Documents/ros2_dataset_ws/install/ur_simulator:/home/fabio_tdt/Documents/ros2_dataset_ws/install/realsense_streamer:/home/fabio_tdt/Documents/ros2_dataset_ws/install/launch_package:/home/fabio_tdt/Documents/ros2_dataset_ws/install/berry_dataset:/home/fabio_tdt/Documents/ros2_dataset_ws/src/install/ur_simulator:/home/fabio_tdt/Documents/ros2_dataset_ws/src/install/realsense_streamer:/home/fabio_tdt/Documents/ros2_dataset_ws/src/install/launch_package:/home/fabio_tdt/Documents/ros2_dataset_ws/src/install/berry_dataset:/opt/ros/humble LD_LIBRARY_PATH=/home/fabio_tdt/Documents/ros2_dataset_ws/install/cartesian_controller_base/lib:${LD_LIBRARY_PATH} /usr/bin/cmake --install /home/fabio_tdt/Documents/ros2_dataset_ws/build/cartesian_controller_simulation
[4.931s] Level 1:colcon.colcon_core.environment:checking '/home/fabio_tdt/Documents/ros2_dataset_ws/install/cartesian_controller_simulation' for CMake module files
[4.931s] Level 1:colcon.colcon_core.environment:checking '/home/fabio_tdt/Documents/ros2_dataset_ws/install/cartesian_controller_simulation' for CMake config files
[4.932s] Level 1:colcon.colcon_core.shell:create_environment_hook('cartesian_controller_simulation', 'cmake_prefix_path')
[4.943s] INFO:colcon.colcon_core.shell:Creating environment hook '/home/fabio_tdt/Documents/ros2_dataset_ws/install/cartesian_controller_simulation/share/cartesian_controller_simulation/hook/cmake_prefix_path.ps1'
[4.943s] INFO:colcon.colcon_core.shell:Creating environment descriptor '/home/fabio_tdt/Documents/ros2_dataset_ws/install/cartesian_controller_simulation/share/cartesian_controller_simulation/hook/cmake_prefix_path.dsv'
[4.943s] INFO:colcon.colcon_core.shell:Creating environment hook '/home/fabio_tdt/Documents/ros2_dataset_ws/install/cartesian_controller_simulation/share/cartesian_controller_simulation/hook/cmake_prefix_path.sh'
[4.944s] Level 1:colcon.colcon_core.environment:checking '/home/fabio_tdt/Documents/ros2_dataset_ws/install/cartesian_controller_simulation/lib'
[4.944s] Level 1:colcon.colcon_core.shell:create_environment_hook('cartesian_controller_simulation', 'ld_library_path_lib')
[4.956s] INFO:colcon.colcon_core.shell:Creating environment hook '/home/fabio_tdt/Documents/ros2_dataset_ws/install/cartesian_controller_simulation/share/cartesian_controller_simulation/hook/ld_library_path_lib.ps1'
[4.956s] INFO:colcon.colcon_core.shell:Creating environment descriptor '/home/fabio_tdt/Documents/ros2_dataset_ws/install/cartesian_controller_simulation/share/cartesian_controller_simulation/hook/ld_library_path_lib.dsv'
[4.956s] INFO:colcon.colcon_core.shell:Creating environment hook '/home/fabio_tdt/Documents/ros2_dataset_ws/install/cartesian_controller_simulation/share/cartesian_controller_simulation/hook/ld_library_path_lib.sh'
[4.956s] Level 1:colcon.colcon_core.environment:checking '/home/fabio_tdt/Documents/ros2_dataset_ws/install/cartesian_controller_simulation/bin'
[4.956s] Level 1:colcon.colcon_core.environment:checking '/home/fabio_tdt/Documents/ros2_dataset_ws/install/cartesian_controller_simulation/lib/pkgconfig/cartesian_controller_simulation.pc'
[4.957s] Level 1:colcon.colcon_core.environment:checking '/home/fabio_tdt/Documents/ros2_dataset_ws/install/cartesian_controller_simulation/lib/python3.10/site-packages'
[4.957s] Level 1:colcon.colcon_core.environment:checking '/home/fabio_tdt/Documents/ros2_dataset_ws/install/cartesian_controller_simulation/bin'
[4.969s] INFO:colcon.colcon_core.shell:Creating package script '/home/fabio_tdt/Documents/ros2_dataset_ws/install/cartesian_controller_simulation/share/cartesian_controller_simulation/package.ps1'
[4.970s] INFO:colcon.colcon_core.shell:Creating package descriptor '/home/fabio_tdt/Documents/ros2_dataset_ws/install/cartesian_controller_simulation/share/cartesian_controller_simulation/package.dsv'
[4.970s] INFO:colcon.colcon_core.shell:Creating package script '/home/fabio_tdt/Documents/ros2_dataset_ws/install/cartesian_controller_simulation/share/cartesian_controller_simulation/package.sh'
[4.971s] INFO:colcon.colcon_core.shell:Creating package script '/home/fabio_tdt/Documents/ros2_dataset_ws/install/cartesian_controller_simulation/share/cartesian_controller_simulation/package.bash'
[4.971s] INFO:colcon.colcon_core.shell:Creating package script '/home/fabio_tdt/Documents/ros2_dataset_ws/install/cartesian_controller_simulation/share/cartesian_controller_simulation/package.zsh'
[4.972s] Level 1:colcon.colcon_core.environment:create_file_with_runtime_dependencies(/home/fabio_tdt/Documents/ros2_dataset_ws/install/cartesian_controller_simulation/share/colcon-core/packages/cartesian_controller_simulation)
[5.004s] Level 1:colcon.colcon_core.environment:create_environment_scripts_only(cartesian_controller_simulation)
[5.016s] Level 1:colcon.colcon_core.environment:checking '/home/fabio_tdt/Documents/ros2_dataset_ws/install/cartesian_controller_simulation' for CMake module files
[5.016s] Level 1:colcon.colcon_core.environment:checking '/home/fabio_tdt/Documents/ros2_dataset_ws/install/cartesian_controller_simulation' for CMake config files
[5.016s] Level 1:colcon.colcon_core.shell:create_environment_hook('cartesian_controller_simulation', 'cmake_prefix_path')
[5.028s] INFO:colcon.colcon_core.shell:Creating environment hook '/home/fabio_tdt/Documents/ros2_dataset_ws/install/cartesian_controller_simulation/share/cartesian_controller_simulation/hook/cmake_prefix_path.ps1'
[5.028s] INFO:colcon.colcon_core.shell:Creating environment descriptor '/home/fabio_tdt/Documents/ros2_dataset_ws/install/cartesian_controller_simulation/share/cartesian_controller_simulation/hook/cmake_prefix_path.dsv'
[5.028s] INFO:colcon.colcon_core.shell:Creating environment hook '/home/fabio_tdt/Documents/ros2_dataset_ws/install/cartesian_controller_simulation/share/cartesian_controller_simulation/hook/cmake_prefix_path.sh'
[5.029s] Level 1:colcon.colcon_core.environment:checking '/home/fabio_tdt/Documents/ros2_dataset_ws/install/cartesian_controller_simulation/lib'
[5.029s] Level 1:colcon.colcon_core.shell:create_environment_hook('cartesian_controller_simulation', 'ld_library_path_lib')
[5.041s] INFO:colcon.colcon_core.shell:Creating environment hook '/home/fabio_tdt/Documents/ros2_dataset_ws/install/cartesian_controller_simulation/share/cartesian_controller_simulation/hook/ld_library_path_lib.ps1'
[5.041s] INFO:colcon.colcon_core.shell:Creating environment descriptor '/home/fabio_tdt/Documents/ros2_dataset_ws/install/cartesian_controller_simulation/share/cartesian_controller_simulation/hook/ld_library_path_lib.dsv'
[5.041s] INFO:colcon.colcon_core.shell:Creating environment hook '/home/fabio_tdt/Documents/ros2_dataset_ws/install/cartesian_controller_simulation/share/cartesian_controller_simulation/hook/ld_library_path_lib.sh'
[5.041s] Level 1:colcon.colcon_core.environment:checking '/home/fabio_tdt/Documents/ros2_dataset_ws/install/cartesian_controller_simulation/bin'
[5.041s] Level 1:colcon.colcon_core.environment:checking '/home/fabio_tdt/Documents/ros2_dataset_ws/install/cartesian_controller_simulation/lib/pkgconfig/cartesian_controller_simulation.pc'
[5.041s] Level 1:colcon.colcon_core.environment:checking '/home/fabio_tdt/Documents/ros2_dataset_ws/install/cartesian_controller_simulation/lib/python3.10/site-packages'
[5.042s] Level 1:colcon.colcon_core.environment:checking '/home/fabio_tdt/Documents/ros2_dataset_ws/install/cartesian_controller_simulation/bin'
[5.054s] INFO:colcon.colcon_core.shell:Creating package script '/home/fabio_tdt/Documents/ros2_dataset_ws/install/cartesian_controller_simulation/share/cartesian_controller_simulation/package.ps1'
[5.054s] INFO:colcon.colcon_core.shell:Creating package descriptor '/home/fabio_tdt/Documents/ros2_dataset_ws/install/cartesian_controller_simulation/share/cartesian_controller_simulation/package.dsv'
[5.055s] INFO:colcon.colcon_core.shell:Creating package script '/home/fabio_tdt/Documents/ros2_dataset_ws/install/cartesian_controller_simulation/share/cartesian_controller_simulation/package.sh'
[5.055s] INFO:colcon.colcon_core.shell:Creating package script '/home/fabio_tdt/Documents/ros2_dataset_ws/install/cartesian_controller_simulation/share/cartesian_controller_simulation/package.bash'
[5.055s] INFO:colcon.colcon_core.shell:Creating package script '/home/fabio_tdt/Documents/ros2_dataset_ws/install/cartesian_controller_simulation/share/cartesian_controller_simulation/package.zsh'
[5.055s] Level 1:colcon.colcon_core.environment:create_file_with_runtime_dependencies(/home/fabio_tdt/Documents/ros2_dataset_ws/install/cartesian_controller_simulation/share/colcon-core/packages/cartesian_controller_simulation)
[5.055s] DEBUG:colcon.colcon_parallel_executor.executor.parallel:closing loop
[5.056s] DEBUG:colcon.colcon_parallel_executor.executor.parallel:loop closed
[5.056s] DEBUG:colcon.colcon_parallel_executor.executor.parallel:run_until_complete finished with '0'
[5.056s] DEBUG:colcon.colcon_core.event_reactor:joining thread
[5.073s] INFO:colcon.colcon_core.plugin_system:Skipping extension 'colcon_notification.desktop_notification.terminal_notifier': Not used on non-Darwin systems
[5.073s] INFO:colcon.colcon_core.plugin_system:Skipping extension 'colcon_notification.desktop_notification.win32': Not used on non-Windows systems
[5.073s] INFO:colcon.colcon_notification.desktop_notification:Sending desktop notification using 'notify2'
[5.082s] DEBUG:colcon.colcon_core.event_reactor:joined thread
[5.096s] INFO:colcon.colcon_core.shell:Creating prefix script '/home/fabio_tdt/Documents/ros2_dataset_ws/install/local_setup.ps1'
[5.097s] INFO:colcon.colcon_core.shell:Creating prefix util module '/home/fabio_tdt/Documents/ros2_dataset_ws/install/_local_setup_util_ps1.py'
[5.098s] INFO:colcon.colcon_core.shell:Creating prefix chain script '/home/fabio_tdt/Documents/ros2_dataset_ws/install/setup.ps1'
[5.113s] INFO:colcon.colcon_core.shell:Creating prefix script '/home/fabio_tdt/Documents/ros2_dataset_ws/install/local_setup.sh'
[5.114s] INFO:colcon.colcon_core.shell:Creating prefix util module '/home/fabio_tdt/Documents/ros2_dataset_ws/install/_local_setup_util_sh.py'
[5.114s] INFO:colcon.colcon_core.shell:Creating prefix chain script '/home/fabio_tdt/Documents/ros2_dataset_ws/install/setup.sh'
[5.128s] INFO:colcon.colcon_core.shell:Creating prefix script '/home/fabio_tdt/Documents/ros2_dataset_ws/install/local_setup.bash'
[5.129s] INFO:colcon.colcon_core.shell:Creating prefix chain script '/home/fabio_tdt/Documents/ros2_dataset_ws/install/setup.bash'
[5.143s] INFO:colcon.colcon_core.shell:Creating prefix script '/home/fabio_tdt/Documents/ros2_dataset_ws/install/local_setup.zsh'
[5.144s] INFO:colcon.colcon_core.shell:Creating prefix chain script '/home/fabio_tdt/Documents/ros2_dataset_ws/install/setup.zsh'
