[0.727s] Invoking command in '/home/fabio_tdt/Documents/ros2_dataset_ws/build/cartesian_controller_utilities': CMAKE_PREFIX_PATH=/home/fabio_tdt/Documents/ros2_dataset_ws/install/ur_simulator:/home/fabio_tdt/Documents/ros2_dataset_ws/install/realsense_streamer:/home/fabio_tdt/Documents/ros2_dataset_ws/install/launch_package:/home/fabio_tdt/Documents/ros2_dataset_ws/install/berry_dataset:/home/fabio_tdt/Documents/ros2_dataset_ws/src/install/ur_simulator:/home/fabio_tdt/Documents/ros2_dataset_ws/src/install/realsense_streamer:/home/fabio_tdt/Documents/ros2_dataset_ws/src/install/launch_package:/home/fabio_tdt/Documents/ros2_dataset_ws/src/install/berry_dataset:/opt/ros/humble /usr/bin/cmake /home/fabio_tdt/Documents/ros2_dataset_ws/src/cartesian_controllers/cartesian_controller_utilities -DAMENT_CMAKE_SYMLINK_INSTALL=1 -DCMAKE_INSTALL_PREFIX=/home/fabio_tdt/Documents/ros2_dataset_ws/install/cartesian_controller_utilities
[1.899s] -- The C compiler identification is GNU 11.4.0
[1.899s] -- The CXX compiler identification is GNU 11.4.0
[1.899s] -- Detecting C compiler ABI info
[1.899s] -- Detecting C compiler ABI info - done
[1.899s] -- Check for working C compiler: /usr/bin/cc - skipped
[1.899s] -- Detecting C compile features
[1.899s] -- Detecting C compile features - done
[1.899s] -- Detecting CXX compiler ABI info
[1.899s] -- Detecting CXX compiler ABI info - done
[1.899s] -- Check for working CXX compiler: /usr/bin/c++ - skipped
[1.899s] -- Detecting CXX compile features
[1.899s] -- Detecting CXX compile features - done
[1.899s] -- Found ament_cmake: 1.3.7 (/opt/ros/humble/share/ament_cmake/cmake)
[1.899s] -- Found Python3: /usr/bin/python3.10 (found version "3.10.12") found components: Interpreter 
[1.899s] -- Override CMake install command with custom implementation using symlinks instead of copying resources
[1.899s] -- Found rclpy: 3.3.11 (/opt/ros/humble/share/rclpy/cmake)
[1.899s] -- Found geometry_msgs: 4.2.3 (/opt/ros/humble/share/geometry_msgs/cmake)
[1.899s] -- Found rosidl_generator_c: 3.1.5 (/opt/ros/humble/share/rosidl_generator_c/cmake)
[1.899s] -- Found rosidl_adapter: 3.1.5 (/opt/ros/humble/share/rosidl_adapter/cmake)
[1.899s] -- Found rosidl_generator_cpp: 3.1.5 (/opt/ros/humble/share/rosidl_generator_cpp/cmake)
[1.899s] -- Using all available rosidl_typesupport_c: rosidl_typesupport_fastrtps_c;rosidl_typesupport_introspection_c
[1.899s] -- Using all available rosidl_typesupport_cpp: rosidl_typesupport_fastrtps_cpp;rosidl_typesupport_introspection_cpp
[1.900s] -- Found sensor_msgs: 4.2.3 (/opt/ros/humble/share/sensor_msgs/cmake)
[1.900s] -- Configuring done
[1.900s] -- Generating done
[1.900s] -- Build files have been written to: /home/fabio_tdt/Documents/ros2_dataset_ws/build/cartesian_controller_utilities
[1.901s] Invoked command in '/home/fabio_tdt/Documents/ros2_dataset_ws/build/cartesian_controller_utilities' returned '0': CMAKE_PREFIX_PATH=/home/fabio_tdt/Documents/ros2_dataset_ws/install/ur_simulator:/home/fabio_tdt/Documents/ros2_dataset_ws/install/realsense_streamer:/home/fabio_tdt/Documents/ros2_dataset_ws/install/launch_package:/home/fabio_tdt/Documents/ros2_dataset_ws/install/berry_dataset:/home/fabio_tdt/Documents/ros2_dataset_ws/src/install/ur_simulator:/home/fabio_tdt/Documents/ros2_dataset_ws/src/install/realsense_streamer:/home/fabio_tdt/Documents/ros2_dataset_ws/src/install/launch_package:/home/fabio_tdt/Documents/ros2_dataset_ws/src/install/berry_dataset:/opt/ros/humble /usr/bin/cmake /home/fabio_tdt/Documents/ros2_dataset_ws/src/cartesian_controllers/cartesian_controller_utilities -DAMENT_CMAKE_SYMLINK_INSTALL=1 -DCMAKE_INSTALL_PREFIX=/home/fabio_tdt/Documents/ros2_dataset_ws/install/cartesian_controller_utilities
[1.902s] Invoking command in '/home/fabio_tdt/Documents/ros2_dataset_ws/build/cartesian_controller_utilities': CMAKE_PREFIX_PATH=/home/fabio_tdt/Documents/ros2_dataset_ws/install/ur_simulator:/home/fabio_tdt/Documents/ros2_dataset_ws/install/realsense_streamer:/home/fabio_tdt/Documents/ros2_dataset_ws/install/launch_package:/home/fabio_tdt/Documents/ros2_dataset_ws/install/berry_dataset:/home/fabio_tdt/Documents/ros2_dataset_ws/src/install/ur_simulator:/home/fabio_tdt/Documents/ros2_dataset_ws/src/install/realsense_streamer:/home/fabio_tdt/Documents/ros2_dataset_ws/src/install/launch_package:/home/fabio_tdt/Documents/ros2_dataset_ws/src/install/berry_dataset:/opt/ros/humble /usr/bin/cmake --build /home/fabio_tdt/Documents/ros2_dataset_ws/build/cartesian_controller_utilities -- -j8 -l8
[1.949s] Invoked command in '/home/fabio_tdt/Documents/ros2_dataset_ws/build/cartesian_controller_utilities' returned '0': CMAKE_PREFIX_PATH=/home/fabio_tdt/Documents/ros2_dataset_ws/install/ur_simulator:/home/fabio_tdt/Documents/ros2_dataset_ws/install/realsense_streamer:/home/fabio_tdt/Documents/ros2_dataset_ws/install/launch_package:/home/fabio_tdt/Documents/ros2_dataset_ws/install/berry_dataset:/home/fabio_tdt/Documents/ros2_dataset_ws/src/install/ur_simulator:/home/fabio_tdt/Documents/ros2_dataset_ws/src/install/realsense_streamer:/home/fabio_tdt/Documents/ros2_dataset_ws/src/install/launch_package:/home/fabio_tdt/Documents/ros2_dataset_ws/src/install/berry_dataset:/opt/ros/humble /usr/bin/cmake --build /home/fabio_tdt/Documents/ros2_dataset_ws/build/cartesian_controller_utilities -- -j8 -l8
[2.000s] Invoking command in '/home/fabio_tdt/Documents/ros2_dataset_ws/build/cartesian_controller_utilities': CMAKE_PREFIX_PATH=/home/fabio_tdt/Documents/ros2_dataset_ws/install/ur_simulator:/home/fabio_tdt/Documents/ros2_dataset_ws/install/realsense_streamer:/home/fabio_tdt/Documents/ros2_dataset_ws/install/launch_package:/home/fabio_tdt/Documents/ros2_dataset_ws/install/berry_dataset:/home/fabio_tdt/Documents/ros2_dataset_ws/src/install/ur_simulator:/home/fabio_tdt/Documents/ros2_dataset_ws/src/install/realsense_streamer:/home/fabio_tdt/Documents/ros2_dataset_ws/src/install/launch_package:/home/fabio_tdt/Documents/ros2_dataset_ws/src/install/berry_dataset:/opt/ros/humble /usr/bin/cmake --install /home/fabio_tdt/Documents/ros2_dataset_ws/build/cartesian_controller_utilities
[2.011s] -- Install configuration: ""
[2.011s] -- Execute custom install script
[2.011s] -- Symlinking: /home/fabio_tdt/Documents/ros2_dataset_ws/install/cartesian_controller_utilities/lib/cartesian_controller_utilities/buttons.py
[2.021s] -- Symlinking: /home/fabio_tdt/Documents/ros2_dataset_ws/install/cartesian_controller_utilities/lib/cartesian_controller_utilities/converter.py
[2.034s] -- Symlinking: /home/fabio_tdt/Documents/ros2_dataset_ws/install/cartesian_controller_utilities/lib/cartesian_controller_utilities/pose.py
[2.049s] -- Symlinking: /home/fabio_tdt/Documents/ros2_dataset_ws/install/cartesian_controller_utilities/share/cartesian_controller_utilities/etc/button_cmds.yaml
[2.063s] -- Symlinking: /home/fabio_tdt/Documents/ros2_dataset_ws/install/cartesian_controller_utilities/share/cartesian_controller_utilities/launch/spacenav.launch.py
[2.072s] -- Symlinking: /home/fabio_tdt/Documents/ros2_dataset_ws/install/cartesian_controller_utilities/share/cartesian_controller_utilities/launch/spacenav_buttons.launch.py
[2.084s] -- Symlinking: /home/fabio_tdt/Documents/ros2_dataset_ws/install/cartesian_controller_utilities/share/cartesian_controller_utilities/launch/spacenav_to_pose.launch.py
[2.096s] -- Symlinking: /home/fabio_tdt/Documents/ros2_dataset_ws/install/cartesian_controller_utilities/share/cartesian_controller_utilities/launch/spacenav_to_wrench.launch.py
[2.104s] -- Symlinking: /home/fabio_tdt/Documents/ros2_dataset_ws/install/cartesian_controller_utilities/share/ament_index/resource_index/package_run_dependencies/cartesian_controller_utilities
[2.114s] -- Symlinking: /home/fabio_tdt/Documents/ros2_dataset_ws/install/cartesian_controller_utilities/share/ament_index/resource_index/parent_prefix_path/cartesian_controller_utilities
[2.125s] -- Symlinking: /home/fabio_tdt/Documents/ros2_dataset_ws/install/cartesian_controller_utilities/share/cartesian_controller_utilities/environment/ament_prefix_path.sh
[2.135s] -- Symlinking: /home/fabio_tdt/Documents/ros2_dataset_ws/install/cartesian_controller_utilities/share/cartesian_controller_utilities/environment/ament_prefix_path.dsv
[2.146s] -- Symlinking: /home/fabio_tdt/Documents/ros2_dataset_ws/install/cartesian_controller_utilities/share/cartesian_controller_utilities/environment/path.sh
[2.156s] -- Symlinking: /home/fabio_tdt/Documents/ros2_dataset_ws/install/cartesian_controller_utilities/share/cartesian_controller_utilities/environment/path.dsv
[2.168s] -- Symlinking: /home/fabio_tdt/Documents/ros2_dataset_ws/install/cartesian_controller_utilities/share/cartesian_controller_utilities/local_setup.bash
[2.181s] -- Symlinking: /home/fabio_tdt/Documents/ros2_dataset_ws/install/cartesian_controller_utilities/share/cartesian_controller_utilities/local_setup.sh
[2.192s] -- Symlinking: /home/fabio_tdt/Documents/ros2_dataset_ws/install/cartesian_controller_utilities/share/cartesian_controller_utilities/local_setup.zsh
[2.203s] -- Symlinking: /home/fabio_tdt/Documents/ros2_dataset_ws/install/cartesian_controller_utilities/share/cartesian_controller_utilities/local_setup.dsv
[2.213s] -- Symlinking: /home/fabio_tdt/Documents/ros2_dataset_ws/install/cartesian_controller_utilities/share/cartesian_controller_utilities/package.dsv
[2.224s] -- Symlinking: /home/fabio_tdt/Documents/ros2_dataset_ws/install/cartesian_controller_utilities/share/ament_index/resource_index/packages/cartesian_controller_utilities
[2.235s] -- Symlinking: /home/fabio_tdt/Documents/ros2_dataset_ws/install/cartesian_controller_utilities/share/cartesian_controller_utilities/cmake/cartesian_controller_utilitiesConfig.cmake
[2.245s] -- Symlinking: /home/fabio_tdt/Documents/ros2_dataset_ws/install/cartesian_controller_utilities/share/cartesian_controller_utilities/cmake/cartesian_controller_utilitiesConfig-version.cmake
[2.257s] -- Symlinking: /home/fabio_tdt/Documents/ros2_dataset_ws/install/cartesian_controller_utilities/share/cartesian_controller_utilities/package.xml
[2.275s] Invoked command in '/home/fabio_tdt/Documents/ros2_dataset_ws/build/cartesian_controller_utilities' returned '0': CMAKE_PREFIX_PATH=/home/fabio_tdt/Documents/ros2_dataset_ws/install/ur_simulator:/home/fabio_tdt/Documents/ros2_dataset_ws/install/realsense_streamer:/home/fabio_tdt/Documents/ros2_dataset_ws/install/launch_package:/home/fabio_tdt/Documents/ros2_dataset_ws/install/berry_dataset:/home/fabio_tdt/Documents/ros2_dataset_ws/src/install/ur_simulator:/home/fabio_tdt/Documents/ros2_dataset_ws/src/install/realsense_streamer:/home/fabio_tdt/Documents/ros2_dataset_ws/src/install/launch_package:/home/fabio_tdt/Documents/ros2_dataset_ws/src/install/berry_dataset:/opt/ros/humble /usr/bin/cmake --install /home/fabio_tdt/Documents/ros2_dataset_ws/build/cartesian_controller_utilities
