[1.516s] Invoking command in '/home/fabio_tdt/Documents/blackberry_pose/ros2_dataset_ws/build/ur_simulator': PYTHONPATH=/home/fabio_tdt/Documents/blackberry_pose/ros2_dataset_ws/build/ur_simulator/prefix_override:/home/fabio_tdt/Documents/blackberry_pose/ros2_dataset_ws/install/ur_simulator/lib/python3.10/site-packages:${PYTHONPATH} /usr/bin/python3 setup.py develop --editable --build-directory /home/fabio_tdt/Documents/blackberry_pose/ros2_dataset_ws/build/ur_simulator/build --no-deps install_data
[1.768s] running develop
[1.769s] /usr/lib/python3/dist-packages/setuptools/command/easy_install.py:158: EasyInstallDeprecationWarning: easy_install command is deprecated. Use build and pip and other standards-based tools.
[1.769s]   warnings.warn(
[1.771s] /usr/lib/python3/dist-packages/setuptools/command/install.py:34: SetuptoolsDeprecationWarning: setup.py install is deprecated. Use build and pip and other standards-based tools.
[1.771s]   warnings.warn(
[1.933s] running egg_info
[1.933s] writing ur_simulator.egg-info/PKG-INFO
[1.934s] writing dependency_links to ur_simulator.egg-info/dependency_links.txt
[1.934s] writing entry points to ur_simulator.egg-info/entry_points.txt
[1.934s] writing requirements to ur_simulator.egg-info/requires.txt
[1.934s] writing top-level names to ur_simulator.egg-info/top_level.txt
[1.936s] reading manifest file 'ur_simulator.egg-info/SOURCES.txt'
[1.937s] writing manifest file 'ur_simulator.egg-info/SOURCES.txt'
[1.974s] running build_ext
[1.975s] Creating /home/fabio_tdt/Documents/blackberry_pose/ros2_dataset_ws/install/ur_simulator/lib/python3.10/site-packages/ur-simulator.egg-link (link to .)
[1.975s] Installing ur_publisher script to /home/fabio_tdt/Documents/blackberry_pose/ros2_dataset_ws/install/ur_simulator/lib/ur_simulator
[1.976s] 
[1.976s] Installed /home/fabio_tdt/Documents/blackberry_pose/ros2_dataset_ws/build/ur_simulator
[1.976s] running install_data
[2.164s] Invoked command in '/home/fabio_tdt/Documents/blackberry_pose/ros2_dataset_ws/build/ur_simulator' returned '0': PYTHONPATH=/home/fabio_tdt/Documents/blackberry_pose/ros2_dataset_ws/build/ur_simulator/prefix_override:/home/fabio_tdt/Documents/blackberry_pose/ros2_dataset_ws/install/ur_simulator/lib/python3.10/site-packages:${PYTHONPATH} /usr/bin/python3 setup.py develop --editable --build-directory /home/fabio_tdt/Documents/blackberry_pose/ros2_dataset_ws/build/ur_simulator/build --no-deps install_data
