[1.021s] DEBUG:colcon:Command line arguments: ['/usr/bin/colcon', 'build', '--symlink-install']
[1.022s] DEBUG:colcon:Parsed command line arguments: Namespace(log_base=None, log_level=None, verb_name='build', build_base='build', install_base='install', merge_install=False, symlink_install=True, test_result_base=None, continue_on_error=False, executor='parallel', parallel_workers=8, event_handlers=None, ignore_user_meta=False, metas=['./colcon.meta'], base_paths=['.'], packages_ignore=None, packages_ignore_regex=None, paths=None, packages_up_to=None, packages_up_to_regex=None, packages_above=None, packages_above_and_dependencies=None, packages_above_depth=None, packages_select_by_dep=None, packages_skip_by_dep=None, packages_skip_up_to=None, packages_select_build_failed=False, packages_skip_build_finished=False, packages_select_test_failures=False, packages_skip_test_passed=False, packages_select=None, packages_skip=None, packages_select_regex=None, packages_skip_regex=None, packages_start=None, packages_end=None, allow_overriding=[], cmake_args=None, cmake_target=None, cmake_target_skip_unavailable=False, cmake_clean_cache=False, cmake_clean_first=False, cmake_force_configure=False, ament_cmake_args=None, catkin_cmake_args=None, catkin_skip_building_tests=False, mixin_files=None, mixin=None, verb_parser=<colcon_mixin.mixin.mixin_argument.MixinArgumentDecorator object at 0x74e9c2ddbf40>, verb_extension=<colcon_core.verb.build.BuildVerb object at 0x74e9c2dda3b0>, main=<bound method BuildVerb.main of <colcon_core.verb.build.BuildVerb object at 0x74e9c2dda3b0>>, mixin_verb=('build',))
[1.069s] Level 1:colcon.colcon_core.package_discovery:discover_packages(colcon_meta) check parameters
[1.069s] Level 1:colcon.colcon_core.package_discovery:discover_packages(recursive) check parameters
[1.069s] Level 1:colcon.colcon_core.package_discovery:discover_packages(ignore) check parameters
[1.069s] Level 1:colcon.colcon_core.package_discovery:discover_packages(path) check parameters
[1.069s] Level 1:colcon.colcon_core.package_discovery:discover_packages(colcon_meta) discover
[1.069s] Level 1:colcon.colcon_core.package_discovery:discover_packages(recursive) discover
[1.069s] INFO:colcon.colcon_core.package_discovery:Crawling recursively for packages in '/home/fabio_tdt/Documents/ros2_dataset_ws'
[1.069s] Level 1:colcon.colcon_core.package_identification:_identify(.) by extensions ['ignore', 'ignore_ament_install']
[1.069s] Level 1:colcon.colcon_core.package_identification:_identify(.) by extension 'ignore'
[1.069s] Level 1:colcon.colcon_core.package_identification:_identify(.) by extension 'ignore_ament_install'
[1.069s] Level 1:colcon.colcon_core.package_identification:_identify(.) by extensions ['colcon_pkg']
[1.069s] Level 1:colcon.colcon_core.package_identification:_identify(.) by extension 'colcon_pkg'
[1.069s] Level 1:colcon.colcon_core.package_identification:_identify(.) by extensions ['colcon_meta']
[1.069s] Level 1:colcon.colcon_core.package_identification:_identify(.) by extension 'colcon_meta'
[1.069s] Level 1:colcon.colcon_core.package_identification:_identify(.) by extensions ['ros']
[1.069s] Level 1:colcon.colcon_core.package_identification:_identify(.) by extension 'ros'
[1.077s] Level 1:colcon.colcon_core.package_identification:_identify(.) by extensions ['cmake', 'python']
[1.077s] Level 1:colcon.colcon_core.package_identification:_identify(.) by extension 'cmake'
[1.077s] Level 1:colcon.colcon_core.package_identification:_identify(.) by extension 'python'
[1.077s] Level 1:colcon.colcon_core.package_identification:_identify(.) by extensions ['python_setup_py']
[1.078s] Level 1:colcon.colcon_core.package_identification:_identify(.) by extension 'python_setup_py'
[1.078s] Level 1:colcon.colcon_core.package_identification:_identify(build) by extensions ['ignore', 'ignore_ament_install']
[1.078s] Level 1:colcon.colcon_core.package_identification:_identify(build) by extension 'ignore'
[1.078s] Level 1:colcon.colcon_core.package_identification:_identify(build) ignored
[1.078s] Level 1:colcon.colcon_core.package_identification:_identify(install) by extensions ['ignore', 'ignore_ament_install']
[1.078s] Level 1:colcon.colcon_core.package_identification:_identify(install) by extension 'ignore'
[1.078s] Level 1:colcon.colcon_core.package_identification:_identify(install) ignored
[1.078s] Level 1:colcon.colcon_core.package_identification:_identify(log) by extensions ['ignore', 'ignore_ament_install']
[1.078s] Level 1:colcon.colcon_core.package_identification:_identify(log) by extension 'ignore'
[1.078s] Level 1:colcon.colcon_core.package_identification:_identify(log) ignored
[1.078s] Level 1:colcon.colcon_core.package_identification:_identify(src) by extensions ['ignore', 'ignore_ament_install']
[1.078s] Level 1:colcon.colcon_core.package_identification:_identify(src) by extension 'ignore'
[1.078s] Level 1:colcon.colcon_core.package_identification:_identify(src) by extension 'ignore_ament_install'
[1.078s] Level 1:colcon.colcon_core.package_identification:_identify(src) by extensions ['colcon_pkg']
[1.078s] Level 1:colcon.colcon_core.package_identification:_identify(src) by extension 'colcon_pkg'
[1.078s] Level 1:colcon.colcon_core.package_identification:_identify(src) by extensions ['colcon_meta']
[1.078s] Level 1:colcon.colcon_core.package_identification:_identify(src) by extension 'colcon_meta'
[1.078s] Level 1:colcon.colcon_core.package_identification:_identify(src) by extensions ['ros']
[1.078s] Level 1:colcon.colcon_core.package_identification:_identify(src) by extension 'ros'
[1.078s] Level 1:colcon.colcon_core.package_identification:_identify(src) by extensions ['cmake', 'python']
[1.078s] Level 1:colcon.colcon_core.package_identification:_identify(src) by extension 'cmake'
[1.078s] Level 1:colcon.colcon_core.package_identification:_identify(src) by extension 'python'
[1.078s] Level 1:colcon.colcon_core.package_identification:_identify(src) by extensions ['python_setup_py']
[1.078s] Level 1:colcon.colcon_core.package_identification:_identify(src) by extension 'python_setup_py'
[1.078s] Level 1:colcon.colcon_core.package_identification:_identify(src/berry_dataset) by extensions ['ignore', 'ignore_ament_install']
[1.079s] Level 1:colcon.colcon_core.package_identification:_identify(src/berry_dataset) by extension 'ignore'
[1.079s] Level 1:colcon.colcon_core.package_identification:_identify(src/berry_dataset) by extension 'ignore_ament_install'
[1.079s] Level 1:colcon.colcon_core.package_identification:_identify(src/berry_dataset) by extensions ['colcon_pkg']
[1.079s] Level 1:colcon.colcon_core.package_identification:_identify(src/berry_dataset) by extension 'colcon_pkg'
[1.079s] Level 1:colcon.colcon_core.package_identification:_identify(src/berry_dataset) by extensions ['colcon_meta']
[1.079s] Level 1:colcon.colcon_core.package_identification:_identify(src/berry_dataset) by extension 'colcon_meta'
[1.079s] Level 1:colcon.colcon_core.package_identification:_identify(src/berry_dataset) by extensions ['ros']
[1.079s] Level 1:colcon.colcon_core.package_identification:_identify(src/berry_dataset) by extension 'ros'
[1.080s] DEBUG:colcon.colcon_core.package_identification:Package 'src/berry_dataset' with type 'ros.ament_python' and name 'berry_dataset'
[1.081s] Level 1:colcon.colcon_core.package_identification:_identify(src/build) by extensions ['ignore', 'ignore_ament_install']
[1.081s] Level 1:colcon.colcon_core.package_identification:_identify(src/build) by extension 'ignore'
[1.081s] Level 1:colcon.colcon_core.package_identification:_identify(src/build) ignored
[1.081s] Level 1:colcon.colcon_core.package_identification:_identify(src/install) by extensions ['ignore', 'ignore_ament_install']
[1.081s] Level 1:colcon.colcon_core.package_identification:_identify(src/install) by extension 'ignore'
[1.081s] Level 1:colcon.colcon_core.package_identification:_identify(src/install) ignored
[1.081s] Level 1:colcon.colcon_core.package_identification:_identify(src/launch_package) by extensions ['ignore', 'ignore_ament_install']
[1.081s] Level 1:colcon.colcon_core.package_identification:_identify(src/launch_package) by extension 'ignore'
[1.081s] Level 1:colcon.colcon_core.package_identification:_identify(src/launch_package) by extension 'ignore_ament_install'
[1.081s] Level 1:colcon.colcon_core.package_identification:_identify(src/launch_package) by extensions ['colcon_pkg']
[1.081s] Level 1:colcon.colcon_core.package_identification:_identify(src/launch_package) by extension 'colcon_pkg'
[1.081s] Level 1:colcon.colcon_core.package_identification:_identify(src/launch_package) by extensions ['colcon_meta']
[1.081s] Level 1:colcon.colcon_core.package_identification:_identify(src/launch_package) by extension 'colcon_meta'
[1.081s] Level 1:colcon.colcon_core.package_identification:_identify(src/launch_package) by extensions ['ros']
[1.081s] Level 1:colcon.colcon_core.package_identification:_identify(src/launch_package) by extension 'ros'
[1.081s] DEBUG:colcon.colcon_core.package_identification:Package 'src/launch_package' with type 'ros.ament_python' and name 'launch_package'
[1.081s] Level 1:colcon.colcon_core.package_identification:_identify(src/realsense_streamer) by extensions ['ignore', 'ignore_ament_install']
[1.082s] Level 1:colcon.colcon_core.package_identification:_identify(src/realsense_streamer) by extension 'ignore'
[1.082s] Level 1:colcon.colcon_core.package_identification:_identify(src/realsense_streamer) by extension 'ignore_ament_install'
[1.082s] Level 1:colcon.colcon_core.package_identification:_identify(src/realsense_streamer) by extensions ['colcon_pkg']
[1.082s] Level 1:colcon.colcon_core.package_identification:_identify(src/realsense_streamer) by extension 'colcon_pkg'
[1.082s] Level 1:colcon.colcon_core.package_identification:_identify(src/realsense_streamer) by extensions ['colcon_meta']
[1.082s] Level 1:colcon.colcon_core.package_identification:_identify(src/realsense_streamer) by extension 'colcon_meta'
[1.082s] Level 1:colcon.colcon_core.package_identification:_identify(src/realsense_streamer) by extensions ['ros']
[1.082s] Level 1:colcon.colcon_core.package_identification:_identify(src/realsense_streamer) by extension 'ros'
[1.082s] DEBUG:colcon.colcon_core.package_identification:Package 'src/realsense_streamer' with type 'ros.ament_python' and name 'realsense_streamer'
[1.082s] Level 1:colcon.colcon_core.package_identification:_identify(src/scripts) by extensions ['ignore', 'ignore_ament_install']
[1.082s] Level 1:colcon.colcon_core.package_identification:_identify(src/scripts) by extension 'ignore'
[1.082s] Level 1:colcon.colcon_core.package_identification:_identify(src/scripts) by extension 'ignore_ament_install'
[1.082s] Level 1:colcon.colcon_core.package_identification:_identify(src/scripts) by extensions ['colcon_pkg']
[1.082s] Level 1:colcon.colcon_core.package_identification:_identify(src/scripts) by extension 'colcon_pkg'
[1.083s] Level 1:colcon.colcon_core.package_identification:_identify(src/scripts) by extensions ['colcon_meta']
[1.083s] Level 1:colcon.colcon_core.package_identification:_identify(src/scripts) by extension 'colcon_meta'
[1.083s] Level 1:colcon.colcon_core.package_identification:_identify(src/scripts) by extensions ['ros']
[1.083s] Level 1:colcon.colcon_core.package_identification:_identify(src/scripts) by extension 'ros'
[1.083s] Level 1:colcon.colcon_core.package_identification:_identify(src/scripts) by extensions ['cmake', 'python']
[1.083s] Level 1:colcon.colcon_core.package_identification:_identify(src/scripts) by extension 'cmake'
[1.083s] Level 1:colcon.colcon_core.package_identification:_identify(src/scripts) by extension 'python'
[1.083s] Level 1:colcon.colcon_core.package_identification:_identify(src/scripts) by extensions ['python_setup_py']
[1.083s] Level 1:colcon.colcon_core.package_identification:_identify(src/scripts) by extension 'python_setup_py'
[1.083s] Level 1:colcon.colcon_core.package_identification:_identify(src/ur_simulator) by extensions ['ignore', 'ignore_ament_install']
[1.083s] Level 1:colcon.colcon_core.package_identification:_identify(src/ur_simulator) by extension 'ignore'
[1.083s] Level 1:colcon.colcon_core.package_identification:_identify(src/ur_simulator) by extension 'ignore_ament_install'
[1.083s] Level 1:colcon.colcon_core.package_identification:_identify(src/ur_simulator) by extensions ['colcon_pkg']
[1.083s] Level 1:colcon.colcon_core.package_identification:_identify(src/ur_simulator) by extension 'colcon_pkg'
[1.083s] Level 1:colcon.colcon_core.package_identification:_identify(src/ur_simulator) by extensions ['colcon_meta']
[1.083s] Level 1:colcon.colcon_core.package_identification:_identify(src/ur_simulator) by extension 'colcon_meta'
[1.083s] Level 1:colcon.colcon_core.package_identification:_identify(src/ur_simulator) by extensions ['ros']
[1.083s] Level 1:colcon.colcon_core.package_identification:_identify(src/ur_simulator) by extension 'ros'
[1.083s] DEBUG:colcon.colcon_core.package_identification:Package 'src/ur_simulator' with type 'ros.ament_python' and name 'ur_simulator'
[1.083s] Level 1:colcon.colcon_core.package_discovery:discover_packages(recursive) using defaults
[1.083s] Level 1:colcon.colcon_core.package_discovery:discover_packages(ignore) discover
[1.084s] Level 1:colcon.colcon_core.package_discovery:discover_packages(ignore) using defaults
[1.084s] Level 1:colcon.colcon_core.package_discovery:discover_packages(path) discover
[1.084s] Level 1:colcon.colcon_core.package_discovery:discover_packages(path) using defaults
[1.165s] Level 1:colcon.colcon_core.package_discovery:discover_packages(prefix_path) check parameters
[1.165s] Level 1:colcon.colcon_core.package_discovery:discover_packages(prefix_path) discover
[1.178s] WARNING:colcon.colcon_core.prefix_path.colcon:The path '/home/fabio_tdt/Documents/blackberry_pose/ros2_dataset_ws/install' in the environment variable COLCON_PREFIX_PATH doesn't exist
[1.178s] WARNING:colcon.colcon_ros.prefix_path.ament:The path '/home/fabio_tdt/Documents/blackberry_pose/ros2_dataset_ws/install/ur_simulator' in the environment variable AMENT_PREFIX_PATH doesn't exist
[1.178s] WARNING:colcon.colcon_ros.prefix_path.ament:The path '/home/fabio_tdt/Documents/blackberry_pose/ros2_dataset_ws/install/realsense_streamer' in the environment variable AMENT_PREFIX_PATH doesn't exist
[1.178s] WARNING:colcon.colcon_ros.prefix_path.ament:The path '/home/fabio_tdt/Documents/blackberry_pose/ros2_dataset_ws/install/launch_package' in the environment variable AMENT_PREFIX_PATH doesn't exist
[1.178s] WARNING:colcon.colcon_ros.prefix_path.ament:The path '/home/fabio_tdt/Documents/blackberry_pose/ros2_dataset_ws/install/berry_dataset' in the environment variable AMENT_PREFIX_PATH doesn't exist
[1.192s] DEBUG:colcon.colcon_installed_package_information.package_discovery:Found 356 installed packages in /opt/ros/humble
[1.193s] Level 1:colcon.colcon_core.package_discovery:discover_packages(prefix_path) using defaults
[1.275s] Level 5:colcon.colcon_core.verb:set package 'berry_dataset' build argument 'cmake_args' from command line to 'None'
[1.275s] Level 5:colcon.colcon_core.verb:set package 'berry_dataset' build argument 'cmake_target' from command line to 'None'
[1.275s] Level 5:colcon.colcon_core.verb:set package 'berry_dataset' build argument 'cmake_target_skip_unavailable' from command line to 'False'
[1.275s] Level 5:colcon.colcon_core.verb:set package 'berry_dataset' build argument 'cmake_clean_cache' from command line to 'False'
[1.275s] Level 5:colcon.colcon_core.verb:set package 'berry_dataset' build argument 'cmake_clean_first' from command line to 'False'
[1.275s] Level 5:colcon.colcon_core.verb:set package 'berry_dataset' build argument 'cmake_force_configure' from command line to 'False'
[1.275s] Level 5:colcon.colcon_core.verb:set package 'berry_dataset' build argument 'ament_cmake_args' from command line to 'None'
[1.275s] Level 5:colcon.colcon_core.verb:set package 'berry_dataset' build argument 'catkin_cmake_args' from command line to 'None'
[1.275s] Level 5:colcon.colcon_core.verb:set package 'berry_dataset' build argument 'catkin_skip_building_tests' from command line to 'False'
[1.276s] DEBUG:colcon.colcon_core.verb:Building package 'berry_dataset' with the following arguments: {'ament_cmake_args': None, 'build_base': '/home/fabio_tdt/Documents/ros2_dataset_ws/build/berry_dataset', 'catkin_cmake_args': None, 'catkin_skip_building_tests': False, 'cmake_args': None, 'cmake_clean_cache': False, 'cmake_clean_first': False, 'cmake_force_configure': False, 'cmake_target': None, 'cmake_target_skip_unavailable': False, 'install_base': '/home/fabio_tdt/Documents/ros2_dataset_ws/install/berry_dataset', 'merge_install': False, 'path': '/home/fabio_tdt/Documents/ros2_dataset_ws/src/berry_dataset', 'symlink_install': True, 'test_result_base': None}
[1.287s] Level 5:colcon.colcon_core.verb:set package 'launch_package' build argument 'cmake_args' from command line to 'None'
[1.288s] Level 5:colcon.colcon_core.verb:set package 'launch_package' build argument 'cmake_target' from command line to 'None'
[1.288s] Level 5:colcon.colcon_core.verb:set package 'launch_package' build argument 'cmake_target_skip_unavailable' from command line to 'False'
[1.288s] Level 5:colcon.colcon_core.verb:set package 'launch_package' build argument 'cmake_clean_cache' from command line to 'False'
[1.288s] Level 5:colcon.colcon_core.verb:set package 'launch_package' build argument 'cmake_clean_first' from command line to 'False'
[1.288s] Level 5:colcon.colcon_core.verb:set package 'launch_package' build argument 'cmake_force_configure' from command line to 'False'
[1.288s] Level 5:colcon.colcon_core.verb:set package 'launch_package' build argument 'ament_cmake_args' from command line to 'None'
[1.288s] Level 5:colcon.colcon_core.verb:set package 'launch_package' build argument 'catkin_cmake_args' from command line to 'None'
[1.288s] Level 5:colcon.colcon_core.verb:set package 'launch_package' build argument 'catkin_skip_building_tests' from command line to 'False'
[1.288s] DEBUG:colcon.colcon_core.verb:Building package 'launch_package' with the following arguments: {'ament_cmake_args': None, 'build_base': '/home/fabio_tdt/Documents/ros2_dataset_ws/build/launch_package', 'catkin_cmake_args': None, 'catkin_skip_building_tests': False, 'cmake_args': None, 'cmake_clean_cache': False, 'cmake_clean_first': False, 'cmake_force_configure': False, 'cmake_target': None, 'cmake_target_skip_unavailable': False, 'install_base': '/home/fabio_tdt/Documents/ros2_dataset_ws/install/launch_package', 'merge_install': False, 'path': '/home/fabio_tdt/Documents/ros2_dataset_ws/src/launch_package', 'symlink_install': True, 'test_result_base': None}
[1.300s] Level 5:colcon.colcon_core.verb:set package 'realsense_streamer' build argument 'cmake_args' from command line to 'None'
[1.300s] Level 5:colcon.colcon_core.verb:set package 'realsense_streamer' build argument 'cmake_target' from command line to 'None'
[1.300s] Level 5:colcon.colcon_core.verb:set package 'realsense_streamer' build argument 'cmake_target_skip_unavailable' from command line to 'False'
[1.300s] Level 5:colcon.colcon_core.verb:set package 'realsense_streamer' build argument 'cmake_clean_cache' from command line to 'False'
[1.300s] Level 5:colcon.colcon_core.verb:set package 'realsense_streamer' build argument 'cmake_clean_first' from command line to 'False'
[1.300s] Level 5:colcon.colcon_core.verb:set package 'realsense_streamer' build argument 'cmake_force_configure' from command line to 'False'
[1.300s] Level 5:colcon.colcon_core.verb:set package 'realsense_streamer' build argument 'ament_cmake_args' from command line to 'None'
[1.300s] Level 5:colcon.colcon_core.verb:set package 'realsense_streamer' build argument 'catkin_cmake_args' from command line to 'None'
[1.300s] Level 5:colcon.colcon_core.verb:set package 'realsense_streamer' build argument 'catkin_skip_building_tests' from command line to 'False'
[1.300s] DEBUG:colcon.colcon_core.verb:Building package 'realsense_streamer' with the following arguments: {'ament_cmake_args': None, 'build_base': '/home/fabio_tdt/Documents/ros2_dataset_ws/build/realsense_streamer', 'catkin_cmake_args': None, 'catkin_skip_building_tests': False, 'cmake_args': None, 'cmake_clean_cache': False, 'cmake_clean_first': False, 'cmake_force_configure': False, 'cmake_target': None, 'cmake_target_skip_unavailable': False, 'install_base': '/home/fabio_tdt/Documents/ros2_dataset_ws/install/realsense_streamer', 'merge_install': False, 'path': '/home/fabio_tdt/Documents/ros2_dataset_ws/src/realsense_streamer', 'symlink_install': True, 'test_result_base': None}
[1.312s] Level 5:colcon.colcon_core.verb:set package 'ur_simulator' build argument 'cmake_args' from command line to 'None'
[1.312s] Level 5:colcon.colcon_core.verb:set package 'ur_simulator' build argument 'cmake_target' from command line to 'None'
[1.312s] Level 5:colcon.colcon_core.verb:set package 'ur_simulator' build argument 'cmake_target_skip_unavailable' from command line to 'False'
[1.312s] Level 5:colcon.colcon_core.verb:set package 'ur_simulator' build argument 'cmake_clean_cache' from command line to 'False'
[1.312s] Level 5:colcon.colcon_core.verb:set package 'ur_simulator' build argument 'cmake_clean_first' from command line to 'False'
[1.312s] Level 5:colcon.colcon_core.verb:set package 'ur_simulator' build argument 'cmake_force_configure' from command line to 'False'
[1.312s] Level 5:colcon.colcon_core.verb:set package 'ur_simulator' build argument 'ament_cmake_args' from command line to 'None'
[1.312s] Level 5:colcon.colcon_core.verb:set package 'ur_simulator' build argument 'catkin_cmake_args' from command line to 'None'
[1.312s] Level 5:colcon.colcon_core.verb:set package 'ur_simulator' build argument 'catkin_skip_building_tests' from command line to 'False'
[1.312s] DEBUG:colcon.colcon_core.verb:Building package 'ur_simulator' with the following arguments: {'ament_cmake_args': None, 'build_base': '/home/fabio_tdt/Documents/ros2_dataset_ws/build/ur_simulator', 'catkin_cmake_args': None, 'catkin_skip_building_tests': False, 'cmake_args': None, 'cmake_clean_cache': False, 'cmake_clean_first': False, 'cmake_force_configure': False, 'cmake_target': None, 'cmake_target_skip_unavailable': False, 'install_base': '/home/fabio_tdt/Documents/ros2_dataset_ws/install/ur_simulator', 'merge_install': False, 'path': '/home/fabio_tdt/Documents/ros2_dataset_ws/src/ur_simulator', 'symlink_install': True, 'test_result_base': None}
[1.324s] INFO:colcon.colcon_core.executor:Executing jobs using 'parallel' executor
[1.337s] DEBUG:colcon.colcon_parallel_executor.executor.parallel:run_until_complete
[1.337s] INFO:colcon.colcon_ros.task.ament_python.build:Building ROS package in '/home/fabio_tdt/Documents/ros2_dataset_ws/src/berry_dataset' with build type 'ament_python'
[1.338s] Level 1:colcon.colcon_core.shell:create_environment_hook('berry_dataset', 'ament_prefix_path')
[1.351s] INFO:colcon.colcon_core.plugin_system:Skipping extension 'colcon_core.shell.bat': Not used on non-Windows systems
[1.352s] INFO:colcon.colcon_core.shell:Creating environment hook '/home/fabio_tdt/Documents/ros2_dataset_ws/install/berry_dataset/share/berry_dataset/hook/ament_prefix_path.ps1'
[1.352s] INFO:colcon.colcon_core.shell:Creating environment descriptor '/home/fabio_tdt/Documents/ros2_dataset_ws/install/berry_dataset/share/berry_dataset/hook/ament_prefix_path.dsv'
[1.353s] INFO:colcon.colcon_core.shell:Creating environment hook '/home/fabio_tdt/Documents/ros2_dataset_ws/install/berry_dataset/share/berry_dataset/hook/ament_prefix_path.sh'
[1.367s] INFO:colcon.colcon_core.shell:Skip shell extension 'powershell' for command environment: Not usable outside of PowerShell
[1.367s] DEBUG:colcon.colcon_core.shell:Skip shell extension 'dsv' for command environment
[1.396s] INFO:colcon.colcon_ros.task.ament_python.build:Building ROS package in '/home/fabio_tdt/Documents/ros2_dataset_ws/src/launch_package' with build type 'ament_python'
[1.396s] Level 1:colcon.colcon_core.shell:create_environment_hook('launch_package', 'ament_prefix_path')
[1.411s] INFO:colcon.colcon_core.shell:Creating environment hook '/home/fabio_tdt/Documents/ros2_dataset_ws/install/launch_package/share/launch_package/hook/ament_prefix_path.ps1'
[1.412s] INFO:colcon.colcon_core.shell:Creating environment descriptor '/home/fabio_tdt/Documents/ros2_dataset_ws/install/launch_package/share/launch_package/hook/ament_prefix_path.dsv'
[1.412s] INFO:colcon.colcon_core.shell:Creating environment hook '/home/fabio_tdt/Documents/ros2_dataset_ws/install/launch_package/share/launch_package/hook/ament_prefix_path.sh'
[1.429s] INFO:colcon.colcon_core.shell:Skip shell extension 'powershell' for command environment: Not usable outside of PowerShell
[1.429s] DEBUG:colcon.colcon_core.shell:Skip shell extension 'dsv' for command environment
[1.467s] INFO:colcon.colcon_ros.task.ament_python.build:Building ROS package in '/home/fabio_tdt/Documents/ros2_dataset_ws/src/realsense_streamer' with build type 'ament_python'
[1.467s] Level 1:colcon.colcon_core.shell:create_environment_hook('realsense_streamer', 'ament_prefix_path')
[1.482s] INFO:colcon.colcon_core.shell:Creating environment hook '/home/fabio_tdt/Documents/ros2_dataset_ws/install/realsense_streamer/share/realsense_streamer/hook/ament_prefix_path.ps1'
[1.482s] INFO:colcon.colcon_core.shell:Creating environment descriptor '/home/fabio_tdt/Documents/ros2_dataset_ws/install/realsense_streamer/share/realsense_streamer/hook/ament_prefix_path.dsv'
[1.483s] INFO:colcon.colcon_core.shell:Creating environment hook '/home/fabio_tdt/Documents/ros2_dataset_ws/install/realsense_streamer/share/realsense_streamer/hook/ament_prefix_path.sh'
[1.502s] INFO:colcon.colcon_core.shell:Skip shell extension 'powershell' for command environment: Not usable outside of PowerShell
[1.502s] DEBUG:colcon.colcon_core.shell:Skip shell extension 'dsv' for command environment
[1.538s] INFO:colcon.colcon_ros.task.ament_python.build:Building ROS package in '/home/fabio_tdt/Documents/ros2_dataset_ws/src/ur_simulator' with build type 'ament_python'
[1.539s] Level 1:colcon.colcon_core.shell:create_environment_hook('ur_simulator', 'ament_prefix_path')
[1.556s] INFO:colcon.colcon_core.shell:Creating environment hook '/home/fabio_tdt/Documents/ros2_dataset_ws/install/ur_simulator/share/ur_simulator/hook/ament_prefix_path.ps1'
[1.556s] INFO:colcon.colcon_core.shell:Creating environment descriptor '/home/fabio_tdt/Documents/ros2_dataset_ws/install/ur_simulator/share/ur_simulator/hook/ament_prefix_path.dsv'
[1.557s] INFO:colcon.colcon_core.shell:Creating environment hook '/home/fabio_tdt/Documents/ros2_dataset_ws/install/ur_simulator/share/ur_simulator/hook/ament_prefix_path.sh'
[1.572s] INFO:colcon.colcon_core.shell:Skip shell extension 'powershell' for command environment: Not usable outside of PowerShell
[1.573s] DEBUG:colcon.colcon_core.shell:Skip shell extension 'dsv' for command environment
[1.843s] INFO:colcon.colcon_core.task.python.build:Building Python package in '/home/fabio_tdt/Documents/ros2_dataset_ws/src/berry_dataset'
[1.857s] INFO:colcon.colcon_core.shell:Skip shell extension 'powershell' for command environment: Not usable outside of PowerShell
[1.857s] DEBUG:colcon.colcon_core.shell:Skip shell extension 'dsv' for command environment
[2.101s] INFO:colcon.colcon_core.task.python.build:Building Python package in '/home/fabio_tdt/Documents/ros2_dataset_ws/src/launch_package'
[2.113s] INFO:colcon.colcon_core.shell:Skip shell extension 'powershell' for command environment: Not usable outside of PowerShell
[2.113s] DEBUG:colcon.colcon_core.shell:Skip shell extension 'dsv' for command environment
[2.346s] INFO:colcon.colcon_core.task.python.build:Building Python package in '/home/fabio_tdt/Documents/ros2_dataset_ws/src/realsense_streamer'
[2.363s] INFO:colcon.colcon_core.shell:Skip shell extension 'powershell' for command environment: Not usable outside of PowerShell
[2.363s] DEBUG:colcon.colcon_core.shell:Skip shell extension 'dsv' for command environment
[2.619s] INFO:colcon.colcon_core.task.python.build:Building Python package in '/home/fabio_tdt/Documents/ros2_dataset_ws/src/ur_simulator'
[2.632s] INFO:colcon.colcon_core.shell:Skip shell extension 'powershell' for command environment: Not usable outside of PowerShell
[2.632s] DEBUG:colcon.colcon_core.shell:Skip shell extension 'dsv' for command environment
[3.083s] DEBUG:colcon.colcon_core.event_handler.log_command:Invoking command in '/home/fabio_tdt/Documents/ros2_dataset_ws/build/realsense_streamer': PYTHONPATH=/home/fabio_tdt/Documents/ros2_dataset_ws/build/realsense_streamer/prefix_override:/home/fabio_tdt/Documents/ros2_dataset_ws/install/realsense_streamer/lib/python3.10/site-packages:${PYTHONPATH} /usr/bin/python3 setup.py develop --editable --build-directory /home/fabio_tdt/Documents/ros2_dataset_ws/build/realsense_streamer/build --no-deps install_data
[3.087s] DEBUG:colcon.colcon_core.event_handler.log_command:Invoking command in '/home/fabio_tdt/Documents/ros2_dataset_ws/build/ur_simulator': PYTHONPATH=/home/fabio_tdt/Documents/ros2_dataset_ws/build/ur_simulator/prefix_override:/home/fabio_tdt/Documents/ros2_dataset_ws/install/ur_simulator/lib/python3.10/site-packages:${PYTHONPATH} /usr/bin/python3 setup.py develop --editable --build-directory /home/fabio_tdt/Documents/ros2_dataset_ws/build/ur_simulator/build --no-deps install_data
[3.090s] DEBUG:colcon.colcon_core.event_handler.log_command:Invoking command in '/home/fabio_tdt/Documents/ros2_dataset_ws/build/launch_package': PYTHONPATH=/home/fabio_tdt/Documents/ros2_dataset_ws/build/launch_package/prefix_override:/home/fabio_tdt/Documents/ros2_dataset_ws/install/launch_package/lib/python3.10/site-packages:${PYTHONPATH} /usr/bin/python3 setup.py develop --editable --build-directory /home/fabio_tdt/Documents/ros2_dataset_ws/build/launch_package/build --no-deps install_data
[3.090s] DEBUG:colcon.colcon_core.event_handler.log_command:Invoking command in '/home/fabio_tdt/Documents/ros2_dataset_ws/build/berry_dataset': PYTHONPATH=/home/fabio_tdt/Documents/ros2_dataset_ws/build/berry_dataset/prefix_override:/home/fabio_tdt/Documents/ros2_dataset_ws/install/berry_dataset/lib/python3.10/site-packages:${PYTHONPATH} /usr/bin/python3 setup.py develop --editable --build-directory /home/fabio_tdt/Documents/ros2_dataset_ws/build/berry_dataset/build --no-deps install_data
[3.655s] Level 1:colcon.colcon_core.shell:create_environment_hook('berry_dataset', 'pythonpath_develop')
[3.658s] DEBUG:colcon.colcon_core.event_handler.log_command:Invoked command in '/home/fabio_tdt/Documents/ros2_dataset_ws/build/berry_dataset' returned '0': PYTHONPATH=/home/fabio_tdt/Documents/ros2_dataset_ws/build/berry_dataset/prefix_override:/home/fabio_tdt/Documents/ros2_dataset_ws/install/berry_dataset/lib/python3.10/site-packages:${PYTHONPATH} /usr/bin/python3 setup.py develop --editable --build-directory /home/fabio_tdt/Documents/ros2_dataset_ws/build/berry_dataset/build --no-deps install_data
[3.685s] INFO:colcon.colcon_core.shell:Creating environment hook '/home/fabio_tdt/Documents/ros2_dataset_ws/build/berry_dataset/share/berry_dataset/hook/pythonpath_develop.ps1'
[3.685s] INFO:colcon.colcon_core.shell:Creating environment descriptor '/home/fabio_tdt/Documents/ros2_dataset_ws/build/berry_dataset/share/berry_dataset/hook/pythonpath_develop.dsv'
[3.686s] INFO:colcon.colcon_core.shell:Creating environment hook '/home/fabio_tdt/Documents/ros2_dataset_ws/build/berry_dataset/share/berry_dataset/hook/pythonpath_develop.sh'
[3.706s] Level 1:colcon.colcon_core.environment:checking '/home/fabio_tdt/Documents/ros2_dataset_ws/install/berry_dataset' for CMake module files
[3.707s] Level 1:colcon.colcon_core.environment:checking '/home/fabio_tdt/Documents/ros2_dataset_ws/install/berry_dataset' for CMake config files
[3.707s] Level 1:colcon.colcon_core.environment:checking '/home/fabio_tdt/Documents/ros2_dataset_ws/install/berry_dataset/lib'
[3.708s] Level 1:colcon.colcon_core.environment:checking '/home/fabio_tdt/Documents/ros2_dataset_ws/install/berry_dataset/bin'
[3.708s] Level 1:colcon.colcon_core.environment:checking '/home/fabio_tdt/Documents/ros2_dataset_ws/install/berry_dataset/lib/pkgconfig/berry_dataset.pc'
[3.708s] Level 1:colcon.colcon_core.environment:checking '/home/fabio_tdt/Documents/ros2_dataset_ws/install/berry_dataset/lib/python3.10/site-packages'
[3.708s] Level 1:colcon.colcon_core.shell:create_environment_hook('berry_dataset', 'pythonpath')
[3.725s] INFO:colcon.colcon_core.shell:Creating environment hook '/home/fabio_tdt/Documents/ros2_dataset_ws/install/berry_dataset/share/berry_dataset/hook/pythonpath.ps1'
[3.725s] INFO:colcon.colcon_core.shell:Creating environment descriptor '/home/fabio_tdt/Documents/ros2_dataset_ws/install/berry_dataset/share/berry_dataset/hook/pythonpath.dsv'
[3.726s] INFO:colcon.colcon_core.shell:Creating environment hook '/home/fabio_tdt/Documents/ros2_dataset_ws/install/berry_dataset/share/berry_dataset/hook/pythonpath.sh'
[3.726s] Level 1:colcon.colcon_core.environment:checking '/home/fabio_tdt/Documents/ros2_dataset_ws/install/berry_dataset/bin'
[3.726s] Level 1:colcon.colcon_core.environment:create_environment_scripts_only(berry_dataset)
[3.745s] INFO:colcon.colcon_core.shell:Creating package script '/home/fabio_tdt/Documents/ros2_dataset_ws/install/berry_dataset/share/berry_dataset/package.ps1'
[3.746s] INFO:colcon.colcon_core.shell:Creating package descriptor '/home/fabio_tdt/Documents/ros2_dataset_ws/install/berry_dataset/share/berry_dataset/package.dsv'
[3.747s] INFO:colcon.colcon_core.shell:Creating package script '/home/fabio_tdt/Documents/ros2_dataset_ws/install/berry_dataset/share/berry_dataset/package.sh'
[3.748s] INFO:colcon.colcon_core.shell:Creating package script '/home/fabio_tdt/Documents/ros2_dataset_ws/install/berry_dataset/share/berry_dataset/package.bash'
[3.749s] INFO:colcon.colcon_core.shell:Creating package script '/home/fabio_tdt/Documents/ros2_dataset_ws/install/berry_dataset/share/berry_dataset/package.zsh'
[3.749s] Level 1:colcon.colcon_core.environment:create_file_with_runtime_dependencies(/home/fabio_tdt/Documents/ros2_dataset_ws/install/berry_dataset/share/colcon-core/packages/berry_dataset)
[3.751s] Level 1:colcon.colcon_core.shell:create_environment_hook('realsense_streamer', 'pythonpath_develop')
[3.753s] DEBUG:colcon.colcon_core.event_handler.log_command:Invoked command in '/home/fabio_tdt/Documents/ros2_dataset_ws/build/realsense_streamer' returned '0': PYTHONPATH=/home/fabio_tdt/Documents/ros2_dataset_ws/build/realsense_streamer/prefix_override:/home/fabio_tdt/Documents/ros2_dataset_ws/install/realsense_streamer/lib/python3.10/site-packages:${PYTHONPATH} /usr/bin/python3 setup.py develop --editable --build-directory /home/fabio_tdt/Documents/ros2_dataset_ws/build/realsense_streamer/build --no-deps install_data
[3.775s] INFO:colcon.colcon_core.shell:Creating environment hook '/home/fabio_tdt/Documents/ros2_dataset_ws/build/realsense_streamer/share/realsense_streamer/hook/pythonpath_develop.ps1'
[3.776s] INFO:colcon.colcon_core.shell:Creating environment descriptor '/home/fabio_tdt/Documents/ros2_dataset_ws/build/realsense_streamer/share/realsense_streamer/hook/pythonpath_develop.dsv'
[3.776s] INFO:colcon.colcon_core.shell:Creating environment hook '/home/fabio_tdt/Documents/ros2_dataset_ws/build/realsense_streamer/share/realsense_streamer/hook/pythonpath_develop.sh'
[3.797s] Level 1:colcon.colcon_core.environment:checking '/home/fabio_tdt/Documents/ros2_dataset_ws/install/realsense_streamer' for CMake module files
[3.797s] Level 1:colcon.colcon_core.environment:checking '/home/fabio_tdt/Documents/ros2_dataset_ws/install/realsense_streamer' for CMake config files
[3.798s] Level 1:colcon.colcon_core.environment:checking '/home/fabio_tdt/Documents/ros2_dataset_ws/install/realsense_streamer/lib'
[3.798s] Level 1:colcon.colcon_core.environment:checking '/home/fabio_tdt/Documents/ros2_dataset_ws/install/realsense_streamer/bin'
[3.798s] Level 1:colcon.colcon_core.environment:checking '/home/fabio_tdt/Documents/ros2_dataset_ws/install/realsense_streamer/lib/pkgconfig/realsense_streamer.pc'
[3.799s] Level 1:colcon.colcon_core.environment:checking '/home/fabio_tdt/Documents/ros2_dataset_ws/install/realsense_streamer/lib/python3.10/site-packages'
[3.799s] Level 1:colcon.colcon_core.shell:create_environment_hook('realsense_streamer', 'pythonpath')
[3.818s] INFO:colcon.colcon_core.shell:Creating environment hook '/home/fabio_tdt/Documents/ros2_dataset_ws/install/realsense_streamer/share/realsense_streamer/hook/pythonpath.ps1'
[3.818s] INFO:colcon.colcon_core.shell:Creating environment descriptor '/home/fabio_tdt/Documents/ros2_dataset_ws/install/realsense_streamer/share/realsense_streamer/hook/pythonpath.dsv'
[3.819s] INFO:colcon.colcon_core.shell:Creating environment hook '/home/fabio_tdt/Documents/ros2_dataset_ws/install/realsense_streamer/share/realsense_streamer/hook/pythonpath.sh'
[3.819s] Level 1:colcon.colcon_core.environment:checking '/home/fabio_tdt/Documents/ros2_dataset_ws/install/realsense_streamer/bin'
[3.819s] Level 1:colcon.colcon_core.environment:create_environment_scripts_only(realsense_streamer)
[3.837s] INFO:colcon.colcon_core.shell:Creating package script '/home/fabio_tdt/Documents/ros2_dataset_ws/install/realsense_streamer/share/realsense_streamer/package.ps1'
[3.838s] INFO:colcon.colcon_core.shell:Creating package descriptor '/home/fabio_tdt/Documents/ros2_dataset_ws/install/realsense_streamer/share/realsense_streamer/package.dsv'
[3.838s] INFO:colcon.colcon_core.shell:Creating package script '/home/fabio_tdt/Documents/ros2_dataset_ws/install/realsense_streamer/share/realsense_streamer/package.sh'
[3.839s] INFO:colcon.colcon_core.shell:Creating package script '/home/fabio_tdt/Documents/ros2_dataset_ws/install/realsense_streamer/share/realsense_streamer/package.bash'
[3.839s] INFO:colcon.colcon_core.shell:Creating package script '/home/fabio_tdt/Documents/ros2_dataset_ws/install/realsense_streamer/share/realsense_streamer/package.zsh'
[3.839s] Level 1:colcon.colcon_core.environment:create_file_with_runtime_dependencies(/home/fabio_tdt/Documents/ros2_dataset_ws/install/realsense_streamer/share/colcon-core/packages/realsense_streamer)
[3.840s] Level 1:colcon.colcon_core.shell:create_environment_hook('ur_simulator', 'pythonpath_develop')
[3.841s] DEBUG:colcon.colcon_core.event_handler.log_command:Invoked command in '/home/fabio_tdt/Documents/ros2_dataset_ws/build/ur_simulator' returned '0': PYTHONPATH=/home/fabio_tdt/Documents/ros2_dataset_ws/build/ur_simulator/prefix_override:/home/fabio_tdt/Documents/ros2_dataset_ws/install/ur_simulator/lib/python3.10/site-packages:${PYTHONPATH} /usr/bin/python3 setup.py develop --editable --build-directory /home/fabio_tdt/Documents/ros2_dataset_ws/build/ur_simulator/build --no-deps install_data
[3.860s] INFO:colcon.colcon_core.shell:Creating environment hook '/home/fabio_tdt/Documents/ros2_dataset_ws/build/ur_simulator/share/ur_simulator/hook/pythonpath_develop.ps1'
[3.860s] INFO:colcon.colcon_core.shell:Creating environment descriptor '/home/fabio_tdt/Documents/ros2_dataset_ws/build/ur_simulator/share/ur_simulator/hook/pythonpath_develop.dsv'
[3.861s] INFO:colcon.colcon_core.shell:Creating environment hook '/home/fabio_tdt/Documents/ros2_dataset_ws/build/ur_simulator/share/ur_simulator/hook/pythonpath_develop.sh'
[3.882s] Level 1:colcon.colcon_core.environment:checking '/home/fabio_tdt/Documents/ros2_dataset_ws/install/ur_simulator' for CMake module files
[3.882s] Level 1:colcon.colcon_core.environment:checking '/home/fabio_tdt/Documents/ros2_dataset_ws/install/ur_simulator' for CMake config files
[3.883s] Level 1:colcon.colcon_core.environment:checking '/home/fabio_tdt/Documents/ros2_dataset_ws/install/ur_simulator/lib'
[3.883s] Level 1:colcon.colcon_core.environment:checking '/home/fabio_tdt/Documents/ros2_dataset_ws/install/ur_simulator/bin'
[3.883s] Level 1:colcon.colcon_core.environment:checking '/home/fabio_tdt/Documents/ros2_dataset_ws/install/ur_simulator/lib/pkgconfig/ur_simulator.pc'
[3.883s] Level 1:colcon.colcon_core.environment:checking '/home/fabio_tdt/Documents/ros2_dataset_ws/install/ur_simulator/lib/python3.10/site-packages'
[3.883s] Level 1:colcon.colcon_core.shell:create_environment_hook('ur_simulator', 'pythonpath')
[3.902s] INFO:colcon.colcon_core.shell:Creating environment hook '/home/fabio_tdt/Documents/ros2_dataset_ws/install/ur_simulator/share/ur_simulator/hook/pythonpath.ps1'
[3.902s] INFO:colcon.colcon_core.shell:Creating environment descriptor '/home/fabio_tdt/Documents/ros2_dataset_ws/install/ur_simulator/share/ur_simulator/hook/pythonpath.dsv'
[3.903s] INFO:colcon.colcon_core.shell:Creating environment hook '/home/fabio_tdt/Documents/ros2_dataset_ws/install/ur_simulator/share/ur_simulator/hook/pythonpath.sh'
[3.903s] Level 1:colcon.colcon_core.environment:checking '/home/fabio_tdt/Documents/ros2_dataset_ws/install/ur_simulator/bin'
[3.903s] Level 1:colcon.colcon_core.environment:create_environment_scripts_only(ur_simulator)
[3.922s] INFO:colcon.colcon_core.shell:Creating package script '/home/fabio_tdt/Documents/ros2_dataset_ws/install/ur_simulator/share/ur_simulator/package.ps1'
[3.922s] INFO:colcon.colcon_core.shell:Creating package descriptor '/home/fabio_tdt/Documents/ros2_dataset_ws/install/ur_simulator/share/ur_simulator/package.dsv'
[3.923s] INFO:colcon.colcon_core.shell:Creating package script '/home/fabio_tdt/Documents/ros2_dataset_ws/install/ur_simulator/share/ur_simulator/package.sh'
[3.923s] INFO:colcon.colcon_core.shell:Creating package script '/home/fabio_tdt/Documents/ros2_dataset_ws/install/ur_simulator/share/ur_simulator/package.bash'
[3.923s] INFO:colcon.colcon_core.shell:Creating package script '/home/fabio_tdt/Documents/ros2_dataset_ws/install/ur_simulator/share/ur_simulator/package.zsh'
[3.924s] Level 1:colcon.colcon_core.environment:create_file_with_runtime_dependencies(/home/fabio_tdt/Documents/ros2_dataset_ws/install/ur_simulator/share/colcon-core/packages/ur_simulator)
[3.924s] Level 1:colcon.colcon_core.shell:create_environment_hook('launch_package', 'pythonpath_develop')
[3.926s] DEBUG:colcon.colcon_core.event_handler.log_command:Invoked command in '/home/fabio_tdt/Documents/ros2_dataset_ws/build/launch_package' returned '0': PYTHONPATH=/home/fabio_tdt/Documents/ros2_dataset_ws/build/launch_package/prefix_override:/home/fabio_tdt/Documents/ros2_dataset_ws/install/launch_package/lib/python3.10/site-packages:${PYTHONPATH} /usr/bin/python3 setup.py develop --editable --build-directory /home/fabio_tdt/Documents/ros2_dataset_ws/build/launch_package/build --no-deps install_data
[3.946s] INFO:colcon.colcon_core.shell:Creating environment hook '/home/fabio_tdt/Documents/ros2_dataset_ws/build/launch_package/share/launch_package/hook/pythonpath_develop.ps1'
[3.947s] INFO:colcon.colcon_core.shell:Creating environment descriptor '/home/fabio_tdt/Documents/ros2_dataset_ws/build/launch_package/share/launch_package/hook/pythonpath_develop.dsv'
[3.947s] INFO:colcon.colcon_core.shell:Creating environment hook '/home/fabio_tdt/Documents/ros2_dataset_ws/build/launch_package/share/launch_package/hook/pythonpath_develop.sh'
[3.968s] Level 1:colcon.colcon_core.environment:checking '/home/fabio_tdt/Documents/ros2_dataset_ws/install/launch_package' for CMake module files
[3.968s] Level 1:colcon.colcon_core.environment:checking '/home/fabio_tdt/Documents/ros2_dataset_ws/install/launch_package' for CMake config files
[3.969s] Level 1:colcon.colcon_core.environment:checking '/home/fabio_tdt/Documents/ros2_dataset_ws/install/launch_package/lib'
[3.969s] Level 1:colcon.colcon_core.environment:checking '/home/fabio_tdt/Documents/ros2_dataset_ws/install/launch_package/bin'
[3.969s] Level 1:colcon.colcon_core.environment:checking '/home/fabio_tdt/Documents/ros2_dataset_ws/install/launch_package/lib/pkgconfig/launch_package.pc'
[3.969s] Level 1:colcon.colcon_core.environment:checking '/home/fabio_tdt/Documents/ros2_dataset_ws/install/launch_package/lib/python3.10/site-packages'
[3.969s] Level 1:colcon.colcon_core.shell:create_environment_hook('launch_package', 'pythonpath')
[3.990s] INFO:colcon.colcon_core.shell:Creating environment hook '/home/fabio_tdt/Documents/ros2_dataset_ws/install/launch_package/share/launch_package/hook/pythonpath.ps1'
[3.990s] INFO:colcon.colcon_core.shell:Creating environment descriptor '/home/fabio_tdt/Documents/ros2_dataset_ws/install/launch_package/share/launch_package/hook/pythonpath.dsv'
[3.991s] INFO:colcon.colcon_core.shell:Creating environment hook '/home/fabio_tdt/Documents/ros2_dataset_ws/install/launch_package/share/launch_package/hook/pythonpath.sh'
[3.992s] Level 1:colcon.colcon_core.environment:checking '/home/fabio_tdt/Documents/ros2_dataset_ws/install/launch_package/bin'
[3.992s] Level 1:colcon.colcon_core.environment:create_environment_scripts_only(launch_package)
[4.013s] INFO:colcon.colcon_core.shell:Creating package script '/home/fabio_tdt/Documents/ros2_dataset_ws/install/launch_package/share/launch_package/package.ps1'
[4.014s] INFO:colcon.colcon_core.shell:Creating package descriptor '/home/fabio_tdt/Documents/ros2_dataset_ws/install/launch_package/share/launch_package/package.dsv'
[4.014s] INFO:colcon.colcon_core.shell:Creating package script '/home/fabio_tdt/Documents/ros2_dataset_ws/install/launch_package/share/launch_package/package.sh'
[4.014s] INFO:colcon.colcon_core.shell:Creating package script '/home/fabio_tdt/Documents/ros2_dataset_ws/install/launch_package/share/launch_package/package.bash'
[4.015s] INFO:colcon.colcon_core.shell:Creating package script '/home/fabio_tdt/Documents/ros2_dataset_ws/install/launch_package/share/launch_package/package.zsh'
[4.015s] Level 1:colcon.colcon_core.environment:create_file_with_runtime_dependencies(/home/fabio_tdt/Documents/ros2_dataset_ws/install/launch_package/share/colcon-core/packages/launch_package)
[4.015s] DEBUG:colcon.colcon_parallel_executor.executor.parallel:closing loop
[4.016s] DEBUG:colcon.colcon_parallel_executor.executor.parallel:loop closed
[4.016s] DEBUG:colcon.colcon_parallel_executor.executor.parallel:run_until_complete finished with '0'
[4.016s] DEBUG:colcon.colcon_core.event_reactor:joining thread
[4.044s] INFO:colcon.colcon_core.plugin_system:Skipping extension 'colcon_notification.desktop_notification.terminal_notifier': Not used on non-Darwin systems
[4.044s] INFO:colcon.colcon_core.plugin_system:Skipping extension 'colcon_notification.desktop_notification.win32': Not used on non-Windows systems
[4.044s] INFO:colcon.colcon_notification.desktop_notification:Sending desktop notification using 'notify2'
[4.056s] DEBUG:colcon.colcon_core.event_reactor:joined thread
[4.077s] INFO:colcon.colcon_core.shell:Creating prefix script '/home/fabio_tdt/Documents/ros2_dataset_ws/install/local_setup.ps1'
[4.078s] INFO:colcon.colcon_core.shell:Creating prefix util module '/home/fabio_tdt/Documents/ros2_dataset_ws/install/_local_setup_util_ps1.py'
[4.080s] INFO:colcon.colcon_core.shell:Creating prefix chain script '/home/fabio_tdt/Documents/ros2_dataset_ws/install/setup.ps1'
[4.099s] INFO:colcon.colcon_core.shell:Creating prefix script '/home/fabio_tdt/Documents/ros2_dataset_ws/install/local_setup.sh'
[4.100s] INFO:colcon.colcon_core.shell:Creating prefix util module '/home/fabio_tdt/Documents/ros2_dataset_ws/install/_local_setup_util_sh.py'
[4.101s] INFO:colcon.colcon_core.shell:Creating prefix chain script '/home/fabio_tdt/Documents/ros2_dataset_ws/install/setup.sh'
[4.121s] INFO:colcon.colcon_core.shell:Creating prefix script '/home/fabio_tdt/Documents/ros2_dataset_ws/install/local_setup.bash'
[4.121s] INFO:colcon.colcon_core.shell:Creating prefix chain script '/home/fabio_tdt/Documents/ros2_dataset_ws/install/setup.bash'
[4.141s] INFO:colcon.colcon_core.shell:Creating prefix script '/home/fabio_tdt/Documents/ros2_dataset_ws/install/local_setup.zsh'
[4.141s] INFO:colcon.colcon_core.shell:Creating prefix chain script '/home/fabio_tdt/Documents/ros2_dataset_ws/install/setup.zsh'
