[0.975s] DEBUG:colcon:Command line arguments: ['/usr/bin/colcon', 'build', '--cmake-args', '-DMUJOCO_DIR=/home/fabio_tdt/mujoco-3.0.0', '--packages-select', 'cartesian_controller_simulation']
[0.975s] DEBUG:colcon:Parsed command line arguments: Namespace(log_base=None, log_level=None, verb_name='build', build_base='build', install_base='install', merge_install=False, symlink_install=False, test_result_base=None, continue_on_error=False, executor='parallel', parallel_workers=8, event_handlers=None, ignore_user_meta=False, metas=['./colcon.meta'], base_paths=['.'], packages_ignore=None, packages_ignore_regex=None, paths=None, packages_up_to=None, packages_up_to_regex=None, packages_above=None, packages_above_and_dependencies=None, packages_above_depth=None, packages_select_by_dep=None, packages_skip_by_dep=None, packages_skip_up_to=None, packages_select_build_failed=False, packages_skip_build_finished=False, packages_select_test_failures=False, packages_skip_test_passed=False, packages_select=['cartesian_controller_simulation'], packages_skip=None, packages_select_regex=None, packages_skip_regex=None, packages_start=None, packages_end=None, allow_overriding=[], cmake_args=['-DMUJOCO_DIR=/home/fabio_tdt/mujoco-3.0.0'], cmake_target=None, cmake_target_skip_unavailable=False, cmake_clean_cache=False, cmake_clean_first=False, cmake_force_configure=False, ament_cmake_args=None, catkin_cmake_args=None, catkin_skip_building_tests=False, mixin_files=None, mixin=None, verb_parser=<colcon_mixin.mixin.mixin_argument.MixinArgumentDecorator object at 0x7dd59a218550>, verb_extension=<colcon_core.verb.build.BuildVerb object at 0x7dd59a218df0>, main=<bound method BuildVerb.main of <colcon_core.verb.build.BuildVerb object at 0x7dd59a218df0>>, mixin_verb=('build',))
[1.016s] Level 1:colcon.colcon_core.package_discovery:discover_packages(colcon_meta) check parameters
[1.016s] Level 1:colcon.colcon_core.package_discovery:discover_packages(recursive) check parameters
[1.016s] Level 1:colcon.colcon_core.package_discovery:discover_packages(ignore) check parameters
[1.016s] Level 1:colcon.colcon_core.package_discovery:discover_packages(path) check parameters
[1.016s] Level 1:colcon.colcon_core.package_discovery:discover_packages(colcon_meta) discover
[1.016s] Level 1:colcon.colcon_core.package_discovery:discover_packages(recursive) discover
[1.016s] INFO:colcon.colcon_core.package_discovery:Crawling recursively for packages in '/home/fabio_tdt/Documents/ros2_dataset_ws'
[1.016s] Level 1:colcon.colcon_core.package_identification:_identify(.) by extensions ['ignore', 'ignore_ament_install']
[1.016s] Level 1:colcon.colcon_core.package_identification:_identify(.) by extension 'ignore'
[1.016s] Level 1:colcon.colcon_core.package_identification:_identify(.) by extension 'ignore_ament_install'
[1.016s] Level 1:colcon.colcon_core.package_identification:_identify(.) by extensions ['colcon_pkg']
[1.016s] Level 1:colcon.colcon_core.package_identification:_identify(.) by extension 'colcon_pkg'
[1.016s] Level 1:colcon.colcon_core.package_identification:_identify(.) by extensions ['colcon_meta']
[1.016s] Level 1:colcon.colcon_core.package_identification:_identify(.) by extension 'colcon_meta'
[1.016s] Level 1:colcon.colcon_core.package_identification:_identify(.) by extensions ['ros']
[1.016s] Level 1:colcon.colcon_core.package_identification:_identify(.) by extension 'ros'
[1.023s] Level 1:colcon.colcon_core.package_identification:_identify(.) by extensions ['cmake', 'python']
[1.023s] Level 1:colcon.colcon_core.package_identification:_identify(.) by extension 'cmake'
[1.023s] Level 1:colcon.colcon_core.package_identification:_identify(.) by extension 'python'
[1.023s] Level 1:colcon.colcon_core.package_identification:_identify(.) by extensions ['python_setup_py']
[1.023s] Level 1:colcon.colcon_core.package_identification:_identify(.) by extension 'python_setup_py'
[1.023s] Level 1:colcon.colcon_core.package_identification:_identify(build) by extensions ['ignore', 'ignore_ament_install']
[1.023s] Level 1:colcon.colcon_core.package_identification:_identify(build) by extension 'ignore'
[1.023s] Level 1:colcon.colcon_core.package_identification:_identify(build) ignored
[1.024s] Level 1:colcon.colcon_core.package_identification:_identify(install) by extensions ['ignore', 'ignore_ament_install']
[1.024s] Level 1:colcon.colcon_core.package_identification:_identify(install) by extension 'ignore'
[1.024s] Level 1:colcon.colcon_core.package_identification:_identify(install) ignored
[1.024s] Level 1:colcon.colcon_core.package_identification:_identify(log) by extensions ['ignore', 'ignore_ament_install']
[1.024s] Level 1:colcon.colcon_core.package_identification:_identify(log) by extension 'ignore'
[1.024s] Level 1:colcon.colcon_core.package_identification:_identify(log) ignored
[1.024s] Level 1:colcon.colcon_core.package_identification:_identify(src) by extensions ['ignore', 'ignore_ament_install']
[1.024s] Level 1:colcon.colcon_core.package_identification:_identify(src) by extension 'ignore'
[1.024s] Level 1:colcon.colcon_core.package_identification:_identify(src) by extension 'ignore_ament_install'
[1.024s] Level 1:colcon.colcon_core.package_identification:_identify(src) by extensions ['colcon_pkg']
[1.024s] Level 1:colcon.colcon_core.package_identification:_identify(src) by extension 'colcon_pkg'
[1.024s] Level 1:colcon.colcon_core.package_identification:_identify(src) by extensions ['colcon_meta']
[1.024s] Level 1:colcon.colcon_core.package_identification:_identify(src) by extension 'colcon_meta'
[1.024s] Level 1:colcon.colcon_core.package_identification:_identify(src) by extensions ['ros']
[1.024s] Level 1:colcon.colcon_core.package_identification:_identify(src) by extension 'ros'
[1.024s] Level 1:colcon.colcon_core.package_identification:_identify(src) by extensions ['cmake', 'python']
[1.024s] Level 1:colcon.colcon_core.package_identification:_identify(src) by extension 'cmake'
[1.024s] Level 1:colcon.colcon_core.package_identification:_identify(src) by extension 'python'
[1.024s] Level 1:colcon.colcon_core.package_identification:_identify(src) by extensions ['python_setup_py']
[1.024s] Level 1:colcon.colcon_core.package_identification:_identify(src) by extension 'python_setup_py'
[1.024s] Level 1:colcon.colcon_core.package_identification:_identify(src/berry_dataset) by extensions ['ignore', 'ignore_ament_install']
[1.024s] Level 1:colcon.colcon_core.package_identification:_identify(src/berry_dataset) by extension 'ignore'
[1.024s] Level 1:colcon.colcon_core.package_identification:_identify(src/berry_dataset) by extension 'ignore_ament_install'
[1.024s] Level 1:colcon.colcon_core.package_identification:_identify(src/berry_dataset) by extensions ['colcon_pkg']
[1.024s] Level 1:colcon.colcon_core.package_identification:_identify(src/berry_dataset) by extension 'colcon_pkg'
[1.024s] Level 1:colcon.colcon_core.package_identification:_identify(src/berry_dataset) by extensions ['colcon_meta']
[1.024s] Level 1:colcon.colcon_core.package_identification:_identify(src/berry_dataset) by extension 'colcon_meta'
[1.024s] Level 1:colcon.colcon_core.package_identification:_identify(src/berry_dataset) by extensions ['ros']
[1.024s] Level 1:colcon.colcon_core.package_identification:_identify(src/berry_dataset) by extension 'ros'
[1.026s] DEBUG:colcon.colcon_core.package_identification:Package 'src/berry_dataset' with type 'ros.ament_python' and name 'berry_dataset'
[1.026s] Level 1:colcon.colcon_core.package_identification:_identify(src/build) by extensions ['ignore', 'ignore_ament_install']
[1.026s] Level 1:colcon.colcon_core.package_identification:_identify(src/build) by extension 'ignore'
[1.026s] Level 1:colcon.colcon_core.package_identification:_identify(src/build) ignored
[1.026s] Level 1:colcon.colcon_core.package_identification:_identify(src/cartesian_controllers) by extensions ['ignore', 'ignore_ament_install']
[1.026s] Level 1:colcon.colcon_core.package_identification:_identify(src/cartesian_controllers) by extension 'ignore'
[1.026s] Level 1:colcon.colcon_core.package_identification:_identify(src/cartesian_controllers) by extension 'ignore_ament_install'
[1.026s] Level 1:colcon.colcon_core.package_identification:_identify(src/cartesian_controllers) by extensions ['colcon_pkg']
[1.026s] Level 1:colcon.colcon_core.package_identification:_identify(src/cartesian_controllers) by extension 'colcon_pkg'
[1.026s] Level 1:colcon.colcon_core.package_identification:_identify(src/cartesian_controllers) by extensions ['colcon_meta']
[1.026s] Level 1:colcon.colcon_core.package_identification:_identify(src/cartesian_controllers) by extension 'colcon_meta'
[1.027s] Level 1:colcon.colcon_core.package_identification:_identify(src/cartesian_controllers) by extensions ['ros']
[1.027s] Level 1:colcon.colcon_core.package_identification:_identify(src/cartesian_controllers) by extension 'ros'
[1.027s] Level 1:colcon.colcon_core.package_identification:_identify(src/cartesian_controllers) by extensions ['cmake', 'python']
[1.027s] Level 1:colcon.colcon_core.package_identification:_identify(src/cartesian_controllers) by extension 'cmake'
[1.027s] Level 1:colcon.colcon_core.package_identification:_identify(src/cartesian_controllers) by extension 'python'
[1.027s] Level 1:colcon.colcon_core.package_identification:_identify(src/cartesian_controllers) by extensions ['python_setup_py']
[1.027s] Level 1:colcon.colcon_core.package_identification:_identify(src/cartesian_controllers) by extension 'python_setup_py'
[1.027s] Level 1:colcon.colcon_core.package_identification:_identify(src/cartesian_controllers/LICENSES) by extensions ['ignore', 'ignore_ament_install']
[1.027s] Level 1:colcon.colcon_core.package_identification:_identify(src/cartesian_controllers/LICENSES) by extension 'ignore'
[1.027s] Level 1:colcon.colcon_core.package_identification:_identify(src/cartesian_controllers/LICENSES) by extension 'ignore_ament_install'
[1.027s] Level 1:colcon.colcon_core.package_identification:_identify(src/cartesian_controllers/LICENSES) by extensions ['colcon_pkg']
[1.027s] Level 1:colcon.colcon_core.package_identification:_identify(src/cartesian_controllers/LICENSES) by extension 'colcon_pkg'
[1.027s] Level 1:colcon.colcon_core.package_identification:_identify(src/cartesian_controllers/LICENSES) by extensions ['colcon_meta']
[1.027s] Level 1:colcon.colcon_core.package_identification:_identify(src/cartesian_controllers/LICENSES) by extension 'colcon_meta'
[1.027s] Level 1:colcon.colcon_core.package_identification:_identify(src/cartesian_controllers/LICENSES) by extensions ['ros']
[1.027s] Level 1:colcon.colcon_core.package_identification:_identify(src/cartesian_controllers/LICENSES) by extension 'ros'
[1.027s] Level 1:colcon.colcon_core.package_identification:_identify(src/cartesian_controllers/LICENSES) by extensions ['cmake', 'python']
[1.027s] Level 1:colcon.colcon_core.package_identification:_identify(src/cartesian_controllers/LICENSES) by extension 'cmake'
[1.027s] Level 1:colcon.colcon_core.package_identification:_identify(src/cartesian_controllers/LICENSES) by extension 'python'
[1.027s] Level 1:colcon.colcon_core.package_identification:_identify(src/cartesian_controllers/LICENSES) by extensions ['python_setup_py']
[1.027s] Level 1:colcon.colcon_core.package_identification:_identify(src/cartesian_controllers/LICENSES) by extension 'python_setup_py'
[1.027s] Level 1:colcon.colcon_core.package_identification:_identify(src/cartesian_controllers/cartesian_compliance_controller) by extensions ['ignore', 'ignore_ament_install']
[1.027s] Level 1:colcon.colcon_core.package_identification:_identify(src/cartesian_controllers/cartesian_compliance_controller) by extension 'ignore'
[1.027s] Level 1:colcon.colcon_core.package_identification:_identify(src/cartesian_controllers/cartesian_compliance_controller) by extension 'ignore_ament_install'
[1.027s] Level 1:colcon.colcon_core.package_identification:_identify(src/cartesian_controllers/cartesian_compliance_controller) by extensions ['colcon_pkg']
[1.027s] Level 1:colcon.colcon_core.package_identification:_identify(src/cartesian_controllers/cartesian_compliance_controller) by extension 'colcon_pkg'
[1.027s] Level 1:colcon.colcon_core.package_identification:_identify(src/cartesian_controllers/cartesian_compliance_controller) by extensions ['colcon_meta']
[1.027s] Level 1:colcon.colcon_core.package_identification:_identify(src/cartesian_controllers/cartesian_compliance_controller) by extension 'colcon_meta'
[1.027s] Level 1:colcon.colcon_core.package_identification:_identify(src/cartesian_controllers/cartesian_compliance_controller) by extensions ['ros']
[1.027s] Level 1:colcon.colcon_core.package_identification:_identify(src/cartesian_controllers/cartesian_compliance_controller) by extension 'ros'
[1.028s] DEBUG:colcon.colcon_core.package_identification:Package 'src/cartesian_controllers/cartesian_compliance_controller' with type 'ros.ament_cmake' and name 'cartesian_compliance_controller'
[1.028s] Level 1:colcon.colcon_core.package_identification:_identify(src/cartesian_controllers/cartesian_controller_base) by extensions ['ignore', 'ignore_ament_install']
[1.028s] Level 1:colcon.colcon_core.package_identification:_identify(src/cartesian_controllers/cartesian_controller_base) by extension 'ignore'
[1.028s] Level 1:colcon.colcon_core.package_identification:_identify(src/cartesian_controllers/cartesian_controller_base) by extension 'ignore_ament_install'
[1.028s] Level 1:colcon.colcon_core.package_identification:_identify(src/cartesian_controllers/cartesian_controller_base) by extensions ['colcon_pkg']
[1.028s] Level 1:colcon.colcon_core.package_identification:_identify(src/cartesian_controllers/cartesian_controller_base) by extension 'colcon_pkg'
[1.028s] Level 1:colcon.colcon_core.package_identification:_identify(src/cartesian_controllers/cartesian_controller_base) by extensions ['colcon_meta']
[1.028s] Level 1:colcon.colcon_core.package_identification:_identify(src/cartesian_controllers/cartesian_controller_base) by extension 'colcon_meta'
[1.028s] Level 1:colcon.colcon_core.package_identification:_identify(src/cartesian_controllers/cartesian_controller_base) by extensions ['ros']
[1.028s] Level 1:colcon.colcon_core.package_identification:_identify(src/cartesian_controllers/cartesian_controller_base) by extension 'ros'
[1.029s] DEBUG:colcon.colcon_core.package_identification:Package 'src/cartesian_controllers/cartesian_controller_base' with type 'ros.ament_cmake' and name 'cartesian_controller_base'
[1.029s] Level 1:colcon.colcon_core.package_identification:_identify(src/cartesian_controllers/cartesian_controller_handles) by extensions ['ignore', 'ignore_ament_install']
[1.029s] Level 1:colcon.colcon_core.package_identification:_identify(src/cartesian_controllers/cartesian_controller_handles) by extension 'ignore'
[1.029s] Level 1:colcon.colcon_core.package_identification:_identify(src/cartesian_controllers/cartesian_controller_handles) by extension 'ignore_ament_install'
[1.029s] Level 1:colcon.colcon_core.package_identification:_identify(src/cartesian_controllers/cartesian_controller_handles) by extensions ['colcon_pkg']
[1.029s] Level 1:colcon.colcon_core.package_identification:_identify(src/cartesian_controllers/cartesian_controller_handles) by extension 'colcon_pkg'
[1.029s] Level 1:colcon.colcon_core.package_identification:_identify(src/cartesian_controllers/cartesian_controller_handles) by extensions ['colcon_meta']
[1.029s] Level 1:colcon.colcon_core.package_identification:_identify(src/cartesian_controllers/cartesian_controller_handles) by extension 'colcon_meta'
[1.029s] Level 1:colcon.colcon_core.package_identification:_identify(src/cartesian_controllers/cartesian_controller_handles) by extensions ['ros']
[1.029s] Level 1:colcon.colcon_core.package_identification:_identify(src/cartesian_controllers/cartesian_controller_handles) by extension 'ros'
[1.030s] DEBUG:colcon.colcon_core.package_identification:Package 'src/cartesian_controllers/cartesian_controller_handles' with type 'ros.ament_cmake' and name 'cartesian_controller_handles'
[1.030s] Level 1:colcon.colcon_core.package_identification:_identify(src/cartesian_controllers/cartesian_controller_simulation) by extensions ['ignore', 'ignore_ament_install']
[1.030s] Level 1:colcon.colcon_core.package_identification:_identify(src/cartesian_controllers/cartesian_controller_simulation) by extension 'ignore'
[1.030s] Level 1:colcon.colcon_core.package_identification:_identify(src/cartesian_controllers/cartesian_controller_simulation) by extension 'ignore_ament_install'
[1.030s] Level 1:colcon.colcon_core.package_identification:_identify(src/cartesian_controllers/cartesian_controller_simulation) by extensions ['colcon_pkg']
[1.030s] Level 1:colcon.colcon_core.package_identification:_identify(src/cartesian_controllers/cartesian_controller_simulation) by extension 'colcon_pkg'
[1.030s] Level 1:colcon.colcon_core.package_identification:_identify(src/cartesian_controllers/cartesian_controller_simulation) by extensions ['colcon_meta']
[1.030s] Level 1:colcon.colcon_core.package_identification:_identify(src/cartesian_controllers/cartesian_controller_simulation) by extension 'colcon_meta'
[1.030s] Level 1:colcon.colcon_core.package_identification:_identify(src/cartesian_controllers/cartesian_controller_simulation) by extensions ['ros']
[1.030s] Level 1:colcon.colcon_core.package_identification:_identify(src/cartesian_controllers/cartesian_controller_simulation) by extension 'ros'
[1.031s] DEBUG:colcon.colcon_core.package_identification:Package 'src/cartesian_controllers/cartesian_controller_simulation' with type 'ros.ament_cmake' and name 'cartesian_controller_simulation'
[1.031s] Level 1:colcon.colcon_core.package_identification:_identify(src/cartesian_controllers/cartesian_controller_tests) by extensions ['ignore', 'ignore_ament_install']
[1.031s] Level 1:colcon.colcon_core.package_identification:_identify(src/cartesian_controllers/cartesian_controller_tests) by extension 'ignore'
[1.031s] Level 1:colcon.colcon_core.package_identification:_identify(src/cartesian_controllers/cartesian_controller_tests) by extension 'ignore_ament_install'
[1.031s] Level 1:colcon.colcon_core.package_identification:_identify(src/cartesian_controllers/cartesian_controller_tests) by extensions ['colcon_pkg']
[1.031s] Level 1:colcon.colcon_core.package_identification:_identify(src/cartesian_controllers/cartesian_controller_tests) by extension 'colcon_pkg'
[1.031s] Level 1:colcon.colcon_core.package_identification:_identify(src/cartesian_controllers/cartesian_controller_tests) by extensions ['colcon_meta']
[1.031s] Level 1:colcon.colcon_core.package_identification:_identify(src/cartesian_controllers/cartesian_controller_tests) by extension 'colcon_meta'
[1.031s] Level 1:colcon.colcon_core.package_identification:_identify(src/cartesian_controllers/cartesian_controller_tests) by extensions ['ros']
[1.031s] Level 1:colcon.colcon_core.package_identification:_identify(src/cartesian_controllers/cartesian_controller_tests) by extension 'ros'
[1.031s] DEBUG:colcon.colcon_core.package_identification:Package 'src/cartesian_controllers/cartesian_controller_tests' with type 'ros.catkin' and name 'cartesian_controller_tests'
[1.031s] Level 1:colcon.colcon_core.package_identification:_identify(src/cartesian_controllers/cartesian_controller_utilities) by extensions ['ignore', 'ignore_ament_install']
[1.031s] Level 1:colcon.colcon_core.package_identification:_identify(src/cartesian_controllers/cartesian_controller_utilities) by extension 'ignore'
[1.031s] Level 1:colcon.colcon_core.package_identification:_identify(src/cartesian_controllers/cartesian_controller_utilities) by extension 'ignore_ament_install'
[1.031s] Level 1:colcon.colcon_core.package_identification:_identify(src/cartesian_controllers/cartesian_controller_utilities) by extensions ['colcon_pkg']
[1.031s] Level 1:colcon.colcon_core.package_identification:_identify(src/cartesian_controllers/cartesian_controller_utilities) by extension 'colcon_pkg'
[1.031s] Level 1:colcon.colcon_core.package_identification:_identify(src/cartesian_controllers/cartesian_controller_utilities) by extensions ['colcon_meta']
[1.031s] Level 1:colcon.colcon_core.package_identification:_identify(src/cartesian_controllers/cartesian_controller_utilities) by extension 'colcon_meta'
[1.031s] Level 1:colcon.colcon_core.package_identification:_identify(src/cartesian_controllers/cartesian_controller_utilities) by extensions ['ros']
[1.031s] Level 1:colcon.colcon_core.package_identification:_identify(src/cartesian_controllers/cartesian_controller_utilities) by extension 'ros'
[1.032s] DEBUG:colcon.colcon_core.package_identification:Package 'src/cartesian_controllers/cartesian_controller_utilities' with type 'ros.ament_cmake' and name 'cartesian_controller_utilities'
[1.032s] Level 1:colcon.colcon_core.package_identification:_identify(src/cartesian_controllers/cartesian_force_controller) by extensions ['ignore', 'ignore_ament_install']
[1.032s] Level 1:colcon.colcon_core.package_identification:_identify(src/cartesian_controllers/cartesian_force_controller) by extension 'ignore'
[1.032s] Level 1:colcon.colcon_core.package_identification:_identify(src/cartesian_controllers/cartesian_force_controller) by extension 'ignore_ament_install'
[1.032s] Level 1:colcon.colcon_core.package_identification:_identify(src/cartesian_controllers/cartesian_force_controller) by extensions ['colcon_pkg']
[1.032s] Level 1:colcon.colcon_core.package_identification:_identify(src/cartesian_controllers/cartesian_force_controller) by extension 'colcon_pkg'
[1.032s] Level 1:colcon.colcon_core.package_identification:_identify(src/cartesian_controllers/cartesian_force_controller) by extensions ['colcon_meta']
[1.032s] Level 1:colcon.colcon_core.package_identification:_identify(src/cartesian_controllers/cartesian_force_controller) by extension 'colcon_meta'
[1.032s] Level 1:colcon.colcon_core.package_identification:_identify(src/cartesian_controllers/cartesian_force_controller) by extensions ['ros']
[1.032s] Level 1:colcon.colcon_core.package_identification:_identify(src/cartesian_controllers/cartesian_force_controller) by extension 'ros'
[1.033s] DEBUG:colcon.colcon_core.package_identification:Package 'src/cartesian_controllers/cartesian_force_controller' with type 'ros.ament_cmake' and name 'cartesian_force_controller'
[1.033s] Level 1:colcon.colcon_core.package_identification:_identify(src/cartesian_controllers/cartesian_motion_controller) by extensions ['ignore', 'ignore_ament_install']
[1.033s] Level 1:colcon.colcon_core.package_identification:_identify(src/cartesian_controllers/cartesian_motion_controller) by extension 'ignore'
[1.033s] Level 1:colcon.colcon_core.package_identification:_identify(src/cartesian_controllers/cartesian_motion_controller) by extension 'ignore_ament_install'
[1.033s] Level 1:colcon.colcon_core.package_identification:_identify(src/cartesian_controllers/cartesian_motion_controller) by extensions ['colcon_pkg']
[1.033s] Level 1:colcon.colcon_core.package_identification:_identify(src/cartesian_controllers/cartesian_motion_controller) by extension 'colcon_pkg'
[1.033s] Level 1:colcon.colcon_core.package_identification:_identify(src/cartesian_controllers/cartesian_motion_controller) by extensions ['colcon_meta']
[1.033s] Level 1:colcon.colcon_core.package_identification:_identify(src/cartesian_controllers/cartesian_motion_controller) by extension 'colcon_meta'
[1.033s] Level 1:colcon.colcon_core.package_identification:_identify(src/cartesian_controllers/cartesian_motion_controller) by extensions ['ros']
[1.033s] Level 1:colcon.colcon_core.package_identification:_identify(src/cartesian_controllers/cartesian_motion_controller) by extension 'ros'
[1.033s] DEBUG:colcon.colcon_core.package_identification:Package 'src/cartesian_controllers/cartesian_motion_controller' with type 'ros.ament_cmake' and name 'cartesian_motion_controller'
[1.033s] Level 1:colcon.colcon_core.package_identification:_identify(src/cartesian_controllers/resources) by extensions ['ignore', 'ignore_ament_install']
[1.033s] Level 1:colcon.colcon_core.package_identification:_identify(src/cartesian_controllers/resources) by extension 'ignore'
[1.033s] Level 1:colcon.colcon_core.package_identification:_identify(src/cartesian_controllers/resources) by extension 'ignore_ament_install'
[1.033s] Level 1:colcon.colcon_core.package_identification:_identify(src/cartesian_controllers/resources) by extensions ['colcon_pkg']
[1.033s] Level 1:colcon.colcon_core.package_identification:_identify(src/cartesian_controllers/resources) by extension 'colcon_pkg'
[1.033s] Level 1:colcon.colcon_core.package_identification:_identify(src/cartesian_controllers/resources) by extensions ['colcon_meta']
[1.034s] Level 1:colcon.colcon_core.package_identification:_identify(src/cartesian_controllers/resources) by extension 'colcon_meta'
[1.034s] Level 1:colcon.colcon_core.package_identification:_identify(src/cartesian_controllers/resources) by extensions ['ros']
[1.034s] Level 1:colcon.colcon_core.package_identification:_identify(src/cartesian_controllers/resources) by extension 'ros'
[1.034s] Level 1:colcon.colcon_core.package_identification:_identify(src/cartesian_controllers/resources) by extensions ['cmake', 'python']
[1.034s] Level 1:colcon.colcon_core.package_identification:_identify(src/cartesian_controllers/resources) by extension 'cmake'
[1.034s] Level 1:colcon.colcon_core.package_identification:_identify(src/cartesian_controllers/resources) by extension 'python'
[1.034s] Level 1:colcon.colcon_core.package_identification:_identify(src/cartesian_controllers/resources) by extensions ['python_setup_py']
[1.034s] Level 1:colcon.colcon_core.package_identification:_identify(src/cartesian_controllers/resources) by extension 'python_setup_py'
[1.034s] Level 1:colcon.colcon_core.package_identification:_identify(src/cartesian_controllers/resources/doc) by extensions ['ignore', 'ignore_ament_install']
[1.034s] Level 1:colcon.colcon_core.package_identification:_identify(src/cartesian_controllers/resources/doc) by extension 'ignore'
[1.034s] Level 1:colcon.colcon_core.package_identification:_identify(src/cartesian_controllers/resources/doc) by extension 'ignore_ament_install'
[1.034s] Level 1:colcon.colcon_core.package_identification:_identify(src/cartesian_controllers/resources/doc) by extensions ['colcon_pkg']
[1.034s] Level 1:colcon.colcon_core.package_identification:_identify(src/cartesian_controllers/resources/doc) by extension 'colcon_pkg'
[1.034s] Level 1:colcon.colcon_core.package_identification:_identify(src/cartesian_controllers/resources/doc) by extensions ['colcon_meta']
[1.034s] Level 1:colcon.colcon_core.package_identification:_identify(src/cartesian_controllers/resources/doc) by extension 'colcon_meta'
[1.034s] Level 1:colcon.colcon_core.package_identification:_identify(src/cartesian_controllers/resources/doc) by extensions ['ros']
[1.034s] Level 1:colcon.colcon_core.package_identification:_identify(src/cartesian_controllers/resources/doc) by extension 'ros'
[1.034s] Level 1:colcon.colcon_core.package_identification:_identify(src/cartesian_controllers/resources/doc) by extensions ['cmake', 'python']
[1.034s] Level 1:colcon.colcon_core.package_identification:_identify(src/cartesian_controllers/resources/doc) by extension 'cmake'
[1.034s] Level 1:colcon.colcon_core.package_identification:_identify(src/cartesian_controllers/resources/doc) by extension 'python'
[1.034s] Level 1:colcon.colcon_core.package_identification:_identify(src/cartesian_controllers/resources/doc) by extensions ['python_setup_py']
[1.034s] Level 1:colcon.colcon_core.package_identification:_identify(src/cartesian_controllers/resources/doc) by extension 'python_setup_py'
[1.034s] Level 1:colcon.colcon_core.package_identification:_identify(src/cartesian_controllers/resources/images) by extensions ['ignore', 'ignore_ament_install']
[1.034s] Level 1:colcon.colcon_core.package_identification:_identify(src/cartesian_controllers/resources/images) by extension 'ignore'
[1.034s] Level 1:colcon.colcon_core.package_identification:_identify(src/cartesian_controllers/resources/images) by extension 'ignore_ament_install'
[1.034s] Level 1:colcon.colcon_core.package_identification:_identify(src/cartesian_controllers/resources/images) by extensions ['colcon_pkg']
[1.034s] Level 1:colcon.colcon_core.package_identification:_identify(src/cartesian_controllers/resources/images) by extension 'colcon_pkg'
[1.034s] Level 1:colcon.colcon_core.package_identification:_identify(src/cartesian_controllers/resources/images) by extensions ['colcon_meta']
[1.034s] Level 1:colcon.colcon_core.package_identification:_identify(src/cartesian_controllers/resources/images) by extension 'colcon_meta'
[1.034s] Level 1:colcon.colcon_core.package_identification:_identify(src/cartesian_controllers/resources/images) by extensions ['ros']
[1.034s] Level 1:colcon.colcon_core.package_identification:_identify(src/cartesian_controllers/resources/images) by extension 'ros'
[1.034s] Level 1:colcon.colcon_core.package_identification:_identify(src/cartesian_controllers/resources/images) by extensions ['cmake', 'python']
[1.034s] Level 1:colcon.colcon_core.package_identification:_identify(src/cartesian_controllers/resources/images) by extension 'cmake'
[1.034s] Level 1:colcon.colcon_core.package_identification:_identify(src/cartesian_controllers/resources/images) by extension 'python'
[1.034s] Level 1:colcon.colcon_core.package_identification:_identify(src/cartesian_controllers/resources/images) by extensions ['python_setup_py']
[1.035s] Level 1:colcon.colcon_core.package_identification:_identify(src/cartesian_controllers/resources/images) by extension 'python_setup_py'
[1.035s] Level 1:colcon.colcon_core.package_identification:_identify(src/install) by extensions ['ignore', 'ignore_ament_install']
[1.035s] Level 1:colcon.colcon_core.package_identification:_identify(src/install) by extension 'ignore'
[1.035s] Level 1:colcon.colcon_core.package_identification:_identify(src/install) ignored
[1.035s] Level 1:colcon.colcon_core.package_identification:_identify(src/launch_package) by extensions ['ignore', 'ignore_ament_install']
[1.035s] Level 1:colcon.colcon_core.package_identification:_identify(src/launch_package) by extension 'ignore'
[1.035s] Level 1:colcon.colcon_core.package_identification:_identify(src/launch_package) by extension 'ignore_ament_install'
[1.035s] Level 1:colcon.colcon_core.package_identification:_identify(src/launch_package) by extensions ['colcon_pkg']
[1.035s] Level 1:colcon.colcon_core.package_identification:_identify(src/launch_package) by extension 'colcon_pkg'
[1.035s] Level 1:colcon.colcon_core.package_identification:_identify(src/launch_package) by extensions ['colcon_meta']
[1.035s] Level 1:colcon.colcon_core.package_identification:_identify(src/launch_package) by extension 'colcon_meta'
[1.035s] Level 1:colcon.colcon_core.package_identification:_identify(src/launch_package) by extensions ['ros']
[1.035s] Level 1:colcon.colcon_core.package_identification:_identify(src/launch_package) by extension 'ros'
[1.035s] DEBUG:colcon.colcon_core.package_identification:Package 'src/launch_package' with type 'ros.ament_python' and name 'launch_package'
[1.035s] Level 1:colcon.colcon_core.package_identification:_identify(src/realsense_streamer) by extensions ['ignore', 'ignore_ament_install']
[1.035s] Level 1:colcon.colcon_core.package_identification:_identify(src/realsense_streamer) by extension 'ignore'
[1.035s] Level 1:colcon.colcon_core.package_identification:_identify(src/realsense_streamer) by extension 'ignore_ament_install'
[1.035s] Level 1:colcon.colcon_core.package_identification:_identify(src/realsense_streamer) by extensions ['colcon_pkg']
[1.035s] Level 1:colcon.colcon_core.package_identification:_identify(src/realsense_streamer) by extension 'colcon_pkg'
[1.035s] Level 1:colcon.colcon_core.package_identification:_identify(src/realsense_streamer) by extensions ['colcon_meta']
[1.035s] Level 1:colcon.colcon_core.package_identification:_identify(src/realsense_streamer) by extension 'colcon_meta'
[1.036s] Level 1:colcon.colcon_core.package_identification:_identify(src/realsense_streamer) by extensions ['ros']
[1.036s] Level 1:colcon.colcon_core.package_identification:_identify(src/realsense_streamer) by extension 'ros'
[1.036s] DEBUG:colcon.colcon_core.package_identification:Package 'src/realsense_streamer' with type 'ros.ament_python' and name 'realsense_streamer'
[1.036s] Level 1:colcon.colcon_core.package_identification:_identify(src/scripts) by extensions ['ignore', 'ignore_ament_install']
[1.036s] Level 1:colcon.colcon_core.package_identification:_identify(src/scripts) by extension 'ignore'
[1.036s] Level 1:colcon.colcon_core.package_identification:_identify(src/scripts) by extension 'ignore_ament_install'
[1.036s] Level 1:colcon.colcon_core.package_identification:_identify(src/scripts) by extensions ['colcon_pkg']
[1.036s] Level 1:colcon.colcon_core.package_identification:_identify(src/scripts) by extension 'colcon_pkg'
[1.036s] Level 1:colcon.colcon_core.package_identification:_identify(src/scripts) by extensions ['colcon_meta']
[1.036s] Level 1:colcon.colcon_core.package_identification:_identify(src/scripts) by extension 'colcon_meta'
[1.036s] Level 1:colcon.colcon_core.package_identification:_identify(src/scripts) by extensions ['ros']
[1.036s] Level 1:colcon.colcon_core.package_identification:_identify(src/scripts) by extension 'ros'
[1.036s] Level 1:colcon.colcon_core.package_identification:_identify(src/scripts) by extensions ['cmake', 'python']
[1.036s] Level 1:colcon.colcon_core.package_identification:_identify(src/scripts) by extension 'cmake'
[1.036s] Level 1:colcon.colcon_core.package_identification:_identify(src/scripts) by extension 'python'
[1.036s] Level 1:colcon.colcon_core.package_identification:_identify(src/scripts) by extensions ['python_setup_py']
[1.036s] Level 1:colcon.colcon_core.package_identification:_identify(src/scripts) by extension 'python_setup_py'
[1.036s] Level 1:colcon.colcon_core.package_identification:_identify(src/ur5e_motion_controller) by extensions ['ignore', 'ignore_ament_install']
[1.036s] Level 1:colcon.colcon_core.package_identification:_identify(src/ur5e_motion_controller) by extension 'ignore'
[1.036s] Level 1:colcon.colcon_core.package_identification:_identify(src/ur5e_motion_controller) by extension 'ignore_ament_install'
[1.037s] Level 1:colcon.colcon_core.package_identification:_identify(src/ur5e_motion_controller) by extensions ['colcon_pkg']
[1.037s] Level 1:colcon.colcon_core.package_identification:_identify(src/ur5e_motion_controller) by extension 'colcon_pkg'
[1.037s] Level 1:colcon.colcon_core.package_identification:_identify(src/ur5e_motion_controller) by extensions ['colcon_meta']
[1.037s] Level 1:colcon.colcon_core.package_identification:_identify(src/ur5e_motion_controller) by extension 'colcon_meta'
[1.037s] Level 1:colcon.colcon_core.package_identification:_identify(src/ur5e_motion_controller) by extensions ['ros']
[1.037s] Level 1:colcon.colcon_core.package_identification:_identify(src/ur5e_motion_controller) by extension 'ros'
[1.037s] DEBUG:colcon.colcon_core.package_identification:Package 'src/ur5e_motion_controller' with type 'ros.ament_python' and name 'ur5e_motion_controller'
[1.037s] Level 1:colcon.colcon_core.package_identification:_identify(src/ur_simulation_gz) by extensions ['ignore', 'ignore_ament_install']
[1.037s] Level 1:colcon.colcon_core.package_identification:_identify(src/ur_simulation_gz) by extension 'ignore'
[1.037s] Level 1:colcon.colcon_core.package_identification:_identify(src/ur_simulation_gz) by extension 'ignore_ament_install'
[1.037s] Level 1:colcon.colcon_core.package_identification:_identify(src/ur_simulation_gz) by extensions ['colcon_pkg']
[1.037s] Level 1:colcon.colcon_core.package_identification:_identify(src/ur_simulation_gz) by extension 'colcon_pkg'
[1.037s] Level 1:colcon.colcon_core.package_identification:_identify(src/ur_simulation_gz) by extensions ['colcon_meta']
[1.037s] Level 1:colcon.colcon_core.package_identification:_identify(src/ur_simulation_gz) by extension 'colcon_meta'
[1.037s] Level 1:colcon.colcon_core.package_identification:_identify(src/ur_simulation_gz) by extensions ['ros']
[1.037s] Level 1:colcon.colcon_core.package_identification:_identify(src/ur_simulation_gz) by extension 'ros'
[1.037s] Level 1:colcon.colcon_core.package_identification:_identify(src/ur_simulation_gz) by extensions ['cmake', 'python']
[1.037s] Level 1:colcon.colcon_core.package_identification:_identify(src/ur_simulation_gz) by extension 'cmake'
[1.037s] Level 1:colcon.colcon_core.package_identification:_identify(src/ur_simulation_gz) by extension 'python'
[1.037s] Level 1:colcon.colcon_core.package_identification:_identify(src/ur_simulation_gz) by extensions ['python_setup_py']
[1.037s] Level 1:colcon.colcon_core.package_identification:_identify(src/ur_simulation_gz) by extension 'python_setup_py'
[1.037s] Level 1:colcon.colcon_core.package_identification:_identify(src/ur_simulation_gz/ur_simulation_gz) by extensions ['ignore', 'ignore_ament_install']
[1.037s] Level 1:colcon.colcon_core.package_identification:_identify(src/ur_simulation_gz/ur_simulation_gz) by extension 'ignore'
[1.037s] Level 1:colcon.colcon_core.package_identification:_identify(src/ur_simulation_gz/ur_simulation_gz) by extension 'ignore_ament_install'
[1.037s] Level 1:colcon.colcon_core.package_identification:_identify(src/ur_simulation_gz/ur_simulation_gz) by extensions ['colcon_pkg']
[1.038s] Level 1:colcon.colcon_core.package_identification:_identify(src/ur_simulation_gz/ur_simulation_gz) by extension 'colcon_pkg'
[1.038s] Level 1:colcon.colcon_core.package_identification:_identify(src/ur_simulation_gz/ur_simulation_gz) by extensions ['colcon_meta']
[1.038s] Level 1:colcon.colcon_core.package_identification:_identify(src/ur_simulation_gz/ur_simulation_gz) by extension 'colcon_meta'
[1.038s] Level 1:colcon.colcon_core.package_identification:_identify(src/ur_simulation_gz/ur_simulation_gz) by extensions ['ros']
[1.038s] Level 1:colcon.colcon_core.package_identification:_identify(src/ur_simulation_gz/ur_simulation_gz) by extension 'ros'
[1.038s] DEBUG:colcon.colcon_core.package_identification:Package 'src/ur_simulation_gz/ur_simulation_gz' with type 'ros.ament_cmake' and name 'ur_simulation_gz'
[1.038s] Level 1:colcon.colcon_core.package_identification:_identify(src/ur_simulator) by extensions ['ignore', 'ignore_ament_install']
[1.038s] Level 1:colcon.colcon_core.package_identification:_identify(src/ur_simulator) by extension 'ignore'
[1.038s] Level 1:colcon.colcon_core.package_identification:_identify(src/ur_simulator) by extension 'ignore_ament_install'
[1.038s] Level 1:colcon.colcon_core.package_identification:_identify(src/ur_simulator) by extensions ['colcon_pkg']
[1.038s] Level 1:colcon.colcon_core.package_identification:_identify(src/ur_simulator) by extension 'colcon_pkg'
[1.038s] Level 1:colcon.colcon_core.package_identification:_identify(src/ur_simulator) by extensions ['colcon_meta']
[1.038s] Level 1:colcon.colcon_core.package_identification:_identify(src/ur_simulator) by extension 'colcon_meta'
[1.038s] Level 1:colcon.colcon_core.package_identification:_identify(src/ur_simulator) by extensions ['ros']
[1.038s] Level 1:colcon.colcon_core.package_identification:_identify(src/ur_simulator) by extension 'ros'
[1.039s] DEBUG:colcon.colcon_core.package_identification:Package 'src/ur_simulator' with type 'ros.ament_python' and name 'ur_simulator'
[1.039s] Level 1:colcon.colcon_core.package_discovery:discover_packages(recursive) using defaults
[1.039s] Level 1:colcon.colcon_core.package_discovery:discover_packages(ignore) discover
[1.039s] Level 1:colcon.colcon_core.package_discovery:discover_packages(ignore) using defaults
[1.039s] Level 1:colcon.colcon_core.package_discovery:discover_packages(path) discover
[1.039s] Level 1:colcon.colcon_core.package_discovery:discover_packages(path) using defaults
[1.090s] INFO:colcon.colcon_core.package_selection:Skipping not selected package 'berry_dataset' in 'src/berry_dataset'
[1.090s] INFO:colcon.colcon_core.package_selection:Skipping not selected package 'cartesian_controller_base' in 'src/cartesian_controllers/cartesian_controller_base'
[1.090s] INFO:colcon.colcon_core.package_selection:Skipping not selected package 'cartesian_controller_utilities' in 'src/cartesian_controllers/cartesian_controller_utilities'
[1.090s] INFO:colcon.colcon_core.package_selection:Skipping not selected package 'launch_package' in 'src/launch_package'
[1.090s] INFO:colcon.colcon_core.package_selection:Skipping not selected package 'realsense_streamer' in 'src/realsense_streamer'
[1.090s] INFO:colcon.colcon_core.package_selection:Skipping not selected package 'ur5e_motion_controller' in 'src/ur5e_motion_controller'
[1.090s] INFO:colcon.colcon_core.package_selection:Skipping not selected package 'ur_simulation_gz' in 'src/ur_simulation_gz/ur_simulation_gz'
[1.090s] INFO:colcon.colcon_core.package_selection:Skipping not selected package 'ur_simulator' in 'src/ur_simulator'
[1.090s] INFO:colcon.colcon_core.package_selection:Skipping not selected package 'cartesian_controller_handles' in 'src/cartesian_controllers/cartesian_controller_handles'
[1.090s] INFO:colcon.colcon_core.package_selection:Skipping not selected package 'cartesian_force_controller' in 'src/cartesian_controllers/cartesian_force_controller'
[1.090s] INFO:colcon.colcon_core.package_selection:Skipping not selected package 'cartesian_motion_controller' in 'src/cartesian_controllers/cartesian_motion_controller'
[1.090s] INFO:colcon.colcon_core.package_selection:Skipping not selected package 'cartesian_compliance_controller' in 'src/cartesian_controllers/cartesian_compliance_controller'
[1.090s] INFO:colcon.colcon_core.package_selection:Skipping not selected package 'cartesian_controller_tests' in 'src/cartesian_controllers/cartesian_controller_tests'
[1.113s] Level 1:colcon.colcon_core.package_discovery:discover_packages(prefix_path) check parameters
[1.113s] Level 1:colcon.colcon_core.package_discovery:discover_packages(prefix_path) discover
[1.136s] DEBUG:colcon.colcon_installed_package_information.package_discovery:Found 9 installed packages in /home/fabio_tdt/Documents/ros2_dataset_ws/install
[1.147s] DEBUG:colcon.colcon_installed_package_information.package_discovery:Found 4 installed packages in /home/fabio_tdt/Documents/ros2_dataset_ws/src/install
[1.159s] DEBUG:colcon.colcon_installed_package_information.package_discovery:Found 370 installed packages in /opt/ros/humble
[1.161s] Level 1:colcon.colcon_core.package_discovery:discover_packages(prefix_path) using defaults
[1.235s] Level 5:colcon.colcon_core.verb:set package 'cartesian_controller_simulation' build argument 'cmake_args' from command line to '['-DMUJOCO_DIR=/home/fabio_tdt/mujoco-3.0.0']'
[1.235s] Level 5:colcon.colcon_core.verb:set package 'cartesian_controller_simulation' build argument 'cmake_target' from command line to 'None'
[1.235s] Level 5:colcon.colcon_core.verb:set package 'cartesian_controller_simulation' build argument 'cmake_target_skip_unavailable' from command line to 'False'
[1.235s] Level 5:colcon.colcon_core.verb:set package 'cartesian_controller_simulation' build argument 'cmake_clean_cache' from command line to 'False'
[1.235s] Level 5:colcon.colcon_core.verb:set package 'cartesian_controller_simulation' build argument 'cmake_clean_first' from command line to 'False'
[1.235s] Level 5:colcon.colcon_core.verb:set package 'cartesian_controller_simulation' build argument 'cmake_force_configure' from command line to 'False'
[1.235s] Level 5:colcon.colcon_core.verb:set package 'cartesian_controller_simulation' build argument 'ament_cmake_args' from command line to 'None'
[1.235s] Level 5:colcon.colcon_core.verb:set package 'cartesian_controller_simulation' build argument 'catkin_cmake_args' from command line to 'None'
[1.235s] Level 5:colcon.colcon_core.verb:set package 'cartesian_controller_simulation' build argument 'catkin_skip_building_tests' from command line to 'False'
[1.235s] DEBUG:colcon.colcon_core.verb:Building package 'cartesian_controller_simulation' with the following arguments: {'ament_cmake_args': None, 'build_base': '/home/fabio_tdt/Documents/ros2_dataset_ws/build/cartesian_controller_simulation', 'catkin_cmake_args': None, 'catkin_skip_building_tests': False, 'cmake_args': ['-DMUJOCO_DIR=/home/fabio_tdt/mujoco-3.0.0'], 'cmake_clean_cache': False, 'cmake_clean_first': False, 'cmake_force_configure': False, 'cmake_target': None, 'cmake_target_skip_unavailable': False, 'install_base': '/home/fabio_tdt/Documents/ros2_dataset_ws/install/cartesian_controller_simulation', 'merge_install': False, 'path': '/home/fabio_tdt/Documents/ros2_dataset_ws/src/cartesian_controllers/cartesian_controller_simulation', 'symlink_install': False, 'test_result_base': None}
[1.247s] INFO:colcon.colcon_core.executor:Executing jobs using 'parallel' executor
[1.258s] DEBUG:colcon.colcon_parallel_executor.executor.parallel:run_until_complete
[1.259s] INFO:colcon.colcon_ros.task.ament_cmake.build:Building ROS package in '/home/fabio_tdt/Documents/ros2_dataset_ws/src/cartesian_controllers/cartesian_controller_simulation' with build type 'ament_cmake'
[1.259s] INFO:colcon.colcon_cmake.task.cmake.build:Building CMake package in '/home/fabio_tdt/Documents/ros2_dataset_ws/src/cartesian_controllers/cartesian_controller_simulation'
[1.276s] INFO:colcon.colcon_core.plugin_system:Skipping extension 'colcon_core.shell.bat': Not used on non-Windows systems
[1.276s] INFO:colcon.colcon_core.shell:Skip shell extension 'powershell' for command environment: Not usable outside of PowerShell
[1.276s] DEBUG:colcon.colcon_core.shell:Skip shell extension 'dsv' for command environment
[1.334s] DEBUG:colcon.colcon_core.event_handler.log_command:Invoking command in '/home/fabio_tdt/Documents/ros2_dataset_ws/build/cartesian_controller_simulation': AMENT_PREFIX_PATH=/home/fabio_tdt/Documents/ros2_dataset_ws/install/cartesian_controller_base:${AMENT_PREFIX_PATH} CMAKE_PREFIX_PATH=/home/fabio_tdt/Documents/ros2_dataset_ws/install/cartesian_controller_base:/home/fabio_tdt/Documents/ros2_dataset_ws/install/ur_simulator:/home/fabio_tdt/Documents/ros2_dataset_ws/install/realsense_streamer:/home/fabio_tdt/Documents/ros2_dataset_ws/install/launch_package:/home/fabio_tdt/Documents/ros2_dataset_ws/install/berry_dataset:/home/fabio_tdt/Documents/ros2_dataset_ws/src/install/ur_simulator:/home/fabio_tdt/Documents/ros2_dataset_ws/src/install/realsense_streamer:/home/fabio_tdt/Documents/ros2_dataset_ws/src/install/launch_package:/home/fabio_tdt/Documents/ros2_dataset_ws/src/install/berry_dataset:/opt/ros/humble LD_LIBRARY_PATH=/home/fabio_tdt/Documents/ros2_dataset_ws/install/cartesian_controller_base/lib:${LD_LIBRARY_PATH} /usr/bin/cmake /home/fabio_tdt/Documents/ros2_dataset_ws/src/cartesian_controllers/cartesian_controller_simulation -DMUJOCO_DIR=/home/fabio_tdt/mujoco-3.0.0 -DCMAKE_INSTALL_PREFIX=/home/fabio_tdt/Documents/ros2_dataset_ws/install/cartesian_controller_simulation
[3.204s] DEBUG:colcon.colcon_core.event_handler.log_command:Invoked command in '/home/fabio_tdt/Documents/ros2_dataset_ws/build/cartesian_controller_simulation' returned '0': AMENT_PREFIX_PATH=/home/fabio_tdt/Documents/ros2_dataset_ws/install/cartesian_controller_base:${AMENT_PREFIX_PATH} CMAKE_PREFIX_PATH=/home/fabio_tdt/Documents/ros2_dataset_ws/install/cartesian_controller_base:/home/fabio_tdt/Documents/ros2_dataset_ws/install/ur_simulator:/home/fabio_tdt/Documents/ros2_dataset_ws/install/realsense_streamer:/home/fabio_tdt/Documents/ros2_dataset_ws/install/launch_package:/home/fabio_tdt/Documents/ros2_dataset_ws/install/berry_dataset:/home/fabio_tdt/Documents/ros2_dataset_ws/src/install/ur_simulator:/home/fabio_tdt/Documents/ros2_dataset_ws/src/install/realsense_streamer:/home/fabio_tdt/Documents/ros2_dataset_ws/src/install/launch_package:/home/fabio_tdt/Documents/ros2_dataset_ws/src/install/berry_dataset:/opt/ros/humble LD_LIBRARY_PATH=/home/fabio_tdt/Documents/ros2_dataset_ws/install/cartesian_controller_base/lib:${LD_LIBRARY_PATH} /usr/bin/cmake /home/fabio_tdt/Documents/ros2_dataset_ws/src/cartesian_controllers/cartesian_controller_simulation -DMUJOCO_DIR=/home/fabio_tdt/mujoco-3.0.0 -DCMAKE_INSTALL_PREFIX=/home/fabio_tdt/Documents/ros2_dataset_ws/install/cartesian_controller_simulation
[3.205s] DEBUG:colcon.colcon_core.event_handler.log_command:Invoking command in '/home/fabio_tdt/Documents/ros2_dataset_ws/build/cartesian_controller_simulation': AMENT_PREFIX_PATH=/home/fabio_tdt/Documents/ros2_dataset_ws/install/cartesian_controller_base:${AMENT_PREFIX_PATH} CMAKE_PREFIX_PATH=/home/fabio_tdt/Documents/ros2_dataset_ws/install/cartesian_controller_base:/home/fabio_tdt/Documents/ros2_dataset_ws/install/ur_simulator:/home/fabio_tdt/Documents/ros2_dataset_ws/install/realsense_streamer:/home/fabio_tdt/Documents/ros2_dataset_ws/install/launch_package:/home/fabio_tdt/Documents/ros2_dataset_ws/install/berry_dataset:/home/fabio_tdt/Documents/ros2_dataset_ws/src/install/ur_simulator:/home/fabio_tdt/Documents/ros2_dataset_ws/src/install/realsense_streamer:/home/fabio_tdt/Documents/ros2_dataset_ws/src/install/launch_package:/home/fabio_tdt/Documents/ros2_dataset_ws/src/install/berry_dataset:/opt/ros/humble LD_LIBRARY_PATH=/home/fabio_tdt/Documents/ros2_dataset_ws/install/cartesian_controller_base/lib:${LD_LIBRARY_PATH} /usr/bin/cmake --build /home/fabio_tdt/Documents/ros2_dataset_ws/build/cartesian_controller_simulation -- -j8 -l8
[3.269s] DEBUG:colcon.colcon_core.event_handler.log_command:Invoked command in '/home/fabio_tdt/Documents/ros2_dataset_ws/build/cartesian_controller_simulation' returned '2': AMENT_PREFIX_PATH=/home/fabio_tdt/Documents/ros2_dataset_ws/install/cartesian_controller_base:${AMENT_PREFIX_PATH} CMAKE_PREFIX_PATH=/home/fabio_tdt/Documents/ros2_dataset_ws/install/cartesian_controller_base:/home/fabio_tdt/Documents/ros2_dataset_ws/install/ur_simulator:/home/fabio_tdt/Documents/ros2_dataset_ws/install/realsense_streamer:/home/fabio_tdt/Documents/ros2_dataset_ws/install/launch_package:/home/fabio_tdt/Documents/ros2_dataset_ws/install/berry_dataset:/home/fabio_tdt/Documents/ros2_dataset_ws/src/install/ur_simulator:/home/fabio_tdt/Documents/ros2_dataset_ws/src/install/realsense_streamer:/home/fabio_tdt/Documents/ros2_dataset_ws/src/install/launch_package:/home/fabio_tdt/Documents/ros2_dataset_ws/src/install/berry_dataset:/opt/ros/humble LD_LIBRARY_PATH=/home/fabio_tdt/Documents/ros2_dataset_ws/install/cartesian_controller_base/lib:${LD_LIBRARY_PATH} /usr/bin/cmake --build /home/fabio_tdt/Documents/ros2_dataset_ws/build/cartesian_controller_simulation -- -j8 -l8
[3.300s] Level 1:colcon.colcon_core.environment:create_environment_scripts_only(cartesian_controller_simulation)
[3.313s] Level 1:colcon.colcon_core.environment:checking '/home/fabio_tdt/Documents/ros2_dataset_ws/install/cartesian_controller_simulation' for CMake module files
[3.314s] Level 1:colcon.colcon_core.environment:checking '/home/fabio_tdt/Documents/ros2_dataset_ws/install/cartesian_controller_simulation' for CMake config files
[3.314s] Level 1:colcon.colcon_core.environment:checking '/home/fabio_tdt/Documents/ros2_dataset_ws/install/cartesian_controller_simulation/bin'
[3.314s] Level 1:colcon.colcon_core.environment:checking '/home/fabio_tdt/Documents/ros2_dataset_ws/install/cartesian_controller_simulation/lib/pkgconfig/cartesian_controller_simulation.pc'
[3.314s] Level 1:colcon.colcon_core.environment:checking '/home/fabio_tdt/Documents/ros2_dataset_ws/install/cartesian_controller_simulation/lib/python3.10/site-packages'
[3.314s] Level 1:colcon.colcon_core.environment:checking '/home/fabio_tdt/Documents/ros2_dataset_ws/install/cartesian_controller_simulation/bin'
[3.325s] INFO:colcon.colcon_core.shell:Creating package script '/home/fabio_tdt/Documents/ros2_dataset_ws/install/cartesian_controller_simulation/share/cartesian_controller_simulation/package.ps1'
[3.326s] INFO:colcon.colcon_core.shell:Creating package descriptor '/home/fabio_tdt/Documents/ros2_dataset_ws/install/cartesian_controller_simulation/share/cartesian_controller_simulation/package.dsv'
[3.326s] INFO:colcon.colcon_core.shell:Creating package script '/home/fabio_tdt/Documents/ros2_dataset_ws/install/cartesian_controller_simulation/share/cartesian_controller_simulation/package.sh'
[3.327s] INFO:colcon.colcon_core.shell:Creating package script '/home/fabio_tdt/Documents/ros2_dataset_ws/install/cartesian_controller_simulation/share/cartesian_controller_simulation/package.bash'
[3.327s] INFO:colcon.colcon_core.shell:Creating package script '/home/fabio_tdt/Documents/ros2_dataset_ws/install/cartesian_controller_simulation/share/cartesian_controller_simulation/package.zsh'
[3.327s] Level 1:colcon.colcon_core.environment:create_file_with_runtime_dependencies(/home/fabio_tdt/Documents/ros2_dataset_ws/install/cartesian_controller_simulation/share/colcon-core/packages/cartesian_controller_simulation)
[3.338s] DEBUG:colcon.colcon_parallel_executor.executor.parallel:closing loop
[3.338s] DEBUG:colcon.colcon_parallel_executor.executor.parallel:loop closed
[3.338s] DEBUG:colcon.colcon_parallel_executor.executor.parallel:run_until_complete finished with '2'
[3.338s] DEBUG:colcon.colcon_core.event_reactor:joining thread
[3.356s] INFO:colcon.colcon_core.plugin_system:Skipping extension 'colcon_notification.desktop_notification.terminal_notifier': Not used on non-Darwin systems
[3.356s] INFO:colcon.colcon_core.plugin_system:Skipping extension 'colcon_notification.desktop_notification.win32': Not used on non-Windows systems
[3.356s] INFO:colcon.colcon_notification.desktop_notification:Sending desktop notification using 'notify2'
[3.365s] DEBUG:colcon.colcon_core.event_reactor:joined thread
[3.378s] INFO:colcon.colcon_core.shell:Creating prefix script '/home/fabio_tdt/Documents/ros2_dataset_ws/install/local_setup.ps1'
[3.379s] INFO:colcon.colcon_core.shell:Creating prefix util module '/home/fabio_tdt/Documents/ros2_dataset_ws/install/_local_setup_util_ps1.py'
[3.380s] INFO:colcon.colcon_core.shell:Creating prefix chain script '/home/fabio_tdt/Documents/ros2_dataset_ws/install/setup.ps1'
[3.394s] INFO:colcon.colcon_core.shell:Creating prefix script '/home/fabio_tdt/Documents/ros2_dataset_ws/install/local_setup.sh'
[3.394s] INFO:colcon.colcon_core.shell:Creating prefix util module '/home/fabio_tdt/Documents/ros2_dataset_ws/install/_local_setup_util_sh.py'
[3.394s] INFO:colcon.colcon_core.shell:Creating prefix chain script '/home/fabio_tdt/Documents/ros2_dataset_ws/install/setup.sh'
[3.406s] INFO:colcon.colcon_core.shell:Creating prefix script '/home/fabio_tdt/Documents/ros2_dataset_ws/install/local_setup.bash'
[3.407s] INFO:colcon.colcon_core.shell:Creating prefix chain script '/home/fabio_tdt/Documents/ros2_dataset_ws/install/setup.bash'
[3.420s] INFO:colcon.colcon_core.shell:Creating prefix script '/home/fabio_tdt/Documents/ros2_dataset_ws/install/local_setup.zsh'
[3.420s] INFO:colcon.colcon_core.shell:Creating prefix chain script '/home/fabio_tdt/Documents/ros2_dataset_ws/install/setup.zsh'
