-- Install configuration: ""
-- Execute custom install script
-- Up-to-date symlink: /home/fabio_tdt/Documents/ros2_dataset_ws/install/cartesian_controller_utilities/lib/cartesian_controller_utilities/buttons.py
-- Up-to-date symlink: /home/fabio_tdt/Documents/ros2_dataset_ws/install/cartesian_controller_utilities/lib/cartesian_controller_utilities/converter.py
-- Up-to-date symlink: /home/fabio_tdt/Documents/ros2_dataset_ws/install/cartesian_controller_utilities/lib/cartesian_controller_utilities/pose.py
-- Up-to-date symlink: /home/fabio_tdt/Documents/ros2_dataset_ws/install/cartesian_controller_utilities/share/cartesian_controller_utilities/etc/button_cmds.yaml
-- Up-to-date symlink: /home/fabio_tdt/Documents/ros2_dataset_ws/install/cartesian_controller_utilities/share/cartesian_controller_utilities/launch/spacenav.launch.py
-- Up-to-date symlink: /home/fabio_tdt/Documents/ros2_dataset_ws/install/cartesian_controller_utilities/share/cartesian_controller_utilities/launch/spacenav_buttons.launch.py
-- Up-to-date symlink: /home/fabio_tdt/Documents/ros2_dataset_ws/install/cartesian_controller_utilities/share/cartesian_controller_utilities/launch/spacenav_to_pose.launch.py
-- Up-to-date symlink: /home/fabio_tdt/Documents/ros2_dataset_ws/install/cartesian_controller_utilities/share/cartesian_controller_utilities/launch/spacenav_to_wrench.launch.py
-- Up-to-date symlink: /home/fabio_tdt/Documents/ros2_dataset_ws/install/cartesian_controller_utilities/share/ament_index/resource_index/package_run_dependencies/cartesian_controller_utilities
-- Up-to-date symlink: /home/fabio_tdt/Documents/ros2_dataset_ws/install/cartesian_controller_utilities/share/ament_index/resource_index/parent_prefix_path/cartesian_controller_utilities
-- Up-to-date symlink: /home/fabio_tdt/Documents/ros2_dataset_ws/install/cartesian_controller_utilities/share/cartesian_controller_utilities/environment/ament_prefix_path.sh
-- Up-to-date symlink: /home/fabio_tdt/Documents/ros2_dataset_ws/install/cartesian_controller_utilities/share/cartesian_controller_utilities/environment/ament_prefix_path.dsv
-- Up-to-date symlink: /home/fabio_tdt/Documents/ros2_dataset_ws/install/cartesian_controller_utilities/share/cartesian_controller_utilities/environment/path.sh
-- Up-to-date symlink: /home/fabio_tdt/Documents/ros2_dataset_ws/install/cartesian_controller_utilities/share/cartesian_controller_utilities/environment/path.dsv
-- Up-to-date symlink: /home/fabio_tdt/Documents/ros2_dataset_ws/install/cartesian_controller_utilities/share/cartesian_controller_utilities/local_setup.bash
-- Up-to-date symlink: /home/fabio_tdt/Documents/ros2_dataset_ws/install/cartesian_controller_utilities/share/cartesian_controller_utilities/local_setup.sh
-- Up-to-date symlink: /home/fabio_tdt/Documents/ros2_dataset_ws/install/cartesian_controller_utilities/share/cartesian_controller_utilities/local_setup.zsh
-- Up-to-date symlink: /home/fabio_tdt/Documents/ros2_dataset_ws/install/cartesian_controller_utilities/share/cartesian_controller_utilities/local_setup.dsv
-- Symlinking: /home/fabio_tdt/Documents/ros2_dataset_ws/install/cartesian_controller_utilities/share/cartesian_controller_utilities/package.dsv
-- Up-to-date symlink: /home/fabio_tdt/Documents/ros2_dataset_ws/install/cartesian_controller_utilities/share/ament_index/resource_index/packages/cartesian_controller_utilities
-- Up-to-date symlink: /home/fabio_tdt/Documents/ros2_dataset_ws/install/cartesian_controller_utilities/share/cartesian_controller_utilities/cmake/cartesian_controller_utilitiesConfig.cmake
-- Up-to-date symlink: /home/fabio_tdt/Documents/ros2_dataset_ws/install/cartesian_controller_utilities/share/cartesian_controller_utilities/cmake/cartesian_controller_utilitiesConfig-version.cmake
-- Up-to-date symlink: /home/fabio_tdt/Documents/ros2_dataset_ws/install/cartesian_controller_utilities/share/cartesian_controller_utilities/package.xml
