[0.784s] Invoking command in '/home/fabio_tdt/Documents/ros2_dataset_ws/build/cartesian_controller_utilities': CMAKE_PREFIX_PATH=/home/fabio_tdt/Documents/ros2_dataset_ws/install/ur_simulator:/home/fabio_tdt/Documents/ros2_dataset_ws/install/realsense_streamer:/home/fabio_tdt/Documents/ros2_dataset_ws/install/launch_package:/home/fabio_tdt/Documents/ros2_dataset_ws/install/berry_dataset:/home/fabio_tdt/Documents/ros2_dataset_ws/src/install/ur_simulator:/home/fabio_tdt/Documents/ros2_dataset_ws/src/install/realsense_streamer:/home/fabio_tdt/Documents/ros2_dataset_ws/src/install/launch_package:/home/fabio_tdt/Documents/ros2_dataset_ws/src/install/berry_dataset:/opt/ros/humble /usr/bin/cmake --build /home/fabio_tdt/Documents/ros2_dataset_ws/build/cartesian_controller_utilities -- -j8 -l8
[1.957s] Invoked command in '/home/fabio_tdt/Documents/ros2_dataset_ws/build/cartesian_controller_utilities' returned '0': CMAKE_PREFIX_PATH=/home/fabio_tdt/Documents/ros2_dataset_ws/install/ur_simulator:/home/fabio_tdt/Documents/ros2_dataset_ws/install/realsense_streamer:/home/fabio_tdt/Documents/ros2_dataset_ws/install/launch_package:/home/fabio_tdt/Documents/ros2_dataset_ws/install/berry_dataset:/home/fabio_tdt/Documents/ros2_dataset_ws/src/install/ur_simulator:/home/fabio_tdt/Documents/ros2_dataset_ws/src/install/realsense_streamer:/home/fabio_tdt/Documents/ros2_dataset_ws/src/install/launch_package:/home/fabio_tdt/Documents/ros2_dataset_ws/src/install/berry_dataset:/opt/ros/humble /usr/bin/cmake --build /home/fabio_tdt/Documents/ros2_dataset_ws/build/cartesian_controller_utilities -- -j8 -l8
[1.994s] Invoking command in '/home/fabio_tdt/Documents/ros2_dataset_ws/build/cartesian_controller_utilities': CMAKE_PREFIX_PATH=/home/fabio_tdt/Documents/ros2_dataset_ws/install/ur_simulator:/home/fabio_tdt/Documents/ros2_dataset_ws/install/realsense_streamer:/home/fabio_tdt/Documents/ros2_dataset_ws/install/launch_package:/home/fabio_tdt/Documents/ros2_dataset_ws/install/berry_dataset:/home/fabio_tdt/Documents/ros2_dataset_ws/src/install/ur_simulator:/home/fabio_tdt/Documents/ros2_dataset_ws/src/install/realsense_streamer:/home/fabio_tdt/Documents/ros2_dataset_ws/src/install/launch_package:/home/fabio_tdt/Documents/ros2_dataset_ws/src/install/berry_dataset:/opt/ros/humble /usr/bin/cmake --install /home/fabio_tdt/Documents/ros2_dataset_ws/build/cartesian_controller_utilities
[2.005s] -- Install configuration: ""
[2.006s] -- Execute custom install script
[2.009s] -- Up-to-date symlink: /home/fabio_tdt/Documents/ros2_dataset_ws/install/cartesian_controller_utilities/lib/cartesian_controller_utilities/buttons.py
[2.011s] -- Up-to-date symlink: /home/fabio_tdt/Documents/ros2_dataset_ws/install/cartesian_controller_utilities/lib/cartesian_controller_utilities/converter.py
[2.012s] -- Up-to-date symlink: /home/fabio_tdt/Documents/ros2_dataset_ws/install/cartesian_controller_utilities/lib/cartesian_controller_utilities/pose.py
[2.012s] -- Up-to-date symlink: /home/fabio_tdt/Documents/ros2_dataset_ws/install/cartesian_controller_utilities/share/cartesian_controller_utilities/etc/button_cmds.yaml
[2.012s] -- Up-to-date symlink: /home/fabio_tdt/Documents/ros2_dataset_ws/install/cartesian_controller_utilities/share/cartesian_controller_utilities/launch/spacenav.launch.py
[2.012s] -- Up-to-date symlink: /home/fabio_tdt/Documents/ros2_dataset_ws/install/cartesian_controller_utilities/share/cartesian_controller_utilities/launch/spacenav_buttons.launch.py
[2.012s] -- Up-to-date symlink: /home/fabio_tdt/Documents/ros2_dataset_ws/install/cartesian_controller_utilities/share/cartesian_controller_utilities/launch/spacenav_to_pose.launch.py
[2.012s] -- Up-to-date symlink: /home/fabio_tdt/Documents/ros2_dataset_ws/install/cartesian_controller_utilities/share/cartesian_controller_utilities/launch/spacenav_to_wrench.launch.py
[2.012s] -- Up-to-date symlink: /home/fabio_tdt/Documents/ros2_dataset_ws/install/cartesian_controller_utilities/share/ament_index/resource_index/package_run_dependencies/cartesian_controller_utilities
[2.012s] -- Up-to-date symlink: /home/fabio_tdt/Documents/ros2_dataset_ws/install/cartesian_controller_utilities/share/ament_index/resource_index/parent_prefix_path/cartesian_controller_utilities
[2.012s] -- Up-to-date symlink: /home/fabio_tdt/Documents/ros2_dataset_ws/install/cartesian_controller_utilities/share/cartesian_controller_utilities/environment/ament_prefix_path.sh
[2.012s] -- Up-to-date symlink: /home/fabio_tdt/Documents/ros2_dataset_ws/install/cartesian_controller_utilities/share/cartesian_controller_utilities/environment/ament_prefix_path.dsv
[2.013s] -- Up-to-date symlink: /home/fabio_tdt/Documents/ros2_dataset_ws/install/cartesian_controller_utilities/share/cartesian_controller_utilities/environment/path.sh
[2.013s] -- Up-to-date symlink: /home/fabio_tdt/Documents/ros2_dataset_ws/install/cartesian_controller_utilities/share/cartesian_controller_utilities/environment/path.dsv
[2.013s] -- Up-to-date symlink: /home/fabio_tdt/Documents/ros2_dataset_ws/install/cartesian_controller_utilities/share/cartesian_controller_utilities/local_setup.bash
[2.013s] -- Up-to-date symlink: /home/fabio_tdt/Documents/ros2_dataset_ws/install/cartesian_controller_utilities/share/cartesian_controller_utilities/local_setup.sh
[2.013s] -- Up-to-date symlink: /home/fabio_tdt/Documents/ros2_dataset_ws/install/cartesian_controller_utilities/share/cartesian_controller_utilities/local_setup.zsh
[2.013s] -- Up-to-date symlink: /home/fabio_tdt/Documents/ros2_dataset_ws/install/cartesian_controller_utilities/share/cartesian_controller_utilities/local_setup.dsv
[2.013s] -- Symlinking: /home/fabio_tdt/Documents/ros2_dataset_ws/install/cartesian_controller_utilities/share/cartesian_controller_utilities/package.dsv
[2.047s] -- Up-to-date symlink: /home/fabio_tdt/Documents/ros2_dataset_ws/install/cartesian_controller_utilities/share/ament_index/resource_index/packages/cartesian_controller_utilities
[2.048s] -- Up-to-date symlink: /home/fabio_tdt/Documents/ros2_dataset_ws/install/cartesian_controller_utilities/share/cartesian_controller_utilities/cmake/cartesian_controller_utilitiesConfig.cmake
[2.048s] -- Up-to-date symlink: /home/fabio_tdt/Documents/ros2_dataset_ws/install/cartesian_controller_utilities/share/cartesian_controller_utilities/cmake/cartesian_controller_utilitiesConfig-version.cmake
[2.048s] -- Up-to-date symlink: /home/fabio_tdt/Documents/ros2_dataset_ws/install/cartesian_controller_utilities/share/cartesian_controller_utilities/package.xml
[2.291s] Invoked command in '/home/fabio_tdt/Documents/ros2_dataset_ws/build/cartesian_controller_utilities' returned '0': CMAKE_PREFIX_PATH=/home/fabio_tdt/Documents/ros2_dataset_ws/install/ur_simulator:/home/fabio_tdt/Documents/ros2_dataset_ws/install/realsense_streamer:/home/fabio_tdt/Documents/ros2_dataset_ws/install/launch_package:/home/fabio_tdt/Documents/ros2_dataset_ws/install/berry_dataset:/home/fabio_tdt/Documents/ros2_dataset_ws/src/install/ur_simulator:/home/fabio_tdt/Documents/ros2_dataset_ws/src/install/realsense_streamer:/home/fabio_tdt/Documents/ros2_dataset_ws/src/install/launch_package:/home/fabio_tdt/Documents/ros2_dataset_ws/src/install/berry_dataset:/opt/ros/humble /usr/bin/cmake --install /home/fabio_tdt/Documents/ros2_dataset_ws/build/cartesian_controller_utilities
