running develop
running egg_info
creating ur_simulator.egg-info
writing ur_simulator.egg-info/PKG-INFO
writing dependency_links to ur_simulator.egg-info/dependency_links.txt
writing entry points to ur_simulator.egg-info/entry_points.txt
writing requirements to ur_simulator.egg-info/requires.txt
writing top-level names to ur_simulator.egg-info/top_level.txt
writing manifest file 'ur_simulator.egg-info/SOURCES.txt'
reading manifest file 'ur_simulator.egg-info/SOURCES.txt'
writing manifest file 'ur_simulator.egg-info/SOURCES.txt'
running build_ext
Creating /home/fabio_tdt/Documents/ros2_dataset_ws/src/install/ur_simulator/lib/python3.10/site-packages/ur-simulator.egg-link (link to .)
Installing ur_publisher script to /home/fabio_tdt/Documents/ros2_dataset_ws/src/install/ur_simulator/lib/ur_simulator

Installed /home/fabio_tdt/Documents/ros2_dataset_ws/src/build/ur_simulator
running install_data
creating /home/fabio_tdt/Documents/ros2_dataset_ws/src/install/ur_simulator/share/ament_index
creating /home/fabio_tdt/Documents/ros2_dataset_ws/src/install/ur_simulator/share/ament_index/resource_index
creating /home/fabio_tdt/Documents/ros2_dataset_ws/src/install/ur_simulator/share/ament_index/resource_index/packages
copying resource/ur_simulator -> /home/fabio_tdt/Documents/ros2_dataset_ws/src/install/ur_simulator/share/ament_index/resource_index/packages
copying package.xml -> /home/fabio_tdt/Documents/ros2_dataset_ws/src/install/ur_simulator/share/ur_simulator
