running develop
/usr/lib/python3/dist-packages/setuptools/command/easy_install.py:158: EasyInstallDeprecationWarning: easy_install command is deprecated. Use build and pip and other standards-based tools.
  warnings.warn(
/usr/lib/python3/dist-packages/setuptools/command/install.py:34: SetuptoolsDeprecationWarning: setup.py install is deprecated. Use build and pip and other standards-based tools.
  warnings.warn(
running egg_info
creating berry_dataset.egg-info
writing berry_dataset.egg-info/PKG-INFO
writing dependency_links to berry_dataset.egg-info/dependency_links.txt
writing entry points to berry_dataset.egg-info/entry_points.txt
writing requirements to berry_dataset.egg-info/requires.txt
writing top-level names to berry_dataset.egg-info/top_level.txt
writing manifest file 'berry_dataset.egg-info/SOURCES.txt'
reading manifest file 'berry_dataset.egg-info/SOURCES.txt'
writing manifest file 'berry_dataset.egg-info/SOURCES.txt'
running build_ext
Creating /home/fabio_tdt/Documents/ros2_dataset_ws/src/install/berry_dataset/lib/python3.10/site-packages/berry-dataset.egg-link (link to .)
Installing berry_dataset script to /home/fabio_tdt/Documents/ros2_dataset_ws/src/install/berry_dataset/lib/berry_dataset
Installing dataset_saver script to /home/fabio_tdt/Documents/ros2_dataset_ws/src/install/berry_dataset/lib/berry_dataset

Installed /home/fabio_tdt/Documents/ros2_dataset_ws/src/build/berry_dataset
running install_data
creating /home/fabio_tdt/Documents/ros2_dataset_ws/src/install/berry_dataset/share/ament_index
creating /home/fabio_tdt/Documents/ros2_dataset_ws/src/install/berry_dataset/share/ament_index/resource_index
creating /home/fabio_tdt/Documents/ros2_dataset_ws/src/install/berry_dataset/share/ament_index/resource_index/packages
copying resource/berry_dataset -> /home/fabio_tdt/Documents/ros2_dataset_ws/src/install/berry_dataset/share/ament_index/resource_index/packages
copying package.xml -> /home/fabio_tdt/Documents/ros2_dataset_ws/src/install/berry_dataset/share/berry_dataset
