[2.839s] Invoking command in '/home/fabio_tdt/Documents/ros2_dataset_ws/src/build/berry_dataset': PYTHONPATH=/home/fabio_tdt/Documents/ros2_dataset_ws/src/build/berry_dataset/prefix_override:/home/fabio_tdt/Documents/ros2_dataset_ws/src/install/berry_dataset/lib/python3.10/site-packages:${PYTHONPATH} /usr/bin/python3 setup.py develop --editable --build-directory /home/fabio_tdt/Documents/ros2_dataset_ws/src/build/berry_dataset/build --no-deps install_data
[4.026s] running develop
[4.031s] /usr/lib/python3/dist-packages/setuptools/command/easy_install.py:158: EasyInstallDeprecationWarning: easy_install command is deprecated. Use build and pip and other standards-based tools.
[4.031s]   warnings.warn(
[4.039s] /usr/lib/python3/dist-packages/setuptools/command/install.py:34: SetuptoolsDeprecationWarning: setup.py install is deprecated. Use build and pip and other standards-based tools.
[4.039s]   warnings.warn(
[4.565s] running egg_info
[4.565s] creating berry_dataset.egg-info
[4.566s] writing berry_dataset.egg-info/PKG-INFO
[4.567s] writing dependency_links to berry_dataset.egg-info/dependency_links.txt
[4.567s] writing entry points to berry_dataset.egg-info/entry_points.txt
[4.567s] writing requirements to berry_dataset.egg-info/requires.txt
[4.568s] writing top-level names to berry_dataset.egg-info/top_level.txt
[4.568s] writing manifest file 'berry_dataset.egg-info/SOURCES.txt'
[4.571s] reading manifest file 'berry_dataset.egg-info/SOURCES.txt'
[4.573s] writing manifest file 'berry_dataset.egg-info/SOURCES.txt'
[4.659s] running build_ext
[4.660s] Creating /home/fabio_tdt/Documents/ros2_dataset_ws/src/install/berry_dataset/lib/python3.10/site-packages/berry-dataset.egg-link (link to .)
[4.662s] Installing berry_dataset script to /home/fabio_tdt/Documents/ros2_dataset_ws/src/install/berry_dataset/lib/berry_dataset
[4.663s] Installing dataset_saver script to /home/fabio_tdt/Documents/ros2_dataset_ws/src/install/berry_dataset/lib/berry_dataset
[4.663s] 
[4.663s] Installed /home/fabio_tdt/Documents/ros2_dataset_ws/src/build/berry_dataset
[4.663s] running install_data
[4.664s] creating /home/fabio_tdt/Documents/ros2_dataset_ws/src/install/berry_dataset/share/ament_index
[4.664s] creating /home/fabio_tdt/Documents/ros2_dataset_ws/src/install/berry_dataset/share/ament_index/resource_index
[4.664s] creating /home/fabio_tdt/Documents/ros2_dataset_ws/src/install/berry_dataset/share/ament_index/resource_index/packages
[4.664s] copying resource/berry_dataset -> /home/fabio_tdt/Documents/ros2_dataset_ws/src/install/berry_dataset/share/ament_index/resource_index/packages
[4.665s] copying package.xml -> /home/fabio_tdt/Documents/ros2_dataset_ws/src/install/berry_dataset/share/berry_dataset
[4.744s] Invoked command in '/home/fabio_tdt/Documents/ros2_dataset_ws/src/build/berry_dataset' returned '0': PYTHONPATH=/home/fabio_tdt/Documents/ros2_dataset_ws/src/build/berry_dataset/prefix_override:/home/fabio_tdt/Documents/ros2_dataset_ws/src/install/berry_dataset/lib/python3.10/site-packages:${PYTHONPATH} /usr/bin/python3 setup.py develop --editable --build-directory /home/fabio_tdt/Documents/ros2_dataset_ws/src/build/berry_dataset/build --no-deps install_data
