[1.615s] Invoking command in '/home/fabio_tdt/Documents/ros2_dataset_ws/build/realsense_streamer': PYTHONPATH=/home/fabio_tdt/Documents/ros2_dataset_ws/build/realsense_streamer/prefix_override:/home/fabio_tdt/Documents/ros2_dataset_ws/install/realsense_streamer/lib/python3.10/site-packages:${PYTHONPATH} /usr/bin/python3 setup.py develop --editable --build-directory /home/fabio_tdt/Documents/ros2_dataset_ws/build/realsense_streamer/build --no-deps install_data
[1.852s] running develop
[1.852s] /usr/lib/python3/dist-packages/setuptools/command/easy_install.py:158: EasyInstallDeprecationWarning: easy_install command is deprecated. Use build and pip and other standards-based tools.
[1.852s]   warnings.warn(
[1.853s] /usr/lib/python3/dist-packages/setuptools/command/install.py:34: SetuptoolsDeprecationWarning: setup.py install is deprecated. Use build and pip and other standards-based tools.
[1.853s]   warnings.warn(
[2.067s] running egg_info
[2.067s] writing realsense_streamer.egg-info/PKG-INFO
[2.069s] writing dependency_links to realsense_streamer.egg-info/dependency_links.txt
[2.069s] writing entry points to realsense_streamer.egg-info/entry_points.txt
[2.069s] writing requirements to realsense_streamer.egg-info/requires.txt
[2.069s] writing top-level names to realsense_streamer.egg-info/top_level.txt
[2.070s] reading manifest file 'realsense_streamer.egg-info/SOURCES.txt'
[2.077s] writing manifest file 'realsense_streamer.egg-info/SOURCES.txt'
[2.148s] running build_ext
[2.148s] Creating /home/fabio_tdt/Documents/ros2_dataset_ws/install/realsense_streamer/lib/python3.10/site-packages/realsense-streamer.egg-link (link to .)
[2.150s] Installing RealSenseStreamer script to /home/fabio_tdt/Documents/ros2_dataset_ws/install/realsense_streamer/lib/realsense_streamer
[2.150s] 
[2.150s] Installed /home/fabio_tdt/Documents/ros2_dataset_ws/build/realsense_streamer
[2.150s] running install_data
[2.285s] Invoked command in '/home/fabio_tdt/Documents/ros2_dataset_ws/build/realsense_streamer' returned '0': PYTHONPATH=/home/fabio_tdt/Documents/ros2_dataset_ws/build/realsense_streamer/prefix_override:/home/fabio_tdt/Documents/ros2_dataset_ws/install/realsense_streamer/lib/python3.10/site-packages:${PYTHONPATH} /usr/bin/python3 setup.py develop --editable --build-directory /home/fabio_tdt/Documents/ros2_dataset_ws/build/realsense_streamer/build --no-deps install_data
