[1.548s] Invoking command in '/home/fabio_tdt/Documents/blackberry_pose/ros2_dataset_ws/build/realsense_streamer': PYTHONPATH=/home/fabio_tdt/Documents/blackberry_pose/ros2_dataset_ws/build/realsense_streamer/prefix_override:/home/fabio_tdt/Documents/blackberry_pose/ros2_dataset_ws/install/realsense_streamer/lib/python3.10/site-packages:${PYTHONPATH} /usr/bin/python3 setup.py develop --editable --build-directory /home/fabio_tdt/Documents/blackberry_pose/ros2_dataset_ws/build/realsense_streamer/build --no-deps install_data
[1.791s] running develop
[1.792s] /usr/lib/python3/dist-packages/setuptools/command/easy_install.py:158: EasyInstallDeprecationWarning: easy_install command is deprecated. Use build and pip and other standards-based tools.
[1.792s]   warnings.warn(
[1.793s] /usr/lib/python3/dist-packages/setuptools/command/install.py:34: SetuptoolsDeprecationWarning: setup.py install is deprecated. Use build and pip and other standards-based tools.
[1.793s]   warnings.warn(
[1.960s] running egg_info
[1.961s] creating realsense_streamer.egg-info
[1.961s] writing realsense_streamer.egg-info/PKG-INFO
[1.961s] writing dependency_links to realsense_streamer.egg-info/dependency_links.txt
[1.961s] writing entry points to realsense_streamer.egg-info/entry_points.txt
[1.961s] writing requirements to realsense_streamer.egg-info/requires.txt
[1.961s] writing top-level names to realsense_streamer.egg-info/top_level.txt
[1.961s] writing manifest file 'realsense_streamer.egg-info/SOURCES.txt'
[1.963s] reading manifest file 'realsense_streamer.egg-info/SOURCES.txt'
[1.963s] writing manifest file 'realsense_streamer.egg-info/SOURCES.txt'
[1.997s] running build_ext
[1.997s] Creating /home/fabio_tdt/Documents/blackberry_pose/ros2_dataset_ws/install/realsense_streamer/lib/python3.10/site-packages/realsense-streamer.egg-link (link to .)
[1.998s] Installing video_stream script to /home/fabio_tdt/Documents/blackberry_pose/ros2_dataset_ws/install/realsense_streamer/lib/realsense_streamer
[1.998s] 
[1.999s] Installed /home/fabio_tdt/Documents/blackberry_pose/ros2_dataset_ws/build/realsense_streamer
[1.999s] running install_data
[1.999s] creating /home/fabio_tdt/Documents/blackberry_pose/ros2_dataset_ws/install/realsense_streamer/share/ament_index
[1.999s] creating /home/fabio_tdt/Documents/blackberry_pose/ros2_dataset_ws/install/realsense_streamer/share/ament_index/resource_index
[1.999s] creating /home/fabio_tdt/Documents/blackberry_pose/ros2_dataset_ws/install/realsense_streamer/share/ament_index/resource_index/packages
[1.999s] copying resource/realsense_streamer -> /home/fabio_tdt/Documents/blackberry_pose/ros2_dataset_ws/install/realsense_streamer/share/ament_index/resource_index/packages
[1.999s] copying package.xml -> /home/fabio_tdt/Documents/blackberry_pose/ros2_dataset_ws/install/realsense_streamer/share/realsense_streamer
[2.108s] Invoked command in '/home/fabio_tdt/Documents/blackberry_pose/ros2_dataset_ws/build/realsense_streamer' returned '0': PYTHONPATH=/home/fabio_tdt/Documents/blackberry_pose/ros2_dataset_ws/build/realsense_streamer/prefix_override:/home/fabio_tdt/Documents/blackberry_pose/ros2_dataset_ws/install/realsense_streamer/lib/python3.10/site-packages:${PYTHONPATH} /usr/bin/python3 setup.py develop --editable --build-directory /home/fabio_tdt/Documents/blackberry_pose/ros2_dataset_ws/build/realsense_streamer/build --no-deps install_data
