running develop
running egg_info
creating berry_dataset.egg-info
writing berry_dataset.egg-info/PKG-INFO
writing dependency_links to berry_dataset.egg-info/dependency_links.txt
writing entry points to berry_dataset.egg-info/entry_points.txt
writing requirements to berry_dataset.egg-info/requires.txt
writing top-level names to berry_dataset.egg-info/top_level.txt
writing manifest file 'berry_dataset.egg-info/SOURCES.txt'
reading manifest file 'berry_dataset.egg-info/SOURCES.txt'
writing manifest file 'berry_dataset.egg-info/SOURCES.txt'
running build_ext
Creating /home/fabio_tdt/Documents/blackberry_pose/ros2_dataset_ws/install/berry_dataset/lib/python3.10/site-packages/berry-dataset.egg-link (link to .)
Installing berry_dataset = berry_dataset.berry_dataset:mainsave_data script to /home/fabio_tdt/Documents/blackberry_pose/ros2_dataset_ws/install/berry_dataset/lib/berry_dataset

Installed /home/fabio_tdt/Documents/blackberry_pose/ros2_dataset_ws/build/berry_dataset
running install_data
creating /home/fabio_tdt/Documents/blackberry_pose/ros2_dataset_ws/install/berry_dataset/share/ament_index
creating /home/fabio_tdt/Documents/blackberry_pose/ros2_dataset_ws/install/berry_dataset/share/ament_index/resource_index
creating /home/fabio_tdt/Documents/blackberry_pose/ros2_dataset_ws/install/berry_dataset/share/ament_index/resource_index/packages
copying resource/berry_dataset -> /home/fabio_tdt/Documents/blackberry_pose/ros2_dataset_ws/install/berry_dataset/share/ament_index/resource_index/packages
copying package.xml -> /home/fabio_tdt/Documents/blackberry_pose/ros2_dataset_ws/install/berry_dataset/share/berry_dataset
