[1.599s] Invoking command in '/home/fabio_tdt/Documents/blackberry_pose/ros2_dataset_ws/build/berry_dataset': PYTHONPATH=/home/fabio_tdt/Documents/blackberry_pose/ros2_dataset_ws/build/berry_dataset/prefix_override:/home/fabio_tdt/Documents/blackberry_pose/ros2_dataset_ws/install/berry_dataset/lib/python3.10/site-packages:${PYTHONPATH} /usr/bin/python3 setup.py develop --editable --build-directory /home/fabio_tdt/Documents/blackberry_pose/ros2_dataset_ws/build/berry_dataset/build --no-deps install_data
[1.853s] running develop
[1.853s] /usr/lib/python3/dist-packages/setuptools/command/easy_install.py:158: EasyInstallDeprecationWarning: easy_install command is deprecated. Use build and pip and other standards-based tools.
[1.853s]   warnings.warn(
[1.854s] /usr/lib/python3/dist-packages/setuptools/command/install.py:34: SetuptoolsDeprecationWarning: setup.py install is deprecated. Use build and pip and other standards-based tools.
[1.854s]   warnings.warn(
[2.013s] running egg_info
[2.013s] creating berry_dataset.egg-info
[2.014s] writing berry_dataset.egg-info/PKG-INFO
[2.014s] writing dependency_links to berry_dataset.egg-info/dependency_links.txt
[2.014s] writing entry points to berry_dataset.egg-info/entry_points.txt
[2.014s] writing requirements to berry_dataset.egg-info/requires.txt
[2.014s] writing top-level names to berry_dataset.egg-info/top_level.txt
[2.014s] writing manifest file 'berry_dataset.egg-info/SOURCES.txt'
[2.016s] reading manifest file 'berry_dataset.egg-info/SOURCES.txt'
[2.016s] writing manifest file 'berry_dataset.egg-info/SOURCES.txt'
[2.050s] running build_ext
[2.051s] Creating /home/fabio_tdt/Documents/blackberry_pose/ros2_dataset_ws/install/berry_dataset/lib/python3.10/site-packages/berry-dataset.egg-link (link to .)
[2.051s] Installing berry_dataset = berry_dataset.berry_dataset:mainsave_data script to /home/fabio_tdt/Documents/blackberry_pose/ros2_dataset_ws/install/berry_dataset/lib/berry_dataset
[2.052s] 
[2.052s] Installed /home/fabio_tdt/Documents/blackberry_pose/ros2_dataset_ws/build/berry_dataset
[2.052s] running install_data
[2.052s] creating /home/fabio_tdt/Documents/blackberry_pose/ros2_dataset_ws/install/berry_dataset/share/ament_index
[2.052s] creating /home/fabio_tdt/Documents/blackberry_pose/ros2_dataset_ws/install/berry_dataset/share/ament_index/resource_index
[2.052s] creating /home/fabio_tdt/Documents/blackberry_pose/ros2_dataset_ws/install/berry_dataset/share/ament_index/resource_index/packages
[2.052s] copying resource/berry_dataset -> /home/fabio_tdt/Documents/blackberry_pose/ros2_dataset_ws/install/berry_dataset/share/ament_index/resource_index/packages
[2.052s] copying package.xml -> /home/fabio_tdt/Documents/blackberry_pose/ros2_dataset_ws/install/berry_dataset/share/berry_dataset
[2.164s] Invoked command in '/home/fabio_tdt/Documents/blackberry_pose/ros2_dataset_ws/build/berry_dataset' returned '0': PYTHONPATH=/home/fabio_tdt/Documents/blackberry_pose/ros2_dataset_ws/build/berry_dataset/prefix_override:/home/fabio_tdt/Documents/blackberry_pose/ros2_dataset_ws/install/berry_dataset/lib/python3.10/site-packages:${PYTHONPATH} /usr/bin/python3 setup.py develop --editable --build-directory /home/fabio_tdt/Documents/blackberry_pose/ros2_dataset_ws/build/berry_dataset/build --no-deps install_data
