[2.639s] Invoking command in '/home/fabio_tdt/Documents/ros2_dataset_ws/build/berry_dataset': PYTHONPATH=/home/fabio_tdt/Documents/ros2_dataset_ws/build/berry_dataset/prefix_override:/home/fabio_tdt/Documents/ros2_dataset_ws/install/berry_dataset/lib/python3.10/site-packages:${PYTHONPATH} /usr/bin/python3 setup.py develop --editable --build-directory /home/fabio_tdt/Documents/ros2_dataset_ws/build/berry_dataset/build --no-deps install_data
[3.603s] running develop
[3.603s] /usr/lib/python3/dist-packages/setuptools/command/easy_install.py:158: EasyInstallDeprecationWarning: easy_install command is deprecated. Use build and pip and other standards-based tools.
[3.603s]   warnings.warn(
[3.621s] /usr/lib/python3/dist-packages/setuptools/command/install.py:34: SetuptoolsDeprecationWarning: setup.py install is deprecated. Use build and pip and other standards-based tools.
[3.621s]   warnings.warn(
[4.543s] running egg_info
[4.544s] creating berry_dataset.egg-info
[4.544s] writing berry_dataset.egg-info/PKG-INFO
[4.548s] writing dependency_links to berry_dataset.egg-info/dependency_links.txt
[4.548s] writing entry points to berry_dataset.egg-info/entry_points.txt
[4.548s] writing requirements to berry_dataset.egg-info/requires.txt
[4.549s] writing top-level names to berry_dataset.egg-info/top_level.txt
[4.549s] writing manifest file 'berry_dataset.egg-info/SOURCES.txt'
[4.556s] reading manifest file 'berry_dataset.egg-info/SOURCES.txt'
[4.558s] writing manifest file 'berry_dataset.egg-info/SOURCES.txt'
[4.696s] running build_ext
[4.696s] Creating /home/fabio_tdt/Documents/ros2_dataset_ws/install/berry_dataset/lib/python3.10/site-packages/berry-dataset.egg-link (link to .)
[4.707s] Installing berry_dataset script to /home/fabio_tdt/Documents/ros2_dataset_ws/install/berry_dataset/lib/berry_dataset
[4.707s] Installing dataset_saver script to /home/fabio_tdt/Documents/ros2_dataset_ws/install/berry_dataset/lib/berry_dataset
[4.707s] 
[4.708s] Installed /home/fabio_tdt/Documents/ros2_dataset_ws/build/berry_dataset
[4.708s] running install_data
[4.708s] creating /home/fabio_tdt/Documents/ros2_dataset_ws/install/berry_dataset/share/ament_index
[4.708s] creating /home/fabio_tdt/Documents/ros2_dataset_ws/install/berry_dataset/share/ament_index/resource_index
[4.708s] creating /home/fabio_tdt/Documents/ros2_dataset_ws/install/berry_dataset/share/ament_index/resource_index/packages
[4.708s] copying resource/berry_dataset -> /home/fabio_tdt/Documents/ros2_dataset_ws/install/berry_dataset/share/ament_index/resource_index/packages
[4.708s] copying package.xml -> /home/fabio_tdt/Documents/ros2_dataset_ws/install/berry_dataset/share/berry_dataset
[4.876s] Invoked command in '/home/fabio_tdt/Documents/ros2_dataset_ws/build/berry_dataset' returned '0': PYTHONPATH=/home/fabio_tdt/Documents/ros2_dataset_ws/build/berry_dataset/prefix_override:/home/fabio_tdt/Documents/ros2_dataset_ws/install/berry_dataset/lib/python3.10/site-packages:${PYTHONPATH} /usr/bin/python3 setup.py develop --editable --build-directory /home/fabio_tdt/Documents/ros2_dataset_ws/build/berry_dataset/build --no-deps install_data
