[1.030s] DEBUG:colcon:Command line arguments: ['/usr/bin/colcon', 'build', '--symlink-install']
[1.030s] DEBUG:colcon:Parsed command line arguments: Namespace(log_base=None, log_level=None, verb_name='build', build_base='build', install_base='install', merge_install=False, symlink_install=True, test_result_base=None, continue_on_error=False, executor='parallel', parallel_workers=8, event_handlers=None, ignore_user_meta=False, metas=['./colcon.meta'], base_paths=['.'], packages_ignore=None, packages_ignore_regex=None, paths=None, packages_up_to=None, packages_up_to_regex=None, packages_above=None, packages_above_and_dependencies=None, packages_above_depth=None, packages_select_by_dep=None, packages_skip_by_dep=None, packages_skip_up_to=None, packages_select_build_failed=False, packages_skip_build_finished=False, packages_select_test_failures=False, packages_skip_test_passed=False, packages_select=None, packages_skip=None, packages_select_regex=None, packages_skip_regex=None, packages_start=None, packages_end=None, allow_overriding=[], cmake_args=None, cmake_target=None, cmake_target_skip_unavailable=False, cmake_clean_cache=False, cmake_clean_first=False, cmake_force_configure=False, ament_cmake_args=None, catkin_cmake_args=None, catkin_skip_building_tests=False, mixin_files=None, mixin=None, verb_parser=<colcon_mixin.mixin.mixin_argument.MixinArgumentDecorator object at 0x760ddb188700>, verb_extension=<colcon_core.verb.build.BuildVerb object at 0x760ddb18a800>, main=<bound method BuildVerb.main of <colcon_core.verb.build.BuildVerb object at 0x760ddb18a800>>, mixin_verb=('build',))
[1.078s] Level 1:colcon.colcon_core.package_discovery:discover_packages(colcon_meta) check parameters
[1.078s] Level 1:colcon.colcon_core.package_discovery:discover_packages(recursive) check parameters
[1.078s] Level 1:colcon.colcon_core.package_discovery:discover_packages(ignore) check parameters
[1.078s] Level 1:colcon.colcon_core.package_discovery:discover_packages(path) check parameters
[1.079s] Level 1:colcon.colcon_core.package_discovery:discover_packages(colcon_meta) discover
[1.079s] Level 1:colcon.colcon_core.package_discovery:discover_packages(recursive) discover
[1.079s] INFO:colcon.colcon_core.package_discovery:Crawling recursively for packages in '/home/fabio_tdt/Documents/blackberry_pose/ros2_dataset_ws'
[1.079s] Level 1:colcon.colcon_core.package_identification:_identify(.) by extensions ['ignore', 'ignore_ament_install']
[1.079s] Level 1:colcon.colcon_core.package_identification:_identify(.) by extension 'ignore'
[1.079s] Level 1:colcon.colcon_core.package_identification:_identify(.) by extension 'ignore_ament_install'
[1.079s] Level 1:colcon.colcon_core.package_identification:_identify(.) by extensions ['colcon_pkg']
[1.079s] Level 1:colcon.colcon_core.package_identification:_identify(.) by extension 'colcon_pkg'
[1.079s] Level 1:colcon.colcon_core.package_identification:_identify(.) by extensions ['colcon_meta']
[1.079s] Level 1:colcon.colcon_core.package_identification:_identify(.) by extension 'colcon_meta'
[1.079s] Level 1:colcon.colcon_core.package_identification:_identify(.) by extensions ['ros']
[1.079s] Level 1:colcon.colcon_core.package_identification:_identify(.) by extension 'ros'
[1.087s] Level 1:colcon.colcon_core.package_identification:_identify(.) by extensions ['cmake', 'python']
[1.087s] Level 1:colcon.colcon_core.package_identification:_identify(.) by extension 'cmake'
[1.087s] Level 1:colcon.colcon_core.package_identification:_identify(.) by extension 'python'
[1.087s] Level 1:colcon.colcon_core.package_identification:_identify(.) by extensions ['python_setup_py']
[1.087s] Level 1:colcon.colcon_core.package_identification:_identify(.) by extension 'python_setup_py'
[1.087s] Level 1:colcon.colcon_core.package_identification:_identify(build) by extensions ['ignore', 'ignore_ament_install']
[1.087s] Level 1:colcon.colcon_core.package_identification:_identify(build) by extension 'ignore'
[1.087s] Level 1:colcon.colcon_core.package_identification:_identify(build) ignored
[1.087s] Level 1:colcon.colcon_core.package_identification:_identify(install) by extensions ['ignore', 'ignore_ament_install']
[1.088s] Level 1:colcon.colcon_core.package_identification:_identify(install) by extension 'ignore'
[1.088s] Level 1:colcon.colcon_core.package_identification:_identify(install) ignored
[1.088s] Level 1:colcon.colcon_core.package_identification:_identify(log) by extensions ['ignore', 'ignore_ament_install']
[1.088s] Level 1:colcon.colcon_core.package_identification:_identify(log) by extension 'ignore'
[1.088s] Level 1:colcon.colcon_core.package_identification:_identify(log) ignored
[1.088s] Level 1:colcon.colcon_core.package_identification:_identify(src) by extensions ['ignore', 'ignore_ament_install']
[1.088s] Level 1:colcon.colcon_core.package_identification:_identify(src) by extension 'ignore'
[1.088s] Level 1:colcon.colcon_core.package_identification:_identify(src) by extension 'ignore_ament_install'
[1.088s] Level 1:colcon.colcon_core.package_identification:_identify(src) by extensions ['colcon_pkg']
[1.088s] Level 1:colcon.colcon_core.package_identification:_identify(src) by extension 'colcon_pkg'
[1.088s] Level 1:colcon.colcon_core.package_identification:_identify(src) by extensions ['colcon_meta']
[1.088s] Level 1:colcon.colcon_core.package_identification:_identify(src) by extension 'colcon_meta'
[1.088s] Level 1:colcon.colcon_core.package_identification:_identify(src) by extensions ['ros']
[1.088s] Level 1:colcon.colcon_core.package_identification:_identify(src) by extension 'ros'
[1.088s] Level 1:colcon.colcon_core.package_identification:_identify(src) by extensions ['cmake', 'python']
[1.088s] Level 1:colcon.colcon_core.package_identification:_identify(src) by extension 'cmake'
[1.088s] Level 1:colcon.colcon_core.package_identification:_identify(src) by extension 'python'
[1.088s] Level 1:colcon.colcon_core.package_identification:_identify(src) by extensions ['python_setup_py']
[1.088s] Level 1:colcon.colcon_core.package_identification:_identify(src) by extension 'python_setup_py'
[1.088s] Level 1:colcon.colcon_core.package_identification:_identify(src/berry_dataset) by extensions ['ignore', 'ignore_ament_install']
[1.088s] Level 1:colcon.colcon_core.package_identification:_identify(src/berry_dataset) by extension 'ignore'
[1.088s] Level 1:colcon.colcon_core.package_identification:_identify(src/berry_dataset) by extension 'ignore_ament_install'
[1.088s] Level 1:colcon.colcon_core.package_identification:_identify(src/berry_dataset) by extensions ['colcon_pkg']
[1.088s] Level 1:colcon.colcon_core.package_identification:_identify(src/berry_dataset) by extension 'colcon_pkg'
[1.088s] Level 1:colcon.colcon_core.package_identification:_identify(src/berry_dataset) by extensions ['colcon_meta']
[1.088s] Level 1:colcon.colcon_core.package_identification:_identify(src/berry_dataset) by extension 'colcon_meta'
[1.088s] Level 1:colcon.colcon_core.package_identification:_identify(src/berry_dataset) by extensions ['ros']
[1.088s] Level 1:colcon.colcon_core.package_identification:_identify(src/berry_dataset) by extension 'ros'
[1.091s] DEBUG:colcon.colcon_core.package_identification:Package 'src/berry_dataset' with type 'ros.ament_python' and name 'berry_dataset'
[1.091s] Level 1:colcon.colcon_core.package_identification:_identify(src/launch_package) by extensions ['ignore', 'ignore_ament_install']
[1.091s] Level 1:colcon.colcon_core.package_identification:_identify(src/launch_package) by extension 'ignore'
[1.091s] Level 1:colcon.colcon_core.package_identification:_identify(src/launch_package) by extension 'ignore_ament_install'
[1.091s] Level 1:colcon.colcon_core.package_identification:_identify(src/launch_package) by extensions ['colcon_pkg']
[1.091s] Level 1:colcon.colcon_core.package_identification:_identify(src/launch_package) by extension 'colcon_pkg'
[1.091s] Level 1:colcon.colcon_core.package_identification:_identify(src/launch_package) by extensions ['colcon_meta']
[1.091s] Level 1:colcon.colcon_core.package_identification:_identify(src/launch_package) by extension 'colcon_meta'
[1.091s] Level 1:colcon.colcon_core.package_identification:_identify(src/launch_package) by extensions ['ros']
[1.091s] Level 1:colcon.colcon_core.package_identification:_identify(src/launch_package) by extension 'ros'
[1.092s] DEBUG:colcon.colcon_core.package_identification:Package 'src/launch_package' with type 'ros.ament_python' and name 'launch_package'
[1.092s] Level 1:colcon.colcon_core.package_identification:_identify(src/realsense_streamer) by extensions ['ignore', 'ignore_ament_install']
[1.092s] Level 1:colcon.colcon_core.package_identification:_identify(src/realsense_streamer) by extension 'ignore'
[1.092s] Level 1:colcon.colcon_core.package_identification:_identify(src/realsense_streamer) by extension 'ignore_ament_install'
[1.092s] Level 1:colcon.colcon_core.package_identification:_identify(src/realsense_streamer) by extensions ['colcon_pkg']
[1.092s] Level 1:colcon.colcon_core.package_identification:_identify(src/realsense_streamer) by extension 'colcon_pkg'
[1.092s] Level 1:colcon.colcon_core.package_identification:_identify(src/realsense_streamer) by extensions ['colcon_meta']
[1.092s] Level 1:colcon.colcon_core.package_identification:_identify(src/realsense_streamer) by extension 'colcon_meta'
[1.092s] Level 1:colcon.colcon_core.package_identification:_identify(src/realsense_streamer) by extensions ['ros']
[1.092s] Level 1:colcon.colcon_core.package_identification:_identify(src/realsense_streamer) by extension 'ros'
[1.093s] DEBUG:colcon.colcon_core.package_identification:Package 'src/realsense_streamer' with type 'ros.ament_python' and name 'realsense_streamer'
[1.093s] Level 1:colcon.colcon_core.package_identification:_identify(src/ur_simulator) by extensions ['ignore', 'ignore_ament_install']
[1.093s] Level 1:colcon.colcon_core.package_identification:_identify(src/ur_simulator) by extension 'ignore'
[1.093s] Level 1:colcon.colcon_core.package_identification:_identify(src/ur_simulator) by extension 'ignore_ament_install'
[1.093s] Level 1:colcon.colcon_core.package_identification:_identify(src/ur_simulator) by extensions ['colcon_pkg']
[1.093s] Level 1:colcon.colcon_core.package_identification:_identify(src/ur_simulator) by extension 'colcon_pkg'
[1.093s] Level 1:colcon.colcon_core.package_identification:_identify(src/ur_simulator) by extensions ['colcon_meta']
[1.093s] Level 1:colcon.colcon_core.package_identification:_identify(src/ur_simulator) by extension 'colcon_meta'
[1.093s] Level 1:colcon.colcon_core.package_identification:_identify(src/ur_simulator) by extensions ['ros']
[1.093s] Level 1:colcon.colcon_core.package_identification:_identify(src/ur_simulator) by extension 'ros'
[1.094s] DEBUG:colcon.colcon_core.package_identification:Package 'src/ur_simulator' with type 'ros.ament_python' and name 'ur_simulator'
[1.094s] Level 1:colcon.colcon_core.package_discovery:discover_packages(recursive) using defaults
[1.094s] Level 1:colcon.colcon_core.package_discovery:discover_packages(ignore) discover
[1.094s] Level 1:colcon.colcon_core.package_discovery:discover_packages(ignore) using defaults
[1.094s] Level 1:colcon.colcon_core.package_discovery:discover_packages(path) discover
[1.094s] Level 1:colcon.colcon_core.package_discovery:discover_packages(path) using defaults
[1.169s] Level 1:colcon.colcon_core.package_discovery:discover_packages(prefix_path) check parameters
[1.169s] Level 1:colcon.colcon_core.package_discovery:discover_packages(prefix_path) discover
[1.195s] DEBUG:colcon.colcon_installed_package_information.package_discovery:Found 356 installed packages in /opt/ros/humble
[1.196s] Level 1:colcon.colcon_core.package_discovery:discover_packages(prefix_path) using defaults
[1.277s] Level 5:colcon.colcon_core.verb:set package 'berry_dataset' build argument 'cmake_args' from command line to 'None'
[1.277s] Level 5:colcon.colcon_core.verb:set package 'berry_dataset' build argument 'cmake_target' from command line to 'None'
[1.277s] Level 5:colcon.colcon_core.verb:set package 'berry_dataset' build argument 'cmake_target_skip_unavailable' from command line to 'False'
[1.277s] Level 5:colcon.colcon_core.verb:set package 'berry_dataset' build argument 'cmake_clean_cache' from command line to 'False'
[1.277s] Level 5:colcon.colcon_core.verb:set package 'berry_dataset' build argument 'cmake_clean_first' from command line to 'False'
[1.277s] Level 5:colcon.colcon_core.verb:set package 'berry_dataset' build argument 'cmake_force_configure' from command line to 'False'
[1.277s] Level 5:colcon.colcon_core.verb:set package 'berry_dataset' build argument 'ament_cmake_args' from command line to 'None'
[1.278s] Level 5:colcon.colcon_core.verb:set package 'berry_dataset' build argument 'catkin_cmake_args' from command line to 'None'
[1.278s] Level 5:colcon.colcon_core.verb:set package 'berry_dataset' build argument 'catkin_skip_building_tests' from command line to 'False'
[1.278s] DEBUG:colcon.colcon_core.verb:Building package 'berry_dataset' with the following arguments: {'ament_cmake_args': None, 'build_base': '/home/fabio_tdt/Documents/blackberry_pose/ros2_dataset_ws/build/berry_dataset', 'catkin_cmake_args': None, 'catkin_skip_building_tests': False, 'cmake_args': None, 'cmake_clean_cache': False, 'cmake_clean_first': False, 'cmake_force_configure': False, 'cmake_target': None, 'cmake_target_skip_unavailable': False, 'install_base': '/home/fabio_tdt/Documents/blackberry_pose/ros2_dataset_ws/install/berry_dataset', 'merge_install': False, 'path': '/home/fabio_tdt/Documents/blackberry_pose/ros2_dataset_ws/src/berry_dataset', 'symlink_install': True, 'test_result_base': None}
[1.290s] Level 5:colcon.colcon_core.verb:set package 'launch_package' build argument 'cmake_args' from command line to 'None'
[1.290s] Level 5:colcon.colcon_core.verb:set package 'launch_package' build argument 'cmake_target' from command line to 'None'
[1.290s] Level 5:colcon.colcon_core.verb:set package 'launch_package' build argument 'cmake_target_skip_unavailable' from command line to 'False'
[1.290s] Level 5:colcon.colcon_core.verb:set package 'launch_package' build argument 'cmake_clean_cache' from command line to 'False'
[1.290s] Level 5:colcon.colcon_core.verb:set package 'launch_package' build argument 'cmake_clean_first' from command line to 'False'
[1.290s] Level 5:colcon.colcon_core.verb:set package 'launch_package' build argument 'cmake_force_configure' from command line to 'False'
[1.290s] Level 5:colcon.colcon_core.verb:set package 'launch_package' build argument 'ament_cmake_args' from command line to 'None'
[1.290s] Level 5:colcon.colcon_core.verb:set package 'launch_package' build argument 'catkin_cmake_args' from command line to 'None'
[1.290s] Level 5:colcon.colcon_core.verb:set package 'launch_package' build argument 'catkin_skip_building_tests' from command line to 'False'
[1.290s] DEBUG:colcon.colcon_core.verb:Building package 'launch_package' with the following arguments: {'ament_cmake_args': None, 'build_base': '/home/fabio_tdt/Documents/blackberry_pose/ros2_dataset_ws/build/launch_package', 'catkin_cmake_args': None, 'catkin_skip_building_tests': False, 'cmake_args': None, 'cmake_clean_cache': False, 'cmake_clean_first': False, 'cmake_force_configure': False, 'cmake_target': None, 'cmake_target_skip_unavailable': False, 'install_base': '/home/fabio_tdt/Documents/blackberry_pose/ros2_dataset_ws/install/launch_package', 'merge_install': False, 'path': '/home/fabio_tdt/Documents/blackberry_pose/ros2_dataset_ws/src/launch_package', 'symlink_install': True, 'test_result_base': None}
[1.304s] Level 5:colcon.colcon_core.verb:set package 'realsense_streamer' build argument 'cmake_args' from command line to 'None'
[1.304s] Level 5:colcon.colcon_core.verb:set package 'realsense_streamer' build argument 'cmake_target' from command line to 'None'
[1.304s] Level 5:colcon.colcon_core.verb:set package 'realsense_streamer' build argument 'cmake_target_skip_unavailable' from command line to 'False'
[1.304s] Level 5:colcon.colcon_core.verb:set package 'realsense_streamer' build argument 'cmake_clean_cache' from command line to 'False'
[1.304s] Level 5:colcon.colcon_core.verb:set package 'realsense_streamer' build argument 'cmake_clean_first' from command line to 'False'
[1.304s] Level 5:colcon.colcon_core.verb:set package 'realsense_streamer' build argument 'cmake_force_configure' from command line to 'False'
[1.304s] Level 5:colcon.colcon_core.verb:set package 'realsense_streamer' build argument 'ament_cmake_args' from command line to 'None'
[1.304s] Level 5:colcon.colcon_core.verb:set package 'realsense_streamer' build argument 'catkin_cmake_args' from command line to 'None'
[1.304s] Level 5:colcon.colcon_core.verb:set package 'realsense_streamer' build argument 'catkin_skip_building_tests' from command line to 'False'
[1.304s] DEBUG:colcon.colcon_core.verb:Building package 'realsense_streamer' with the following arguments: {'ament_cmake_args': None, 'build_base': '/home/fabio_tdt/Documents/blackberry_pose/ros2_dataset_ws/build/realsense_streamer', 'catkin_cmake_args': None, 'catkin_skip_building_tests': False, 'cmake_args': None, 'cmake_clean_cache': False, 'cmake_clean_first': False, 'cmake_force_configure': False, 'cmake_target': None, 'cmake_target_skip_unavailable': False, 'install_base': '/home/fabio_tdt/Documents/blackberry_pose/ros2_dataset_ws/install/realsense_streamer', 'merge_install': False, 'path': '/home/fabio_tdt/Documents/blackberry_pose/ros2_dataset_ws/src/realsense_streamer', 'symlink_install': True, 'test_result_base': None}
[1.322s] Level 5:colcon.colcon_core.verb:set package 'ur_simulator' build argument 'cmake_args' from command line to 'None'
[1.322s] Level 5:colcon.colcon_core.verb:set package 'ur_simulator' build argument 'cmake_target' from command line to 'None'
[1.322s] Level 5:colcon.colcon_core.verb:set package 'ur_simulator' build argument 'cmake_target_skip_unavailable' from command line to 'False'
[1.322s] Level 5:colcon.colcon_core.verb:set package 'ur_simulator' build argument 'cmake_clean_cache' from command line to 'False'
[1.322s] Level 5:colcon.colcon_core.verb:set package 'ur_simulator' build argument 'cmake_clean_first' from command line to 'False'
[1.322s] Level 5:colcon.colcon_core.verb:set package 'ur_simulator' build argument 'cmake_force_configure' from command line to 'False'
[1.322s] Level 5:colcon.colcon_core.verb:set package 'ur_simulator' build argument 'ament_cmake_args' from command line to 'None'
[1.322s] Level 5:colcon.colcon_core.verb:set package 'ur_simulator' build argument 'catkin_cmake_args' from command line to 'None'
[1.322s] Level 5:colcon.colcon_core.verb:set package 'ur_simulator' build argument 'catkin_skip_building_tests' from command line to 'False'
[1.322s] DEBUG:colcon.colcon_core.verb:Building package 'ur_simulator' with the following arguments: {'ament_cmake_args': None, 'build_base': '/home/fabio_tdt/Documents/blackberry_pose/ros2_dataset_ws/build/ur_simulator', 'catkin_cmake_args': None, 'catkin_skip_building_tests': False, 'cmake_args': None, 'cmake_clean_cache': False, 'cmake_clean_first': False, 'cmake_force_configure': False, 'cmake_target': None, 'cmake_target_skip_unavailable': False, 'install_base': '/home/fabio_tdt/Documents/blackberry_pose/ros2_dataset_ws/install/ur_simulator', 'merge_install': False, 'path': '/home/fabio_tdt/Documents/blackberry_pose/ros2_dataset_ws/src/ur_simulator', 'symlink_install': True, 'test_result_base': None}
[1.335s] INFO:colcon.colcon_core.executor:Executing jobs using 'parallel' executor
[1.347s] DEBUG:colcon.colcon_parallel_executor.executor.parallel:run_until_complete
[1.347s] INFO:colcon.colcon_ros.task.ament_python.build:Building ROS package in '/home/fabio_tdt/Documents/blackberry_pose/ros2_dataset_ws/src/berry_dataset' with build type 'ament_python'
[1.347s] Level 1:colcon.colcon_core.shell:create_environment_hook('berry_dataset', 'ament_prefix_path')
[1.369s] INFO:colcon.colcon_core.plugin_system:Skipping extension 'colcon_core.shell.bat': Not used on non-Windows systems
[1.370s] INFO:colcon.colcon_core.shell:Creating environment hook '/home/fabio_tdt/Documents/blackberry_pose/ros2_dataset_ws/install/berry_dataset/share/berry_dataset/hook/ament_prefix_path.ps1'
[1.370s] INFO:colcon.colcon_core.shell:Creating environment descriptor '/home/fabio_tdt/Documents/blackberry_pose/ros2_dataset_ws/install/berry_dataset/share/berry_dataset/hook/ament_prefix_path.dsv'
[1.371s] INFO:colcon.colcon_core.shell:Creating environment hook '/home/fabio_tdt/Documents/blackberry_pose/ros2_dataset_ws/install/berry_dataset/share/berry_dataset/hook/ament_prefix_path.sh'
[1.384s] INFO:colcon.colcon_core.shell:Skip shell extension 'powershell' for command environment: Not usable outside of PowerShell
[1.384s] DEBUG:colcon.colcon_core.shell:Skip shell extension 'dsv' for command environment
[1.408s] INFO:colcon.colcon_ros.task.ament_python.build:Building ROS package in '/home/fabio_tdt/Documents/blackberry_pose/ros2_dataset_ws/src/launch_package' with build type 'ament_python'
[1.408s] Level 1:colcon.colcon_core.shell:create_environment_hook('launch_package', 'ament_prefix_path')
[1.420s] INFO:colcon.colcon_core.shell:Creating environment hook '/home/fabio_tdt/Documents/blackberry_pose/ros2_dataset_ws/install/launch_package/share/launch_package/hook/ament_prefix_path.ps1'
[1.421s] INFO:colcon.colcon_core.shell:Creating environment descriptor '/home/fabio_tdt/Documents/blackberry_pose/ros2_dataset_ws/install/launch_package/share/launch_package/hook/ament_prefix_path.dsv'
[1.421s] INFO:colcon.colcon_core.shell:Creating environment hook '/home/fabio_tdt/Documents/blackberry_pose/ros2_dataset_ws/install/launch_package/share/launch_package/hook/ament_prefix_path.sh'
[1.432s] INFO:colcon.colcon_core.shell:Skip shell extension 'powershell' for command environment: Not usable outside of PowerShell
[1.433s] DEBUG:colcon.colcon_core.shell:Skip shell extension 'dsv' for command environment
[1.457s] INFO:colcon.colcon_ros.task.ament_python.build:Building ROS package in '/home/fabio_tdt/Documents/blackberry_pose/ros2_dataset_ws/src/realsense_streamer' with build type 'ament_python'
[1.458s] Level 1:colcon.colcon_core.shell:create_environment_hook('realsense_streamer', 'ament_prefix_path')
[1.470s] INFO:colcon.colcon_core.shell:Creating environment hook '/home/fabio_tdt/Documents/blackberry_pose/ros2_dataset_ws/install/realsense_streamer/share/realsense_streamer/hook/ament_prefix_path.ps1'
[1.470s] INFO:colcon.colcon_core.shell:Creating environment descriptor '/home/fabio_tdt/Documents/blackberry_pose/ros2_dataset_ws/install/realsense_streamer/share/realsense_streamer/hook/ament_prefix_path.dsv'
[1.470s] INFO:colcon.colcon_core.shell:Creating environment hook '/home/fabio_tdt/Documents/blackberry_pose/ros2_dataset_ws/install/realsense_streamer/share/realsense_streamer/hook/ament_prefix_path.sh'
[1.482s] INFO:colcon.colcon_core.shell:Skip shell extension 'powershell' for command environment: Not usable outside of PowerShell
[1.482s] DEBUG:colcon.colcon_core.shell:Skip shell extension 'dsv' for command environment
[1.508s] INFO:colcon.colcon_ros.task.ament_python.build:Building ROS package in '/home/fabio_tdt/Documents/blackberry_pose/ros2_dataset_ws/src/ur_simulator' with build type 'ament_python'
[1.509s] Level 1:colcon.colcon_core.shell:create_environment_hook('ur_simulator', 'ament_prefix_path')
[1.521s] INFO:colcon.colcon_core.shell:Creating environment hook '/home/fabio_tdt/Documents/blackberry_pose/ros2_dataset_ws/install/ur_simulator/share/ur_simulator/hook/ament_prefix_path.ps1'
[1.521s] INFO:colcon.colcon_core.shell:Creating environment descriptor '/home/fabio_tdt/Documents/blackberry_pose/ros2_dataset_ws/install/ur_simulator/share/ur_simulator/hook/ament_prefix_path.dsv'
[1.521s] INFO:colcon.colcon_core.shell:Creating environment hook '/home/fabio_tdt/Documents/blackberry_pose/ros2_dataset_ws/install/ur_simulator/share/ur_simulator/hook/ament_prefix_path.sh'
[1.533s] INFO:colcon.colcon_core.shell:Skip shell extension 'powershell' for command environment: Not usable outside of PowerShell
[1.533s] DEBUG:colcon.colcon_core.shell:Skip shell extension 'dsv' for command environment
[1.773s] INFO:colcon.colcon_core.task.python.build:Building Python package in '/home/fabio_tdt/Documents/blackberry_pose/ros2_dataset_ws/src/berry_dataset'
[1.785s] INFO:colcon.colcon_core.shell:Skip shell extension 'powershell' for command environment: Not usable outside of PowerShell
[1.785s] DEBUG:colcon.colcon_core.shell:Skip shell extension 'dsv' for command environment
[1.998s] INFO:colcon.colcon_core.task.python.build:Building Python package in '/home/fabio_tdt/Documents/blackberry_pose/ros2_dataset_ws/src/launch_package'
[2.009s] INFO:colcon.colcon_core.shell:Skip shell extension 'powershell' for command environment: Not usable outside of PowerShell
[2.009s] DEBUG:colcon.colcon_core.shell:Skip shell extension 'dsv' for command environment
[2.235s] INFO:colcon.colcon_core.task.python.build:Building Python package in '/home/fabio_tdt/Documents/blackberry_pose/ros2_dataset_ws/src/realsense_streamer'
[2.246s] INFO:colcon.colcon_core.shell:Skip shell extension 'powershell' for command environment: Not usable outside of PowerShell
[2.246s] DEBUG:colcon.colcon_core.shell:Skip shell extension 'dsv' for command environment
[2.460s] INFO:colcon.colcon_core.task.python.build:Building Python package in '/home/fabio_tdt/Documents/blackberry_pose/ros2_dataset_ws/src/ur_simulator'
[2.481s] INFO:colcon.colcon_core.shell:Skip shell extension 'powershell' for command environment: Not usable outside of PowerShell
[2.482s] DEBUG:colcon.colcon_core.shell:Skip shell extension 'dsv' for command environment
[2.929s] DEBUG:colcon.colcon_core.event_handler.log_command:Invoking command in '/home/fabio_tdt/Documents/blackberry_pose/ros2_dataset_ws/build/launch_package': PYTHONPATH=/home/fabio_tdt/Documents/blackberry_pose/ros2_dataset_ws/build/launch_package/prefix_override:/home/fabio_tdt/Documents/blackberry_pose/ros2_dataset_ws/install/launch_package/lib/python3.10/site-packages:${PYTHONPATH} /usr/bin/python3 setup.py develop --editable --build-directory /home/fabio_tdt/Documents/blackberry_pose/ros2_dataset_ws/build/launch_package/build --no-deps install_data
[2.947s] DEBUG:colcon.colcon_core.event_handler.log_command:Invoking command in '/home/fabio_tdt/Documents/blackberry_pose/ros2_dataset_ws/build/berry_dataset': PYTHONPATH=/home/fabio_tdt/Documents/blackberry_pose/ros2_dataset_ws/build/berry_dataset/prefix_override:/home/fabio_tdt/Documents/blackberry_pose/ros2_dataset_ws/install/berry_dataset/lib/python3.10/site-packages:${PYTHONPATH} /usr/bin/python3 setup.py develop --editable --build-directory /home/fabio_tdt/Documents/blackberry_pose/ros2_dataset_ws/build/berry_dataset/build --no-deps install_data
[3.003s] DEBUG:colcon.colcon_core.event_handler.log_command:Invoking command in '/home/fabio_tdt/Documents/blackberry_pose/ros2_dataset_ws/build/ur_simulator': PYTHONPATH=/home/fabio_tdt/Documents/blackberry_pose/ros2_dataset_ws/build/ur_simulator/prefix_override:/home/fabio_tdt/Documents/blackberry_pose/ros2_dataset_ws/install/ur_simulator/lib/python3.10/site-packages:${PYTHONPATH} /usr/bin/python3 setup.py develop --editable --build-directory /home/fabio_tdt/Documents/blackberry_pose/ros2_dataset_ws/build/ur_simulator/build --no-deps install_data
[3.006s] DEBUG:colcon.colcon_core.event_handler.log_command:Invoking command in '/home/fabio_tdt/Documents/blackberry_pose/ros2_dataset_ws/build/realsense_streamer': PYTHONPATH=/home/fabio_tdt/Documents/blackberry_pose/ros2_dataset_ws/build/realsense_streamer/prefix_override:/home/fabio_tdt/Documents/blackberry_pose/ros2_dataset_ws/install/realsense_streamer/lib/python3.10/site-packages:${PYTHONPATH} /usr/bin/python3 setup.py develop --editable --build-directory /home/fabio_tdt/Documents/blackberry_pose/ros2_dataset_ws/build/realsense_streamer/build --no-deps install_data
[3.413s] Level 1:colcon.colcon_core.shell:create_environment_hook('launch_package', 'pythonpath_develop')
[3.413s] DEBUG:colcon.colcon_core.event_handler.log_command:Invoked command in '/home/fabio_tdt/Documents/blackberry_pose/ros2_dataset_ws/build/launch_package' returned '0': PYTHONPATH=/home/fabio_tdt/Documents/blackberry_pose/ros2_dataset_ws/build/launch_package/prefix_override:/home/fabio_tdt/Documents/blackberry_pose/ros2_dataset_ws/install/launch_package/lib/python3.10/site-packages:${PYTHONPATH} /usr/bin/python3 setup.py develop --editable --build-directory /home/fabio_tdt/Documents/blackberry_pose/ros2_dataset_ws/build/launch_package/build --no-deps install_data
[3.440s] INFO:colcon.colcon_core.shell:Creating environment hook '/home/fabio_tdt/Documents/blackberry_pose/ros2_dataset_ws/build/launch_package/share/launch_package/hook/pythonpath_develop.ps1'
[3.441s] INFO:colcon.colcon_core.shell:Creating environment descriptor '/home/fabio_tdt/Documents/blackberry_pose/ros2_dataset_ws/build/launch_package/share/launch_package/hook/pythonpath_develop.dsv'
[3.441s] INFO:colcon.colcon_core.shell:Creating environment hook '/home/fabio_tdt/Documents/blackberry_pose/ros2_dataset_ws/build/launch_package/share/launch_package/hook/pythonpath_develop.sh'
[3.469s] Level 1:colcon.colcon_core.environment:checking '/home/fabio_tdt/Documents/blackberry_pose/ros2_dataset_ws/install/launch_package' for CMake module files
[3.470s] Level 1:colcon.colcon_core.environment:checking '/home/fabio_tdt/Documents/blackberry_pose/ros2_dataset_ws/install/launch_package' for CMake config files
[3.470s] Level 1:colcon.colcon_core.environment:checking '/home/fabio_tdt/Documents/blackberry_pose/ros2_dataset_ws/install/launch_package/lib'
[3.470s] Level 1:colcon.colcon_core.environment:checking '/home/fabio_tdt/Documents/blackberry_pose/ros2_dataset_ws/install/launch_package/bin'
[3.470s] Level 1:colcon.colcon_core.environment:checking '/home/fabio_tdt/Documents/blackberry_pose/ros2_dataset_ws/install/launch_package/lib/pkgconfig/launch_package.pc'
[3.471s] Level 1:colcon.colcon_core.environment:checking '/home/fabio_tdt/Documents/blackberry_pose/ros2_dataset_ws/install/launch_package/lib/python3.10/site-packages'
[3.471s] Level 1:colcon.colcon_core.shell:create_environment_hook('launch_package', 'pythonpath')
[3.491s] INFO:colcon.colcon_core.shell:Creating environment hook '/home/fabio_tdt/Documents/blackberry_pose/ros2_dataset_ws/install/launch_package/share/launch_package/hook/pythonpath.ps1'
[3.491s] INFO:colcon.colcon_core.shell:Creating environment descriptor '/home/fabio_tdt/Documents/blackberry_pose/ros2_dataset_ws/install/launch_package/share/launch_package/hook/pythonpath.dsv'
[3.491s] INFO:colcon.colcon_core.shell:Creating environment hook '/home/fabio_tdt/Documents/blackberry_pose/ros2_dataset_ws/install/launch_package/share/launch_package/hook/pythonpath.sh'
[3.492s] Level 1:colcon.colcon_core.environment:checking '/home/fabio_tdt/Documents/blackberry_pose/ros2_dataset_ws/install/launch_package/bin'
[3.492s] Level 1:colcon.colcon_core.environment:create_environment_scripts_only(launch_package)
[3.505s] INFO:colcon.colcon_core.shell:Creating package script '/home/fabio_tdt/Documents/blackberry_pose/ros2_dataset_ws/install/launch_package/share/launch_package/package.ps1'
[3.506s] INFO:colcon.colcon_core.shell:Creating package descriptor '/home/fabio_tdt/Documents/blackberry_pose/ros2_dataset_ws/install/launch_package/share/launch_package/package.dsv'
[3.508s] INFO:colcon.colcon_core.shell:Creating package script '/home/fabio_tdt/Documents/blackberry_pose/ros2_dataset_ws/install/launch_package/share/launch_package/package.sh'
[3.509s] INFO:colcon.colcon_core.shell:Creating package script '/home/fabio_tdt/Documents/blackberry_pose/ros2_dataset_ws/install/launch_package/share/launch_package/package.bash'
[3.510s] INFO:colcon.colcon_core.shell:Creating package script '/home/fabio_tdt/Documents/blackberry_pose/ros2_dataset_ws/install/launch_package/share/launch_package/package.zsh'
[3.510s] Level 1:colcon.colcon_core.environment:create_file_with_runtime_dependencies(/home/fabio_tdt/Documents/blackberry_pose/ros2_dataset_ws/install/launch_package/share/colcon-core/packages/launch_package)
[3.511s] Level 1:colcon.colcon_core.shell:create_environment_hook('berry_dataset', 'pythonpath_develop')
[3.512s] DEBUG:colcon.colcon_core.event_handler.log_command:Invoked command in '/home/fabio_tdt/Documents/blackberry_pose/ros2_dataset_ws/build/berry_dataset' returned '0': PYTHONPATH=/home/fabio_tdt/Documents/blackberry_pose/ros2_dataset_ws/build/berry_dataset/prefix_override:/home/fabio_tdt/Documents/blackberry_pose/ros2_dataset_ws/install/berry_dataset/lib/python3.10/site-packages:${PYTHONPATH} /usr/bin/python3 setup.py develop --editable --build-directory /home/fabio_tdt/Documents/blackberry_pose/ros2_dataset_ws/build/berry_dataset/build --no-deps install_data
[3.526s] INFO:colcon.colcon_core.shell:Creating environment hook '/home/fabio_tdt/Documents/blackberry_pose/ros2_dataset_ws/build/berry_dataset/share/berry_dataset/hook/pythonpath_develop.ps1'
[3.526s] INFO:colcon.colcon_core.shell:Creating environment descriptor '/home/fabio_tdt/Documents/blackberry_pose/ros2_dataset_ws/build/berry_dataset/share/berry_dataset/hook/pythonpath_develop.dsv'
[3.527s] INFO:colcon.colcon_core.shell:Creating environment hook '/home/fabio_tdt/Documents/blackberry_pose/ros2_dataset_ws/build/berry_dataset/share/berry_dataset/hook/pythonpath_develop.sh'
[3.539s] Level 1:colcon.colcon_core.environment:checking '/home/fabio_tdt/Documents/blackberry_pose/ros2_dataset_ws/install/berry_dataset' for CMake module files
[3.539s] Level 1:colcon.colcon_core.environment:checking '/home/fabio_tdt/Documents/blackberry_pose/ros2_dataset_ws/install/berry_dataset' for CMake config files
[3.540s] Level 1:colcon.colcon_core.environment:checking '/home/fabio_tdt/Documents/blackberry_pose/ros2_dataset_ws/install/berry_dataset/lib'
[3.540s] Level 1:colcon.colcon_core.environment:checking '/home/fabio_tdt/Documents/blackberry_pose/ros2_dataset_ws/install/berry_dataset/bin'
[3.540s] Level 1:colcon.colcon_core.environment:checking '/home/fabio_tdt/Documents/blackberry_pose/ros2_dataset_ws/install/berry_dataset/lib/pkgconfig/berry_dataset.pc'
[3.540s] Level 1:colcon.colcon_core.environment:checking '/home/fabio_tdt/Documents/blackberry_pose/ros2_dataset_ws/install/berry_dataset/lib/python3.10/site-packages'
[3.540s] Level 1:colcon.colcon_core.shell:create_environment_hook('berry_dataset', 'pythonpath')
[3.551s] INFO:colcon.colcon_core.shell:Creating environment hook '/home/fabio_tdt/Documents/blackberry_pose/ros2_dataset_ws/install/berry_dataset/share/berry_dataset/hook/pythonpath.ps1'
[3.552s] INFO:colcon.colcon_core.shell:Creating environment descriptor '/home/fabio_tdt/Documents/blackberry_pose/ros2_dataset_ws/install/berry_dataset/share/berry_dataset/hook/pythonpath.dsv'
[3.552s] INFO:colcon.colcon_core.shell:Creating environment hook '/home/fabio_tdt/Documents/blackberry_pose/ros2_dataset_ws/install/berry_dataset/share/berry_dataset/hook/pythonpath.sh'
[3.552s] Level 1:colcon.colcon_core.environment:checking '/home/fabio_tdt/Documents/blackberry_pose/ros2_dataset_ws/install/berry_dataset/bin'
[3.553s] Level 1:colcon.colcon_core.environment:create_environment_scripts_only(berry_dataset)
[3.564s] INFO:colcon.colcon_core.shell:Creating package script '/home/fabio_tdt/Documents/blackberry_pose/ros2_dataset_ws/install/berry_dataset/share/berry_dataset/package.ps1'
[3.564s] INFO:colcon.colcon_core.shell:Creating package descriptor '/home/fabio_tdt/Documents/blackberry_pose/ros2_dataset_ws/install/berry_dataset/share/berry_dataset/package.dsv'
[3.564s] INFO:colcon.colcon_core.shell:Creating package script '/home/fabio_tdt/Documents/blackberry_pose/ros2_dataset_ws/install/berry_dataset/share/berry_dataset/package.sh'
[3.564s] INFO:colcon.colcon_core.shell:Creating package script '/home/fabio_tdt/Documents/blackberry_pose/ros2_dataset_ws/install/berry_dataset/share/berry_dataset/package.bash'
[3.565s] INFO:colcon.colcon_core.shell:Creating package script '/home/fabio_tdt/Documents/blackberry_pose/ros2_dataset_ws/install/berry_dataset/share/berry_dataset/package.zsh'
[3.565s] Level 1:colcon.colcon_core.environment:create_file_with_runtime_dependencies(/home/fabio_tdt/Documents/blackberry_pose/ros2_dataset_ws/install/berry_dataset/share/colcon-core/packages/berry_dataset)
[3.565s] Level 1:colcon.colcon_core.shell:create_environment_hook('realsense_streamer', 'pythonpath_develop')
[3.566s] DEBUG:colcon.colcon_core.event_handler.log_command:Invoked command in '/home/fabio_tdt/Documents/blackberry_pose/ros2_dataset_ws/build/realsense_streamer' returned '0': PYTHONPATH=/home/fabio_tdt/Documents/blackberry_pose/ros2_dataset_ws/build/realsense_streamer/prefix_override:/home/fabio_tdt/Documents/blackberry_pose/ros2_dataset_ws/install/realsense_streamer/lib/python3.10/site-packages:${PYTHONPATH} /usr/bin/python3 setup.py develop --editable --build-directory /home/fabio_tdt/Documents/blackberry_pose/ros2_dataset_ws/build/realsense_streamer/build --no-deps install_data
[3.577s] INFO:colcon.colcon_core.shell:Creating environment hook '/home/fabio_tdt/Documents/blackberry_pose/ros2_dataset_ws/build/realsense_streamer/share/realsense_streamer/hook/pythonpath_develop.ps1'
[3.578s] INFO:colcon.colcon_core.shell:Creating environment descriptor '/home/fabio_tdt/Documents/blackberry_pose/ros2_dataset_ws/build/realsense_streamer/share/realsense_streamer/hook/pythonpath_develop.dsv'
[3.578s] INFO:colcon.colcon_core.shell:Creating environment hook '/home/fabio_tdt/Documents/blackberry_pose/ros2_dataset_ws/build/realsense_streamer/share/realsense_streamer/hook/pythonpath_develop.sh'
[3.589s] Level 1:colcon.colcon_core.environment:checking '/home/fabio_tdt/Documents/blackberry_pose/ros2_dataset_ws/install/realsense_streamer' for CMake module files
[3.590s] Level 1:colcon.colcon_core.environment:checking '/home/fabio_tdt/Documents/blackberry_pose/ros2_dataset_ws/install/realsense_streamer' for CMake config files
[3.590s] Level 1:colcon.colcon_core.environment:checking '/home/fabio_tdt/Documents/blackberry_pose/ros2_dataset_ws/install/realsense_streamer/lib'
[3.590s] Level 1:colcon.colcon_core.environment:checking '/home/fabio_tdt/Documents/blackberry_pose/ros2_dataset_ws/install/realsense_streamer/bin'
[3.590s] Level 1:colcon.colcon_core.environment:checking '/home/fabio_tdt/Documents/blackberry_pose/ros2_dataset_ws/install/realsense_streamer/lib/pkgconfig/realsense_streamer.pc'
[3.590s] Level 1:colcon.colcon_core.environment:checking '/home/fabio_tdt/Documents/blackberry_pose/ros2_dataset_ws/install/realsense_streamer/lib/python3.10/site-packages'
[3.590s] Level 1:colcon.colcon_core.shell:create_environment_hook('realsense_streamer', 'pythonpath')
[3.601s] INFO:colcon.colcon_core.shell:Creating environment hook '/home/fabio_tdt/Documents/blackberry_pose/ros2_dataset_ws/install/realsense_streamer/share/realsense_streamer/hook/pythonpath.ps1'
[3.602s] INFO:colcon.colcon_core.shell:Creating environment descriptor '/home/fabio_tdt/Documents/blackberry_pose/ros2_dataset_ws/install/realsense_streamer/share/realsense_streamer/hook/pythonpath.dsv'
[3.602s] INFO:colcon.colcon_core.shell:Creating environment hook '/home/fabio_tdt/Documents/blackberry_pose/ros2_dataset_ws/install/realsense_streamer/share/realsense_streamer/hook/pythonpath.sh'
[3.602s] Level 1:colcon.colcon_core.environment:checking '/home/fabio_tdt/Documents/blackberry_pose/ros2_dataset_ws/install/realsense_streamer/bin'
[3.602s] Level 1:colcon.colcon_core.environment:create_environment_scripts_only(realsense_streamer)
[3.614s] INFO:colcon.colcon_core.shell:Creating package script '/home/fabio_tdt/Documents/blackberry_pose/ros2_dataset_ws/install/realsense_streamer/share/realsense_streamer/package.ps1'
[3.614s] INFO:colcon.colcon_core.shell:Creating package descriptor '/home/fabio_tdt/Documents/blackberry_pose/ros2_dataset_ws/install/realsense_streamer/share/realsense_streamer/package.dsv'
[3.614s] INFO:colcon.colcon_core.shell:Creating package script '/home/fabio_tdt/Documents/blackberry_pose/ros2_dataset_ws/install/realsense_streamer/share/realsense_streamer/package.sh'
[3.614s] INFO:colcon.colcon_core.shell:Creating package script '/home/fabio_tdt/Documents/blackberry_pose/ros2_dataset_ws/install/realsense_streamer/share/realsense_streamer/package.bash'
[3.615s] INFO:colcon.colcon_core.shell:Creating package script '/home/fabio_tdt/Documents/blackberry_pose/ros2_dataset_ws/install/realsense_streamer/share/realsense_streamer/package.zsh'
[3.615s] Level 1:colcon.colcon_core.environment:create_file_with_runtime_dependencies(/home/fabio_tdt/Documents/blackberry_pose/ros2_dataset_ws/install/realsense_streamer/share/colcon-core/packages/realsense_streamer)
[3.616s] Level 1:colcon.colcon_core.shell:create_environment_hook('ur_simulator', 'pythonpath_develop')
[3.616s] DEBUG:colcon.colcon_core.event_handler.log_command:Invoked command in '/home/fabio_tdt/Documents/blackberry_pose/ros2_dataset_ws/build/ur_simulator' returned '0': PYTHONPATH=/home/fabio_tdt/Documents/blackberry_pose/ros2_dataset_ws/build/ur_simulator/prefix_override:/home/fabio_tdt/Documents/blackberry_pose/ros2_dataset_ws/install/ur_simulator/lib/python3.10/site-packages:${PYTHONPATH} /usr/bin/python3 setup.py develop --editable --build-directory /home/fabio_tdt/Documents/blackberry_pose/ros2_dataset_ws/build/ur_simulator/build --no-deps install_data
[3.628s] INFO:colcon.colcon_core.shell:Creating environment hook '/home/fabio_tdt/Documents/blackberry_pose/ros2_dataset_ws/build/ur_simulator/share/ur_simulator/hook/pythonpath_develop.ps1'
[3.629s] INFO:colcon.colcon_core.shell:Creating environment descriptor '/home/fabio_tdt/Documents/blackberry_pose/ros2_dataset_ws/build/ur_simulator/share/ur_simulator/hook/pythonpath_develop.dsv'
[3.629s] INFO:colcon.colcon_core.shell:Creating environment hook '/home/fabio_tdt/Documents/blackberry_pose/ros2_dataset_ws/build/ur_simulator/share/ur_simulator/hook/pythonpath_develop.sh'
[3.641s] Level 1:colcon.colcon_core.environment:checking '/home/fabio_tdt/Documents/blackberry_pose/ros2_dataset_ws/install/ur_simulator' for CMake module files
[3.641s] Level 1:colcon.colcon_core.environment:checking '/home/fabio_tdt/Documents/blackberry_pose/ros2_dataset_ws/install/ur_simulator' for CMake config files
[3.642s] Level 1:colcon.colcon_core.environment:checking '/home/fabio_tdt/Documents/blackberry_pose/ros2_dataset_ws/install/ur_simulator/lib'
[3.642s] Level 1:colcon.colcon_core.environment:checking '/home/fabio_tdt/Documents/blackberry_pose/ros2_dataset_ws/install/ur_simulator/bin'
[3.642s] Level 1:colcon.colcon_core.environment:checking '/home/fabio_tdt/Documents/blackberry_pose/ros2_dataset_ws/install/ur_simulator/lib/pkgconfig/ur_simulator.pc'
[3.642s] Level 1:colcon.colcon_core.environment:checking '/home/fabio_tdt/Documents/blackberry_pose/ros2_dataset_ws/install/ur_simulator/lib/python3.10/site-packages'
[3.642s] Level 1:colcon.colcon_core.shell:create_environment_hook('ur_simulator', 'pythonpath')
[3.654s] INFO:colcon.colcon_core.shell:Creating environment hook '/home/fabio_tdt/Documents/blackberry_pose/ros2_dataset_ws/install/ur_simulator/share/ur_simulator/hook/pythonpath.ps1'
[3.654s] INFO:colcon.colcon_core.shell:Creating environment descriptor '/home/fabio_tdt/Documents/blackberry_pose/ros2_dataset_ws/install/ur_simulator/share/ur_simulator/hook/pythonpath.dsv'
[3.654s] INFO:colcon.colcon_core.shell:Creating environment hook '/home/fabio_tdt/Documents/blackberry_pose/ros2_dataset_ws/install/ur_simulator/share/ur_simulator/hook/pythonpath.sh'
[3.654s] Level 1:colcon.colcon_core.environment:checking '/home/fabio_tdt/Documents/blackberry_pose/ros2_dataset_ws/install/ur_simulator/bin'
[3.655s] Level 1:colcon.colcon_core.environment:create_environment_scripts_only(ur_simulator)
[3.667s] INFO:colcon.colcon_core.shell:Creating package script '/home/fabio_tdt/Documents/blackberry_pose/ros2_dataset_ws/install/ur_simulator/share/ur_simulator/package.ps1'
[3.667s] INFO:colcon.colcon_core.shell:Creating package descriptor '/home/fabio_tdt/Documents/blackberry_pose/ros2_dataset_ws/install/ur_simulator/share/ur_simulator/package.dsv'
[3.667s] INFO:colcon.colcon_core.shell:Creating package script '/home/fabio_tdt/Documents/blackberry_pose/ros2_dataset_ws/install/ur_simulator/share/ur_simulator/package.sh'
[3.668s] INFO:colcon.colcon_core.shell:Creating package script '/home/fabio_tdt/Documents/blackberry_pose/ros2_dataset_ws/install/ur_simulator/share/ur_simulator/package.bash'
[3.668s] INFO:colcon.colcon_core.shell:Creating package script '/home/fabio_tdt/Documents/blackberry_pose/ros2_dataset_ws/install/ur_simulator/share/ur_simulator/package.zsh'
[3.668s] Level 1:colcon.colcon_core.environment:create_file_with_runtime_dependencies(/home/fabio_tdt/Documents/blackberry_pose/ros2_dataset_ws/install/ur_simulator/share/colcon-core/packages/ur_simulator)
[3.668s] DEBUG:colcon.colcon_parallel_executor.executor.parallel:closing loop
[3.669s] DEBUG:colcon.colcon_parallel_executor.executor.parallel:loop closed
[3.669s] DEBUG:colcon.colcon_parallel_executor.executor.parallel:run_until_complete finished with '0'
[3.669s] DEBUG:colcon.colcon_core.event_reactor:joining thread
[3.693s] INFO:colcon.colcon_core.plugin_system:Skipping extension 'colcon_notification.desktop_notification.terminal_notifier': Not used on non-Darwin systems
[3.693s] INFO:colcon.colcon_core.plugin_system:Skipping extension 'colcon_notification.desktop_notification.win32': Not used on non-Windows systems
[3.693s] INFO:colcon.colcon_notification.desktop_notification:Sending desktop notification using 'notify2'
[3.703s] DEBUG:colcon.colcon_core.event_reactor:joined thread
[3.716s] INFO:colcon.colcon_core.shell:Creating prefix script '/home/fabio_tdt/Documents/blackberry_pose/ros2_dataset_ws/install/local_setup.ps1'
[3.717s] INFO:colcon.colcon_core.shell:Creating prefix util module '/home/fabio_tdt/Documents/blackberry_pose/ros2_dataset_ws/install/_local_setup_util_ps1.py'
[3.718s] INFO:colcon.colcon_core.shell:Creating prefix chain script '/home/fabio_tdt/Documents/blackberry_pose/ros2_dataset_ws/install/setup.ps1'
[3.734s] INFO:colcon.colcon_core.shell:Creating prefix script '/home/fabio_tdt/Documents/blackberry_pose/ros2_dataset_ws/install/local_setup.sh'
[3.734s] INFO:colcon.colcon_core.shell:Creating prefix util module '/home/fabio_tdt/Documents/blackberry_pose/ros2_dataset_ws/install/_local_setup_util_sh.py'
[3.735s] INFO:colcon.colcon_core.shell:Creating prefix chain script '/home/fabio_tdt/Documents/blackberry_pose/ros2_dataset_ws/install/setup.sh'
[3.750s] INFO:colcon.colcon_core.shell:Creating prefix script '/home/fabio_tdt/Documents/blackberry_pose/ros2_dataset_ws/install/local_setup.bash'
[3.751s] INFO:colcon.colcon_core.shell:Creating prefix chain script '/home/fabio_tdt/Documents/blackberry_pose/ros2_dataset_ws/install/setup.bash'
[3.766s] INFO:colcon.colcon_core.shell:Creating prefix script '/home/fabio_tdt/Documents/blackberry_pose/ros2_dataset_ws/install/local_setup.zsh'
[3.770s] INFO:colcon.colcon_core.shell:Creating prefix chain script '/home/fabio_tdt/Documents/blackberry_pose/ros2_dataset_ws/install/setup.zsh'
