[2.536s] Invoking command in '/home/fabio_tdt/Documents/ros2_dataset_ws/build/launch_package': PYTHONPATH=/home/fabio_tdt/Documents/ros2_dataset_ws/build/launch_package/prefix_override:/home/fabio_tdt/Documents/ros2_dataset_ws/install/launch_package/lib/python3.10/site-packages:${PYTHONPATH} /usr/bin/python3 setup.py develop --editable --build-directory /home/fabio_tdt/Documents/ros2_dataset_ws/build/launch_package/build --no-deps install_data
[3.325s] running develop
[3.331s] /usr/lib/python3/dist-packages/setuptools/command/easy_install.py:158: EasyInstallDeprecationWarning: easy_install command is deprecated. Use build and pip and other standards-based tools.
[3.332s]   warnings.warn(
[3.339s] /usr/lib/python3/dist-packages/setuptools/command/install.py:34: SetuptoolsDeprecationWarning: setup.py install is deprecated. Use build and pip and other standards-based tools.
[3.339s]   warnings.warn(
[3.916s] running egg_info
[3.916s] creating launch_package.egg-info
[3.916s] writing launch_package.egg-info/PKG-INFO
[3.916s] writing dependency_links to launch_package.egg-info/dependency_links.txt
[3.916s] writing entry points to launch_package.egg-info/entry_points.txt
[3.917s] writing requirements to launch_package.egg-info/requires.txt
[3.917s] writing top-level names to launch_package.egg-info/top_level.txt
[3.917s] writing manifest file 'launch_package.egg-info/SOURCES.txt'
[3.917s] reading manifest file 'launch_package.egg-info/SOURCES.txt'
[3.917s] writing manifest file 'launch_package.egg-info/SOURCES.txt'
[3.990s] running build_ext
[3.990s] Creating /home/fabio_tdt/Documents/ros2_dataset_ws/install/launch_package/lib/python3.10/site-packages/launch-package.egg-link (link to .)
[3.992s] 
[3.992s] Installed /home/fabio_tdt/Documents/ros2_dataset_ws/build/launch_package
[3.993s] running install_data
[3.993s] creating /home/fabio_tdt/Documents/ros2_dataset_ws/install/launch_package/share/ament_index
[3.993s] creating /home/fabio_tdt/Documents/ros2_dataset_ws/install/launch_package/share/ament_index/resource_index
[3.993s] creating /home/fabio_tdt/Documents/ros2_dataset_ws/install/launch_package/share/ament_index/resource_index/packages
[3.993s] copying resource/launch_package -> /home/fabio_tdt/Documents/ros2_dataset_ws/install/launch_package/share/ament_index/resource_index/packages
[3.993s] copying package.xml -> /home/fabio_tdt/Documents/ros2_dataset_ws/install/launch_package/share/launch_package
[3.993s] creating /home/fabio_tdt/Documents/ros2_dataset_ws/install/launch_package/share/launch_package/launch_package
[3.993s] copying launch_package/launch_pipeline.py -> /home/fabio_tdt/Documents/ros2_dataset_ws/install/launch_package/share/launch_package/launch_package
[4.067s] Invoked command in '/home/fabio_tdt/Documents/ros2_dataset_ws/build/launch_package' returned '0': PYTHONPATH=/home/fabio_tdt/Documents/ros2_dataset_ws/build/launch_package/prefix_override:/home/fabio_tdt/Documents/ros2_dataset_ws/install/launch_package/lib/python3.10/site-packages:${PYTHONPATH} /usr/bin/python3 setup.py develop --editable --build-directory /home/fabio_tdt/Documents/ros2_dataset_ws/build/launch_package/build --no-deps install_data
