[1.752s] Invoking command in '/home/fabio_tdt/Documents/ros2_dataset_ws/build/berry_dataset': PYTHONPATH=/home/fabio_tdt/Documents/ros2_dataset_ws/build/berry_dataset/prefix_override:/home/fabio_tdt/Documents/ros2_dataset_ws/install/berry_dataset/lib/python3.10/site-packages:${PYTHONPATH} /usr/bin/python3 setup.py develop --editable --build-directory /home/fabio_tdt/Documents/ros2_dataset_ws/build/berry_dataset/build --no-deps install_data
[2.002s] running develop
[2.002s] /usr/lib/python3/dist-packages/setuptools/command/easy_install.py:158: EasyInstallDeprecationWarning: easy_install command is deprecated. Use build and pip and other standards-based tools.
[2.002s]   warnings.warn(
[2.003s] /usr/lib/python3/dist-packages/setuptools/command/install.py:34: SetuptoolsDeprecationWarning: setup.py install is deprecated. Use build and pip and other standards-based tools.
[2.003s]   warnings.warn(
[2.221s] running egg_info
[2.222s] writing berry_dataset.egg-info/PKG-INFO
[2.222s] writing dependency_links to berry_dataset.egg-info/dependency_links.txt
[2.222s] writing entry points to berry_dataset.egg-info/entry_points.txt
[2.223s] writing requirements to berry_dataset.egg-info/requires.txt
[2.223s] writing top-level names to berry_dataset.egg-info/top_level.txt
[2.226s] reading manifest file 'berry_dataset.egg-info/SOURCES.txt'
[2.227s] writing manifest file 'berry_dataset.egg-info/SOURCES.txt'
[2.269s] running build_ext
[2.269s] Creating /home/fabio_tdt/Documents/ros2_dataset_ws/install/berry_dataset/lib/python3.10/site-packages/berry-dataset.egg-link (link to .)
[2.270s] Installing berry_dataset script to /home/fabio_tdt/Documents/ros2_dataset_ws/install/berry_dataset/lib/berry_dataset
[2.270s] Installing dataset_saver script to /home/fabio_tdt/Documents/ros2_dataset_ws/install/berry_dataset/lib/berry_dataset
[2.270s] 
[2.270s] Installed /home/fabio_tdt/Documents/ros2_dataset_ws/build/berry_dataset
[2.271s] running install_data
[2.320s] Invoked command in '/home/fabio_tdt/Documents/ros2_dataset_ws/build/berry_dataset' returned '0': PYTHONPATH=/home/fabio_tdt/Documents/ros2_dataset_ws/build/berry_dataset/prefix_override:/home/fabio_tdt/Documents/ros2_dataset_ws/install/berry_dataset/lib/python3.10/site-packages:${PYTHONPATH} /usr/bin/python3 setup.py develop --editable --build-directory /home/fabio_tdt/Documents/ros2_dataset_ws/build/berry_dataset/build --no-deps install_data
