[0.944s] DEBUG:colcon:Command line arguments: ['/usr/bin/colcon', 'build', '--symlink-install']
[0.944s] DEBUG:colcon:Parsed command line arguments: Namespace(log_base=None, log_level=None, verb_name='build', build_base='build', install_base='install', merge_install=False, symlink_install=True, test_result_base=None, continue_on_error=False, executor='parallel', parallel_workers=8, event_handlers=None, ignore_user_meta=False, metas=['./colcon.meta'], base_paths=['.'], packages_ignore=None, packages_ignore_regex=None, paths=None, packages_up_to=None, packages_up_to_regex=None, packages_above=None, packages_above_and_dependencies=None, packages_above_depth=None, packages_select_by_dep=None, packages_skip_by_dep=None, packages_skip_up_to=None, packages_select_build_failed=False, packages_skip_build_finished=False, packages_select_test_failures=False, packages_skip_test_passed=False, packages_select=None, packages_skip=None, packages_select_regex=None, packages_skip_regex=None, packages_start=None, packages_end=None, allow_overriding=[], cmake_args=None, cmake_target=None, cmake_target_skip_unavailable=False, cmake_clean_cache=False, cmake_clean_first=False, cmake_force_configure=False, ament_cmake_args=None, catkin_cmake_args=None, catkin_skip_building_tests=False, mixin_files=None, mixin=None, verb_parser=<colcon_mixin.mixin.mixin_argument.MixinArgumentDecorator object at 0x70964b1dd4e0>, verb_extension=<colcon_core.verb.build.BuildVerb object at 0x70964b19e5f0>, main=<bound method BuildVerb.main of <colcon_core.verb.build.BuildVerb object at 0x70964b19e5f0>>, mixin_verb=('build',))
[0.987s] Level 1:colcon.colcon_core.package_discovery:discover_packages(colcon_meta) check parameters
[0.987s] Level 1:colcon.colcon_core.package_discovery:discover_packages(recursive) check parameters
[0.987s] Level 1:colcon.colcon_core.package_discovery:discover_packages(ignore) check parameters
[0.987s] Level 1:colcon.colcon_core.package_discovery:discover_packages(path) check parameters
[0.987s] Level 1:colcon.colcon_core.package_discovery:discover_packages(colcon_meta) discover
[0.987s] Level 1:colcon.colcon_core.package_discovery:discover_packages(recursive) discover
[0.987s] INFO:colcon.colcon_core.package_discovery:Crawling recursively for packages in '/home/fabio_tdt/Documents/blackberry_pose/ros2_dataset_ws'
[0.987s] Level 1:colcon.colcon_core.package_identification:_identify(.) by extensions ['ignore', 'ignore_ament_install']
[0.987s] Level 1:colcon.colcon_core.package_identification:_identify(.) by extension 'ignore'
[0.987s] Level 1:colcon.colcon_core.package_identification:_identify(.) by extension 'ignore_ament_install'
[0.987s] Level 1:colcon.colcon_core.package_identification:_identify(.) by extensions ['colcon_pkg']
[0.988s] Level 1:colcon.colcon_core.package_identification:_identify(.) by extension 'colcon_pkg'
[0.988s] Level 1:colcon.colcon_core.package_identification:_identify(.) by extensions ['colcon_meta']
[0.988s] Level 1:colcon.colcon_core.package_identification:_identify(.) by extension 'colcon_meta'
[0.988s] Level 1:colcon.colcon_core.package_identification:_identify(.) by extensions ['ros']
[0.988s] Level 1:colcon.colcon_core.package_identification:_identify(.) by extension 'ros'
[0.995s] Level 1:colcon.colcon_core.package_identification:_identify(.) by extensions ['cmake', 'python']
[0.995s] Level 1:colcon.colcon_core.package_identification:_identify(.) by extension 'cmake'
[0.995s] Level 1:colcon.colcon_core.package_identification:_identify(.) by extension 'python'
[0.995s] Level 1:colcon.colcon_core.package_identification:_identify(.) by extensions ['python_setup_py']
[0.995s] Level 1:colcon.colcon_core.package_identification:_identify(.) by extension 'python_setup_py'
[0.995s] Level 1:colcon.colcon_core.package_identification:_identify(build) by extensions ['ignore', 'ignore_ament_install']
[0.995s] Level 1:colcon.colcon_core.package_identification:_identify(build) by extension 'ignore'
[0.996s] Level 1:colcon.colcon_core.package_identification:_identify(build) ignored
[0.996s] Level 1:colcon.colcon_core.package_identification:_identify(install) by extensions ['ignore', 'ignore_ament_install']
[0.996s] Level 1:colcon.colcon_core.package_identification:_identify(install) by extension 'ignore'
[0.996s] Level 1:colcon.colcon_core.package_identification:_identify(install) ignored
[0.996s] Level 1:colcon.colcon_core.package_identification:_identify(log) by extensions ['ignore', 'ignore_ament_install']
[0.996s] Level 1:colcon.colcon_core.package_identification:_identify(log) by extension 'ignore'
[0.996s] Level 1:colcon.colcon_core.package_identification:_identify(log) ignored
[0.996s] Level 1:colcon.colcon_core.package_identification:_identify(src) by extensions ['ignore', 'ignore_ament_install']
[0.996s] Level 1:colcon.colcon_core.package_identification:_identify(src) by extension 'ignore'
[0.996s] Level 1:colcon.colcon_core.package_identification:_identify(src) by extension 'ignore_ament_install'
[0.996s] Level 1:colcon.colcon_core.package_identification:_identify(src) by extensions ['colcon_pkg']
[0.996s] Level 1:colcon.colcon_core.package_identification:_identify(src) by extension 'colcon_pkg'
[0.996s] Level 1:colcon.colcon_core.package_identification:_identify(src) by extensions ['colcon_meta']
[0.996s] Level 1:colcon.colcon_core.package_identification:_identify(src) by extension 'colcon_meta'
[0.996s] Level 1:colcon.colcon_core.package_identification:_identify(src) by extensions ['ros']
[0.996s] Level 1:colcon.colcon_core.package_identification:_identify(src) by extension 'ros'
[0.996s] Level 1:colcon.colcon_core.package_identification:_identify(src) by extensions ['cmake', 'python']
[0.996s] Level 1:colcon.colcon_core.package_identification:_identify(src) by extension 'cmake'
[0.996s] Level 1:colcon.colcon_core.package_identification:_identify(src) by extension 'python'
[0.996s] Level 1:colcon.colcon_core.package_identification:_identify(src) by extensions ['python_setup_py']
[0.996s] Level 1:colcon.colcon_core.package_identification:_identify(src) by extension 'python_setup_py'
[0.996s] Level 1:colcon.colcon_core.package_identification:_identify(src/berry_dataset) by extensions ['ignore', 'ignore_ament_install']
[0.996s] Level 1:colcon.colcon_core.package_identification:_identify(src/berry_dataset) by extension 'ignore'
[0.996s] Level 1:colcon.colcon_core.package_identification:_identify(src/berry_dataset) by extension 'ignore_ament_install'
[0.996s] Level 1:colcon.colcon_core.package_identification:_identify(src/berry_dataset) by extensions ['colcon_pkg']
[0.996s] Level 1:colcon.colcon_core.package_identification:_identify(src/berry_dataset) by extension 'colcon_pkg'
[0.996s] Level 1:colcon.colcon_core.package_identification:_identify(src/berry_dataset) by extensions ['colcon_meta']
[0.996s] Level 1:colcon.colcon_core.package_identification:_identify(src/berry_dataset) by extension 'colcon_meta'
[0.996s] Level 1:colcon.colcon_core.package_identification:_identify(src/berry_dataset) by extensions ['ros']
[0.996s] Level 1:colcon.colcon_core.package_identification:_identify(src/berry_dataset) by extension 'ros'
[0.999s] DEBUG:colcon.colcon_core.package_identification:Package 'src/berry_dataset' with type 'ros.ament_python' and name 'berry_dataset'
[0.999s] Level 1:colcon.colcon_core.package_identification:_identify(src/build) by extensions ['ignore', 'ignore_ament_install']
[0.999s] Level 1:colcon.colcon_core.package_identification:_identify(src/build) by extension 'ignore'
[0.999s] Level 1:colcon.colcon_core.package_identification:_identify(src/build) ignored
[0.999s] Level 1:colcon.colcon_core.package_identification:_identify(src/install) by extensions ['ignore', 'ignore_ament_install']
[0.999s] Level 1:colcon.colcon_core.package_identification:_identify(src/install) by extension 'ignore'
[0.999s] Level 1:colcon.colcon_core.package_identification:_identify(src/install) ignored
[0.999s] Level 1:colcon.colcon_core.package_identification:_identify(src/launch_package) by extensions ['ignore', 'ignore_ament_install']
[0.999s] Level 1:colcon.colcon_core.package_identification:_identify(src/launch_package) by extension 'ignore'
[0.999s] Level 1:colcon.colcon_core.package_identification:_identify(src/launch_package) by extension 'ignore_ament_install'
[0.999s] Level 1:colcon.colcon_core.package_identification:_identify(src/launch_package) by extensions ['colcon_pkg']
[0.999s] Level 1:colcon.colcon_core.package_identification:_identify(src/launch_package) by extension 'colcon_pkg'
[1.000s] Level 1:colcon.colcon_core.package_identification:_identify(src/launch_package) by extensions ['colcon_meta']
[1.000s] Level 1:colcon.colcon_core.package_identification:_identify(src/launch_package) by extension 'colcon_meta'
[1.000s] Level 1:colcon.colcon_core.package_identification:_identify(src/launch_package) by extensions ['ros']
[1.000s] Level 1:colcon.colcon_core.package_identification:_identify(src/launch_package) by extension 'ros'
[1.000s] DEBUG:colcon.colcon_core.package_identification:Package 'src/launch_package' with type 'ros.ament_python' and name 'launch_package'
[1.000s] Level 1:colcon.colcon_core.package_identification:_identify(src/log) by extensions ['ignore', 'ignore_ament_install']
[1.000s] Level 1:colcon.colcon_core.package_identification:_identify(src/log) by extension 'ignore'
[1.000s] Level 1:colcon.colcon_core.package_identification:_identify(src/log) ignored
[1.000s] Level 1:colcon.colcon_core.package_identification:_identify(src/realsense_streamer) by extensions ['ignore', 'ignore_ament_install']
[1.000s] Level 1:colcon.colcon_core.package_identification:_identify(src/realsense_streamer) by extension 'ignore'
[1.000s] Level 1:colcon.colcon_core.package_identification:_identify(src/realsense_streamer) by extension 'ignore_ament_install'
[1.000s] Level 1:colcon.colcon_core.package_identification:_identify(src/realsense_streamer) by extensions ['colcon_pkg']
[1.000s] Level 1:colcon.colcon_core.package_identification:_identify(src/realsense_streamer) by extension 'colcon_pkg'
[1.000s] Level 1:colcon.colcon_core.package_identification:_identify(src/realsense_streamer) by extensions ['colcon_meta']
[1.000s] Level 1:colcon.colcon_core.package_identification:_identify(src/realsense_streamer) by extension 'colcon_meta'
[1.000s] Level 1:colcon.colcon_core.package_identification:_identify(src/realsense_streamer) by extensions ['ros']
[1.000s] Level 1:colcon.colcon_core.package_identification:_identify(src/realsense_streamer) by extension 'ros'
[1.001s] DEBUG:colcon.colcon_core.package_identification:Package 'src/realsense_streamer' with type 'ros.ament_python' and name 'realsense_streamer'
[1.001s] Level 1:colcon.colcon_core.package_identification:_identify(src/ur_simulator) by extensions ['ignore', 'ignore_ament_install']
[1.001s] Level 1:colcon.colcon_core.package_identification:_identify(src/ur_simulator) by extension 'ignore'
[1.001s] Level 1:colcon.colcon_core.package_identification:_identify(src/ur_simulator) by extension 'ignore_ament_install'
[1.001s] Level 1:colcon.colcon_core.package_identification:_identify(src/ur_simulator) by extensions ['colcon_pkg']
[1.001s] Level 1:colcon.colcon_core.package_identification:_identify(src/ur_simulator) by extension 'colcon_pkg'
[1.001s] Level 1:colcon.colcon_core.package_identification:_identify(src/ur_simulator) by extensions ['colcon_meta']
[1.001s] Level 1:colcon.colcon_core.package_identification:_identify(src/ur_simulator) by extension 'colcon_meta'
[1.001s] Level 1:colcon.colcon_core.package_identification:_identify(src/ur_simulator) by extensions ['ros']
[1.001s] Level 1:colcon.colcon_core.package_identification:_identify(src/ur_simulator) by extension 'ros'
[1.002s] DEBUG:colcon.colcon_core.package_identification:Package 'src/ur_simulator' with type 'ros.ament_python' and name 'ur_simulator'
[1.002s] Level 1:colcon.colcon_core.package_discovery:discover_packages(recursive) using defaults
[1.002s] Level 1:colcon.colcon_core.package_discovery:discover_packages(ignore) discover
[1.002s] Level 1:colcon.colcon_core.package_discovery:discover_packages(ignore) using defaults
[1.002s] Level 1:colcon.colcon_core.package_discovery:discover_packages(path) discover
[1.002s] Level 1:colcon.colcon_core.package_discovery:discover_packages(path) using defaults
[1.072s] Level 1:colcon.colcon_core.package_discovery:discover_packages(prefix_path) check parameters
[1.072s] Level 1:colcon.colcon_core.package_discovery:discover_packages(prefix_path) discover
[1.095s] DEBUG:colcon.colcon_installed_package_information.package_discovery:Found 4 installed packages in /home/fabio_tdt/Documents/blackberry_pose/ros2_dataset_ws/install
[1.107s] DEBUG:colcon.colcon_installed_package_information.package_discovery:Found 356 installed packages in /opt/ros/humble
[1.108s] Level 1:colcon.colcon_core.package_discovery:discover_packages(prefix_path) using defaults
[1.181s] Level 5:colcon.colcon_core.verb:set package 'berry_dataset' build argument 'cmake_args' from command line to 'None'
[1.181s] Level 5:colcon.colcon_core.verb:set package 'berry_dataset' build argument 'cmake_target' from command line to 'None'
[1.181s] Level 5:colcon.colcon_core.verb:set package 'berry_dataset' build argument 'cmake_target_skip_unavailable' from command line to 'False'
[1.181s] Level 5:colcon.colcon_core.verb:set package 'berry_dataset' build argument 'cmake_clean_cache' from command line to 'False'
[1.181s] Level 5:colcon.colcon_core.verb:set package 'berry_dataset' build argument 'cmake_clean_first' from command line to 'False'
[1.181s] Level 5:colcon.colcon_core.verb:set package 'berry_dataset' build argument 'cmake_force_configure' from command line to 'False'
[1.181s] Level 5:colcon.colcon_core.verb:set package 'berry_dataset' build argument 'ament_cmake_args' from command line to 'None'
[1.181s] Level 5:colcon.colcon_core.verb:set package 'berry_dataset' build argument 'catkin_cmake_args' from command line to 'None'
[1.181s] Level 5:colcon.colcon_core.verb:set package 'berry_dataset' build argument 'catkin_skip_building_tests' from command line to 'False'
[1.181s] DEBUG:colcon.colcon_core.verb:Building package 'berry_dataset' with the following arguments: {'ament_cmake_args': None, 'build_base': '/home/fabio_tdt/Documents/blackberry_pose/ros2_dataset_ws/build/berry_dataset', 'catkin_cmake_args': None, 'catkin_skip_building_tests': False, 'cmake_args': None, 'cmake_clean_cache': False, 'cmake_clean_first': False, 'cmake_force_configure': False, 'cmake_target': None, 'cmake_target_skip_unavailable': False, 'install_base': '/home/fabio_tdt/Documents/blackberry_pose/ros2_dataset_ws/install/berry_dataset', 'merge_install': False, 'path': '/home/fabio_tdt/Documents/blackberry_pose/ros2_dataset_ws/src/berry_dataset', 'symlink_install': True, 'test_result_base': None}
[1.193s] Level 5:colcon.colcon_core.verb:set package 'launch_package' build argument 'cmake_args' from command line to 'None'
[1.193s] Level 5:colcon.colcon_core.verb:set package 'launch_package' build argument 'cmake_target' from command line to 'None'
[1.193s] Level 5:colcon.colcon_core.verb:set package 'launch_package' build argument 'cmake_target_skip_unavailable' from command line to 'False'
[1.193s] Level 5:colcon.colcon_core.verb:set package 'launch_package' build argument 'cmake_clean_cache' from command line to 'False'
[1.193s] Level 5:colcon.colcon_core.verb:set package 'launch_package' build argument 'cmake_clean_first' from command line to 'False'
[1.193s] Level 5:colcon.colcon_core.verb:set package 'launch_package' build argument 'cmake_force_configure' from command line to 'False'
[1.193s] Level 5:colcon.colcon_core.verb:set package 'launch_package' build argument 'ament_cmake_args' from command line to 'None'
[1.193s] Level 5:colcon.colcon_core.verb:set package 'launch_package' build argument 'catkin_cmake_args' from command line to 'None'
[1.193s] Level 5:colcon.colcon_core.verb:set package 'launch_package' build argument 'catkin_skip_building_tests' from command line to 'False'
[1.193s] DEBUG:colcon.colcon_core.verb:Building package 'launch_package' with the following arguments: {'ament_cmake_args': None, 'build_base': '/home/fabio_tdt/Documents/blackberry_pose/ros2_dataset_ws/build/launch_package', 'catkin_cmake_args': None, 'catkin_skip_building_tests': False, 'cmake_args': None, 'cmake_clean_cache': False, 'cmake_clean_first': False, 'cmake_force_configure': False, 'cmake_target': None, 'cmake_target_skip_unavailable': False, 'install_base': '/home/fabio_tdt/Documents/blackberry_pose/ros2_dataset_ws/install/launch_package', 'merge_install': False, 'path': '/home/fabio_tdt/Documents/blackberry_pose/ros2_dataset_ws/src/launch_package', 'symlink_install': True, 'test_result_base': None}
[1.205s] Level 5:colcon.colcon_core.verb:set package 'realsense_streamer' build argument 'cmake_args' from command line to 'None'
[1.205s] Level 5:colcon.colcon_core.verb:set package 'realsense_streamer' build argument 'cmake_target' from command line to 'None'
[1.205s] Level 5:colcon.colcon_core.verb:set package 'realsense_streamer' build argument 'cmake_target_skip_unavailable' from command line to 'False'
[1.205s] Level 5:colcon.colcon_core.verb:set package 'realsense_streamer' build argument 'cmake_clean_cache' from command line to 'False'
[1.205s] Level 5:colcon.colcon_core.verb:set package 'realsense_streamer' build argument 'cmake_clean_first' from command line to 'False'
[1.205s] Level 5:colcon.colcon_core.verb:set package 'realsense_streamer' build argument 'cmake_force_configure' from command line to 'False'
[1.205s] Level 5:colcon.colcon_core.verb:set package 'realsense_streamer' build argument 'ament_cmake_args' from command line to 'None'
[1.205s] Level 5:colcon.colcon_core.verb:set package 'realsense_streamer' build argument 'catkin_cmake_args' from command line to 'None'
[1.205s] Level 5:colcon.colcon_core.verb:set package 'realsense_streamer' build argument 'catkin_skip_building_tests' from command line to 'False'
[1.205s] DEBUG:colcon.colcon_core.verb:Building package 'realsense_streamer' with the following arguments: {'ament_cmake_args': None, 'build_base': '/home/fabio_tdt/Documents/blackberry_pose/ros2_dataset_ws/build/realsense_streamer', 'catkin_cmake_args': None, 'catkin_skip_building_tests': False, 'cmake_args': None, 'cmake_clean_cache': False, 'cmake_clean_first': False, 'cmake_force_configure': False, 'cmake_target': None, 'cmake_target_skip_unavailable': False, 'install_base': '/home/fabio_tdt/Documents/blackberry_pose/ros2_dataset_ws/install/realsense_streamer', 'merge_install': False, 'path': '/home/fabio_tdt/Documents/blackberry_pose/ros2_dataset_ws/src/realsense_streamer', 'symlink_install': True, 'test_result_base': None}
[1.217s] Level 5:colcon.colcon_core.verb:set package 'ur_simulator' build argument 'cmake_args' from command line to 'None'
[1.217s] Level 5:colcon.colcon_core.verb:set package 'ur_simulator' build argument 'cmake_target' from command line to 'None'
[1.217s] Level 5:colcon.colcon_core.verb:set package 'ur_simulator' build argument 'cmake_target_skip_unavailable' from command line to 'False'
[1.217s] Level 5:colcon.colcon_core.verb:set package 'ur_simulator' build argument 'cmake_clean_cache' from command line to 'False'
[1.217s] Level 5:colcon.colcon_core.verb:set package 'ur_simulator' build argument 'cmake_clean_first' from command line to 'False'
[1.217s] Level 5:colcon.colcon_core.verb:set package 'ur_simulator' build argument 'cmake_force_configure' from command line to 'False'
[1.217s] Level 5:colcon.colcon_core.verb:set package 'ur_simulator' build argument 'ament_cmake_args' from command line to 'None'
[1.217s] Level 5:colcon.colcon_core.verb:set package 'ur_simulator' build argument 'catkin_cmake_args' from command line to 'None'
[1.217s] Level 5:colcon.colcon_core.verb:set package 'ur_simulator' build argument 'catkin_skip_building_tests' from command line to 'False'
[1.217s] DEBUG:colcon.colcon_core.verb:Building package 'ur_simulator' with the following arguments: {'ament_cmake_args': None, 'build_base': '/home/fabio_tdt/Documents/blackberry_pose/ros2_dataset_ws/build/ur_simulator', 'catkin_cmake_args': None, 'catkin_skip_building_tests': False, 'cmake_args': None, 'cmake_clean_cache': False, 'cmake_clean_first': False, 'cmake_force_configure': False, 'cmake_target': None, 'cmake_target_skip_unavailable': False, 'install_base': '/home/fabio_tdt/Documents/blackberry_pose/ros2_dataset_ws/install/ur_simulator', 'merge_install': False, 'path': '/home/fabio_tdt/Documents/blackberry_pose/ros2_dataset_ws/src/ur_simulator', 'symlink_install': True, 'test_result_base': None}
[1.229s] INFO:colcon.colcon_core.executor:Executing jobs using 'parallel' executor
[1.243s] DEBUG:colcon.colcon_parallel_executor.executor.parallel:run_until_complete
[1.243s] INFO:colcon.colcon_ros.task.ament_python.build:Building ROS package in '/home/fabio_tdt/Documents/blackberry_pose/ros2_dataset_ws/src/berry_dataset' with build type 'ament_python'
[1.243s] Level 1:colcon.colcon_core.shell:create_environment_hook('berry_dataset', 'ament_prefix_path')
[1.256s] INFO:colcon.colcon_core.plugin_system:Skipping extension 'colcon_core.shell.bat': Not used on non-Windows systems
[1.256s] INFO:colcon.colcon_core.shell:Creating environment hook '/home/fabio_tdt/Documents/blackberry_pose/ros2_dataset_ws/install/berry_dataset/share/berry_dataset/hook/ament_prefix_path.ps1'
[1.257s] INFO:colcon.colcon_core.shell:Creating environment descriptor '/home/fabio_tdt/Documents/blackberry_pose/ros2_dataset_ws/install/berry_dataset/share/berry_dataset/hook/ament_prefix_path.dsv'
[1.257s] INFO:colcon.colcon_core.shell:Creating environment hook '/home/fabio_tdt/Documents/blackberry_pose/ros2_dataset_ws/install/berry_dataset/share/berry_dataset/hook/ament_prefix_path.sh'
[1.269s] INFO:colcon.colcon_core.shell:Skip shell extension 'powershell' for command environment: Not usable outside of PowerShell
[1.270s] DEBUG:colcon.colcon_core.shell:Skip shell extension 'dsv' for command environment
[1.309s] INFO:colcon.colcon_ros.task.ament_python.build:Building ROS package in '/home/fabio_tdt/Documents/blackberry_pose/ros2_dataset_ws/src/launch_package' with build type 'ament_python'
[1.310s] Level 1:colcon.colcon_core.shell:create_environment_hook('launch_package', 'ament_prefix_path')
[1.323s] INFO:colcon.colcon_core.shell:Creating environment hook '/home/fabio_tdt/Documents/blackberry_pose/ros2_dataset_ws/install/launch_package/share/launch_package/hook/ament_prefix_path.ps1'
[1.323s] INFO:colcon.colcon_core.shell:Creating environment descriptor '/home/fabio_tdt/Documents/blackberry_pose/ros2_dataset_ws/install/launch_package/share/launch_package/hook/ament_prefix_path.dsv'
[1.323s] INFO:colcon.colcon_core.shell:Creating environment hook '/home/fabio_tdt/Documents/blackberry_pose/ros2_dataset_ws/install/launch_package/share/launch_package/hook/ament_prefix_path.sh'
[1.339s] INFO:colcon.colcon_core.shell:Skip shell extension 'powershell' for command environment: Not usable outside of PowerShell
[1.339s] DEBUG:colcon.colcon_core.shell:Skip shell extension 'dsv' for command environment
[1.377s] INFO:colcon.colcon_ros.task.ament_python.build:Building ROS package in '/home/fabio_tdt/Documents/blackberry_pose/ros2_dataset_ws/src/realsense_streamer' with build type 'ament_python'
[1.378s] Level 1:colcon.colcon_core.shell:create_environment_hook('realsense_streamer', 'ament_prefix_path')
[1.390s] INFO:colcon.colcon_core.shell:Creating environment hook '/home/fabio_tdt/Documents/blackberry_pose/ros2_dataset_ws/install/realsense_streamer/share/realsense_streamer/hook/ament_prefix_path.ps1'
[1.390s] INFO:colcon.colcon_core.shell:Creating environment descriptor '/home/fabio_tdt/Documents/blackberry_pose/ros2_dataset_ws/install/realsense_streamer/share/realsense_streamer/hook/ament_prefix_path.dsv'
[1.391s] INFO:colcon.colcon_core.shell:Creating environment hook '/home/fabio_tdt/Documents/blackberry_pose/ros2_dataset_ws/install/realsense_streamer/share/realsense_streamer/hook/ament_prefix_path.sh'
[1.403s] INFO:colcon.colcon_core.shell:Skip shell extension 'powershell' for command environment: Not usable outside of PowerShell
[1.403s] DEBUG:colcon.colcon_core.shell:Skip shell extension 'dsv' for command environment
[1.440s] INFO:colcon.colcon_ros.task.ament_python.build:Building ROS package in '/home/fabio_tdt/Documents/blackberry_pose/ros2_dataset_ws/src/ur_simulator' with build type 'ament_python'
[1.440s] Level 1:colcon.colcon_core.shell:create_environment_hook('ur_simulator', 'ament_prefix_path')
[1.453s] INFO:colcon.colcon_core.shell:Creating environment hook '/home/fabio_tdt/Documents/blackberry_pose/ros2_dataset_ws/install/ur_simulator/share/ur_simulator/hook/ament_prefix_path.ps1'
[1.453s] INFO:colcon.colcon_core.shell:Creating environment descriptor '/home/fabio_tdt/Documents/blackberry_pose/ros2_dataset_ws/install/ur_simulator/share/ur_simulator/hook/ament_prefix_path.dsv'
[1.453s] INFO:colcon.colcon_core.shell:Creating environment hook '/home/fabio_tdt/Documents/blackberry_pose/ros2_dataset_ws/install/ur_simulator/share/ur_simulator/hook/ament_prefix_path.sh'
[1.467s] INFO:colcon.colcon_core.shell:Skip shell extension 'powershell' for command environment: Not usable outside of PowerShell
[1.467s] DEBUG:colcon.colcon_core.shell:Skip shell extension 'dsv' for command environment
[1.721s] INFO:colcon.colcon_core.task.python.build:Building Python package in '/home/fabio_tdt/Documents/blackberry_pose/ros2_dataset_ws/src/berry_dataset'
[1.732s] INFO:colcon.colcon_core.shell:Skip shell extension 'powershell' for command environment: Not usable outside of PowerShell
[1.732s] DEBUG:colcon.colcon_core.shell:Skip shell extension 'dsv' for command environment
[1.976s] INFO:colcon.colcon_core.task.python.build:Building Python package in '/home/fabio_tdt/Documents/blackberry_pose/ros2_dataset_ws/src/launch_package'
[1.987s] INFO:colcon.colcon_core.shell:Skip shell extension 'powershell' for command environment: Not usable outside of PowerShell
[1.987s] DEBUG:colcon.colcon_core.shell:Skip shell extension 'dsv' for command environment
[2.212s] INFO:colcon.colcon_core.task.python.build:Building Python package in '/home/fabio_tdt/Documents/blackberry_pose/ros2_dataset_ws/src/realsense_streamer'
[2.224s] INFO:colcon.colcon_core.shell:Skip shell extension 'powershell' for command environment: Not usable outside of PowerShell
[2.224s] DEBUG:colcon.colcon_core.shell:Skip shell extension 'dsv' for command environment
[2.470s] INFO:colcon.colcon_core.task.python.build:Building Python package in '/home/fabio_tdt/Documents/blackberry_pose/ros2_dataset_ws/src/ur_simulator'
[2.485s] INFO:colcon.colcon_core.shell:Skip shell extension 'powershell' for command environment: Not usable outside of PowerShell
[2.485s] DEBUG:colcon.colcon_core.shell:Skip shell extension 'dsv' for command environment
[2.946s] DEBUG:colcon.colcon_core.event_handler.log_command:Invoking command in '/home/fabio_tdt/Documents/blackberry_pose/ros2_dataset_ws/build/berry_dataset': PYTHONPATH=/home/fabio_tdt/Documents/blackberry_pose/ros2_dataset_ws/build/berry_dataset/prefix_override:/home/fabio_tdt/Documents/blackberry_pose/ros2_dataset_ws/install/berry_dataset/lib/python3.10/site-packages:${PYTHONPATH} /usr/bin/python3 setup.py develop --editable --build-directory /home/fabio_tdt/Documents/blackberry_pose/ros2_dataset_ws/build/berry_dataset/build --no-deps install_data
[2.949s] DEBUG:colcon.colcon_core.event_handler.log_command:Invoking command in '/home/fabio_tdt/Documents/blackberry_pose/ros2_dataset_ws/build/realsense_streamer': PYTHONPATH=/home/fabio_tdt/Documents/blackberry_pose/ros2_dataset_ws/build/realsense_streamer/prefix_override:/home/fabio_tdt/Documents/blackberry_pose/ros2_dataset_ws/install/realsense_streamer/lib/python3.10/site-packages:${PYTHONPATH} /usr/bin/python3 setup.py develop --editable --build-directory /home/fabio_tdt/Documents/blackberry_pose/ros2_dataset_ws/build/realsense_streamer/build --no-deps install_data
[2.952s] DEBUG:colcon.colcon_core.event_handler.log_command:Invoking command in '/home/fabio_tdt/Documents/blackberry_pose/ros2_dataset_ws/build/launch_package': PYTHONPATH=/home/fabio_tdt/Documents/blackberry_pose/ros2_dataset_ws/build/launch_package/prefix_override:/home/fabio_tdt/Documents/blackberry_pose/ros2_dataset_ws/install/launch_package/lib/python3.10/site-packages:${PYTHONPATH} /usr/bin/python3 setup.py develop --editable --build-directory /home/fabio_tdt/Documents/blackberry_pose/ros2_dataset_ws/build/launch_package/build --no-deps install_data
[2.957s] DEBUG:colcon.colcon_core.event_handler.log_command:Invoking command in '/home/fabio_tdt/Documents/blackberry_pose/ros2_dataset_ws/build/ur_simulator': PYTHONPATH=/home/fabio_tdt/Documents/blackberry_pose/ros2_dataset_ws/build/ur_simulator/prefix_override:/home/fabio_tdt/Documents/blackberry_pose/ros2_dataset_ws/install/ur_simulator/lib/python3.10/site-packages:${PYTHONPATH} /usr/bin/python3 setup.py develop --editable --build-directory /home/fabio_tdt/Documents/blackberry_pose/ros2_dataset_ws/build/ur_simulator/build --no-deps install_data
[3.456s] Level 1:colcon.colcon_core.shell:create_environment_hook('launch_package', 'pythonpath_develop')
[3.456s] DEBUG:colcon.colcon_core.event_handler.log_command:Invoked command in '/home/fabio_tdt/Documents/blackberry_pose/ros2_dataset_ws/build/launch_package' returned '0': PYTHONPATH=/home/fabio_tdt/Documents/blackberry_pose/ros2_dataset_ws/build/launch_package/prefix_override:/home/fabio_tdt/Documents/blackberry_pose/ros2_dataset_ws/install/launch_package/lib/python3.10/site-packages:${PYTHONPATH} /usr/bin/python3 setup.py develop --editable --build-directory /home/fabio_tdt/Documents/blackberry_pose/ros2_dataset_ws/build/launch_package/build --no-deps install_data
[3.473s] INFO:colcon.colcon_core.shell:Creating environment hook '/home/fabio_tdt/Documents/blackberry_pose/ros2_dataset_ws/build/launch_package/share/launch_package/hook/pythonpath_develop.ps1'
[3.473s] INFO:colcon.colcon_core.shell:Creating environment descriptor '/home/fabio_tdt/Documents/blackberry_pose/ros2_dataset_ws/build/launch_package/share/launch_package/hook/pythonpath_develop.dsv'
[3.474s] INFO:colcon.colcon_core.shell:Creating environment hook '/home/fabio_tdt/Documents/blackberry_pose/ros2_dataset_ws/build/launch_package/share/launch_package/hook/pythonpath_develop.sh'
[3.496s] Level 1:colcon.colcon_core.environment:checking '/home/fabio_tdt/Documents/blackberry_pose/ros2_dataset_ws/install/launch_package' for CMake module files
[3.496s] Level 1:colcon.colcon_core.environment:checking '/home/fabio_tdt/Documents/blackberry_pose/ros2_dataset_ws/install/launch_package' for CMake config files
[3.497s] Level 1:colcon.colcon_core.environment:checking '/home/fabio_tdt/Documents/blackberry_pose/ros2_dataset_ws/install/launch_package/lib'
[3.497s] Level 1:colcon.colcon_core.environment:checking '/home/fabio_tdt/Documents/blackberry_pose/ros2_dataset_ws/install/launch_package/bin'
[3.497s] Level 1:colcon.colcon_core.environment:checking '/home/fabio_tdt/Documents/blackberry_pose/ros2_dataset_ws/install/launch_package/lib/pkgconfig/launch_package.pc'
[3.498s] Level 1:colcon.colcon_core.environment:checking '/home/fabio_tdt/Documents/blackberry_pose/ros2_dataset_ws/install/launch_package/lib/python3.10/site-packages'
[3.498s] Level 1:colcon.colcon_core.shell:create_environment_hook('launch_package', 'pythonpath')
[3.518s] INFO:colcon.colcon_core.shell:Creating environment hook '/home/fabio_tdt/Documents/blackberry_pose/ros2_dataset_ws/install/launch_package/share/launch_package/hook/pythonpath.ps1'
[3.519s] INFO:colcon.colcon_core.shell:Creating environment descriptor '/home/fabio_tdt/Documents/blackberry_pose/ros2_dataset_ws/install/launch_package/share/launch_package/hook/pythonpath.dsv'
[3.519s] INFO:colcon.colcon_core.shell:Creating environment hook '/home/fabio_tdt/Documents/blackberry_pose/ros2_dataset_ws/install/launch_package/share/launch_package/hook/pythonpath.sh'
[3.520s] Level 1:colcon.colcon_core.environment:checking '/home/fabio_tdt/Documents/blackberry_pose/ros2_dataset_ws/install/launch_package/bin'
[3.520s] Level 1:colcon.colcon_core.environment:create_environment_scripts_only(launch_package)
[3.538s] INFO:colcon.colcon_core.shell:Creating package script '/home/fabio_tdt/Documents/blackberry_pose/ros2_dataset_ws/install/launch_package/share/launch_package/package.ps1'
[3.539s] INFO:colcon.colcon_core.shell:Creating package descriptor '/home/fabio_tdt/Documents/blackberry_pose/ros2_dataset_ws/install/launch_package/share/launch_package/package.dsv'
[3.540s] INFO:colcon.colcon_core.shell:Creating package script '/home/fabio_tdt/Documents/blackberry_pose/ros2_dataset_ws/install/launch_package/share/launch_package/package.sh'
[3.541s] INFO:colcon.colcon_core.shell:Creating package script '/home/fabio_tdt/Documents/blackberry_pose/ros2_dataset_ws/install/launch_package/share/launch_package/package.bash'
[3.542s] INFO:colcon.colcon_core.shell:Creating package script '/home/fabio_tdt/Documents/blackberry_pose/ros2_dataset_ws/install/launch_package/share/launch_package/package.zsh'
[3.543s] Level 1:colcon.colcon_core.environment:create_file_with_runtime_dependencies(/home/fabio_tdt/Documents/blackberry_pose/ros2_dataset_ws/install/launch_package/share/colcon-core/packages/launch_package)
[3.546s] Level 1:colcon.colcon_core.shell:create_environment_hook('berry_dataset', 'pythonpath_develop')
[3.548s] DEBUG:colcon.colcon_core.event_handler.log_command:Invoked command in '/home/fabio_tdt/Documents/blackberry_pose/ros2_dataset_ws/build/berry_dataset' returned '0': PYTHONPATH=/home/fabio_tdt/Documents/blackberry_pose/ros2_dataset_ws/build/berry_dataset/prefix_override:/home/fabio_tdt/Documents/blackberry_pose/ros2_dataset_ws/install/berry_dataset/lib/python3.10/site-packages:${PYTHONPATH} /usr/bin/python3 setup.py develop --editable --build-directory /home/fabio_tdt/Documents/blackberry_pose/ros2_dataset_ws/build/berry_dataset/build --no-deps install_data
[3.562s] INFO:colcon.colcon_core.shell:Creating environment hook '/home/fabio_tdt/Documents/blackberry_pose/ros2_dataset_ws/build/berry_dataset/share/berry_dataset/hook/pythonpath_develop.ps1'
[3.563s] INFO:colcon.colcon_core.shell:Creating environment descriptor '/home/fabio_tdt/Documents/blackberry_pose/ros2_dataset_ws/build/berry_dataset/share/berry_dataset/hook/pythonpath_develop.dsv'
[3.563s] INFO:colcon.colcon_core.shell:Creating environment hook '/home/fabio_tdt/Documents/blackberry_pose/ros2_dataset_ws/build/berry_dataset/share/berry_dataset/hook/pythonpath_develop.sh'
[3.575s] Level 1:colcon.colcon_core.environment:checking '/home/fabio_tdt/Documents/blackberry_pose/ros2_dataset_ws/install/berry_dataset' for CMake module files
[3.575s] Level 1:colcon.colcon_core.environment:checking '/home/fabio_tdt/Documents/blackberry_pose/ros2_dataset_ws/install/berry_dataset' for CMake config files
[3.576s] Level 1:colcon.colcon_core.environment:checking '/home/fabio_tdt/Documents/blackberry_pose/ros2_dataset_ws/install/berry_dataset/lib'
[3.576s] Level 1:colcon.colcon_core.environment:checking '/home/fabio_tdt/Documents/blackberry_pose/ros2_dataset_ws/install/berry_dataset/bin'
[3.576s] Level 1:colcon.colcon_core.environment:checking '/home/fabio_tdt/Documents/blackberry_pose/ros2_dataset_ws/install/berry_dataset/lib/pkgconfig/berry_dataset.pc'
[3.576s] Level 1:colcon.colcon_core.environment:checking '/home/fabio_tdt/Documents/blackberry_pose/ros2_dataset_ws/install/berry_dataset/lib/python3.10/site-packages'
[3.576s] Level 1:colcon.colcon_core.shell:create_environment_hook('berry_dataset', 'pythonpath')
[3.588s] INFO:colcon.colcon_core.shell:Creating environment hook '/home/fabio_tdt/Documents/blackberry_pose/ros2_dataset_ws/install/berry_dataset/share/berry_dataset/hook/pythonpath.ps1'
[3.589s] INFO:colcon.colcon_core.shell:Creating environment descriptor '/home/fabio_tdt/Documents/blackberry_pose/ros2_dataset_ws/install/berry_dataset/share/berry_dataset/hook/pythonpath.dsv'
[3.589s] INFO:colcon.colcon_core.shell:Creating environment hook '/home/fabio_tdt/Documents/blackberry_pose/ros2_dataset_ws/install/berry_dataset/share/berry_dataset/hook/pythonpath.sh'
[3.589s] Level 1:colcon.colcon_core.environment:checking '/home/fabio_tdt/Documents/blackberry_pose/ros2_dataset_ws/install/berry_dataset/bin'
[3.589s] Level 1:colcon.colcon_core.environment:create_environment_scripts_only(berry_dataset)
[3.602s] INFO:colcon.colcon_core.shell:Creating package script '/home/fabio_tdt/Documents/blackberry_pose/ros2_dataset_ws/install/berry_dataset/share/berry_dataset/package.ps1'
[3.602s] INFO:colcon.colcon_core.shell:Creating package descriptor '/home/fabio_tdt/Documents/blackberry_pose/ros2_dataset_ws/install/berry_dataset/share/berry_dataset/package.dsv'
[3.602s] INFO:colcon.colcon_core.shell:Creating package script '/home/fabio_tdt/Documents/blackberry_pose/ros2_dataset_ws/install/berry_dataset/share/berry_dataset/package.sh'
[3.603s] INFO:colcon.colcon_core.shell:Creating package script '/home/fabio_tdt/Documents/blackberry_pose/ros2_dataset_ws/install/berry_dataset/share/berry_dataset/package.bash'
[3.603s] INFO:colcon.colcon_core.shell:Creating package script '/home/fabio_tdt/Documents/blackberry_pose/ros2_dataset_ws/install/berry_dataset/share/berry_dataset/package.zsh'
[3.603s] Level 1:colcon.colcon_core.environment:create_file_with_runtime_dependencies(/home/fabio_tdt/Documents/blackberry_pose/ros2_dataset_ws/install/berry_dataset/share/colcon-core/packages/berry_dataset)
[3.603s] Level 1:colcon.colcon_core.shell:create_environment_hook('ur_simulator', 'pythonpath_develop')
[3.604s] DEBUG:colcon.colcon_core.event_handler.log_command:Invoked command in '/home/fabio_tdt/Documents/blackberry_pose/ros2_dataset_ws/build/ur_simulator' returned '0': PYTHONPATH=/home/fabio_tdt/Documents/blackberry_pose/ros2_dataset_ws/build/ur_simulator/prefix_override:/home/fabio_tdt/Documents/blackberry_pose/ros2_dataset_ws/install/ur_simulator/lib/python3.10/site-packages:${PYTHONPATH} /usr/bin/python3 setup.py develop --editable --build-directory /home/fabio_tdt/Documents/blackberry_pose/ros2_dataset_ws/build/ur_simulator/build --no-deps install_data
[3.616s] INFO:colcon.colcon_core.shell:Creating environment hook '/home/fabio_tdt/Documents/blackberry_pose/ros2_dataset_ws/build/ur_simulator/share/ur_simulator/hook/pythonpath_develop.ps1'
[3.616s] INFO:colcon.colcon_core.shell:Creating environment descriptor '/home/fabio_tdt/Documents/blackberry_pose/ros2_dataset_ws/build/ur_simulator/share/ur_simulator/hook/pythonpath_develop.dsv'
[3.617s] INFO:colcon.colcon_core.shell:Creating environment hook '/home/fabio_tdt/Documents/blackberry_pose/ros2_dataset_ws/build/ur_simulator/share/ur_simulator/hook/pythonpath_develop.sh'
[3.629s] Level 1:colcon.colcon_core.environment:checking '/home/fabio_tdt/Documents/blackberry_pose/ros2_dataset_ws/install/ur_simulator' for CMake module files
[3.629s] Level 1:colcon.colcon_core.environment:checking '/home/fabio_tdt/Documents/blackberry_pose/ros2_dataset_ws/install/ur_simulator' for CMake config files
[3.629s] Level 1:colcon.colcon_core.environment:checking '/home/fabio_tdt/Documents/blackberry_pose/ros2_dataset_ws/install/ur_simulator/lib'
[3.629s] Level 1:colcon.colcon_core.environment:checking '/home/fabio_tdt/Documents/blackberry_pose/ros2_dataset_ws/install/ur_simulator/bin'
[3.629s] Level 1:colcon.colcon_core.environment:checking '/home/fabio_tdt/Documents/blackberry_pose/ros2_dataset_ws/install/ur_simulator/lib/pkgconfig/ur_simulator.pc'
[3.630s] Level 1:colcon.colcon_core.environment:checking '/home/fabio_tdt/Documents/blackberry_pose/ros2_dataset_ws/install/ur_simulator/lib/python3.10/site-packages'
[3.630s] Level 1:colcon.colcon_core.shell:create_environment_hook('ur_simulator', 'pythonpath')
[3.642s] INFO:colcon.colcon_core.shell:Creating environment hook '/home/fabio_tdt/Documents/blackberry_pose/ros2_dataset_ws/install/ur_simulator/share/ur_simulator/hook/pythonpath.ps1'
[3.643s] INFO:colcon.colcon_core.shell:Creating environment descriptor '/home/fabio_tdt/Documents/blackberry_pose/ros2_dataset_ws/install/ur_simulator/share/ur_simulator/hook/pythonpath.dsv'
[3.643s] INFO:colcon.colcon_core.shell:Creating environment hook '/home/fabio_tdt/Documents/blackberry_pose/ros2_dataset_ws/install/ur_simulator/share/ur_simulator/hook/pythonpath.sh'
[3.644s] Level 1:colcon.colcon_core.environment:checking '/home/fabio_tdt/Documents/blackberry_pose/ros2_dataset_ws/install/ur_simulator/bin'
[3.644s] Level 1:colcon.colcon_core.environment:create_environment_scripts_only(ur_simulator)
[3.657s] INFO:colcon.colcon_core.shell:Creating package script '/home/fabio_tdt/Documents/blackberry_pose/ros2_dataset_ws/install/ur_simulator/share/ur_simulator/package.ps1'
[3.657s] INFO:colcon.colcon_core.shell:Creating package descriptor '/home/fabio_tdt/Documents/blackberry_pose/ros2_dataset_ws/install/ur_simulator/share/ur_simulator/package.dsv'
[3.658s] INFO:colcon.colcon_core.shell:Creating package script '/home/fabio_tdt/Documents/blackberry_pose/ros2_dataset_ws/install/ur_simulator/share/ur_simulator/package.sh'
[3.658s] INFO:colcon.colcon_core.shell:Creating package script '/home/fabio_tdt/Documents/blackberry_pose/ros2_dataset_ws/install/ur_simulator/share/ur_simulator/package.bash'
[3.659s] INFO:colcon.colcon_core.shell:Creating package script '/home/fabio_tdt/Documents/blackberry_pose/ros2_dataset_ws/install/ur_simulator/share/ur_simulator/package.zsh'
[3.659s] Level 1:colcon.colcon_core.environment:create_file_with_runtime_dependencies(/home/fabio_tdt/Documents/blackberry_pose/ros2_dataset_ws/install/ur_simulator/share/colcon-core/packages/ur_simulator)
[3.659s] Level 1:colcon.colcon_core.shell:create_environment_hook('realsense_streamer', 'pythonpath_develop')
[3.660s] DEBUG:colcon.colcon_core.event_handler.log_command:Invoked command in '/home/fabio_tdt/Documents/blackberry_pose/ros2_dataset_ws/build/realsense_streamer' returned '0': PYTHONPATH=/home/fabio_tdt/Documents/blackberry_pose/ros2_dataset_ws/build/realsense_streamer/prefix_override:/home/fabio_tdt/Documents/blackberry_pose/ros2_dataset_ws/install/realsense_streamer/lib/python3.10/site-packages:${PYTHONPATH} /usr/bin/python3 setup.py develop --editable --build-directory /home/fabio_tdt/Documents/blackberry_pose/ros2_dataset_ws/build/realsense_streamer/build --no-deps install_data
[3.673s] INFO:colcon.colcon_core.shell:Creating environment hook '/home/fabio_tdt/Documents/blackberry_pose/ros2_dataset_ws/build/realsense_streamer/share/realsense_streamer/hook/pythonpath_develop.ps1'
[3.673s] INFO:colcon.colcon_core.shell:Creating environment descriptor '/home/fabio_tdt/Documents/blackberry_pose/ros2_dataset_ws/build/realsense_streamer/share/realsense_streamer/hook/pythonpath_develop.dsv'
[3.673s] INFO:colcon.colcon_core.shell:Creating environment hook '/home/fabio_tdt/Documents/blackberry_pose/ros2_dataset_ws/build/realsense_streamer/share/realsense_streamer/hook/pythonpath_develop.sh'
[3.686s] Level 1:colcon.colcon_core.environment:checking '/home/fabio_tdt/Documents/blackberry_pose/ros2_dataset_ws/install/realsense_streamer' for CMake module files
[3.687s] Level 1:colcon.colcon_core.environment:checking '/home/fabio_tdt/Documents/blackberry_pose/ros2_dataset_ws/install/realsense_streamer' for CMake config files
[3.687s] Level 1:colcon.colcon_core.environment:checking '/home/fabio_tdt/Documents/blackberry_pose/ros2_dataset_ws/install/realsense_streamer/lib'
[3.687s] Level 1:colcon.colcon_core.environment:checking '/home/fabio_tdt/Documents/blackberry_pose/ros2_dataset_ws/install/realsense_streamer/bin'
[3.687s] Level 1:colcon.colcon_core.environment:checking '/home/fabio_tdt/Documents/blackberry_pose/ros2_dataset_ws/install/realsense_streamer/lib/pkgconfig/realsense_streamer.pc'
[3.687s] Level 1:colcon.colcon_core.environment:checking '/home/fabio_tdt/Documents/blackberry_pose/ros2_dataset_ws/install/realsense_streamer/lib/python3.10/site-packages'
[3.687s] Level 1:colcon.colcon_core.shell:create_environment_hook('realsense_streamer', 'pythonpath')
[3.700s] INFO:colcon.colcon_core.shell:Creating environment hook '/home/fabio_tdt/Documents/blackberry_pose/ros2_dataset_ws/install/realsense_streamer/share/realsense_streamer/hook/pythonpath.ps1'
[3.700s] INFO:colcon.colcon_core.shell:Creating environment descriptor '/home/fabio_tdt/Documents/blackberry_pose/ros2_dataset_ws/install/realsense_streamer/share/realsense_streamer/hook/pythonpath.dsv'
[3.700s] INFO:colcon.colcon_core.shell:Creating environment hook '/home/fabio_tdt/Documents/blackberry_pose/ros2_dataset_ws/install/realsense_streamer/share/realsense_streamer/hook/pythonpath.sh'
[3.701s] Level 1:colcon.colcon_core.environment:checking '/home/fabio_tdt/Documents/blackberry_pose/ros2_dataset_ws/install/realsense_streamer/bin'
[3.701s] Level 1:colcon.colcon_core.environment:create_environment_scripts_only(realsense_streamer)
[3.713s] INFO:colcon.colcon_core.shell:Creating package script '/home/fabio_tdt/Documents/blackberry_pose/ros2_dataset_ws/install/realsense_streamer/share/realsense_streamer/package.ps1'
[3.713s] INFO:colcon.colcon_core.shell:Creating package descriptor '/home/fabio_tdt/Documents/blackberry_pose/ros2_dataset_ws/install/realsense_streamer/share/realsense_streamer/package.dsv'
[3.713s] INFO:colcon.colcon_core.shell:Creating package script '/home/fabio_tdt/Documents/blackberry_pose/ros2_dataset_ws/install/realsense_streamer/share/realsense_streamer/package.sh'
[3.714s] INFO:colcon.colcon_core.shell:Creating package script '/home/fabio_tdt/Documents/blackberry_pose/ros2_dataset_ws/install/realsense_streamer/share/realsense_streamer/package.bash'
[3.714s] INFO:colcon.colcon_core.shell:Creating package script '/home/fabio_tdt/Documents/blackberry_pose/ros2_dataset_ws/install/realsense_streamer/share/realsense_streamer/package.zsh'
[3.714s] Level 1:colcon.colcon_core.environment:create_file_with_runtime_dependencies(/home/fabio_tdt/Documents/blackberry_pose/ros2_dataset_ws/install/realsense_streamer/share/colcon-core/packages/realsense_streamer)
[3.714s] DEBUG:colcon.colcon_parallel_executor.executor.parallel:closing loop
[3.714s] DEBUG:colcon.colcon_parallel_executor.executor.parallel:loop closed
[3.714s] DEBUG:colcon.colcon_parallel_executor.executor.parallel:run_until_complete finished with '0'
[3.715s] DEBUG:colcon.colcon_core.event_reactor:joining thread
[3.731s] INFO:colcon.colcon_core.plugin_system:Skipping extension 'colcon_notification.desktop_notification.terminal_notifier': Not used on non-Darwin systems
[3.731s] INFO:colcon.colcon_core.plugin_system:Skipping extension 'colcon_notification.desktop_notification.win32': Not used on non-Windows systems
[3.731s] INFO:colcon.colcon_notification.desktop_notification:Sending desktop notification using 'notify2'
[3.739s] DEBUG:colcon.colcon_core.event_reactor:joined thread
[3.752s] INFO:colcon.colcon_core.shell:Creating prefix script '/home/fabio_tdt/Documents/blackberry_pose/ros2_dataset_ws/install/local_setup.ps1'
[3.752s] INFO:colcon.colcon_core.shell:Creating prefix util module '/home/fabio_tdt/Documents/blackberry_pose/ros2_dataset_ws/install/_local_setup_util_ps1.py'
[3.753s] INFO:colcon.colcon_core.shell:Creating prefix chain script '/home/fabio_tdt/Documents/blackberry_pose/ros2_dataset_ws/install/setup.ps1'
[3.766s] INFO:colcon.colcon_core.shell:Creating prefix script '/home/fabio_tdt/Documents/blackberry_pose/ros2_dataset_ws/install/local_setup.sh'
[3.766s] INFO:colcon.colcon_core.shell:Creating prefix util module '/home/fabio_tdt/Documents/blackberry_pose/ros2_dataset_ws/install/_local_setup_util_sh.py'
[3.766s] INFO:colcon.colcon_core.shell:Creating prefix chain script '/home/fabio_tdt/Documents/blackberry_pose/ros2_dataset_ws/install/setup.sh'
[3.779s] INFO:colcon.colcon_core.shell:Creating prefix script '/home/fabio_tdt/Documents/blackberry_pose/ros2_dataset_ws/install/local_setup.bash'
[3.779s] INFO:colcon.colcon_core.shell:Creating prefix chain script '/home/fabio_tdt/Documents/blackberry_pose/ros2_dataset_ws/install/setup.bash'
[3.792s] INFO:colcon.colcon_core.shell:Creating prefix script '/home/fabio_tdt/Documents/blackberry_pose/ros2_dataset_ws/install/local_setup.zsh'
[3.792s] INFO:colcon.colcon_core.shell:Creating prefix chain script '/home/fabio_tdt/Documents/blackberry_pose/ros2_dataset_ws/install/setup.zsh'
