[2.199s] Invoking command in '/home/fabio_tdt/Documents/ros2_dataset_ws/build/ur_simulator': PYTHONPATH=/home/fabio_tdt/Documents/ros2_dataset_ws/build/ur_simulator/prefix_override:/home/fabio_tdt/Documents/ros2_dataset_ws/install/ur_simulator/lib/python3.10/site-packages:${PYTHONPATH} /usr/bin/python3 setup.py develop --editable --build-directory /home/fabio_tdt/Documents/ros2_dataset_ws/build/ur_simulator/build --no-deps install_data
[2.671s] running develop
[2.671s] /usr/lib/python3/dist-packages/setuptools/command/easy_install.py:158: EasyInstallDeprecationWarning: easy_install command is deprecated. Use build and pip and other standards-based tools.
[2.671s]   warnings.warn(
[2.671s] /usr/lib/python3/dist-packages/setuptools/command/install.py:34: SetuptoolsDeprecationWarning: setup.py install is deprecated. Use build and pip and other standards-based tools.
[2.671s]   warnings.warn(
[2.953s] running egg_info
[2.953s] creating ur_simulator.egg-info
[2.954s] writing ur_simulator.egg-info/PKG-INFO
[2.954s] writing dependency_links to ur_simulator.egg-info/dependency_links.txt
[2.956s] writing entry points to ur_simulator.egg-info/entry_points.txt
[2.956s] writing requirements to ur_simulator.egg-info/requires.txt
[2.956s] writing top-level names to ur_simulator.egg-info/top_level.txt
[2.956s] writing manifest file 'ur_simulator.egg-info/SOURCES.txt'
[2.959s] reading manifest file 'ur_simulator.egg-info/SOURCES.txt'
[2.960s] writing manifest file 'ur_simulator.egg-info/SOURCES.txt'
[3.040s] running build_ext
[3.040s] Creating /home/fabio_tdt/Documents/ros2_dataset_ws/install/ur_simulator/lib/python3.10/site-packages/ur-simulator.egg-link (link to .)
[3.040s] Installing ur_publisher script to /home/fabio_tdt/Documents/ros2_dataset_ws/install/ur_simulator/lib/ur_simulator
[3.046s] 
[3.046s] Installed /home/fabio_tdt/Documents/ros2_dataset_ws/build/ur_simulator
[3.046s] running install_data
[3.046s] creating /home/fabio_tdt/Documents/ros2_dataset_ws/install/ur_simulator/share/ament_index
[3.046s] creating /home/fabio_tdt/Documents/ros2_dataset_ws/install/ur_simulator/share/ament_index/resource_index
[3.046s] creating /home/fabio_tdt/Documents/ros2_dataset_ws/install/ur_simulator/share/ament_index/resource_index/packages
[3.046s] copying resource/ur_simulator -> /home/fabio_tdt/Documents/ros2_dataset_ws/install/ur_simulator/share/ament_index/resource_index/packages
[3.046s] copying package.xml -> /home/fabio_tdt/Documents/ros2_dataset_ws/install/ur_simulator/share/ur_simulator
[3.246s] Invoked command in '/home/fabio_tdt/Documents/ros2_dataset_ws/build/ur_simulator' returned '0': PYTHONPATH=/home/fabio_tdt/Documents/ros2_dataset_ws/build/ur_simulator/prefix_override:/home/fabio_tdt/Documents/ros2_dataset_ws/install/ur_simulator/lib/python3.10/site-packages:${PYTHONPATH} /usr/bin/python3 setup.py develop --editable --build-directory /home/fabio_tdt/Documents/ros2_dataset_ws/build/ur_simulator/build --no-deps install_data
