[3.019s] Invoking command in '/home/fabio_tdt/Documents/ros2_dataset_ws/build/berry_dataset': PYTHONPATH=/home/fabio_tdt/Documents/ros2_dataset_ws/build/berry_dataset/prefix_override:/home/fabio_tdt/Documents/ros2_dataset_ws/install/berry_dataset/lib/python3.10/site-packages:${PYTHONPATH} /usr/bin/python3 setup.py develop --editable --build-directory /home/fabio_tdt/Documents/ros2_dataset_ws/build/berry_dataset/build --no-deps install_data
[3.434s] running develop
[3.435s] /usr/lib/python3/dist-packages/setuptools/command/easy_install.py:158: EasyInstallDeprecationWarning: easy_install command is deprecated. Use build and pip and other standards-based tools.
[3.436s]   warnings.warn(
[3.436s] /usr/lib/python3/dist-packages/setuptools/command/install.py:34: SetuptoolsDeprecationWarning: setup.py install is deprecated. Use build and pip and other standards-based tools.
[3.436s]   warnings.warn(
[3.665s] running egg_info
[3.667s] writing berry_dataset.egg-info/PKG-INFO
[3.667s] writing dependency_links to berry_dataset.egg-info/dependency_links.txt
[3.667s] writing entry points to berry_dataset.egg-info/entry_points.txt
[3.667s] writing requirements to berry_dataset.egg-info/requires.txt
[3.667s] writing top-level names to berry_dataset.egg-info/top_level.txt
[3.670s] reading manifest file 'berry_dataset.egg-info/SOURCES.txt'
[3.671s] writing manifest file 'berry_dataset.egg-info/SOURCES.txt'
[3.717s] running build_ext
[3.718s] Creating /home/fabio_tdt/Documents/ros2_dataset_ws/install/berry_dataset/lib/python3.10/site-packages/berry-dataset.egg-link (link to .)
[3.720s] Installing berry_dataset script to /home/fabio_tdt/Documents/ros2_dataset_ws/install/berry_dataset/lib/berry_dataset
[3.720s] Installing dataset_saver script to /home/fabio_tdt/Documents/ros2_dataset_ws/install/berry_dataset/lib/berry_dataset
[3.720s] 
[3.720s] Installed /home/fabio_tdt/Documents/ros2_dataset_ws/build/berry_dataset
[3.721s] running install_data
[3.899s] Invoked command in '/home/fabio_tdt/Documents/ros2_dataset_ws/build/berry_dataset' returned '0': PYTHONPATH=/home/fabio_tdt/Documents/ros2_dataset_ws/build/berry_dataset/prefix_override:/home/fabio_tdt/Documents/ros2_dataset_ws/install/berry_dataset/lib/python3.10/site-packages:${PYTHONPATH} /usr/bin/python3 setup.py develop --editable --build-directory /home/fabio_tdt/Documents/ros2_dataset_ws/build/berry_dataset/build --no-deps install_data
