[1.548s] Invoking command in '/home/fabio_tdt/Documents/ros2_dataset_ws/build/ur_simulator': PYTHONPATH=/home/fabio_tdt/Documents/ros2_dataset_ws/build/ur_simulator/prefix_override:/home/fabio_tdt/Documents/ros2_dataset_ws/install/ur_simulator/lib/python3.10/site-packages:${PYTHONPATH} /usr/bin/python3 setup.py develop --editable --build-directory /home/fabio_tdt/Documents/ros2_dataset_ws/build/ur_simulator/build --no-deps install_data
[1.781s] running develop
[1.781s] /usr/lib/python3/dist-packages/setuptools/command/easy_install.py:158: EasyInstallDeprecationWarning: easy_install command is deprecated. Use build and pip and other standards-based tools.
[1.781s]   warnings.warn(
[1.782s] /usr/lib/python3/dist-packages/setuptools/command/install.py:34: SetuptoolsDeprecationWarning: setup.py install is deprecated. Use build and pip and other standards-based tools.
[1.783s]   warnings.warn(
[1.998s] running egg_info
[1.998s] writing ur_simulator.egg-info/PKG-INFO
[1.998s] writing dependency_links to ur_simulator.egg-info/dependency_links.txt
[1.999s] writing entry points to ur_simulator.egg-info/entry_points.txt
[1.999s] writing requirements to ur_simulator.egg-info/requires.txt
[1.999s] writing top-level names to ur_simulator.egg-info/top_level.txt
[2.002s] reading manifest file 'ur_simulator.egg-info/SOURCES.txt'
[2.005s] writing manifest file 'ur_simulator.egg-info/SOURCES.txt'
[2.076s] running build_ext
[2.076s] Creating /home/fabio_tdt/Documents/ros2_dataset_ws/install/ur_simulator/lib/python3.10/site-packages/ur-simulator.egg-link (link to .)
[2.077s] Installing ur_publisher script to /home/fabio_tdt/Documents/ros2_dataset_ws/install/ur_simulator/lib/ur_simulator
[2.078s] 
[2.078s] Installed /home/fabio_tdt/Documents/ros2_dataset_ws/build/ur_simulator
[2.078s] running install_data
[2.302s] Invoked command in '/home/fabio_tdt/Documents/ros2_dataset_ws/build/ur_simulator' returned '0': PYTHONPATH=/home/fabio_tdt/Documents/ros2_dataset_ws/build/ur_simulator/prefix_override:/home/fabio_tdt/Documents/ros2_dataset_ws/install/ur_simulator/lib/python3.10/site-packages:${PYTHONPATH} /usr/bin/python3 setup.py develop --editable --build-directory /home/fabio_tdt/Documents/ros2_dataset_ws/build/ur_simulator/build --no-deps install_data
