[1.702s] Invoking command in '/home/fabio_tdt/Documents/blackberry_pose/ros2_dataset_ws/build/berry_dataset': PYTHONPATH=/home/fabio_tdt/Documents/blackberry_pose/ros2_dataset_ws/build/berry_dataset/prefix_override:/home/fabio_tdt/Documents/blackberry_pose/ros2_dataset_ws/install/berry_dataset/lib/python3.10/site-packages:${PYTHONPATH} /usr/bin/python3 setup.py develop --editable --build-directory /home/fabio_tdt/Documents/blackberry_pose/ros2_dataset_ws/build/berry_dataset/build --no-deps install_data
[1.949s] running develop
[1.949s] /usr/lib/python3/dist-packages/setuptools/command/easy_install.py:158: EasyInstallDeprecationWarning: easy_install command is deprecated. Use build and pip and other standards-based tools.
[1.949s]   warnings.warn(
[1.952s] /usr/lib/python3/dist-packages/setuptools/command/install.py:34: SetuptoolsDeprecationWarning: setup.py install is deprecated. Use build and pip and other standards-based tools.
[1.952s]   warnings.warn(
[2.109s] running egg_info
[2.110s] writing berry_dataset.egg-info/PKG-INFO
[2.110s] writing dependency_links to berry_dataset.egg-info/dependency_links.txt
[2.110s] writing entry points to berry_dataset.egg-info/entry_points.txt
[2.110s] writing requirements to berry_dataset.egg-info/requires.txt
[2.110s] writing top-level names to berry_dataset.egg-info/top_level.txt
[2.114s] reading manifest file 'berry_dataset.egg-info/SOURCES.txt'
[2.115s] writing manifest file 'berry_dataset.egg-info/SOURCES.txt'
[2.156s] running build_ext
[2.156s] Creating /home/fabio_tdt/Documents/blackberry_pose/ros2_dataset_ws/install/berry_dataset/lib/python3.10/site-packages/berry-dataset.egg-link (link to .)
[2.157s] Installing berry_dataset script to /home/fabio_tdt/Documents/blackberry_pose/ros2_dataset_ws/install/berry_dataset/lib/berry_dataset
[2.157s] Installing dataset_saver script to /home/fabio_tdt/Documents/blackberry_pose/ros2_dataset_ws/install/berry_dataset/lib/berry_dataset
[2.157s] 
[2.157s] Installed /home/fabio_tdt/Documents/blackberry_pose/ros2_dataset_ws/build/berry_dataset
[2.157s] running install_data
[2.304s] Invoked command in '/home/fabio_tdt/Documents/blackberry_pose/ros2_dataset_ws/build/berry_dataset' returned '0': PYTHONPATH=/home/fabio_tdt/Documents/blackberry_pose/ros2_dataset_ws/build/berry_dataset/prefix_override:/home/fabio_tdt/Documents/blackberry_pose/ros2_dataset_ws/install/berry_dataset/lib/python3.10/site-packages:${PYTHONPATH} /usr/bin/python3 setup.py develop --editable --build-directory /home/fabio_tdt/Documents/blackberry_pose/ros2_dataset_ws/build/berry_dataset/build --no-deps install_data
