[0.375s] Invoking command in '/home/fabio_tdt/Documents/ros2_dataset_ws/build/cartesian_controller_simulation': AMENT_PREFIX_PATH=/home/fabio_tdt/Documents/ros2_dataset_ws/install/cartesian_controller_base:${AMENT_PREFIX_PATH} CMAKE_PREFIX_PATH=/home/fabio_tdt/Documents/ros2_dataset_ws/install/cartesian_controller_base:/home/fabio_tdt/Documents/ros2_dataset_ws/install/ur_simulator:/home/fabio_tdt/Documents/ros2_dataset_ws/install/realsense_streamer:/home/fabio_tdt/Documents/ros2_dataset_ws/install/launch_package:/home/fabio_tdt/Documents/ros2_dataset_ws/install/berry_dataset:/home/fabio_tdt/Documents/ros2_dataset_ws/src/install/ur_simulator:/home/fabio_tdt/Documents/ros2_dataset_ws/src/install/realsense_streamer:/home/fabio_tdt/Documents/ros2_dataset_ws/src/install/launch_package:/home/fabio_tdt/Documents/ros2_dataset_ws/src/install/berry_dataset:/opt/ros/humble LD_LIBRARY_PATH=/home/fabio_tdt/Documents/ros2_dataset_ws/install/cartesian_controller_base/lib:${LD_LIBRARY_PATH} /usr/bin/cmake /home/fabio_tdt/Documents/ros2_dataset_ws/src/cartesian_controllers/cartesian_controller_simulation -DAMENT_CMAKE_SYMLINK_INSTALL=1 -DCMAKE_INSTALL_PREFIX=/home/fabio_tdt/Documents/ros2_dataset_ws/install/cartesian_controller_simulation
[0.387s] -- Found ament_cmake: 1.3.7 (/opt/ros/humble/share/ament_cmake/cmake)
[0.548s] -- Override CMake install command with custom implementation using symlinks instead of copying resources
[0.557s] -- Found cartesian_controller_base: 0.0.0 (/home/fabio_tdt/Documents/ros2_dataset_ws/install/cartesian_controller_base/share/cartesian_controller_base/cmake)
[0.600s] -- Found rosidl_generator_c: 3.1.5 (/opt/ros/humble/share/rosidl_generator_c/cmake)
[0.602s] -- Found rosidl_adapter: 3.1.5 (/opt/ros/humble/share/rosidl_adapter/cmake)
[0.611s] -- Found rosidl_generator_cpp: 3.1.5 (/opt/ros/humble/share/rosidl_generator_cpp/cmake)
[0.632s] -- Using all available rosidl_typesupport_c: rosidl_typesupport_fastrtps_c;rosidl_typesupport_introspection_c
[0.639s] -- Using all available rosidl_typesupport_cpp: rosidl_typesupport_fastrtps_cpp;rosidl_typesupport_introspection_cpp
[1.235s] -- Found rmw_implementation_cmake: 6.1.1 (/opt/ros/humble/share/rmw_implementation_cmake/cmake)
[1.236s] -- Found rmw_fastrtps_cpp: 6.2.6 (/opt/ros/humble/share/rmw_fastrtps_cpp/cmake)
[1.264s] -- Found TinyXML2 via Config file: TinyXML2_DIR-NOTFOUND
[1.271s] -- Found TinyXML2 via Config file: TinyXML2_DIR-NOTFOUND
[1.292s] -- Found TinyXML2 via Config file: TinyXML2_DIR-NOTFOUND
[1.299s] -- Found TinyXML2 via Config file: TinyXML2_DIR-NOTFOUND
[1.309s] -- Using RMW implementation 'rmw_fastrtps_cpp' as default
[1.639s] -- Found eigen3_cmake_module: 0.1.1 (/opt/ros/humble/share/eigen3_cmake_module/cmake)
[1.640s] -- Ensuring Eigen3 include directory is part of orocos-kdl CMake target
[2.742s] -- Configuring done
[2.763s] -- Generating done
[2.765s] -- Build files have been written to: /home/fabio_tdt/Documents/ros2_dataset_ws/build/cartesian_controller_simulation
[2.773s] Invoked command in '/home/fabio_tdt/Documents/ros2_dataset_ws/build/cartesian_controller_simulation' returned '0': AMENT_PREFIX_PATH=/home/fabio_tdt/Documents/ros2_dataset_ws/install/cartesian_controller_base:${AMENT_PREFIX_PATH} CMAKE_PREFIX_PATH=/home/fabio_tdt/Documents/ros2_dataset_ws/install/cartesian_controller_base:/home/fabio_tdt/Documents/ros2_dataset_ws/install/ur_simulator:/home/fabio_tdt/Documents/ros2_dataset_ws/install/realsense_streamer:/home/fabio_tdt/Documents/ros2_dataset_ws/install/launch_package:/home/fabio_tdt/Documents/ros2_dataset_ws/install/berry_dataset:/home/fabio_tdt/Documents/ros2_dataset_ws/src/install/ur_simulator:/home/fabio_tdt/Documents/ros2_dataset_ws/src/install/realsense_streamer:/home/fabio_tdt/Documents/ros2_dataset_ws/src/install/launch_package:/home/fabio_tdt/Documents/ros2_dataset_ws/src/install/berry_dataset:/opt/ros/humble LD_LIBRARY_PATH=/home/fabio_tdt/Documents/ros2_dataset_ws/install/cartesian_controller_base/lib:${LD_LIBRARY_PATH} /usr/bin/cmake /home/fabio_tdt/Documents/ros2_dataset_ws/src/cartesian_controllers/cartesian_controller_simulation -DAMENT_CMAKE_SYMLINK_INSTALL=1 -DCMAKE_INSTALL_PREFIX=/home/fabio_tdt/Documents/ros2_dataset_ws/install/cartesian_controller_simulation
[2.774s] Invoking command in '/home/fabio_tdt/Documents/ros2_dataset_ws/build/cartesian_controller_simulation': AMENT_PREFIX_PATH=/home/fabio_tdt/Documents/ros2_dataset_ws/install/cartesian_controller_base:${AMENT_PREFIX_PATH} CMAKE_PREFIX_PATH=/home/fabio_tdt/Documents/ros2_dataset_ws/install/cartesian_controller_base:/home/fabio_tdt/Documents/ros2_dataset_ws/install/ur_simulator:/home/fabio_tdt/Documents/ros2_dataset_ws/install/realsense_streamer:/home/fabio_tdt/Documents/ros2_dataset_ws/install/launch_package:/home/fabio_tdt/Documents/ros2_dataset_ws/install/berry_dataset:/home/fabio_tdt/Documents/ros2_dataset_ws/src/install/ur_simulator:/home/fabio_tdt/Documents/ros2_dataset_ws/src/install/realsense_streamer:/home/fabio_tdt/Documents/ros2_dataset_ws/src/install/launch_package:/home/fabio_tdt/Documents/ros2_dataset_ws/src/install/berry_dataset:/opt/ros/humble LD_LIBRARY_PATH=/home/fabio_tdt/Documents/ros2_dataset_ws/install/cartesian_controller_base/lib:${LD_LIBRARY_PATH} /usr/bin/cmake --build /home/fabio_tdt/Documents/ros2_dataset_ws/build/cartesian_controller_simulation -- -j8 -l8
[2.809s] [35m[1mConsolidate compiler generated dependencies of target mujoco_simulator[0m
[2.819s] [ 25%] [32m[1mLinking CXX shared library libmujoco_simulator.so[0m
[2.876s] [ 50%] Built target mujoco_simulator
[2.885s] [35m[1mConsolidate compiler generated dependencies of target cartesian_controller_simulation[0m
[2.899s] [ 75%] [32m[1mLinking CXX shared library libcartesian_controller_simulation.so[0m
[3.053s] [100%] Built target cartesian_controller_simulation
[3.064s] Invoked command in '/home/fabio_tdt/Documents/ros2_dataset_ws/build/cartesian_controller_simulation' returned '0': AMENT_PREFIX_PATH=/home/fabio_tdt/Documents/ros2_dataset_ws/install/cartesian_controller_base:${AMENT_PREFIX_PATH} CMAKE_PREFIX_PATH=/home/fabio_tdt/Documents/ros2_dataset_ws/install/cartesian_controller_base:/home/fabio_tdt/Documents/ros2_dataset_ws/install/ur_simulator:/home/fabio_tdt/Documents/ros2_dataset_ws/install/realsense_streamer:/home/fabio_tdt/Documents/ros2_dataset_ws/install/launch_package:/home/fabio_tdt/Documents/ros2_dataset_ws/install/berry_dataset:/home/fabio_tdt/Documents/ros2_dataset_ws/src/install/ur_simulator:/home/fabio_tdt/Documents/ros2_dataset_ws/src/install/realsense_streamer:/home/fabio_tdt/Documents/ros2_dataset_ws/src/install/launch_package:/home/fabio_tdt/Documents/ros2_dataset_ws/src/install/berry_dataset:/opt/ros/humble LD_LIBRARY_PATH=/home/fabio_tdt/Documents/ros2_dataset_ws/install/cartesian_controller_base/lib:${LD_LIBRARY_PATH} /usr/bin/cmake --build /home/fabio_tdt/Documents/ros2_dataset_ws/build/cartesian_controller_simulation -- -j8 -l8
[3.086s] Invoking command in '/home/fabio_tdt/Documents/ros2_dataset_ws/build/cartesian_controller_simulation': AMENT_PREFIX_PATH=/home/fabio_tdt/Documents/ros2_dataset_ws/install/cartesian_controller_base:${AMENT_PREFIX_PATH} CMAKE_PREFIX_PATH=/home/fabio_tdt/Documents/ros2_dataset_ws/install/cartesian_controller_base:/home/fabio_tdt/Documents/ros2_dataset_ws/install/ur_simulator:/home/fabio_tdt/Documents/ros2_dataset_ws/install/realsense_streamer:/home/fabio_tdt/Documents/ros2_dataset_ws/install/launch_package:/home/fabio_tdt/Documents/ros2_dataset_ws/install/berry_dataset:/home/fabio_tdt/Documents/ros2_dataset_ws/src/install/ur_simulator:/home/fabio_tdt/Documents/ros2_dataset_ws/src/install/realsense_streamer:/home/fabio_tdt/Documents/ros2_dataset_ws/src/install/launch_package:/home/fabio_tdt/Documents/ros2_dataset_ws/src/install/berry_dataset:/opt/ros/humble LD_LIBRARY_PATH=/home/fabio_tdt/Documents/ros2_dataset_ws/install/cartesian_controller_base/lib:${LD_LIBRARY_PATH} /usr/bin/cmake --install /home/fabio_tdt/Documents/ros2_dataset_ws/build/cartesian_controller_simulation
[3.093s] -- Install configuration: ""
[3.093s] -- Execute custom install script
[3.094s] -- Up-to-date symlink: /home/fabio_tdt/Documents/ros2_dataset_ws/install/cartesian_controller_simulation/share/cartesian_controller_simulation//cartesian_controller_simulation.xml
[3.094s] -- Up-to-date symlink: /home/fabio_tdt/Documents/ros2_dataset_ws/install/cartesian_controller_simulation/include/cartesian_controller_simulation/mujoco_simulator.h
[3.094s] -- Up-to-date symlink: /home/fabio_tdt/Documents/ros2_dataset_ws/install/cartesian_controller_simulation/include/cartesian_controller_simulation/system_interface.h
[3.094s] -- Up-to-date symlink: /home/fabio_tdt/Documents/ros2_dataset_ws/install/cartesian_controller_simulation/share/cartesian_controller_simulation/config/controller_manager.yaml
[3.095s] -- Up-to-date symlink: /home/fabio_tdt/Documents/ros2_dataset_ws/install/cartesian_controller_simulation/share/cartesian_controller_simulation/etc/initial_joint_states.xml
[3.095s] -- Up-to-date symlink: /home/fabio_tdt/Documents/ros2_dataset_ws/install/cartesian_controller_simulation/share/cartesian_controller_simulation/etc/robot.rviz
[3.095s] -- Up-to-date symlink: /home/fabio_tdt/Documents/ros2_dataset_ws/install/cartesian_controller_simulation/share/cartesian_controller_simulation/etc/robot_mujoco.xml
[3.095s] -- Up-to-date symlink: /home/fabio_tdt/Documents/ros2_dataset_ws/install/cartesian_controller_simulation/share/cartesian_controller_simulation/launch/simulation.launch.py
[3.095s] -- Up-to-date symlink: /home/fabio_tdt/Documents/ros2_dataset_ws/install/cartesian_controller_simulation/share/cartesian_controller_simulation/urdf/joint.urdf.xacro
[3.095s] -- Up-to-date symlink: /home/fabio_tdt/Documents/ros2_dataset_ws/install/cartesian_controller_simulation/share/cartesian_controller_simulation/urdf/robot.urdf.xacro
[3.096s] -- Up-to-date symlink: /home/fabio_tdt/Documents/ros2_dataset_ws/install/cartesian_controller_simulation/lib/libcartesian_controller_simulation.so
[3.096s] -- Up-to-date symlink: /home/fabio_tdt/Documents/ros2_dataset_ws/install/cartesian_controller_simulation/lib/libmujoco_simulator.so
[3.096s] -- Up-to-date symlink: /home/fabio_tdt/Documents/ros2_dataset_ws/install/cartesian_controller_simulation/share/ament_index/resource_index/package_run_dependencies/cartesian_controller_simulation
[3.096s] -- Up-to-date symlink: /home/fabio_tdt/Documents/ros2_dataset_ws/install/cartesian_controller_simulation/share/ament_index/resource_index/parent_prefix_path/cartesian_controller_simulation
[3.096s] -- Up-to-date symlink: /home/fabio_tdt/Documents/ros2_dataset_ws/install/cartesian_controller_simulation/share/cartesian_controller_simulation/environment/ament_prefix_path.sh
[3.097s] -- Up-to-date symlink: /home/fabio_tdt/Documents/ros2_dataset_ws/install/cartesian_controller_simulation/share/cartesian_controller_simulation/environment/ament_prefix_path.dsv
[3.097s] -- Up-to-date symlink: /home/fabio_tdt/Documents/ros2_dataset_ws/install/cartesian_controller_simulation/share/cartesian_controller_simulation/environment/path.sh
[3.097s] -- Up-to-date symlink: /home/fabio_tdt/Documents/ros2_dataset_ws/install/cartesian_controller_simulation/share/cartesian_controller_simulation/environment/path.dsv
[3.097s] -- Up-to-date symlink: /home/fabio_tdt/Documents/ros2_dataset_ws/install/cartesian_controller_simulation/share/cartesian_controller_simulation/local_setup.bash
[3.097s] -- Up-to-date symlink: /home/fabio_tdt/Documents/ros2_dataset_ws/install/cartesian_controller_simulation/share/cartesian_controller_simulation/local_setup.sh
[3.097s] -- Up-to-date symlink: /home/fabio_tdt/Documents/ros2_dataset_ws/install/cartesian_controller_simulation/share/cartesian_controller_simulation/local_setup.zsh
[3.098s] -- Up-to-date symlink: /home/fabio_tdt/Documents/ros2_dataset_ws/install/cartesian_controller_simulation/share/cartesian_controller_simulation/local_setup.dsv
[3.098s] -- Symlinking: /home/fabio_tdt/Documents/ros2_dataset_ws/install/cartesian_controller_simulation/share/cartesian_controller_simulation/package.dsv
[3.105s] -- Up-to-date symlink: /home/fabio_tdt/Documents/ros2_dataset_ws/install/cartesian_controller_simulation/share/ament_index/resource_index/packages/cartesian_controller_simulation
[3.105s] -- Up-to-date symlink: /home/fabio_tdt/Documents/ros2_dataset_ws/install/cartesian_controller_simulation/share/ament_index/resource_index/hardware_interface__pluginlib__plugin/cartesian_controller_simulation
[3.105s] -- Up-to-date symlink: /home/fabio_tdt/Documents/ros2_dataset_ws/install/cartesian_controller_simulation/share/cartesian_controller_simulation/cmake/cartesian_controller_simulationConfig.cmake
[3.105s] -- Up-to-date symlink: /home/fabio_tdt/Documents/ros2_dataset_ws/install/cartesian_controller_simulation/share/cartesian_controller_simulation/cmake/cartesian_controller_simulationConfig-version.cmake
[3.105s] -- Up-to-date symlink: /home/fabio_tdt/Documents/ros2_dataset_ws/install/cartesian_controller_simulation/share/cartesian_controller_simulation/package.xml
[3.107s] Invoked command in '/home/fabio_tdt/Documents/ros2_dataset_ws/build/cartesian_controller_simulation' returned '0': AMENT_PREFIX_PATH=/home/fabio_tdt/Documents/ros2_dataset_ws/install/cartesian_controller_base:${AMENT_PREFIX_PATH} CMAKE_PREFIX_PATH=/home/fabio_tdt/Documents/ros2_dataset_ws/install/cartesian_controller_base:/home/fabio_tdt/Documents/ros2_dataset_ws/install/ur_simulator:/home/fabio_tdt/Documents/ros2_dataset_ws/install/realsense_streamer:/home/fabio_tdt/Documents/ros2_dataset_ws/install/launch_package:/home/fabio_tdt/Documents/ros2_dataset_ws/install/berry_dataset:/home/fabio_tdt/Documents/ros2_dataset_ws/src/install/ur_simulator:/home/fabio_tdt/Documents/ros2_dataset_ws/src/install/realsense_streamer:/home/fabio_tdt/Documents/ros2_dataset_ws/src/install/launch_package:/home/fabio_tdt/Documents/ros2_dataset_ws/src/install/berry_dataset:/opt/ros/humble LD_LIBRARY_PATH=/home/fabio_tdt/Documents/ros2_dataset_ws/install/cartesian_controller_base/lib:${LD_LIBRARY_PATH} /usr/bin/cmake --install /home/fabio_tdt/Documents/ros2_dataset_ws/build/cartesian_controller_simulation
