[2.766s] Invoking command in '/home/fabio_tdt/Documents/ros2_dataset_ws/build/launch_package': PYTHONPATH=/home/fabio_tdt/Documents/ros2_dataset_ws/build/launch_package/prefix_override:/home/fabio_tdt/Documents/ros2_dataset_ws/install/launch_package/lib/python3.10/site-packages:${PYTHONPATH} /usr/bin/python3 setup.py develop --editable --build-directory /home/fabio_tdt/Documents/ros2_dataset_ws/build/launch_package/build --no-deps install_data
[3.096s] running develop
[3.096s] /usr/lib/python3/dist-packages/setuptools/command/easy_install.py:158: EasyInstallDeprecationWarning: easy_install command is deprecated. Use build and pip and other standards-based tools.
[3.097s]   warnings.warn(
[3.099s] /usr/lib/python3/dist-packages/setuptools/command/install.py:34: SetuptoolsDeprecationWarning: setup.py install is deprecated. Use build and pip and other standards-based tools.
[3.099s]   warnings.warn(
[3.384s] running egg_info
[3.384s] writing launch_package.egg-info/PKG-INFO
[3.384s] writing dependency_links to launch_package.egg-info/dependency_links.txt
[3.384s] writing entry points to launch_package.egg-info/entry_points.txt
[3.384s] writing requirements to launch_package.egg-info/requires.txt
[3.384s] writing top-level names to launch_package.egg-info/top_level.txt
[3.388s] reading manifest file 'launch_package.egg-info/SOURCES.txt'
[3.388s] writing manifest file 'launch_package.egg-info/SOURCES.txt'
[3.454s] running build_ext
[3.455s] Creating /home/fabio_tdt/Documents/ros2_dataset_ws/install/launch_package/lib/python3.10/site-packages/launch-package.egg-link (link to .)
[3.456s] 
[3.456s] Installed /home/fabio_tdt/Documents/ros2_dataset_ws/build/launch_package
[3.456s] running install_data
[3.508s] Invoked command in '/home/fabio_tdt/Documents/ros2_dataset_ws/build/launch_package' returned '0': PYTHONPATH=/home/fabio_tdt/Documents/ros2_dataset_ws/build/launch_package/prefix_override:/home/fabio_tdt/Documents/ros2_dataset_ws/install/launch_package/lib/python3.10/site-packages:${PYTHONPATH} /usr/bin/python3 setup.py develop --editable --build-directory /home/fabio_tdt/Documents/ros2_dataset_ws/build/launch_package/build --no-deps install_data
