-- The C compiler identification is GNU 11.4.0
-- The CXX compiler identification is GNU 11.4.0
-- Detecting C compiler ABI info
-- Detecting C compiler ABI info - done
-- Check for working C compiler: /usr/bin/cc - skipped
-- Detecting C compile features
-- Detecting C compile features - done
-- Detecting CXX compiler ABI info
-- Detecting CXX compiler ABI info - done
-- Check for working CXX compiler: /usr/bin/c++ - skipped
-- Detecting CXX compile features
-- Detecting CXX compile features - done
-- Found ament_cmake: 1.3.7 (/opt/ros/humble/share/ament_cmake/cmake)
-- Found Python3: /usr/bin/python3.10 (found version "3.10.12") found components: Interpreter 
-- Override CMake install command with custom implementation using symlinks instead of copying resources
-- Found rclpy: 3.3.11 (/opt/ros/humble/share/rclpy/cmake)
-- Found geometry_msgs: 4.2.3 (/opt/ros/humble/share/geometry_msgs/cmake)
-- Found rosidl_generator_c: 3.1.5 (/opt/ros/humble/share/rosidl_generator_c/cmake)
-- Found rosidl_adapter: 3.1.5 (/opt/ros/humble/share/rosidl_adapter/cmake)
-- Found rosidl_generator_cpp: 3.1.5 (/opt/ros/humble/share/rosidl_generator_cpp/cmake)
-- Using all available rosidl_typesupport_c: rosidl_typesupport_fastrtps_c;rosidl_typesupport_introspection_c
-- Using all available rosidl_typesupport_cpp: rosidl_typesupport_fastrtps_cpp;rosidl_typesupport_introspection_cpp
-- Found sensor_msgs: 4.2.3 (/opt/ros/humble/share/sensor_msgs/cmake)
-- Configuring done
-- Generating done
-- Build files have been written to: /home/fabio_tdt/Documents/ros2_dataset_ws/src/build/cartesian_controller_utilities
-- Install configuration: ""
-- Execute custom install script
-- Symlinking: /home/fabio_tdt/Documents/ros2_dataset_ws/src/install/cartesian_controller_utilities/lib/cartesian_controller_utilities/buttons.py
-- Symlinking: /home/fabio_tdt/Documents/ros2_dataset_ws/src/install/cartesian_controller_utilities/lib/cartesian_controller_utilities/converter.py
-- Symlinking: /home/fabio_tdt/Documents/ros2_dataset_ws/src/install/cartesian_controller_utilities/lib/cartesian_controller_utilities/pose.py
-- Symlinking: /home/fabio_tdt/Documents/ros2_dataset_ws/src/install/cartesian_controller_utilities/share/cartesian_controller_utilities/etc/button_cmds.yaml
-- Symlinking: /home/fabio_tdt/Documents/ros2_dataset_ws/src/install/cartesian_controller_utilities/share/cartesian_controller_utilities/launch/spacenav.launch.py
-- Symlinking: /home/fabio_tdt/Documents/ros2_dataset_ws/src/install/cartesian_controller_utilities/share/cartesian_controller_utilities/launch/spacenav_buttons.launch.py
-- Symlinking: /home/fabio_tdt/Documents/ros2_dataset_ws/src/install/cartesian_controller_utilities/share/cartesian_controller_utilities/launch/spacenav_to_pose.launch.py
-- Symlinking: /home/fabio_tdt/Documents/ros2_dataset_ws/src/install/cartesian_controller_utilities/share/cartesian_controller_utilities/launch/spacenav_to_wrench.launch.py
-- Symlinking: /home/fabio_tdt/Documents/ros2_dataset_ws/src/install/cartesian_controller_utilities/share/ament_index/resource_index/package_run_dependencies/cartesian_controller_utilities
-- Symlinking: /home/fabio_tdt/Documents/ros2_dataset_ws/src/install/cartesian_controller_utilities/share/ament_index/resource_index/parent_prefix_path/cartesian_controller_utilities
-- Symlinking: /home/fabio_tdt/Documents/ros2_dataset_ws/src/install/cartesian_controller_utilities/share/cartesian_controller_utilities/environment/ament_prefix_path.sh
-- Symlinking: /home/fabio_tdt/Documents/ros2_dataset_ws/src/install/cartesian_controller_utilities/share/cartesian_controller_utilities/environment/ament_prefix_path.dsv
-- Symlinking: /home/fabio_tdt/Documents/ros2_dataset_ws/src/install/cartesian_controller_utilities/share/cartesian_controller_utilities/environment/path.sh
-- Symlinking: /home/fabio_tdt/Documents/ros2_dataset_ws/src/install/cartesian_controller_utilities/share/cartesian_controller_utilities/environment/path.dsv
-- Symlinking: /home/fabio_tdt/Documents/ros2_dataset_ws/src/install/cartesian_controller_utilities/share/cartesian_controller_utilities/local_setup.bash
-- Symlinking: /home/fabio_tdt/Documents/ros2_dataset_ws/src/install/cartesian_controller_utilities/share/cartesian_controller_utilities/local_setup.sh
-- Symlinking: /home/fabio_tdt/Documents/ros2_dataset_ws/src/install/cartesian_controller_utilities/share/cartesian_controller_utilities/local_setup.zsh
-- Symlinking: /home/fabio_tdt/Documents/ros2_dataset_ws/src/install/cartesian_controller_utilities/share/cartesian_controller_utilities/local_setup.dsv
-- Symlinking: /home/fabio_tdt/Documents/ros2_dataset_ws/src/install/cartesian_controller_utilities/share/cartesian_controller_utilities/package.dsv
-- Symlinking: /home/fabio_tdt/Documents/ros2_dataset_ws/src/install/cartesian_controller_utilities/share/ament_index/resource_index/packages/cartesian_controller_utilities
-- Symlinking: /home/fabio_tdt/Documents/ros2_dataset_ws/src/install/cartesian_controller_utilities/share/cartesian_controller_utilities/cmake/cartesian_controller_utilitiesConfig.cmake
-- Symlinking: /home/fabio_tdt/Documents/ros2_dataset_ws/src/install/cartesian_controller_utilities/share/cartesian_controller_utilities/cmake/cartesian_controller_utilitiesConfig-version.cmake
-- Symlinking: /home/fabio_tdt/Documents/ros2_dataset_ws/src/install/cartesian_controller_utilities/share/cartesian_controller_utilities/package.xml
