[1.938s] Invoking command in '/home/fabio_tdt/Documents/ros2_dataset_ws/build/berry_dataset': PYTHONPATH=/home/fabio_tdt/Documents/ros2_dataset_ws/build/berry_dataset/prefix_override:/home/fabio_tdt/Documents/ros2_dataset_ws/install/berry_dataset/lib/python3.10/site-packages:${PYTHONPATH} /usr/bin/python3 setup.py develop --editable --build-directory /home/fabio_tdt/Documents/ros2_dataset_ws/build/berry_dataset/build --no-deps install_data
[2.210s] running develop
[2.210s] /usr/lib/python3/dist-packages/setuptools/command/easy_install.py:158: EasyInstallDeprecationWarning: easy_install command is deprecated. Use build and pip and other standards-based tools.
[2.210s]   warnings.warn(
[2.213s] /usr/lib/python3/dist-packages/setuptools/command/install.py:34: SetuptoolsDeprecationWarning: setup.py install is deprecated. Use build and pip and other standards-based tools.
[2.213s]   warnings.warn(
[2.412s] running egg_info
[2.412s] writing berry_dataset.egg-info/PKG-INFO
[2.412s] writing dependency_links to berry_dataset.egg-info/dependency_links.txt
[2.413s] writing entry points to berry_dataset.egg-info/entry_points.txt
[2.413s] writing requirements to berry_dataset.egg-info/requires.txt
[2.413s] writing top-level names to berry_dataset.egg-info/top_level.txt
[2.415s] reading manifest file 'berry_dataset.egg-info/SOURCES.txt'
[2.416s] writing manifest file 'berry_dataset.egg-info/SOURCES.txt'
[2.458s] running build_ext
[2.458s] Creating /home/fabio_tdt/Documents/ros2_dataset_ws/install/berry_dataset/lib/python3.10/site-packages/berry-dataset.egg-link (link to .)
[2.459s] Installing berry_dataset script to /home/fabio_tdt/Documents/ros2_dataset_ws/install/berry_dataset/lib/berry_dataset
[2.459s] Installing dataset_saver script to /home/fabio_tdt/Documents/ros2_dataset_ws/install/berry_dataset/lib/berry_dataset
[2.459s] 
[2.459s] Installed /home/fabio_tdt/Documents/ros2_dataset_ws/build/berry_dataset
[2.459s] running install_data
[2.543s] Invoked command in '/home/fabio_tdt/Documents/ros2_dataset_ws/build/berry_dataset' returned '0': PYTHONPATH=/home/fabio_tdt/Documents/ros2_dataset_ws/build/berry_dataset/prefix_override:/home/fabio_tdt/Documents/ros2_dataset_ws/install/berry_dataset/lib/python3.10/site-packages:${PYTHONPATH} /usr/bin/python3 setup.py develop --editable --build-directory /home/fabio_tdt/Documents/ros2_dataset_ws/build/berry_dataset/build --no-deps install_data
