[1.123s] DEBUG:colcon:Command line arguments: ['/usr/bin/colcon', 'build', '--symlink-install']
[1.123s] DEBUG:colcon:Parsed command line arguments: Namespace(log_base=None, log_level=None, verb_name='build', build_base='build', install_base='install', merge_install=False, symlink_install=True, test_result_base=None, continue_on_error=False, executor='parallel', parallel_workers=8, event_handlers=None, ignore_user_meta=False, metas=['./colcon.meta'], base_paths=['.'], packages_ignore=None, packages_ignore_regex=None, paths=None, packages_up_to=None, packages_up_to_regex=None, packages_above=None, packages_above_and_dependencies=None, packages_above_depth=None, packages_select_by_dep=None, packages_skip_by_dep=None, packages_skip_up_to=None, packages_select_build_failed=False, packages_skip_build_finished=False, packages_select_test_failures=False, packages_skip_test_passed=False, packages_select=None, packages_skip=None, packages_select_regex=None, packages_skip_regex=None, packages_start=None, packages_end=None, allow_overriding=[], cmake_args=None, cmake_target=None, cmake_target_skip_unavailable=False, cmake_clean_cache=False, cmake_clean_first=False, cmake_force_configure=False, ament_cmake_args=None, catkin_cmake_args=None, catkin_skip_building_tests=False, mixin_files=None, mixin=None, verb_parser=<colcon_mixin.mixin.mixin_argument.MixinArgumentDecorator object at 0x7f0f66af7c10>, verb_extension=<colcon_core.verb.build.BuildVerb object at 0x7f0f66af5b10>, main=<bound method BuildVerb.main of <colcon_core.verb.build.BuildVerb object at 0x7f0f66af5b10>>, mixin_verb=('build',))
[1.170s] Level 1:colcon.colcon_core.package_discovery:discover_packages(colcon_meta) check parameters
[1.170s] Level 1:colcon.colcon_core.package_discovery:discover_packages(recursive) check parameters
[1.170s] Level 1:colcon.colcon_core.package_discovery:discover_packages(ignore) check parameters
[1.170s] Level 1:colcon.colcon_core.package_discovery:discover_packages(path) check parameters
[1.170s] Level 1:colcon.colcon_core.package_discovery:discover_packages(colcon_meta) discover
[1.170s] Level 1:colcon.colcon_core.package_discovery:discover_packages(recursive) discover
[1.170s] INFO:colcon.colcon_core.package_discovery:Crawling recursively for packages in '/home/fabio_tdt/Documents/ros2_dataset_ws'
[1.170s] Level 1:colcon.colcon_core.package_identification:_identify(.) by extensions ['ignore', 'ignore_ament_install']
[1.170s] Level 1:colcon.colcon_core.package_identification:_identify(.) by extension 'ignore'
[1.171s] Level 1:colcon.colcon_core.package_identification:_identify(.) by extension 'ignore_ament_install'
[1.171s] Level 1:colcon.colcon_core.package_identification:_identify(.) by extensions ['colcon_pkg']
[1.171s] Level 1:colcon.colcon_core.package_identification:_identify(.) by extension 'colcon_pkg'
[1.171s] Level 1:colcon.colcon_core.package_identification:_identify(.) by extensions ['colcon_meta']
[1.171s] Level 1:colcon.colcon_core.package_identification:_identify(.) by extension 'colcon_meta'
[1.171s] Level 1:colcon.colcon_core.package_identification:_identify(.) by extensions ['ros']
[1.171s] Level 1:colcon.colcon_core.package_identification:_identify(.) by extension 'ros'
[1.179s] Level 1:colcon.colcon_core.package_identification:_identify(.) by extensions ['cmake', 'python']
[1.179s] Level 1:colcon.colcon_core.package_identification:_identify(.) by extension 'cmake'
[1.179s] Level 1:colcon.colcon_core.package_identification:_identify(.) by extension 'python'
[1.180s] Level 1:colcon.colcon_core.package_identification:_identify(.) by extensions ['python_setup_py']
[1.180s] Level 1:colcon.colcon_core.package_identification:_identify(.) by extension 'python_setup_py'
[1.180s] Level 1:colcon.colcon_core.package_identification:_identify(build) by extensions ['ignore', 'ignore_ament_install']
[1.180s] Level 1:colcon.colcon_core.package_identification:_identify(build) by extension 'ignore'
[1.180s] Level 1:colcon.colcon_core.package_identification:_identify(build) ignored
[1.180s] Level 1:colcon.colcon_core.package_identification:_identify(install) by extensions ['ignore', 'ignore_ament_install']
[1.180s] Level 1:colcon.colcon_core.package_identification:_identify(install) by extension 'ignore'
[1.180s] Level 1:colcon.colcon_core.package_identification:_identify(install) ignored
[1.180s] Level 1:colcon.colcon_core.package_identification:_identify(log) by extensions ['ignore', 'ignore_ament_install']
[1.180s] Level 1:colcon.colcon_core.package_identification:_identify(log) by extension 'ignore'
[1.180s] Level 1:colcon.colcon_core.package_identification:_identify(log) ignored
[1.181s] Level 1:colcon.colcon_core.package_identification:_identify(src) by extensions ['ignore', 'ignore_ament_install']
[1.181s] Level 1:colcon.colcon_core.package_identification:_identify(src) by extension 'ignore'
[1.181s] Level 1:colcon.colcon_core.package_identification:_identify(src) by extension 'ignore_ament_install'
[1.181s] Level 1:colcon.colcon_core.package_identification:_identify(src) by extensions ['colcon_pkg']
[1.181s] Level 1:colcon.colcon_core.package_identification:_identify(src) by extension 'colcon_pkg'
[1.181s] Level 1:colcon.colcon_core.package_identification:_identify(src) by extensions ['colcon_meta']
[1.181s] Level 1:colcon.colcon_core.package_identification:_identify(src) by extension 'colcon_meta'
[1.181s] Level 1:colcon.colcon_core.package_identification:_identify(src) by extensions ['ros']
[1.181s] Level 1:colcon.colcon_core.package_identification:_identify(src) by extension 'ros'
[1.181s] Level 1:colcon.colcon_core.package_identification:_identify(src) by extensions ['cmake', 'python']
[1.181s] Level 1:colcon.colcon_core.package_identification:_identify(src) by extension 'cmake'
[1.181s] Level 1:colcon.colcon_core.package_identification:_identify(src) by extension 'python'
[1.181s] Level 1:colcon.colcon_core.package_identification:_identify(src) by extensions ['python_setup_py']
[1.181s] Level 1:colcon.colcon_core.package_identification:_identify(src) by extension 'python_setup_py'
[1.181s] Level 1:colcon.colcon_core.package_identification:_identify(src/berry_dataset) by extensions ['ignore', 'ignore_ament_install']
[1.181s] Level 1:colcon.colcon_core.package_identification:_identify(src/berry_dataset) by extension 'ignore'
[1.181s] Level 1:colcon.colcon_core.package_identification:_identify(src/berry_dataset) by extension 'ignore_ament_install'
[1.182s] Level 1:colcon.colcon_core.package_identification:_identify(src/berry_dataset) by extensions ['colcon_pkg']
[1.182s] Level 1:colcon.colcon_core.package_identification:_identify(src/berry_dataset) by extension 'colcon_pkg'
[1.182s] Level 1:colcon.colcon_core.package_identification:_identify(src/berry_dataset) by extensions ['colcon_meta']
[1.182s] Level 1:colcon.colcon_core.package_identification:_identify(src/berry_dataset) by extension 'colcon_meta'
[1.182s] Level 1:colcon.colcon_core.package_identification:_identify(src/berry_dataset) by extensions ['ros']
[1.182s] Level 1:colcon.colcon_core.package_identification:_identify(src/berry_dataset) by extension 'ros'
[1.184s] DEBUG:colcon.colcon_core.package_identification:Package 'src/berry_dataset' with type 'ros.ament_python' and name 'berry_dataset'
[1.184s] Level 1:colcon.colcon_core.package_identification:_identify(src/build) by extensions ['ignore', 'ignore_ament_install']
[1.184s] Level 1:colcon.colcon_core.package_identification:_identify(src/build) by extension 'ignore'
[1.184s] Level 1:colcon.colcon_core.package_identification:_identify(src/build) ignored
[1.184s] Level 1:colcon.colcon_core.package_identification:_identify(src/install) by extensions ['ignore', 'ignore_ament_install']
[1.185s] Level 1:colcon.colcon_core.package_identification:_identify(src/install) by extension 'ignore'
[1.185s] Level 1:colcon.colcon_core.package_identification:_identify(src/install) ignored
[1.185s] Level 1:colcon.colcon_core.package_identification:_identify(src/launch_package) by extensions ['ignore', 'ignore_ament_install']
[1.185s] Level 1:colcon.colcon_core.package_identification:_identify(src/launch_package) by extension 'ignore'
[1.185s] Level 1:colcon.colcon_core.package_identification:_identify(src/launch_package) by extension 'ignore_ament_install'
[1.185s] Level 1:colcon.colcon_core.package_identification:_identify(src/launch_package) by extensions ['colcon_pkg']
[1.185s] Level 1:colcon.colcon_core.package_identification:_identify(src/launch_package) by extension 'colcon_pkg'
[1.185s] Level 1:colcon.colcon_core.package_identification:_identify(src/launch_package) by extensions ['colcon_meta']
[1.185s] Level 1:colcon.colcon_core.package_identification:_identify(src/launch_package) by extension 'colcon_meta'
[1.185s] Level 1:colcon.colcon_core.package_identification:_identify(src/launch_package) by extensions ['ros']
[1.185s] Level 1:colcon.colcon_core.package_identification:_identify(src/launch_package) by extension 'ros'
[1.186s] DEBUG:colcon.colcon_core.package_identification:Package 'src/launch_package' with type 'ros.ament_python' and name 'launch_package'
[1.186s] Level 1:colcon.colcon_core.package_identification:_identify(src/realsense_streamer) by extensions ['ignore', 'ignore_ament_install']
[1.186s] Level 1:colcon.colcon_core.package_identification:_identify(src/realsense_streamer) by extension 'ignore'
[1.186s] Level 1:colcon.colcon_core.package_identification:_identify(src/realsense_streamer) by extension 'ignore_ament_install'
[1.186s] Level 1:colcon.colcon_core.package_identification:_identify(src/realsense_streamer) by extensions ['colcon_pkg']
[1.186s] Level 1:colcon.colcon_core.package_identification:_identify(src/realsense_streamer) by extension 'colcon_pkg'
[1.186s] Level 1:colcon.colcon_core.package_identification:_identify(src/realsense_streamer) by extensions ['colcon_meta']
[1.186s] Level 1:colcon.colcon_core.package_identification:_identify(src/realsense_streamer) by extension 'colcon_meta'
[1.186s] Level 1:colcon.colcon_core.package_identification:_identify(src/realsense_streamer) by extensions ['ros']
[1.186s] Level 1:colcon.colcon_core.package_identification:_identify(src/realsense_streamer) by extension 'ros'
[1.186s] DEBUG:colcon.colcon_core.package_identification:Package 'src/realsense_streamer' with type 'ros.ament_python' and name 'realsense_streamer'
[1.187s] Level 1:colcon.colcon_core.package_identification:_identify(src/scripts) by extensions ['ignore', 'ignore_ament_install']
[1.187s] Level 1:colcon.colcon_core.package_identification:_identify(src/scripts) by extension 'ignore'
[1.187s] Level 1:colcon.colcon_core.package_identification:_identify(src/scripts) by extension 'ignore_ament_install'
[1.187s] Level 1:colcon.colcon_core.package_identification:_identify(src/scripts) by extensions ['colcon_pkg']
[1.187s] Level 1:colcon.colcon_core.package_identification:_identify(src/scripts) by extension 'colcon_pkg'
[1.187s] Level 1:colcon.colcon_core.package_identification:_identify(src/scripts) by extensions ['colcon_meta']
[1.187s] Level 1:colcon.colcon_core.package_identification:_identify(src/scripts) by extension 'colcon_meta'
[1.187s] Level 1:colcon.colcon_core.package_identification:_identify(src/scripts) by extensions ['ros']
[1.187s] Level 1:colcon.colcon_core.package_identification:_identify(src/scripts) by extension 'ros'
[1.187s] Level 1:colcon.colcon_core.package_identification:_identify(src/scripts) by extensions ['cmake', 'python']
[1.187s] Level 1:colcon.colcon_core.package_identification:_identify(src/scripts) by extension 'cmake'
[1.187s] Level 1:colcon.colcon_core.package_identification:_identify(src/scripts) by extension 'python'
[1.187s] Level 1:colcon.colcon_core.package_identification:_identify(src/scripts) by extensions ['python_setup_py']
[1.187s] Level 1:colcon.colcon_core.package_identification:_identify(src/scripts) by extension 'python_setup_py'
[1.187s] Level 1:colcon.colcon_core.package_identification:_identify(src/ur_simulator) by extensions ['ignore', 'ignore_ament_install']
[1.187s] Level 1:colcon.colcon_core.package_identification:_identify(src/ur_simulator) by extension 'ignore'
[1.187s] Level 1:colcon.colcon_core.package_identification:_identify(src/ur_simulator) by extension 'ignore_ament_install'
[1.187s] Level 1:colcon.colcon_core.package_identification:_identify(src/ur_simulator) by extensions ['colcon_pkg']
[1.187s] Level 1:colcon.colcon_core.package_identification:_identify(src/ur_simulator) by extension 'colcon_pkg'
[1.188s] Level 1:colcon.colcon_core.package_identification:_identify(src/ur_simulator) by extensions ['colcon_meta']
[1.188s] Level 1:colcon.colcon_core.package_identification:_identify(src/ur_simulator) by extension 'colcon_meta'
[1.188s] Level 1:colcon.colcon_core.package_identification:_identify(src/ur_simulator) by extensions ['ros']
[1.188s] Level 1:colcon.colcon_core.package_identification:_identify(src/ur_simulator) by extension 'ros'
[1.188s] DEBUG:colcon.colcon_core.package_identification:Package 'src/ur_simulator' with type 'ros.ament_python' and name 'ur_simulator'
[1.188s] Level 1:colcon.colcon_core.package_discovery:discover_packages(recursive) using defaults
[1.188s] Level 1:colcon.colcon_core.package_discovery:discover_packages(ignore) discover
[1.188s] Level 1:colcon.colcon_core.package_discovery:discover_packages(ignore) using defaults
[1.188s] Level 1:colcon.colcon_core.package_discovery:discover_packages(path) discover
[1.188s] Level 1:colcon.colcon_core.package_discovery:discover_packages(path) using defaults
[1.266s] Level 1:colcon.colcon_core.package_discovery:discover_packages(prefix_path) check parameters
[1.266s] Level 1:colcon.colcon_core.package_discovery:discover_packages(prefix_path) discover
[1.278s] WARNING:colcon.colcon_core.prefix_path.colcon:The path '/home/fabio_tdt/Documents/blackberry_pose/ros2_dataset_ws/install' in the environment variable COLCON_PREFIX_PATH doesn't exist
[1.279s] WARNING:colcon.colcon_ros.prefix_path.ament:The path '/home/fabio_tdt/Documents/blackberry_pose/ros2_dataset_ws/install/ur_simulator' in the environment variable AMENT_PREFIX_PATH doesn't exist
[1.279s] WARNING:colcon.colcon_ros.prefix_path.ament:The path '/home/fabio_tdt/Documents/blackberry_pose/ros2_dataset_ws/install/realsense_streamer' in the environment variable AMENT_PREFIX_PATH doesn't exist
[1.279s] WARNING:colcon.colcon_ros.prefix_path.ament:The path '/home/fabio_tdt/Documents/blackberry_pose/ros2_dataset_ws/install/launch_package' in the environment variable AMENT_PREFIX_PATH doesn't exist
[1.279s] WARNING:colcon.colcon_ros.prefix_path.ament:The path '/home/fabio_tdt/Documents/blackberry_pose/ros2_dataset_ws/install/berry_dataset' in the environment variable AMENT_PREFIX_PATH doesn't exist
[1.294s] DEBUG:colcon.colcon_installed_package_information.package_discovery:Found 4 installed packages in /home/fabio_tdt/Documents/ros2_dataset_ws/src/install
[1.307s] DEBUG:colcon.colcon_installed_package_information.package_discovery:Found 4 installed packages in /home/fabio_tdt/Documents/ros2_dataset_ws/install
[1.322s] DEBUG:colcon.colcon_installed_package_information.package_discovery:Found 356 installed packages in /opt/ros/humble
[1.324s] Level 1:colcon.colcon_core.package_discovery:discover_packages(prefix_path) using defaults
[1.403s] Level 5:colcon.colcon_core.verb:set package 'berry_dataset' build argument 'cmake_args' from command line to 'None'
[1.403s] Level 5:colcon.colcon_core.verb:set package 'berry_dataset' build argument 'cmake_target' from command line to 'None'
[1.403s] Level 5:colcon.colcon_core.verb:set package 'berry_dataset' build argument 'cmake_target_skip_unavailable' from command line to 'False'
[1.403s] Level 5:colcon.colcon_core.verb:set package 'berry_dataset' build argument 'cmake_clean_cache' from command line to 'False'
[1.403s] Level 5:colcon.colcon_core.verb:set package 'berry_dataset' build argument 'cmake_clean_first' from command line to 'False'
[1.403s] Level 5:colcon.colcon_core.verb:set package 'berry_dataset' build argument 'cmake_force_configure' from command line to 'False'
[1.403s] Level 5:colcon.colcon_core.verb:set package 'berry_dataset' build argument 'ament_cmake_args' from command line to 'None'
[1.403s] Level 5:colcon.colcon_core.verb:set package 'berry_dataset' build argument 'catkin_cmake_args' from command line to 'None'
[1.404s] Level 5:colcon.colcon_core.verb:set package 'berry_dataset' build argument 'catkin_skip_building_tests' from command line to 'False'
[1.404s] DEBUG:colcon.colcon_core.verb:Building package 'berry_dataset' with the following arguments: {'ament_cmake_args': None, 'build_base': '/home/fabio_tdt/Documents/ros2_dataset_ws/build/berry_dataset', 'catkin_cmake_args': None, 'catkin_skip_building_tests': False, 'cmake_args': None, 'cmake_clean_cache': False, 'cmake_clean_first': False, 'cmake_force_configure': False, 'cmake_target': None, 'cmake_target_skip_unavailable': False, 'install_base': '/home/fabio_tdt/Documents/ros2_dataset_ws/install/berry_dataset', 'merge_install': False, 'path': '/home/fabio_tdt/Documents/ros2_dataset_ws/src/berry_dataset', 'symlink_install': True, 'test_result_base': None}
[1.416s] Level 5:colcon.colcon_core.verb:set package 'launch_package' build argument 'cmake_args' from command line to 'None'
[1.417s] Level 5:colcon.colcon_core.verb:set package 'launch_package' build argument 'cmake_target' from command line to 'None'
[1.417s] Level 5:colcon.colcon_core.verb:set package 'launch_package' build argument 'cmake_target_skip_unavailable' from command line to 'False'
[1.417s] Level 5:colcon.colcon_core.verb:set package 'launch_package' build argument 'cmake_clean_cache' from command line to 'False'
[1.417s] Level 5:colcon.colcon_core.verb:set package 'launch_package' build argument 'cmake_clean_first' from command line to 'False'
[1.417s] Level 5:colcon.colcon_core.verb:set package 'launch_package' build argument 'cmake_force_configure' from command line to 'False'
[1.417s] Level 5:colcon.colcon_core.verb:set package 'launch_package' build argument 'ament_cmake_args' from command line to 'None'
[1.417s] Level 5:colcon.colcon_core.verb:set package 'launch_package' build argument 'catkin_cmake_args' from command line to 'None'
[1.417s] Level 5:colcon.colcon_core.verb:set package 'launch_package' build argument 'catkin_skip_building_tests' from command line to 'False'
[1.417s] DEBUG:colcon.colcon_core.verb:Building package 'launch_package' with the following arguments: {'ament_cmake_args': None, 'build_base': '/home/fabio_tdt/Documents/ros2_dataset_ws/build/launch_package', 'catkin_cmake_args': None, 'catkin_skip_building_tests': False, 'cmake_args': None, 'cmake_clean_cache': False, 'cmake_clean_first': False, 'cmake_force_configure': False, 'cmake_target': None, 'cmake_target_skip_unavailable': False, 'install_base': '/home/fabio_tdt/Documents/ros2_dataset_ws/install/launch_package', 'merge_install': False, 'path': '/home/fabio_tdt/Documents/ros2_dataset_ws/src/launch_package', 'symlink_install': True, 'test_result_base': None}
[1.429s] Level 5:colcon.colcon_core.verb:set package 'realsense_streamer' build argument 'cmake_args' from command line to 'None'
[1.429s] Level 5:colcon.colcon_core.verb:set package 'realsense_streamer' build argument 'cmake_target' from command line to 'None'
[1.429s] Level 5:colcon.colcon_core.verb:set package 'realsense_streamer' build argument 'cmake_target_skip_unavailable' from command line to 'False'
[1.429s] Level 5:colcon.colcon_core.verb:set package 'realsense_streamer' build argument 'cmake_clean_cache' from command line to 'False'
[1.429s] Level 5:colcon.colcon_core.verb:set package 'realsense_streamer' build argument 'cmake_clean_first' from command line to 'False'
[1.429s] Level 5:colcon.colcon_core.verb:set package 'realsense_streamer' build argument 'cmake_force_configure' from command line to 'False'
[1.429s] Level 5:colcon.colcon_core.verb:set package 'realsense_streamer' build argument 'ament_cmake_args' from command line to 'None'
[1.429s] Level 5:colcon.colcon_core.verb:set package 'realsense_streamer' build argument 'catkin_cmake_args' from command line to 'None'
[1.429s] Level 5:colcon.colcon_core.verb:set package 'realsense_streamer' build argument 'catkin_skip_building_tests' from command line to 'False'
[1.429s] DEBUG:colcon.colcon_core.verb:Building package 'realsense_streamer' with the following arguments: {'ament_cmake_args': None, 'build_base': '/home/fabio_tdt/Documents/ros2_dataset_ws/build/realsense_streamer', 'catkin_cmake_args': None, 'catkin_skip_building_tests': False, 'cmake_args': None, 'cmake_clean_cache': False, 'cmake_clean_first': False, 'cmake_force_configure': False, 'cmake_target': None, 'cmake_target_skip_unavailable': False, 'install_base': '/home/fabio_tdt/Documents/ros2_dataset_ws/install/realsense_streamer', 'merge_install': False, 'path': '/home/fabio_tdt/Documents/ros2_dataset_ws/src/realsense_streamer', 'symlink_install': True, 'test_result_base': None}
[1.441s] Level 5:colcon.colcon_core.verb:set package 'ur_simulator' build argument 'cmake_args' from command line to 'None'
[1.442s] Level 5:colcon.colcon_core.verb:set package 'ur_simulator' build argument 'cmake_target' from command line to 'None'
[1.442s] Level 5:colcon.colcon_core.verb:set package 'ur_simulator' build argument 'cmake_target_skip_unavailable' from command line to 'False'
[1.442s] Level 5:colcon.colcon_core.verb:set package 'ur_simulator' build argument 'cmake_clean_cache' from command line to 'False'
[1.442s] Level 5:colcon.colcon_core.verb:set package 'ur_simulator' build argument 'cmake_clean_first' from command line to 'False'
[1.442s] Level 5:colcon.colcon_core.verb:set package 'ur_simulator' build argument 'cmake_force_configure' from command line to 'False'
[1.442s] Level 5:colcon.colcon_core.verb:set package 'ur_simulator' build argument 'ament_cmake_args' from command line to 'None'
[1.442s] Level 5:colcon.colcon_core.verb:set package 'ur_simulator' build argument 'catkin_cmake_args' from command line to 'None'
[1.442s] Level 5:colcon.colcon_core.verb:set package 'ur_simulator' build argument 'catkin_skip_building_tests' from command line to 'False'
[1.442s] DEBUG:colcon.colcon_core.verb:Building package 'ur_simulator' with the following arguments: {'ament_cmake_args': None, 'build_base': '/home/fabio_tdt/Documents/ros2_dataset_ws/build/ur_simulator', 'catkin_cmake_args': None, 'catkin_skip_building_tests': False, 'cmake_args': None, 'cmake_clean_cache': False, 'cmake_clean_first': False, 'cmake_force_configure': False, 'cmake_target': None, 'cmake_target_skip_unavailable': False, 'install_base': '/home/fabio_tdt/Documents/ros2_dataset_ws/install/ur_simulator', 'merge_install': False, 'path': '/home/fabio_tdt/Documents/ros2_dataset_ws/src/ur_simulator', 'symlink_install': True, 'test_result_base': None}
[1.455s] INFO:colcon.colcon_core.executor:Executing jobs using 'parallel' executor
[1.468s] DEBUG:colcon.colcon_parallel_executor.executor.parallel:run_until_complete
[1.468s] INFO:colcon.colcon_ros.task.ament_python.build:Building ROS package in '/home/fabio_tdt/Documents/ros2_dataset_ws/src/berry_dataset' with build type 'ament_python'
[1.468s] Level 1:colcon.colcon_core.shell:create_environment_hook('berry_dataset', 'ament_prefix_path')
[1.484s] INFO:colcon.colcon_core.plugin_system:Skipping extension 'colcon_core.shell.bat': Not used on non-Windows systems
[1.484s] INFO:colcon.colcon_core.shell:Creating environment hook '/home/fabio_tdt/Documents/ros2_dataset_ws/install/berry_dataset/share/berry_dataset/hook/ament_prefix_path.ps1'
[1.485s] INFO:colcon.colcon_core.shell:Creating environment descriptor '/home/fabio_tdt/Documents/ros2_dataset_ws/install/berry_dataset/share/berry_dataset/hook/ament_prefix_path.dsv'
[1.486s] INFO:colcon.colcon_core.shell:Creating environment hook '/home/fabio_tdt/Documents/ros2_dataset_ws/install/berry_dataset/share/berry_dataset/hook/ament_prefix_path.sh'
[1.500s] INFO:colcon.colcon_core.shell:Skip shell extension 'powershell' for command environment: Not usable outside of PowerShell
[1.500s] DEBUG:colcon.colcon_core.shell:Skip shell extension 'dsv' for command environment
[1.556s] INFO:colcon.colcon_ros.task.ament_python.build:Building ROS package in '/home/fabio_tdt/Documents/ros2_dataset_ws/src/launch_package' with build type 'ament_python'
[1.556s] Level 1:colcon.colcon_core.shell:create_environment_hook('launch_package', 'ament_prefix_path')
[1.570s] INFO:colcon.colcon_core.shell:Creating environment hook '/home/fabio_tdt/Documents/ros2_dataset_ws/install/launch_package/share/launch_package/hook/ament_prefix_path.ps1'
[1.570s] INFO:colcon.colcon_core.shell:Creating environment descriptor '/home/fabio_tdt/Documents/ros2_dataset_ws/install/launch_package/share/launch_package/hook/ament_prefix_path.dsv'
[1.570s] INFO:colcon.colcon_core.shell:Creating environment hook '/home/fabio_tdt/Documents/ros2_dataset_ws/install/launch_package/share/launch_package/hook/ament_prefix_path.sh'
[1.585s] INFO:colcon.colcon_core.shell:Skip shell extension 'powershell' for command environment: Not usable outside of PowerShell
[1.585s] DEBUG:colcon.colcon_core.shell:Skip shell extension 'dsv' for command environment
[1.641s] INFO:colcon.colcon_ros.task.ament_python.build:Building ROS package in '/home/fabio_tdt/Documents/ros2_dataset_ws/src/realsense_streamer' with build type 'ament_python'
[1.641s] Level 1:colcon.colcon_core.shell:create_environment_hook('realsense_streamer', 'ament_prefix_path')
[1.656s] INFO:colcon.colcon_core.shell:Creating environment hook '/home/fabio_tdt/Documents/ros2_dataset_ws/install/realsense_streamer/share/realsense_streamer/hook/ament_prefix_path.ps1'
[1.657s] INFO:colcon.colcon_core.shell:Creating environment descriptor '/home/fabio_tdt/Documents/ros2_dataset_ws/install/realsense_streamer/share/realsense_streamer/hook/ament_prefix_path.dsv'
[1.657s] INFO:colcon.colcon_core.shell:Creating environment hook '/home/fabio_tdt/Documents/ros2_dataset_ws/install/realsense_streamer/share/realsense_streamer/hook/ament_prefix_path.sh'
[1.672s] INFO:colcon.colcon_core.shell:Skip shell extension 'powershell' for command environment: Not usable outside of PowerShell
[1.672s] DEBUG:colcon.colcon_core.shell:Skip shell extension 'dsv' for command environment
[1.732s] INFO:colcon.colcon_ros.task.ament_python.build:Building ROS package in '/home/fabio_tdt/Documents/ros2_dataset_ws/src/ur_simulator' with build type 'ament_python'
[1.732s] Level 1:colcon.colcon_core.shell:create_environment_hook('ur_simulator', 'ament_prefix_path')
[1.744s] INFO:colcon.colcon_core.shell:Creating environment hook '/home/fabio_tdt/Documents/ros2_dataset_ws/install/ur_simulator/share/ur_simulator/hook/ament_prefix_path.ps1'
[1.745s] INFO:colcon.colcon_core.shell:Creating environment descriptor '/home/fabio_tdt/Documents/ros2_dataset_ws/install/ur_simulator/share/ur_simulator/hook/ament_prefix_path.dsv'
[1.745s] INFO:colcon.colcon_core.shell:Creating environment hook '/home/fabio_tdt/Documents/ros2_dataset_ws/install/ur_simulator/share/ur_simulator/hook/ament_prefix_path.sh'
[1.759s] INFO:colcon.colcon_core.shell:Skip shell extension 'powershell' for command environment: Not usable outside of PowerShell
[1.759s] DEBUG:colcon.colcon_core.shell:Skip shell extension 'dsv' for command environment
[2.061s] INFO:colcon.colcon_core.task.python.build:Building Python package in '/home/fabio_tdt/Documents/ros2_dataset_ws/src/berry_dataset'
[2.074s] INFO:colcon.colcon_core.shell:Skip shell extension 'powershell' for command environment: Not usable outside of PowerShell
[2.074s] DEBUG:colcon.colcon_core.shell:Skip shell extension 'dsv' for command environment
[2.340s] INFO:colcon.colcon_core.task.python.build:Building Python package in '/home/fabio_tdt/Documents/ros2_dataset_ws/src/launch_package'
[2.352s] INFO:colcon.colcon_core.shell:Skip shell extension 'powershell' for command environment: Not usable outside of PowerShell
[2.352s] DEBUG:colcon.colcon_core.shell:Skip shell extension 'dsv' for command environment
[2.624s] INFO:colcon.colcon_core.task.python.build:Building Python package in '/home/fabio_tdt/Documents/ros2_dataset_ws/src/realsense_streamer'
[2.636s] INFO:colcon.colcon_core.shell:Skip shell extension 'powershell' for command environment: Not usable outside of PowerShell
[2.636s] DEBUG:colcon.colcon_core.shell:Skip shell extension 'dsv' for command environment
[2.901s] INFO:colcon.colcon_core.task.python.build:Building Python package in '/home/fabio_tdt/Documents/ros2_dataset_ws/src/ur_simulator'
[2.914s] INFO:colcon.colcon_core.shell:Skip shell extension 'powershell' for command environment: Not usable outside of PowerShell
[2.914s] DEBUG:colcon.colcon_core.shell:Skip shell extension 'dsv' for command environment
[3.373s] DEBUG:colcon.colcon_core.event_handler.log_command:Invoking command in '/home/fabio_tdt/Documents/ros2_dataset_ws/build/launch_package': PYTHONPATH=/home/fabio_tdt/Documents/ros2_dataset_ws/build/launch_package/prefix_override:/home/fabio_tdt/Documents/ros2_dataset_ws/install/launch_package/lib/python3.10/site-packages:${PYTHONPATH} /usr/bin/python3 setup.py develop --editable --build-directory /home/fabio_tdt/Documents/ros2_dataset_ws/build/launch_package/build --no-deps install_data
[3.375s] DEBUG:colcon.colcon_core.event_handler.log_command:Invoking command in '/home/fabio_tdt/Documents/ros2_dataset_ws/build/ur_simulator': PYTHONPATH=/home/fabio_tdt/Documents/ros2_dataset_ws/build/ur_simulator/prefix_override:/home/fabio_tdt/Documents/ros2_dataset_ws/install/ur_simulator/lib/python3.10/site-packages:${PYTHONPATH} /usr/bin/python3 setup.py develop --editable --build-directory /home/fabio_tdt/Documents/ros2_dataset_ws/build/ur_simulator/build --no-deps install_data
[3.406s] DEBUG:colcon.colcon_core.event_handler.log_command:Invoking command in '/home/fabio_tdt/Documents/ros2_dataset_ws/build/berry_dataset': PYTHONPATH=/home/fabio_tdt/Documents/ros2_dataset_ws/build/berry_dataset/prefix_override:/home/fabio_tdt/Documents/ros2_dataset_ws/install/berry_dataset/lib/python3.10/site-packages:${PYTHONPATH} /usr/bin/python3 setup.py develop --editable --build-directory /home/fabio_tdt/Documents/ros2_dataset_ws/build/berry_dataset/build --no-deps install_data
[3.420s] DEBUG:colcon.colcon_core.event_handler.log_command:Invoking command in '/home/fabio_tdt/Documents/ros2_dataset_ws/build/realsense_streamer': PYTHONPATH=/home/fabio_tdt/Documents/ros2_dataset_ws/build/realsense_streamer/prefix_override:/home/fabio_tdt/Documents/ros2_dataset_ws/install/realsense_streamer/lib/python3.10/site-packages:${PYTHONPATH} /usr/bin/python3 setup.py develop --editable --build-directory /home/fabio_tdt/Documents/ros2_dataset_ws/build/realsense_streamer/build --no-deps install_data
[3.933s] Level 1:colcon.colcon_core.shell:create_environment_hook('launch_package', 'pythonpath_develop')
[3.935s] DEBUG:colcon.colcon_core.event_handler.log_command:Invoked command in '/home/fabio_tdt/Documents/ros2_dataset_ws/build/launch_package' returned '0': PYTHONPATH=/home/fabio_tdt/Documents/ros2_dataset_ws/build/launch_package/prefix_override:/home/fabio_tdt/Documents/ros2_dataset_ws/install/launch_package/lib/python3.10/site-packages:${PYTHONPATH} /usr/bin/python3 setup.py develop --editable --build-directory /home/fabio_tdt/Documents/ros2_dataset_ws/build/launch_package/build --no-deps install_data
[3.953s] INFO:colcon.colcon_core.shell:Creating environment hook '/home/fabio_tdt/Documents/ros2_dataset_ws/build/launch_package/share/launch_package/hook/pythonpath_develop.ps1'
[3.954s] INFO:colcon.colcon_core.shell:Creating environment descriptor '/home/fabio_tdt/Documents/ros2_dataset_ws/build/launch_package/share/launch_package/hook/pythonpath_develop.dsv'
[3.955s] INFO:colcon.colcon_core.shell:Creating environment hook '/home/fabio_tdt/Documents/ros2_dataset_ws/build/launch_package/share/launch_package/hook/pythonpath_develop.sh'
[3.972s] Level 1:colcon.colcon_core.environment:checking '/home/fabio_tdt/Documents/ros2_dataset_ws/install/launch_package' for CMake module files
[3.972s] Level 1:colcon.colcon_core.environment:checking '/home/fabio_tdt/Documents/ros2_dataset_ws/install/launch_package' for CMake config files
[3.973s] Level 1:colcon.colcon_core.environment:checking '/home/fabio_tdt/Documents/ros2_dataset_ws/install/launch_package/lib'
[3.973s] Level 1:colcon.colcon_core.environment:checking '/home/fabio_tdt/Documents/ros2_dataset_ws/install/launch_package/bin'
[3.973s] Level 1:colcon.colcon_core.environment:checking '/home/fabio_tdt/Documents/ros2_dataset_ws/install/launch_package/lib/pkgconfig/launch_package.pc'
[3.973s] Level 1:colcon.colcon_core.environment:checking '/home/fabio_tdt/Documents/ros2_dataset_ws/install/launch_package/lib/python3.10/site-packages'
[3.973s] Level 1:colcon.colcon_core.shell:create_environment_hook('launch_package', 'pythonpath')
[3.989s] INFO:colcon.colcon_core.shell:Creating environment hook '/home/fabio_tdt/Documents/ros2_dataset_ws/install/launch_package/share/launch_package/hook/pythonpath.ps1'
[3.990s] INFO:colcon.colcon_core.shell:Creating environment descriptor '/home/fabio_tdt/Documents/ros2_dataset_ws/install/launch_package/share/launch_package/hook/pythonpath.dsv'
[3.990s] INFO:colcon.colcon_core.shell:Creating environment hook '/home/fabio_tdt/Documents/ros2_dataset_ws/install/launch_package/share/launch_package/hook/pythonpath.sh'
[3.990s] Level 1:colcon.colcon_core.environment:checking '/home/fabio_tdt/Documents/ros2_dataset_ws/install/launch_package/bin'
[3.990s] Level 1:colcon.colcon_core.environment:create_environment_scripts_only(launch_package)
[4.005s] INFO:colcon.colcon_core.shell:Creating package script '/home/fabio_tdt/Documents/ros2_dataset_ws/install/launch_package/share/launch_package/package.ps1'
[4.006s] INFO:colcon.colcon_core.shell:Creating package descriptor '/home/fabio_tdt/Documents/ros2_dataset_ws/install/launch_package/share/launch_package/package.dsv'
[4.006s] INFO:colcon.colcon_core.shell:Creating package script '/home/fabio_tdt/Documents/ros2_dataset_ws/install/launch_package/share/launch_package/package.sh'
[4.007s] INFO:colcon.colcon_core.shell:Creating package script '/home/fabio_tdt/Documents/ros2_dataset_ws/install/launch_package/share/launch_package/package.bash'
[4.007s] INFO:colcon.colcon_core.shell:Creating package script '/home/fabio_tdt/Documents/ros2_dataset_ws/install/launch_package/share/launch_package/package.zsh'
[4.008s] Level 1:colcon.colcon_core.environment:create_file_with_runtime_dependencies(/home/fabio_tdt/Documents/ros2_dataset_ws/install/launch_package/share/colcon-core/packages/launch_package)
[4.011s] Level 1:colcon.colcon_core.shell:create_environment_hook('berry_dataset', 'pythonpath_develop')
[4.012s] DEBUG:colcon.colcon_core.event_handler.log_command:Invoked command in '/home/fabio_tdt/Documents/ros2_dataset_ws/build/berry_dataset' returned '0': PYTHONPATH=/home/fabio_tdt/Documents/ros2_dataset_ws/build/berry_dataset/prefix_override:/home/fabio_tdt/Documents/ros2_dataset_ws/install/berry_dataset/lib/python3.10/site-packages:${PYTHONPATH} /usr/bin/python3 setup.py develop --editable --build-directory /home/fabio_tdt/Documents/ros2_dataset_ws/build/berry_dataset/build --no-deps install_data
[4.027s] INFO:colcon.colcon_core.shell:Creating environment hook '/home/fabio_tdt/Documents/ros2_dataset_ws/build/berry_dataset/share/berry_dataset/hook/pythonpath_develop.ps1'
[4.028s] INFO:colcon.colcon_core.shell:Creating environment descriptor '/home/fabio_tdt/Documents/ros2_dataset_ws/build/berry_dataset/share/berry_dataset/hook/pythonpath_develop.dsv'
[4.028s] INFO:colcon.colcon_core.shell:Creating environment hook '/home/fabio_tdt/Documents/ros2_dataset_ws/build/berry_dataset/share/berry_dataset/hook/pythonpath_develop.sh'
[4.041s] Level 1:colcon.colcon_core.environment:checking '/home/fabio_tdt/Documents/ros2_dataset_ws/install/berry_dataset' for CMake module files
[4.041s] Level 1:colcon.colcon_core.environment:checking '/home/fabio_tdt/Documents/ros2_dataset_ws/install/berry_dataset' for CMake config files
[4.042s] Level 1:colcon.colcon_core.environment:checking '/home/fabio_tdt/Documents/ros2_dataset_ws/install/berry_dataset/lib'
[4.042s] Level 1:colcon.colcon_core.environment:checking '/home/fabio_tdt/Documents/ros2_dataset_ws/install/berry_dataset/bin'
[4.042s] Level 1:colcon.colcon_core.environment:checking '/home/fabio_tdt/Documents/ros2_dataset_ws/install/berry_dataset/lib/pkgconfig/berry_dataset.pc'
[4.042s] Level 1:colcon.colcon_core.environment:checking '/home/fabio_tdt/Documents/ros2_dataset_ws/install/berry_dataset/lib/python3.10/site-packages'
[4.042s] Level 1:colcon.colcon_core.shell:create_environment_hook('berry_dataset', 'pythonpath')
[4.056s] INFO:colcon.colcon_core.shell:Creating environment hook '/home/fabio_tdt/Documents/ros2_dataset_ws/install/berry_dataset/share/berry_dataset/hook/pythonpath.ps1'
[4.056s] INFO:colcon.colcon_core.shell:Creating environment descriptor '/home/fabio_tdt/Documents/ros2_dataset_ws/install/berry_dataset/share/berry_dataset/hook/pythonpath.dsv'
[4.057s] INFO:colcon.colcon_core.shell:Creating environment hook '/home/fabio_tdt/Documents/ros2_dataset_ws/install/berry_dataset/share/berry_dataset/hook/pythonpath.sh'
[4.057s] Level 1:colcon.colcon_core.environment:checking '/home/fabio_tdt/Documents/ros2_dataset_ws/install/berry_dataset/bin'
[4.057s] Level 1:colcon.colcon_core.environment:create_environment_scripts_only(berry_dataset)
[4.070s] INFO:colcon.colcon_core.shell:Creating package script '/home/fabio_tdt/Documents/ros2_dataset_ws/install/berry_dataset/share/berry_dataset/package.ps1'
[4.071s] INFO:colcon.colcon_core.shell:Creating package descriptor '/home/fabio_tdt/Documents/ros2_dataset_ws/install/berry_dataset/share/berry_dataset/package.dsv'
[4.071s] INFO:colcon.colcon_core.shell:Creating package script '/home/fabio_tdt/Documents/ros2_dataset_ws/install/berry_dataset/share/berry_dataset/package.sh'
[4.071s] INFO:colcon.colcon_core.shell:Creating package script '/home/fabio_tdt/Documents/ros2_dataset_ws/install/berry_dataset/share/berry_dataset/package.bash'
[4.071s] INFO:colcon.colcon_core.shell:Creating package script '/home/fabio_tdt/Documents/ros2_dataset_ws/install/berry_dataset/share/berry_dataset/package.zsh'
[4.072s] Level 1:colcon.colcon_core.environment:create_file_with_runtime_dependencies(/home/fabio_tdt/Documents/ros2_dataset_ws/install/berry_dataset/share/colcon-core/packages/berry_dataset)
[4.072s] Level 1:colcon.colcon_core.shell:create_environment_hook('ur_simulator', 'pythonpath_develop')
[4.073s] DEBUG:colcon.colcon_core.event_handler.log_command:Invoked command in '/home/fabio_tdt/Documents/ros2_dataset_ws/build/ur_simulator' returned '0': PYTHONPATH=/home/fabio_tdt/Documents/ros2_dataset_ws/build/ur_simulator/prefix_override:/home/fabio_tdt/Documents/ros2_dataset_ws/install/ur_simulator/lib/python3.10/site-packages:${PYTHONPATH} /usr/bin/python3 setup.py develop --editable --build-directory /home/fabio_tdt/Documents/ros2_dataset_ws/build/ur_simulator/build --no-deps install_data
[4.086s] INFO:colcon.colcon_core.shell:Creating environment hook '/home/fabio_tdt/Documents/ros2_dataset_ws/build/ur_simulator/share/ur_simulator/hook/pythonpath_develop.ps1'
[4.087s] INFO:colcon.colcon_core.shell:Creating environment descriptor '/home/fabio_tdt/Documents/ros2_dataset_ws/build/ur_simulator/share/ur_simulator/hook/pythonpath_develop.dsv'
[4.087s] INFO:colcon.colcon_core.shell:Creating environment hook '/home/fabio_tdt/Documents/ros2_dataset_ws/build/ur_simulator/share/ur_simulator/hook/pythonpath_develop.sh'
[4.105s] Level 1:colcon.colcon_core.environment:checking '/home/fabio_tdt/Documents/ros2_dataset_ws/install/ur_simulator' for CMake module files
[4.106s] Level 1:colcon.colcon_core.environment:checking '/home/fabio_tdt/Documents/ros2_dataset_ws/install/ur_simulator' for CMake config files
[4.106s] Level 1:colcon.colcon_core.environment:checking '/home/fabio_tdt/Documents/ros2_dataset_ws/install/ur_simulator/lib'
[4.106s] Level 1:colcon.colcon_core.environment:checking '/home/fabio_tdt/Documents/ros2_dataset_ws/install/ur_simulator/bin'
[4.106s] Level 1:colcon.colcon_core.environment:checking '/home/fabio_tdt/Documents/ros2_dataset_ws/install/ur_simulator/lib/pkgconfig/ur_simulator.pc'
[4.106s] Level 1:colcon.colcon_core.environment:checking '/home/fabio_tdt/Documents/ros2_dataset_ws/install/ur_simulator/lib/python3.10/site-packages'
[4.106s] Level 1:colcon.colcon_core.shell:create_environment_hook('ur_simulator', 'pythonpath')
[4.124s] INFO:colcon.colcon_core.shell:Creating environment hook '/home/fabio_tdt/Documents/ros2_dataset_ws/install/ur_simulator/share/ur_simulator/hook/pythonpath.ps1'
[4.125s] INFO:colcon.colcon_core.shell:Creating environment descriptor '/home/fabio_tdt/Documents/ros2_dataset_ws/install/ur_simulator/share/ur_simulator/hook/pythonpath.dsv'
[4.125s] INFO:colcon.colcon_core.shell:Creating environment hook '/home/fabio_tdt/Documents/ros2_dataset_ws/install/ur_simulator/share/ur_simulator/hook/pythonpath.sh'
[4.126s] Level 1:colcon.colcon_core.environment:checking '/home/fabio_tdt/Documents/ros2_dataset_ws/install/ur_simulator/bin'
[4.126s] Level 1:colcon.colcon_core.environment:create_environment_scripts_only(ur_simulator)
[4.149s] INFO:colcon.colcon_core.shell:Creating package script '/home/fabio_tdt/Documents/ros2_dataset_ws/install/ur_simulator/share/ur_simulator/package.ps1'
[4.150s] INFO:colcon.colcon_core.shell:Creating package descriptor '/home/fabio_tdt/Documents/ros2_dataset_ws/install/ur_simulator/share/ur_simulator/package.dsv'
[4.151s] INFO:colcon.colcon_core.shell:Creating package script '/home/fabio_tdt/Documents/ros2_dataset_ws/install/ur_simulator/share/ur_simulator/package.sh'
[4.151s] INFO:colcon.colcon_core.shell:Creating package script '/home/fabio_tdt/Documents/ros2_dataset_ws/install/ur_simulator/share/ur_simulator/package.bash'
[4.151s] INFO:colcon.colcon_core.shell:Creating package script '/home/fabio_tdt/Documents/ros2_dataset_ws/install/ur_simulator/share/ur_simulator/package.zsh'
[4.152s] Level 1:colcon.colcon_core.environment:create_file_with_runtime_dependencies(/home/fabio_tdt/Documents/ros2_dataset_ws/install/ur_simulator/share/colcon-core/packages/ur_simulator)
[4.152s] Level 1:colcon.colcon_core.shell:create_environment_hook('realsense_streamer', 'pythonpath_develop')
[4.158s] DEBUG:colcon.colcon_core.event_handler.log_command:Invoked command in '/home/fabio_tdt/Documents/ros2_dataset_ws/build/realsense_streamer' returned '0': PYTHONPATH=/home/fabio_tdt/Documents/ros2_dataset_ws/build/realsense_streamer/prefix_override:/home/fabio_tdt/Documents/ros2_dataset_ws/install/realsense_streamer/lib/python3.10/site-packages:${PYTHONPATH} /usr/bin/python3 setup.py develop --editable --build-directory /home/fabio_tdt/Documents/ros2_dataset_ws/build/realsense_streamer/build --no-deps install_data
[4.173s] INFO:colcon.colcon_core.shell:Creating environment hook '/home/fabio_tdt/Documents/ros2_dataset_ws/build/realsense_streamer/share/realsense_streamer/hook/pythonpath_develop.ps1'
[4.173s] INFO:colcon.colcon_core.shell:Creating environment descriptor '/home/fabio_tdt/Documents/ros2_dataset_ws/build/realsense_streamer/share/realsense_streamer/hook/pythonpath_develop.dsv'
[4.174s] INFO:colcon.colcon_core.shell:Creating environment hook '/home/fabio_tdt/Documents/ros2_dataset_ws/build/realsense_streamer/share/realsense_streamer/hook/pythonpath_develop.sh'
[4.195s] Level 1:colcon.colcon_core.environment:checking '/home/fabio_tdt/Documents/ros2_dataset_ws/install/realsense_streamer' for CMake module files
[4.196s] Level 1:colcon.colcon_core.environment:checking '/home/fabio_tdt/Documents/ros2_dataset_ws/install/realsense_streamer' for CMake config files
[4.196s] Level 1:colcon.colcon_core.environment:checking '/home/fabio_tdt/Documents/ros2_dataset_ws/install/realsense_streamer/lib'
[4.196s] Level 1:colcon.colcon_core.environment:checking '/home/fabio_tdt/Documents/ros2_dataset_ws/install/realsense_streamer/bin'
[4.196s] Level 1:colcon.colcon_core.environment:checking '/home/fabio_tdt/Documents/ros2_dataset_ws/install/realsense_streamer/lib/pkgconfig/realsense_streamer.pc'
[4.197s] Level 1:colcon.colcon_core.environment:checking '/home/fabio_tdt/Documents/ros2_dataset_ws/install/realsense_streamer/lib/python3.10/site-packages'
[4.197s] Level 1:colcon.colcon_core.shell:create_environment_hook('realsense_streamer', 'pythonpath')
[4.214s] INFO:colcon.colcon_core.shell:Creating environment hook '/home/fabio_tdt/Documents/ros2_dataset_ws/install/realsense_streamer/share/realsense_streamer/hook/pythonpath.ps1'
[4.215s] INFO:colcon.colcon_core.shell:Creating environment descriptor '/home/fabio_tdt/Documents/ros2_dataset_ws/install/realsense_streamer/share/realsense_streamer/hook/pythonpath.dsv'
[4.215s] INFO:colcon.colcon_core.shell:Creating environment hook '/home/fabio_tdt/Documents/ros2_dataset_ws/install/realsense_streamer/share/realsense_streamer/hook/pythonpath.sh'
[4.216s] Level 1:colcon.colcon_core.environment:checking '/home/fabio_tdt/Documents/ros2_dataset_ws/install/realsense_streamer/bin'
[4.216s] Level 1:colcon.colcon_core.environment:create_environment_scripts_only(realsense_streamer)
[4.231s] INFO:colcon.colcon_core.shell:Creating package script '/home/fabio_tdt/Documents/ros2_dataset_ws/install/realsense_streamer/share/realsense_streamer/package.ps1'
[4.232s] INFO:colcon.colcon_core.shell:Creating package descriptor '/home/fabio_tdt/Documents/ros2_dataset_ws/install/realsense_streamer/share/realsense_streamer/package.dsv'
[4.232s] INFO:colcon.colcon_core.shell:Creating package script '/home/fabio_tdt/Documents/ros2_dataset_ws/install/realsense_streamer/share/realsense_streamer/package.sh'
[4.232s] INFO:colcon.colcon_core.shell:Creating package script '/home/fabio_tdt/Documents/ros2_dataset_ws/install/realsense_streamer/share/realsense_streamer/package.bash'
[4.232s] INFO:colcon.colcon_core.shell:Creating package script '/home/fabio_tdt/Documents/ros2_dataset_ws/install/realsense_streamer/share/realsense_streamer/package.zsh'
[4.233s] Level 1:colcon.colcon_core.environment:create_file_with_runtime_dependencies(/home/fabio_tdt/Documents/ros2_dataset_ws/install/realsense_streamer/share/colcon-core/packages/realsense_streamer)
[4.233s] DEBUG:colcon.colcon_parallel_executor.executor.parallel:closing loop
[4.233s] DEBUG:colcon.colcon_parallel_executor.executor.parallel:loop closed
[4.233s] DEBUG:colcon.colcon_parallel_executor.executor.parallel:run_until_complete finished with '0'
[4.233s] DEBUG:colcon.colcon_core.event_reactor:joining thread
[4.253s] INFO:colcon.colcon_core.plugin_system:Skipping extension 'colcon_notification.desktop_notification.terminal_notifier': Not used on non-Darwin systems
[4.253s] INFO:colcon.colcon_core.plugin_system:Skipping extension 'colcon_notification.desktop_notification.win32': Not used on non-Windows systems
[4.253s] INFO:colcon.colcon_notification.desktop_notification:Sending desktop notification using 'notify2'
[4.264s] DEBUG:colcon.colcon_core.event_reactor:joined thread
[4.280s] INFO:colcon.colcon_core.shell:Creating prefix script '/home/fabio_tdt/Documents/ros2_dataset_ws/install/local_setup.ps1'
[4.281s] INFO:colcon.colcon_core.shell:Creating prefix util module '/home/fabio_tdt/Documents/ros2_dataset_ws/install/_local_setup_util_ps1.py'
[4.282s] INFO:colcon.colcon_core.shell:Creating prefix chain script '/home/fabio_tdt/Documents/ros2_dataset_ws/install/setup.ps1'
[4.297s] INFO:colcon.colcon_core.shell:Creating prefix script '/home/fabio_tdt/Documents/ros2_dataset_ws/install/local_setup.sh'
[4.298s] INFO:colcon.colcon_core.shell:Creating prefix util module '/home/fabio_tdt/Documents/ros2_dataset_ws/install/_local_setup_util_sh.py'
[4.298s] INFO:colcon.colcon_core.shell:Creating prefix chain script '/home/fabio_tdt/Documents/ros2_dataset_ws/install/setup.sh'
[4.313s] INFO:colcon.colcon_core.shell:Creating prefix script '/home/fabio_tdt/Documents/ros2_dataset_ws/install/local_setup.bash'
[4.313s] INFO:colcon.colcon_core.shell:Creating prefix chain script '/home/fabio_tdt/Documents/ros2_dataset_ws/install/setup.bash'
[4.328s] INFO:colcon.colcon_core.shell:Creating prefix script '/home/fabio_tdt/Documents/ros2_dataset_ws/install/local_setup.zsh'
[4.329s] INFO:colcon.colcon_core.shell:Creating prefix chain script '/home/fabio_tdt/Documents/ros2_dataset_ws/install/setup.zsh'
