[2.373s] Invoking command in '/home/fabio_tdt/Documents/ros2_dataset_ws/build/ur5e_motion_controller': PYTHONPATH=/home/fabio_tdt/Documents/ros2_dataset_ws/build/ur5e_motion_controller/prefix_override:/home/fabio_tdt/Documents/ros2_dataset_ws/install/ur5e_motion_controller/lib/python3.10/site-packages:${PYTHONPATH} /usr/bin/python3 setup.py develop --editable --build-directory /home/fabio_tdt/Documents/ros2_dataset_ws/build/ur5e_motion_controller/build --no-deps install_data
[3.435s] running develop
[3.436s] /usr/lib/python3/dist-packages/setuptools/command/easy_install.py:158: EasyInstallDeprecationWarning: easy_install command is deprecated. Use build and pip and other standards-based tools.
[3.436s]   warnings.warn(
[3.444s] /usr/lib/python3/dist-packages/setuptools/command/install.py:34: SetuptoolsDeprecationWarning: setup.py install is deprecated. Use build and pip and other standards-based tools.
[3.445s]   warnings.warn(
[4.314s] running egg_info
[4.314s] creating ur5e_motion_controller.egg-info
[4.315s] writing ur5e_motion_controller.egg-info/PKG-INFO
[4.316s] writing dependency_links to ur5e_motion_controller.egg-info/dependency_links.txt
[4.317s] writing entry points to ur5e_motion_controller.egg-info/entry_points.txt
[4.317s] writing requirements to ur5e_motion_controller.egg-info/requires.txt
[4.317s] writing top-level names to ur5e_motion_controller.egg-info/top_level.txt
[4.318s] writing manifest file 'ur5e_motion_controller.egg-info/SOURCES.txt'
[4.324s] reading manifest file 'ur5e_motion_controller.egg-info/SOURCES.txt'
[4.325s] writing manifest file 'ur5e_motion_controller.egg-info/SOURCES.txt'
[4.502s] running build_ext
[4.502s] Creating /home/fabio_tdt/Documents/ros2_dataset_ws/install/ur5e_motion_controller/lib/python3.10/site-packages/ur5e-motion-controller.egg-link (link to .)
[4.505s] 
[4.505s] Installed /home/fabio_tdt/Documents/ros2_dataset_ws/build/ur5e_motion_controller
[4.506s] running install_data
[4.506s] creating /home/fabio_tdt/Documents/ros2_dataset_ws/install/ur5e_motion_controller/share/ament_index
[4.507s] creating /home/fabio_tdt/Documents/ros2_dataset_ws/install/ur5e_motion_controller/share/ament_index/resource_index
[4.507s] creating /home/fabio_tdt/Documents/ros2_dataset_ws/install/ur5e_motion_controller/share/ament_index/resource_index/packages
[4.507s] copying resource/ur5e_motion_controller -> /home/fabio_tdt/Documents/ros2_dataset_ws/install/ur5e_motion_controller/share/ament_index/resource_index/packages
[4.508s] copying package.xml -> /home/fabio_tdt/Documents/ros2_dataset_ws/install/ur5e_motion_controller/share/ur5e_motion_controller
[4.853s] Invoked command in '/home/fabio_tdt/Documents/ros2_dataset_ws/build/ur5e_motion_controller' returned '0': PYTHONPATH=/home/fabio_tdt/Documents/ros2_dataset_ws/build/ur5e_motion_controller/prefix_override:/home/fabio_tdt/Documents/ros2_dataset_ws/install/ur5e_motion_controller/lib/python3.10/site-packages:${PYTHONPATH} /usr/bin/python3 setup.py develop --editable --build-directory /home/fabio_tdt/Documents/ros2_dataset_ws/build/ur5e_motion_controller/build --no-deps install_data
