[1.331s] Invoking command in '/home/fabio_tdt/Documents/ros2_dataset_ws/build/ur_simulation_gz': CMAKE_PREFIX_PATH=/home/fabio_tdt/Documents/ros2_dataset_ws/install/ur_simulator:/home/fabio_tdt/Documents/ros2_dataset_ws/install/realsense_streamer:/home/fabio_tdt/Documents/ros2_dataset_ws/install/launch_package:/home/fabio_tdt/Documents/ros2_dataset_ws/install/berry_dataset:/home/fabio_tdt/Documents/ros2_dataset_ws/src/install/ur_simulator:/home/fabio_tdt/Documents/ros2_dataset_ws/src/install/realsense_streamer:/home/fabio_tdt/Documents/ros2_dataset_ws/src/install/launch_package:/home/fabio_tdt/Documents/ros2_dataset_ws/src/install/berry_dataset:/opt/ros/humble /usr/bin/cmake --build /home/fabio_tdt/Documents/ros2_dataset_ws/build/ur_simulation_gz -- -j8 -l8
[1.625s] Invoked command in '/home/fabio_tdt/Documents/ros2_dataset_ws/build/ur_simulation_gz' returned '0': CMAKE_PREFIX_PATH=/home/fabio_tdt/Documents/ros2_dataset_ws/install/ur_simulator:/home/fabio_tdt/Documents/ros2_dataset_ws/install/realsense_streamer:/home/fabio_tdt/Documents/ros2_dataset_ws/install/launch_package:/home/fabio_tdt/Documents/ros2_dataset_ws/install/berry_dataset:/home/fabio_tdt/Documents/ros2_dataset_ws/src/install/ur_simulator:/home/fabio_tdt/Documents/ros2_dataset_ws/src/install/realsense_streamer:/home/fabio_tdt/Documents/ros2_dataset_ws/src/install/launch_package:/home/fabio_tdt/Documents/ros2_dataset_ws/src/install/berry_dataset:/opt/ros/humble /usr/bin/cmake --build /home/fabio_tdt/Documents/ros2_dataset_ws/build/ur_simulation_gz -- -j8 -l8
[1.668s] Invoking command in '/home/fabio_tdt/Documents/ros2_dataset_ws/build/ur_simulation_gz': CMAKE_PREFIX_PATH=/home/fabio_tdt/Documents/ros2_dataset_ws/install/ur_simulator:/home/fabio_tdt/Documents/ros2_dataset_ws/install/realsense_streamer:/home/fabio_tdt/Documents/ros2_dataset_ws/install/launch_package:/home/fabio_tdt/Documents/ros2_dataset_ws/install/berry_dataset:/home/fabio_tdt/Documents/ros2_dataset_ws/src/install/ur_simulator:/home/fabio_tdt/Documents/ros2_dataset_ws/src/install/realsense_streamer:/home/fabio_tdt/Documents/ros2_dataset_ws/src/install/launch_package:/home/fabio_tdt/Documents/ros2_dataset_ws/src/install/berry_dataset:/opt/ros/humble /usr/bin/cmake --install /home/fabio_tdt/Documents/ros2_dataset_ws/build/ur_simulation_gz
[1.678s] -- Install configuration: ""
[1.679s] -- Execute custom install script
[1.679s] -- Up-to-date symlink: /home/fabio_tdt/Documents/ros2_dataset_ws/install/ur_simulation_gz/share/ur_simulation_gz/config/ur_controllers.yaml
[1.680s] -- Up-to-date symlink: /home/fabio_tdt/Documents/ros2_dataset_ws/install/ur_simulation_gz/share/ur_simulation_gz/launch/ur_sim_control.launch.py
[1.680s] -- Up-to-date symlink: /home/fabio_tdt/Documents/ros2_dataset_ws/install/ur_simulation_gz/share/ur_simulation_gz/launch/ur_sim_moveit.launch.py
[1.680s] -- Up-to-date symlink: /home/fabio_tdt/Documents/ros2_dataset_ws/install/ur_simulation_gz/share/ur_simulation_gz/urdf/ur_gz.ros2_control.xacro
[1.680s] -- Up-to-date symlink: /home/fabio_tdt/Documents/ros2_dataset_ws/install/ur_simulation_gz/share/ur_simulation_gz/urdf/ur_gz.urdf.xacro
[1.681s] -- Up-to-date symlink: /home/fabio_tdt/Documents/ros2_dataset_ws/install/ur_simulation_gz/share/ament_index/resource_index/package_run_dependencies/ur_simulation_gz
[1.687s] -- Up-to-date symlink: /home/fabio_tdt/Documents/ros2_dataset_ws/install/ur_simulation_gz/share/ament_index/resource_index/parent_prefix_path/ur_simulation_gz
[1.687s] -- Up-to-date symlink: /home/fabio_tdt/Documents/ros2_dataset_ws/install/ur_simulation_gz/share/ur_simulation_gz/environment/ament_prefix_path.sh
[1.688s] -- Up-to-date symlink: /home/fabio_tdt/Documents/ros2_dataset_ws/install/ur_simulation_gz/share/ur_simulation_gz/environment/ament_prefix_path.dsv
[1.688s] -- Up-to-date symlink: /home/fabio_tdt/Documents/ros2_dataset_ws/install/ur_simulation_gz/share/ur_simulation_gz/environment/path.sh
[1.688s] -- Up-to-date symlink: /home/fabio_tdt/Documents/ros2_dataset_ws/install/ur_simulation_gz/share/ur_simulation_gz/environment/path.dsv
[1.688s] -- Up-to-date symlink: /home/fabio_tdt/Documents/ros2_dataset_ws/install/ur_simulation_gz/share/ur_simulation_gz/local_setup.bash
[1.688s] -- Up-to-date symlink: /home/fabio_tdt/Documents/ros2_dataset_ws/install/ur_simulation_gz/share/ur_simulation_gz/local_setup.sh
[1.688s] -- Up-to-date symlink: /home/fabio_tdt/Documents/ros2_dataset_ws/install/ur_simulation_gz/share/ur_simulation_gz/local_setup.zsh
[1.688s] -- Up-to-date symlink: /home/fabio_tdt/Documents/ros2_dataset_ws/install/ur_simulation_gz/share/ur_simulation_gz/local_setup.dsv
[1.688s] -- Symlinking: /home/fabio_tdt/Documents/ros2_dataset_ws/install/ur_simulation_gz/share/ur_simulation_gz/package.dsv
[1.697s] -- Up-to-date symlink: /home/fabio_tdt/Documents/ros2_dataset_ws/install/ur_simulation_gz/share/ament_index/resource_index/packages/ur_simulation_gz
[1.697s] -- Up-to-date symlink: /home/fabio_tdt/Documents/ros2_dataset_ws/install/ur_simulation_gz/share/ur_simulation_gz/cmake/ur_simulation_gzConfig.cmake
[1.697s] -- Up-to-date symlink: /home/fabio_tdt/Documents/ros2_dataset_ws/install/ur_simulation_gz/share/ur_simulation_gz/cmake/ur_simulation_gzConfig-version.cmake
[1.697s] -- Up-to-date symlink: /home/fabio_tdt/Documents/ros2_dataset_ws/install/ur_simulation_gz/share/ur_simulation_gz/package.xml
[1.701s] Invoked command in '/home/fabio_tdt/Documents/ros2_dataset_ws/build/ur_simulation_gz' returned '0': CMAKE_PREFIX_PATH=/home/fabio_tdt/Documents/ros2_dataset_ws/install/ur_simulator:/home/fabio_tdt/Documents/ros2_dataset_ws/install/realsense_streamer:/home/fabio_tdt/Documents/ros2_dataset_ws/install/launch_package:/home/fabio_tdt/Documents/ros2_dataset_ws/install/berry_dataset:/home/fabio_tdt/Documents/ros2_dataset_ws/src/install/ur_simulator:/home/fabio_tdt/Documents/ros2_dataset_ws/src/install/realsense_streamer:/home/fabio_tdt/Documents/ros2_dataset_ws/src/install/launch_package:/home/fabio_tdt/Documents/ros2_dataset_ws/src/install/berry_dataset:/opt/ros/humble /usr/bin/cmake --install /home/fabio_tdt/Documents/ros2_dataset_ws/build/ur_simulation_gz
