[1.494s] Invoking command in '/home/fabio_tdt/Documents/blackberry_pose/ros2_dataset_ws/build/ur_simulator': PYTHONPATH=/home/fabio_tdt/Documents/blackberry_pose/ros2_dataset_ws/build/ur_simulator/prefix_override:/home/fabio_tdt/Documents/blackberry_pose/ros2_dataset_ws/install/ur_simulator/lib/python3.10/site-packages:${PYTHONPATH} /usr/bin/python3 setup.py develop --editable --build-directory /home/fabio_tdt/Documents/blackberry_pose/ros2_dataset_ws/build/ur_simulator/build --no-deps install_data
[1.768s] running develop
[1.769s] /usr/lib/python3/dist-packages/setuptools/command/easy_install.py:158: EasyInstallDeprecationWarning: easy_install command is deprecated. Use build and pip and other standards-based tools.
[1.769s]   warnings.warn(
[1.770s] /usr/lib/python3/dist-packages/setuptools/command/install.py:34: SetuptoolsDeprecationWarning: setup.py install is deprecated. Use build and pip and other standards-based tools.
[1.770s]   warnings.warn(
[1.964s] running egg_info
[1.965s] creating ur_simulator.egg-info
[1.965s] writing ur_simulator.egg-info/PKG-INFO
[1.965s] writing dependency_links to ur_simulator.egg-info/dependency_links.txt
[1.965s] writing entry points to ur_simulator.egg-info/entry_points.txt
[1.965s] writing requirements to ur_simulator.egg-info/requires.txt
[1.965s] writing top-level names to ur_simulator.egg-info/top_level.txt
[1.965s] writing manifest file 'ur_simulator.egg-info/SOURCES.txt'
[1.966s] reading manifest file 'ur_simulator.egg-info/SOURCES.txt'
[1.967s] writing manifest file 'ur_simulator.egg-info/SOURCES.txt'
[1.998s] running build_ext
[1.998s] Creating /home/fabio_tdt/Documents/blackberry_pose/ros2_dataset_ws/install/ur_simulator/lib/python3.10/site-packages/ur-simulator.egg-link (link to .)
[1.999s] Installing ur_publisher script to /home/fabio_tdt/Documents/blackberry_pose/ros2_dataset_ws/install/ur_simulator/lib/ur_simulator
[1.999s] 
[1.999s] Installed /home/fabio_tdt/Documents/blackberry_pose/ros2_dataset_ws/build/ur_simulator
[1.999s] running install_data
[1.999s] creating /home/fabio_tdt/Documents/blackberry_pose/ros2_dataset_ws/install/ur_simulator/share/ament_index
[1.999s] creating /home/fabio_tdt/Documents/blackberry_pose/ros2_dataset_ws/install/ur_simulator/share/ament_index/resource_index
[1.999s] creating /home/fabio_tdt/Documents/blackberry_pose/ros2_dataset_ws/install/ur_simulator/share/ament_index/resource_index/packages
[2.000s] copying resource/ur_simulator -> /home/fabio_tdt/Documents/blackberry_pose/ros2_dataset_ws/install/ur_simulator/share/ament_index/resource_index/packages
[2.000s] copying package.xml -> /home/fabio_tdt/Documents/blackberry_pose/ros2_dataset_ws/install/ur_simulator/share/ur_simulator
[2.107s] Invoked command in '/home/fabio_tdt/Documents/blackberry_pose/ros2_dataset_ws/build/ur_simulator' returned '0': PYTHONPATH=/home/fabio_tdt/Documents/blackberry_pose/ros2_dataset_ws/build/ur_simulator/prefix_override:/home/fabio_tdt/Documents/blackberry_pose/ros2_dataset_ws/install/ur_simulator/lib/python3.10/site-packages:${PYTHONPATH} /usr/bin/python3 setup.py develop --editable --build-directory /home/fabio_tdt/Documents/blackberry_pose/ros2_dataset_ws/build/ur_simulator/build --no-deps install_data
