[1.643s] Invoking command in '/home/fabio_tdt/Documents/ros2_dataset_ws/build/ur_simulator': PYTHONPATH=/home/fabio_tdt/Documents/ros2_dataset_ws/build/ur_simulator/prefix_override:/home/fabio_tdt/Documents/ros2_dataset_ws/install/ur_simulator/lib/python3.10/site-packages:${PYTHONPATH} /usr/bin/python3 setup.py develop --editable --build-directory /home/fabio_tdt/Documents/ros2_dataset_ws/build/ur_simulator/build --no-deps install_data
[1.911s] running develop
[1.911s] /usr/lib/python3/dist-packages/setuptools/command/easy_install.py:158: EasyInstallDeprecationWarning: easy_install command is deprecated. Use build and pip and other standards-based tools.
[1.911s]   warnings.warn(
[1.913s] /usr/lib/python3/dist-packages/setuptools/command/install.py:34: SetuptoolsDeprecationWarning: setup.py install is deprecated. Use build and pip and other standards-based tools.
[1.913s]   warnings.warn(
[2.118s] running egg_info
[2.120s] writing ur_simulator.egg-info/PKG-INFO
[2.120s] writing dependency_links to ur_simulator.egg-info/dependency_links.txt
[2.120s] writing entry points to ur_simulator.egg-info/entry_points.txt
[2.120s] writing requirements to ur_simulator.egg-info/requires.txt
[2.120s] writing top-level names to ur_simulator.egg-info/top_level.txt
[2.122s] reading manifest file 'ur_simulator.egg-info/SOURCES.txt'
[2.123s] writing manifest file 'ur_simulator.egg-info/SOURCES.txt'
[2.158s] running build_ext
[2.158s] Creating /home/fabio_tdt/Documents/ros2_dataset_ws/install/ur_simulator/lib/python3.10/site-packages/ur-simulator.egg-link (link to .)
[2.159s] Installing ur_publisher script to /home/fabio_tdt/Documents/ros2_dataset_ws/install/ur_simulator/lib/ur_simulator
[2.159s] 
[2.159s] Installed /home/fabio_tdt/Documents/ros2_dataset_ws/build/ur_simulator
[2.160s] running install_data
[2.340s] Invoked command in '/home/fabio_tdt/Documents/ros2_dataset_ws/build/ur_simulator' returned '0': PYTHONPATH=/home/fabio_tdt/Documents/ros2_dataset_ws/build/ur_simulator/prefix_override:/home/fabio_tdt/Documents/ros2_dataset_ws/install/ur_simulator/lib/python3.10/site-packages:${PYTHONPATH} /usr/bin/python3 setup.py develop --editable --build-directory /home/fabio_tdt/Documents/ros2_dataset_ws/build/ur_simulator/build --no-deps install_data
