[1.300s] Invoking command in '/home/fabio_tdt/Documents/ros2_dataset_ws/build/ur_simulation_gz': CMAKE_PREFIX_PATH=/home/fabio_tdt/Documents/ros2_dataset_ws/install/ur_simulator:/home/fabio_tdt/Documents/ros2_dataset_ws/install/realsense_streamer:/home/fabio_tdt/Documents/ros2_dataset_ws/install/launch_package:/home/fabio_tdt/Documents/ros2_dataset_ws/install/berry_dataset:/home/fabio_tdt/Documents/ros2_dataset_ws/src/install/ur_simulator:/home/fabio_tdt/Documents/ros2_dataset_ws/src/install/realsense_streamer:/home/fabio_tdt/Documents/ros2_dataset_ws/src/install/launch_package:/home/fabio_tdt/Documents/ros2_dataset_ws/src/install/berry_dataset:/opt/ros/humble /usr/bin/cmake /home/fabio_tdt/Documents/ros2_dataset_ws/src/ur_simulation_gz/ur_simulation_gz -DAMENT_CMAKE_SYMLINK_INSTALL=1 -DCMAKE_INSTALL_PREFIX=/home/fabio_tdt/Documents/ros2_dataset_ws/install/ur_simulation_gz
[1.597s] -- The C compiler identification is GNU 11.4.0
[1.597s] -- The CXX compiler identification is GNU 11.4.0
[1.597s] -- Detecting C compiler ABI info
[1.597s] -- Detecting C compiler ABI info - done
[1.597s] -- Check for working C compiler: /usr/bin/cc - skipped
[1.597s] -- Detecting C compile features
[1.597s] -- Detecting C compile features - done
[1.597s] -- Detecting CXX compiler ABI info
[1.597s] -- Detecting CXX compiler ABI info - done
[1.598s] -- Check for working CXX compiler: /usr/bin/c++ - skipped
[1.598s] -- Detecting CXX compile features
[1.598s] -- Detecting CXX compile features - done
[1.598s] -- Found ament_cmake: 1.3.7 (/opt/ros/humble/share/ament_cmake/cmake)
[1.774s] -- Found Python3: /usr/bin/python3.10 (found version "3.10.12") found components: Interpreter 
[1.873s] -- Override CMake install command with custom implementation using symlinks instead of copying resources
[1.922s] -- Found launch_testing_ament_cmake: 1.0.4 (/opt/ros/humble/share/launch_testing_ament_cmake/cmake)
[1.924s] -- Found python_cmake_module: 0.10.0 (/opt/ros/humble/share/python_cmake_module/cmake)
[1.955s] -- Found PythonInterp: /usr/bin/python3 (found suitable version "3.10.12", minimum required is "3.6") 
[1.972s] -- Found PythonLibs: /usr/lib/x86_64-linux-gnu/libpython3.10.so (found suitable version "3.10.12", minimum required is "3.5") 
[1.973s] -- Using PYTHON_EXECUTABLE: /usr/bin/python3
[1.973s] -- Using PYTHON_INCLUDE_DIRS: /usr/include/python3.10
[1.973s] -- Using PYTHON_LIBRARIES: /usr/lib/x86_64-linux-gnu/libpython3.10.so
[2.009s] -- Found PythonExtra: .so  
[2.009s] -- Found ament_cmake_pytest: 1.3.7 (/opt/ros/humble/share/ament_cmake_pytest/cmake)
[3.481s] -- Configuring done
[3.526s] -- Generating done
[3.527s] -- Build files have been written to: /home/fabio_tdt/Documents/ros2_dataset_ws/build/ur_simulation_gz
[3.635s] Invoked command in '/home/fabio_tdt/Documents/ros2_dataset_ws/build/ur_simulation_gz' returned '0': CMAKE_PREFIX_PATH=/home/fabio_tdt/Documents/ros2_dataset_ws/install/ur_simulator:/home/fabio_tdt/Documents/ros2_dataset_ws/install/realsense_streamer:/home/fabio_tdt/Documents/ros2_dataset_ws/install/launch_package:/home/fabio_tdt/Documents/ros2_dataset_ws/install/berry_dataset:/home/fabio_tdt/Documents/ros2_dataset_ws/src/install/ur_simulator:/home/fabio_tdt/Documents/ros2_dataset_ws/src/install/realsense_streamer:/home/fabio_tdt/Documents/ros2_dataset_ws/src/install/launch_package:/home/fabio_tdt/Documents/ros2_dataset_ws/src/install/berry_dataset:/opt/ros/humble /usr/bin/cmake /home/fabio_tdt/Documents/ros2_dataset_ws/src/ur_simulation_gz/ur_simulation_gz -DAMENT_CMAKE_SYMLINK_INSTALL=1 -DCMAKE_INSTALL_PREFIX=/home/fabio_tdt/Documents/ros2_dataset_ws/install/ur_simulation_gz
[3.636s] Invoking command in '/home/fabio_tdt/Documents/ros2_dataset_ws/build/ur_simulation_gz': CMAKE_PREFIX_PATH=/home/fabio_tdt/Documents/ros2_dataset_ws/install/ur_simulator:/home/fabio_tdt/Documents/ros2_dataset_ws/install/realsense_streamer:/home/fabio_tdt/Documents/ros2_dataset_ws/install/launch_package:/home/fabio_tdt/Documents/ros2_dataset_ws/install/berry_dataset:/home/fabio_tdt/Documents/ros2_dataset_ws/src/install/ur_simulator:/home/fabio_tdt/Documents/ros2_dataset_ws/src/install/realsense_streamer:/home/fabio_tdt/Documents/ros2_dataset_ws/src/install/launch_package:/home/fabio_tdt/Documents/ros2_dataset_ws/src/install/berry_dataset:/opt/ros/humble /usr/bin/cmake --build /home/fabio_tdt/Documents/ros2_dataset_ws/build/ur_simulation_gz -- -j8 -l8
[3.727s] Invoked command in '/home/fabio_tdt/Documents/ros2_dataset_ws/build/ur_simulation_gz' returned '0': CMAKE_PREFIX_PATH=/home/fabio_tdt/Documents/ros2_dataset_ws/install/ur_simulator:/home/fabio_tdt/Documents/ros2_dataset_ws/install/realsense_streamer:/home/fabio_tdt/Documents/ros2_dataset_ws/install/launch_package:/home/fabio_tdt/Documents/ros2_dataset_ws/install/berry_dataset:/home/fabio_tdt/Documents/ros2_dataset_ws/src/install/ur_simulator:/home/fabio_tdt/Documents/ros2_dataset_ws/src/install/realsense_streamer:/home/fabio_tdt/Documents/ros2_dataset_ws/src/install/launch_package:/home/fabio_tdt/Documents/ros2_dataset_ws/src/install/berry_dataset:/opt/ros/humble /usr/bin/cmake --build /home/fabio_tdt/Documents/ros2_dataset_ws/build/ur_simulation_gz -- -j8 -l8
[3.829s] Invoking command in '/home/fabio_tdt/Documents/ros2_dataset_ws/build/ur_simulation_gz': CMAKE_PREFIX_PATH=/home/fabio_tdt/Documents/ros2_dataset_ws/install/ur_simulator:/home/fabio_tdt/Documents/ros2_dataset_ws/install/realsense_streamer:/home/fabio_tdt/Documents/ros2_dataset_ws/install/launch_package:/home/fabio_tdt/Documents/ros2_dataset_ws/install/berry_dataset:/home/fabio_tdt/Documents/ros2_dataset_ws/src/install/ur_simulator:/home/fabio_tdt/Documents/ros2_dataset_ws/src/install/realsense_streamer:/home/fabio_tdt/Documents/ros2_dataset_ws/src/install/launch_package:/home/fabio_tdt/Documents/ros2_dataset_ws/src/install/berry_dataset:/opt/ros/humble /usr/bin/cmake --install /home/fabio_tdt/Documents/ros2_dataset_ws/build/ur_simulation_gz
[3.842s] -- Install configuration: ""
[3.843s] -- Execute custom install script
[3.843s] -- Symlinking: /home/fabio_tdt/Documents/ros2_dataset_ws/install/ur_simulation_gz/share/ur_simulation_gz/config/ur_controllers.yaml
[3.853s] -- Symlinking: /home/fabio_tdt/Documents/ros2_dataset_ws/install/ur_simulation_gz/share/ur_simulation_gz/launch/ur_sim_control.launch.py
[3.864s] -- Symlinking: /home/fabio_tdt/Documents/ros2_dataset_ws/install/ur_simulation_gz/share/ur_simulation_gz/launch/ur_sim_moveit.launch.py
[3.876s] -- Symlinking: /home/fabio_tdt/Documents/ros2_dataset_ws/install/ur_simulation_gz/share/ur_simulation_gz/urdf/ur_gz.ros2_control.xacro
[3.888s] -- Symlinking: /home/fabio_tdt/Documents/ros2_dataset_ws/install/ur_simulation_gz/share/ur_simulation_gz/urdf/ur_gz.urdf.xacro
[3.924s] -- Symlinking: /home/fabio_tdt/Documents/ros2_dataset_ws/install/ur_simulation_gz/share/ament_index/resource_index/package_run_dependencies/ur_simulation_gz
[3.925s] -- Symlinking: /home/fabio_tdt/Documents/ros2_dataset_ws/install/ur_simulation_gz/share/ament_index/resource_index/parent_prefix_path/ur_simulation_gz
[3.938s] -- Symlinking: /home/fabio_tdt/Documents/ros2_dataset_ws/install/ur_simulation_gz/share/ur_simulation_gz/environment/ament_prefix_path.sh
[3.948s] -- Symlinking: /home/fabio_tdt/Documents/ros2_dataset_ws/install/ur_simulation_gz/share/ur_simulation_gz/environment/ament_prefix_path.dsv
[3.970s] -- Symlinking: /home/fabio_tdt/Documents/ros2_dataset_ws/install/ur_simulation_gz/share/ur_simulation_gz/environment/path.sh
[3.986s] -- Symlinking: /home/fabio_tdt/Documents/ros2_dataset_ws/install/ur_simulation_gz/share/ur_simulation_gz/environment/path.dsv
[4.000s] -- Symlinking: /home/fabio_tdt/Documents/ros2_dataset_ws/install/ur_simulation_gz/share/ur_simulation_gz/local_setup.bash
[4.047s] -- Symlinking: /home/fabio_tdt/Documents/ros2_dataset_ws/install/ur_simulation_gz/share/ur_simulation_gz/local_setup.sh
[4.047s] -- Symlinking: /home/fabio_tdt/Documents/ros2_dataset_ws/install/ur_simulation_gz/share/ur_simulation_gz/local_setup.zsh
[4.050s] -- Symlinking: /home/fabio_tdt/Documents/ros2_dataset_ws/install/ur_simulation_gz/share/ur_simulation_gz/local_setup.dsv
[4.062s] -- Symlinking: /home/fabio_tdt/Documents/ros2_dataset_ws/install/ur_simulation_gz/share/ur_simulation_gz/package.dsv
[4.078s] -- Symlinking: /home/fabio_tdt/Documents/ros2_dataset_ws/install/ur_simulation_gz/share/ament_index/resource_index/packages/ur_simulation_gz
[4.084s] -- Symlinking: /home/fabio_tdt/Documents/ros2_dataset_ws/install/ur_simulation_gz/share/ur_simulation_gz/cmake/ur_simulation_gzConfig.cmake
[4.097s] -- Symlinking: /home/fabio_tdt/Documents/ros2_dataset_ws/install/ur_simulation_gz/share/ur_simulation_gz/cmake/ur_simulation_gzConfig-version.cmake
[4.142s] -- Symlinking: /home/fabio_tdt/Documents/ros2_dataset_ws/install/ur_simulation_gz/share/ur_simulation_gz/package.xml
[4.269s] Invoked command in '/home/fabio_tdt/Documents/ros2_dataset_ws/build/ur_simulation_gz' returned '0': CMAKE_PREFIX_PATH=/home/fabio_tdt/Documents/ros2_dataset_ws/install/ur_simulator:/home/fabio_tdt/Documents/ros2_dataset_ws/install/realsense_streamer:/home/fabio_tdt/Documents/ros2_dataset_ws/install/launch_package:/home/fabio_tdt/Documents/ros2_dataset_ws/install/berry_dataset:/home/fabio_tdt/Documents/ros2_dataset_ws/src/install/ur_simulator:/home/fabio_tdt/Documents/ros2_dataset_ws/src/install/realsense_streamer:/home/fabio_tdt/Documents/ros2_dataset_ws/src/install/launch_package:/home/fabio_tdt/Documents/ros2_dataset_ws/src/install/berry_dataset:/opt/ros/humble /usr/bin/cmake --install /home/fabio_tdt/Documents/ros2_dataset_ws/build/ur_simulation_gz
