[1.642s] Invoking command in '/home/fabio_tdt/Documents/blackberry_pose/ros2_dataset_ws/build/launch_package': PYTHONPATH=/home/fabio_tdt/Documents/blackberry_pose/ros2_dataset_ws/build/launch_package/prefix_override:/home/fabio_tdt/Documents/blackberry_pose/ros2_dataset_ws/install/launch_package/lib/python3.10/site-packages:${PYTHONPATH} /usr/bin/python3 setup.py develop --editable --build-directory /home/fabio_tdt/Documents/blackberry_pose/ros2_dataset_ws/build/launch_package/build --no-deps install_data
[1.891s] running develop
[1.891s] /usr/lib/python3/dist-packages/setuptools/command/easy_install.py:158: EasyInstallDeprecationWarning: easy_install command is deprecated. Use build and pip and other standards-based tools.
[1.891s]   warnings.warn(
[1.893s] /usr/lib/python3/dist-packages/setuptools/command/install.py:34: SetuptoolsDeprecationWarning: setup.py install is deprecated. Use build and pip and other standards-based tools.
[1.893s]   warnings.warn(
[2.053s] running egg_info
[2.053s] writing launch_package.egg-info/PKG-INFO
[2.053s] writing dependency_links to launch_package.egg-info/dependency_links.txt
[2.053s] writing entry points to launch_package.egg-info/entry_points.txt
[2.053s] writing requirements to launch_package.egg-info/requires.txt
[2.053s] writing top-level names to launch_package.egg-info/top_level.txt
[2.055s] reading manifest file 'launch_package.egg-info/SOURCES.txt'
[2.056s] writing manifest file 'launch_package.egg-info/SOURCES.txt'
[2.092s] running build_ext
[2.093s] Creating /home/fabio_tdt/Documents/blackberry_pose/ros2_dataset_ws/install/launch_package/lib/python3.10/site-packages/launch-package.egg-link (link to .)
[2.094s] 
[2.094s] Installed /home/fabio_tdt/Documents/blackberry_pose/ros2_dataset_ws/build/launch_package
[2.094s] running install_data
[2.094s] creating /home/fabio_tdt/Documents/blackberry_pose/ros2_dataset_ws/install/launch_package/share/launch_package/launch_package
[2.094s] copying launch_package/launch_pipeline.py -> /home/fabio_tdt/Documents/blackberry_pose/ros2_dataset_ws/install/launch_package/share/launch_package/launch_package
[2.146s] Invoked command in '/home/fabio_tdt/Documents/blackberry_pose/ros2_dataset_ws/build/launch_package' returned '0': PYTHONPATH=/home/fabio_tdt/Documents/blackberry_pose/ros2_dataset_ws/build/launch_package/prefix_override:/home/fabio_tdt/Documents/blackberry_pose/ros2_dataset_ws/install/launch_package/lib/python3.10/site-packages:${PYTHONPATH} /usr/bin/python3 setup.py develop --editable --build-directory /home/fabio_tdt/Documents/blackberry_pose/ros2_dataset_ws/build/launch_package/build --no-deps install_data
