[0.656s] Invoking command in '/home/fabio_tdt/Documents/ros2_dataset_ws/build/cartesian_controller_base': CMAKE_PREFIX_PATH=/home/fabio_tdt/Documents/ros2_dataset_ws/install/ur_simulator:/home/fabio_tdt/Documents/ros2_dataset_ws/install/realsense_streamer:/home/fabio_tdt/Documents/ros2_dataset_ws/install/launch_package:/home/fabio_tdt/Documents/ros2_dataset_ws/install/berry_dataset:/home/fabio_tdt/Documents/ros2_dataset_ws/src/install/ur_simulator:/home/fabio_tdt/Documents/ros2_dataset_ws/src/install/realsense_streamer:/home/fabio_tdt/Documents/ros2_dataset_ws/src/install/launch_package:/home/fabio_tdt/Documents/ros2_dataset_ws/src/install/berry_dataset:/opt/ros/humble /usr/bin/cmake --build /home/fabio_tdt/Documents/ros2_dataset_ws/build/cartesian_controller_base -- -j8 -l8
[1.835s] [35m[1mConsolidate compiler generated dependencies of target cartesian_controller_base[0m
[1.835s] [35m[1mConsolidate compiler generated dependencies of target ik_solvers[0m
[1.835s] [ 54%] Built target ik_solvers
[1.835s] [100%] Built target cartesian_controller_base
[2.126s] Invoked command in '/home/fabio_tdt/Documents/ros2_dataset_ws/build/cartesian_controller_base' returned '0': CMAKE_PREFIX_PATH=/home/fabio_tdt/Documents/ros2_dataset_ws/install/ur_simulator:/home/fabio_tdt/Documents/ros2_dataset_ws/install/realsense_streamer:/home/fabio_tdt/Documents/ros2_dataset_ws/install/launch_package:/home/fabio_tdt/Documents/ros2_dataset_ws/install/berry_dataset:/home/fabio_tdt/Documents/ros2_dataset_ws/src/install/ur_simulator:/home/fabio_tdt/Documents/ros2_dataset_ws/src/install/realsense_streamer:/home/fabio_tdt/Documents/ros2_dataset_ws/src/install/launch_package:/home/fabio_tdt/Documents/ros2_dataset_ws/src/install/berry_dataset:/opt/ros/humble /usr/bin/cmake --build /home/fabio_tdt/Documents/ros2_dataset_ws/build/cartesian_controller_base -- -j8 -l8
[2.184s] Invoking command in '/home/fabio_tdt/Documents/ros2_dataset_ws/build/cartesian_controller_base': CMAKE_PREFIX_PATH=/home/fabio_tdt/Documents/ros2_dataset_ws/install/ur_simulator:/home/fabio_tdt/Documents/ros2_dataset_ws/install/realsense_streamer:/home/fabio_tdt/Documents/ros2_dataset_ws/install/launch_package:/home/fabio_tdt/Documents/ros2_dataset_ws/install/berry_dataset:/home/fabio_tdt/Documents/ros2_dataset_ws/src/install/ur_simulator:/home/fabio_tdt/Documents/ros2_dataset_ws/src/install/realsense_streamer:/home/fabio_tdt/Documents/ros2_dataset_ws/src/install/launch_package:/home/fabio_tdt/Documents/ros2_dataset_ws/src/install/berry_dataset:/opt/ros/humble /usr/bin/cmake --install /home/fabio_tdt/Documents/ros2_dataset_ws/build/cartesian_controller_base
[2.192s] -- Install configuration: "Release"
[2.192s] -- Execute custom install script
[2.192s] -- Up-to-date symlink: /home/fabio_tdt/Documents/ros2_dataset_ws/install/cartesian_controller_base/share/cartesian_controller_base//ik_solver_plugin.xml
[2.192s] -- Up-to-date symlink: /home/fabio_tdt/Documents/ros2_dataset_ws/install/cartesian_controller_base/include/cartesian_controller_base/DampedLeastSquaresSolver.h
[2.193s] -- Up-to-date symlink: /home/fabio_tdt/Documents/ros2_dataset_ws/install/cartesian_controller_base/include/cartesian_controller_base/ForwardDynamicsSolver.h
[2.194s] -- Up-to-date symlink: /home/fabio_tdt/Documents/ros2_dataset_ws/install/cartesian_controller_base/include/cartesian_controller_base/IKSolver.h
[2.194s] -- Up-to-date symlink: /home/fabio_tdt/Documents/ros2_dataset_ws/install/cartesian_controller_base/include/cartesian_controller_base/JacobianTransposeSolver.h
[2.194s] -- Up-to-date symlink: /home/fabio_tdt/Documents/ros2_dataset_ws/install/cartesian_controller_base/include/cartesian_controller_base/PDController.h
[2.194s] -- Up-to-date symlink: /home/fabio_tdt/Documents/ros2_dataset_ws/install/cartesian_controller_base/include/cartesian_controller_base/ROS2VersionConfig.h.in
[2.194s] -- Up-to-date symlink: /home/fabio_tdt/Documents/ros2_dataset_ws/install/cartesian_controller_base/include/cartesian_controller_base/SelectivelyDampedLeastSquaresSolver.h
[2.194s] -- Up-to-date symlink: /home/fabio_tdt/Documents/ros2_dataset_ws/install/cartesian_controller_base/include/cartesian_controller_base/SpatialPDController.h
[2.194s] -- Up-to-date symlink: /home/fabio_tdt/Documents/ros2_dataset_ws/install/cartesian_controller_base/include/cartesian_controller_base/Utility.h
[2.194s] -- Up-to-date symlink: /home/fabio_tdt/Documents/ros2_dataset_ws/install/cartesian_controller_base/include/cartesian_controller_base/cartesian_controller_base.h
[2.194s] -- Up-to-date symlink: /home/fabio_tdt/Documents/ros2_dataset_ws/install/cartesian_controller_base/lib/libcartesian_controller_base.so
[2.195s] -- Up-to-date symlink: /home/fabio_tdt/Documents/ros2_dataset_ws/install/cartesian_controller_base/lib/libik_solvers.so
[2.199s] -- Up-to-date symlink: /home/fabio_tdt/Documents/ros2_dataset_ws/install/cartesian_controller_base/include/cartesian_controller_base/ROS2VersionConfig.h
[2.200s] -- Up-to-date symlink: /home/fabio_tdt/Documents/ros2_dataset_ws/install/cartesian_controller_base/share/cartesian_controller_base/environment/library_path.sh
[2.200s] -- Up-to-date symlink: /home/fabio_tdt/Documents/ros2_dataset_ws/install/cartesian_controller_base/share/cartesian_controller_base/environment/library_path.dsv
[2.205s] -- Up-to-date symlink: /home/fabio_tdt/Documents/ros2_dataset_ws/install/cartesian_controller_base/share/ament_index/resource_index/package_run_dependencies/cartesian_controller_base
[2.205s] -- Up-to-date symlink: /home/fabio_tdt/Documents/ros2_dataset_ws/install/cartesian_controller_base/share/ament_index/resource_index/parent_prefix_path/cartesian_controller_base
[2.205s] -- Up-to-date symlink: /home/fabio_tdt/Documents/ros2_dataset_ws/install/cartesian_controller_base/share/cartesian_controller_base/environment/ament_prefix_path.sh
[2.206s] -- Up-to-date symlink: /home/fabio_tdt/Documents/ros2_dataset_ws/install/cartesian_controller_base/share/cartesian_controller_base/environment/ament_prefix_path.dsv
[2.206s] -- Up-to-date symlink: /home/fabio_tdt/Documents/ros2_dataset_ws/install/cartesian_controller_base/share/cartesian_controller_base/environment/path.sh
[2.206s] -- Up-to-date symlink: /home/fabio_tdt/Documents/ros2_dataset_ws/install/cartesian_controller_base/share/cartesian_controller_base/environment/path.dsv
[2.206s] -- Up-to-date symlink: /home/fabio_tdt/Documents/ros2_dataset_ws/install/cartesian_controller_base/share/cartesian_controller_base/local_setup.bash
[2.206s] -- Up-to-date symlink: /home/fabio_tdt/Documents/ros2_dataset_ws/install/cartesian_controller_base/share/cartesian_controller_base/local_setup.sh
[2.206s] -- Up-to-date symlink: /home/fabio_tdt/Documents/ros2_dataset_ws/install/cartesian_controller_base/share/cartesian_controller_base/local_setup.zsh
[2.206s] -- Up-to-date symlink: /home/fabio_tdt/Documents/ros2_dataset_ws/install/cartesian_controller_base/share/cartesian_controller_base/local_setup.dsv
[2.206s] -- Symlinking: /home/fabio_tdt/Documents/ros2_dataset_ws/install/cartesian_controller_base/share/cartesian_controller_base/package.dsv
[2.209s] -- Up-to-date symlink: /home/fabio_tdt/Documents/ros2_dataset_ws/install/cartesian_controller_base/share/ament_index/resource_index/packages/cartesian_controller_base
[2.210s] -- Up-to-date symlink: /home/fabio_tdt/Documents/ros2_dataset_ws/install/cartesian_controller_base/share/ament_index/resource_index/cartesian_controller_base__pluginlib__plugin/cartesian_controller_base
[2.210s] -- Up-to-date symlink: /home/fabio_tdt/Documents/ros2_dataset_ws/install/cartesian_controller_base/share/cartesian_controller_base/cmake/ament_cmake_export_dependencies-extras.cmake
[2.210s] -- Up-to-date symlink: /home/fabio_tdt/Documents/ros2_dataset_ws/install/cartesian_controller_base/share/cartesian_controller_base/cmake/ament_cmake_export_include_directories-extras.cmake
[2.210s] -- Up-to-date symlink: /home/fabio_tdt/Documents/ros2_dataset_ws/install/cartesian_controller_base/share/cartesian_controller_base/cmake/ament_cmake_export_libraries-extras.cmake
[2.210s] -- Up-to-date symlink: /home/fabio_tdt/Documents/ros2_dataset_ws/install/cartesian_controller_base/share/cartesian_controller_base/cmake/cartesian_controller_baseConfig.cmake
[2.211s] -- Up-to-date symlink: /home/fabio_tdt/Documents/ros2_dataset_ws/install/cartesian_controller_base/share/cartesian_controller_base/cmake/cartesian_controller_baseConfig-version.cmake
[2.218s] -- Up-to-date symlink: /home/fabio_tdt/Documents/ros2_dataset_ws/install/cartesian_controller_base/share/cartesian_controller_base/package.xml
[2.336s] Invoked command in '/home/fabio_tdt/Documents/ros2_dataset_ws/build/cartesian_controller_base' returned '0': CMAKE_PREFIX_PATH=/home/fabio_tdt/Documents/ros2_dataset_ws/install/ur_simulator:/home/fabio_tdt/Documents/ros2_dataset_ws/install/realsense_streamer:/home/fabio_tdt/Documents/ros2_dataset_ws/install/launch_package:/home/fabio_tdt/Documents/ros2_dataset_ws/install/berry_dataset:/home/fabio_tdt/Documents/ros2_dataset_ws/src/install/ur_simulator:/home/fabio_tdt/Documents/ros2_dataset_ws/src/install/realsense_streamer:/home/fabio_tdt/Documents/ros2_dataset_ws/src/install/launch_package:/home/fabio_tdt/Documents/ros2_dataset_ws/src/install/berry_dataset:/opt/ros/humble /usr/bin/cmake --install /home/fabio_tdt/Documents/ros2_dataset_ws/build/cartesian_controller_base
