[1.521s] Invoking command in '/home/fabio_tdt/Documents/blackberry_pose/ros2_dataset_ws/build/launch_package': PYTHONPATH=/home/fabio_tdt/Documents/blackberry_pose/ros2_dataset_ws/build/launch_package/prefix_override:/home/fabio_tdt/Documents/blackberry_pose/ros2_dataset_ws/install/launch_package/lib/python3.10/site-packages:${PYTHONPATH} /usr/bin/python3 setup.py develop --editable --build-directory /home/fabio_tdt/Documents/blackberry_pose/ros2_dataset_ws/build/launch_package/build --no-deps install_data
[1.756s] running develop
[1.765s] /usr/lib/python3/dist-packages/setuptools/command/easy_install.py:158: EasyInstallDeprecationWarning: easy_install command is deprecated. Use build and pip and other standards-based tools.
[1.765s]   warnings.warn(
[1.766s] /usr/lib/python3/dist-packages/setuptools/command/install.py:34: SetuptoolsDeprecationWarning: setup.py install is deprecated. Use build and pip and other standards-based tools.
[1.766s]   warnings.warn(
[1.933s] running egg_info
[1.933s] creating launch_package.egg-info
[1.934s] writing launch_package.egg-info/PKG-INFO
[1.934s] writing dependency_links to launch_package.egg-info/dependency_links.txt
[1.934s] writing entry points to launch_package.egg-info/entry_points.txt
[1.934s] writing requirements to launch_package.egg-info/requires.txt
[1.934s] writing top-level names to launch_package.egg-info/top_level.txt
[1.934s] writing manifest file 'launch_package.egg-info/SOURCES.txt'
[1.936s] reading manifest file 'launch_package.egg-info/SOURCES.txt'
[1.936s] writing manifest file 'launch_package.egg-info/SOURCES.txt'
[1.969s] running build_ext
[1.970s] Creating /home/fabio_tdt/Documents/blackberry_pose/ros2_dataset_ws/install/launch_package/lib/python3.10/site-packages/launch-package.egg-link (link to .)
[1.970s] 
[1.971s] Installed /home/fabio_tdt/Documents/blackberry_pose/ros2_dataset_ws/build/launch_package
[1.971s] running install_data
[1.971s] creating /home/fabio_tdt/Documents/blackberry_pose/ros2_dataset_ws/install/launch_package/share/ament_index
[1.971s] creating /home/fabio_tdt/Documents/blackberry_pose/ros2_dataset_ws/install/launch_package/share/ament_index/resource_index
[1.971s] creating /home/fabio_tdt/Documents/blackberry_pose/ros2_dataset_ws/install/launch_package/share/ament_index/resource_index/packages
[1.971s] copying resource/launch_package -> /home/fabio_tdt/Documents/blackberry_pose/ros2_dataset_ws/install/launch_package/share/ament_index/resource_index/packages
[1.971s] copying package.xml -> /home/fabio_tdt/Documents/blackberry_pose/ros2_dataset_ws/install/launch_package/share/launch_package
[1.971s] creating /home/fabio_tdt/Documents/blackberry_pose/ros2_dataset_ws/install/launch_package/share/launch_package/launch
[2.005s] Invoked command in '/home/fabio_tdt/Documents/blackberry_pose/ros2_dataset_ws/build/launch_package' returned '0': PYTHONPATH=/home/fabio_tdt/Documents/blackberry_pose/ros2_dataset_ws/build/launch_package/prefix_override:/home/fabio_tdt/Documents/blackberry_pose/ros2_dataset_ws/install/launch_package/lib/python3.10/site-packages:${PYTHONPATH} /usr/bin/python3 setup.py develop --editable --build-directory /home/fabio_tdt/Documents/blackberry_pose/ros2_dataset_ws/build/launch_package/build --no-deps install_data
