[0.574s] Invoking command in '/home/fabio_tdt/Documents/ros2_dataset_ws/src/build/cartesian_controller_base': CMAKE_PREFIX_PATH=/home/fabio_tdt/Documents/ros2_dataset_ws/src/install/ur_simulation_gz:/home/fabio_tdt/Documents/ros2_dataset_ws/src/install/cartesian_compliance_controller:/home/fabio_tdt/Documents/ros2_dataset_ws/src/install/cartesian_motion_controller:/home/fabio_tdt/Documents/ros2_dataset_ws/src/install/cartesian_force_controller:/home/fabio_tdt/Documents/ros2_dataset_ws/src/install/cartesian_controller_utilities:/home/fabio_tdt/Documents/ros2_dataset_ws/src/install/cartesian_controller_tests:/home/fabio_tdt/Documents/ros2_dataset_ws/src/install/cartesian_controller_simulation:/home/fabio_tdt/Documents/ros2_dataset_ws/src/install/cartesian_controller_handles:/home/fabio_tdt/Documents/ros2_dataset_ws/src/install/cartesian_controller_base:/home/fabio_tdt/Documents/ros2_dataset_ws/install/ur_simulation_gz:/home/fabio_tdt/Documents/ros2_dataset_ws/install/cartesian_compliance_controller:/home/fabio_tdt/Documents/ros2_dataset_ws/install/cartesian_motion_controller:/home/fabio_tdt/Documents/ros2_dataset_ws/install/cartesian_force_controller:/home/fabio_tdt/Documents/ros2_dataset_ws/install/cartesian_controller_utilities:/home/fabio_tdt/Documents/ros2_dataset_ws/src/install/ur5e_motion_controller:/home/fabio_tdt/Documents/ros2_dataset_ws/install/ur5e_motion_controller:/home/fabio_tdt/Documents/ros2_dataset_ws/install/ur_simulator:/home/fabio_tdt/Documents/ros2_dataset_ws/install/realsense_streamer:/home/fabio_tdt/Documents/ros2_dataset_ws/install/launch_package:/home/fabio_tdt/Documents/ros2_dataset_ws/install/berry_dataset:/home/fabio_tdt/Documents/ros2_dataset_ws/src/install/ur_simulator:/home/fabio_tdt/Documents/ros2_dataset_ws/src/install/realsense_streamer:/home/fabio_tdt/Documents/ros2_dataset_ws/src/install/launch_package:/home/fabio_tdt/Documents/ros2_dataset_ws/src/install/berry_dataset:/opt/ros/humble:/home/fabio_tdt/Documents/ros2_dataset_ws/install/cartesian_controller_tests:/home/fabio_tdt/Documents/ros2_dataset_ws/install/cartesian_controller_simulation:/home/fabio_tdt/Documents/ros2_dataset_ws/install/cartesian_controller_handles:/home/fabio_tdt/Documents/ros2_dataset_ws/install/cartesian_controller_base /usr/bin/cmake /home/fabio_tdt/Documents/ros2_dataset_ws/src/cartesian_controllers/cartesian_controller_base -DAMENT_CMAKE_SYMLINK_INSTALL=1 -DCMAKE_INSTALL_PREFIX=/home/fabio_tdt/Documents/ros2_dataset_ws/src/install/cartesian_controller_base
[1.880s] -- The C compiler identification is GNU 11.4.0
[1.881s] -- The CXX compiler identification is GNU 11.4.0
[1.881s] -- Detecting C compiler ABI info
[1.881s] -- Detecting C compiler ABI info - done
[1.881s] -- Check for working C compiler: /usr/bin/cc - skipped
[1.881s] -- Detecting C compile features
[1.881s] -- Detecting C compile features - done
[1.882s] -- Detecting CXX compiler ABI info
[1.882s] -- Detecting CXX compiler ABI info - done
[1.882s] -- Check for working CXX compiler: /usr/bin/c++ - skipped
[1.882s] -- Detecting CXX compile features
[1.882s] -- Detecting CXX compile features - done
[1.882s] -- Found ament_cmake: 1.3.7 (/opt/ros/humble/share/ament_cmake/cmake)
[1.882s] -- Found Python3: /usr/bin/python3.10 (found version "3.10.12") found components: Interpreter 
[1.882s] -- Override CMake install command with custom implementation using symlinks instead of copying resources
[1.882s] -- Found rclcpp: 16.0.8 (/opt/ros/humble/share/rclcpp/cmake)
[1.882s] -- Found rosidl_generator_c: 3.1.5 (/opt/ros/humble/share/rosidl_generator_c/cmake)
[1.883s] -- Found rosidl_adapter: 3.1.5 (/opt/ros/humble/share/rosidl_adapter/cmake)
[1.883s] -- Found rosidl_generator_cpp: 3.1.5 (/opt/ros/humble/share/rosidl_generator_cpp/cmake)
[1.883s] -- Using all available rosidl_typesupport_c: rosidl_typesupport_fastrtps_c;rosidl_typesupport_introspection_c
[1.883s] -- Using all available rosidl_typesupport_cpp: rosidl_typesupport_fastrtps_cpp;rosidl_typesupport_introspection_cpp
[1.883s] -- Found rmw_implementation_cmake: 6.1.1 (/opt/ros/humble/share/rmw_implementation_cmake/cmake)
[1.883s] -- Found rmw_fastrtps_cpp: 6.2.6 (/opt/ros/humble/share/rmw_fastrtps_cpp/cmake)
[1.883s] -- Found OpenSSL: /usr/lib/x86_64-linux-gnu/libcrypto.so (found version "3.0.2")  
[1.883s] -- Found FastRTPS: /opt/ros/humble/include  
[1.883s] -- Using RMW implementation 'rmw_fastrtps_cpp' as default
[1.883s] -- Looking for pthread.h
[1.883s] -- Looking for pthread.h - found
[1.883s] -- Performing Test CMAKE_HAVE_LIBC_PTHREAD
[1.884s] -- Performing Test CMAKE_HAVE_LIBC_PTHREAD - Success
[1.884s] -- Found Threads: TRUE  
[1.884s] -- Found controller_interface: 2.37.0 (/opt/ros/humble/share/controller_interface/cmake)
[2.296s] -- Found kdl_parser: 2.6.4 (/opt/ros/humble/share/kdl_parser/cmake)
[2.311s] -- Found eigen3_cmake_module: 0.1.1 (/opt/ros/humble/share/eigen3_cmake_module/cmake)
[2.313s] -- Found Eigen3: TRUE (found version "3.4.0") 
[2.313s] -- Ensuring Eigen3 include directory is part of orocos-kdl CMake target
[2.326s] -- Found urdf: 2.6.0 (/opt/ros/humble/share/urdf/cmake)
[2.343s] -- Found realtime_tools: 2.5.0 (/opt/ros/humble/share/realtime_tools/cmake)
[2.784s] -- Configuring done
[2.841s] -- Generating done
[2.848s] -- Build files have been written to: /home/fabio_tdt/Documents/ros2_dataset_ws/src/build/cartesian_controller_base
[2.919s] Invoked command in '/home/fabio_tdt/Documents/ros2_dataset_ws/src/build/cartesian_controller_base' returned '0': CMAKE_PREFIX_PATH=/home/fabio_tdt/Documents/ros2_dataset_ws/src/install/ur_simulation_gz:/home/fabio_tdt/Documents/ros2_dataset_ws/src/install/cartesian_compliance_controller:/home/fabio_tdt/Documents/ros2_dataset_ws/src/install/cartesian_motion_controller:/home/fabio_tdt/Documents/ros2_dataset_ws/src/install/cartesian_force_controller:/home/fabio_tdt/Documents/ros2_dataset_ws/src/install/cartesian_controller_utilities:/home/fabio_tdt/Documents/ros2_dataset_ws/src/install/cartesian_controller_tests:/home/fabio_tdt/Documents/ros2_dataset_ws/src/install/cartesian_controller_simulation:/home/fabio_tdt/Documents/ros2_dataset_ws/src/install/cartesian_controller_handles:/home/fabio_tdt/Documents/ros2_dataset_ws/src/install/cartesian_controller_base:/home/fabio_tdt/Documents/ros2_dataset_ws/install/ur_simulation_gz:/home/fabio_tdt/Documents/ros2_dataset_ws/install/cartesian_compliance_controller:/home/fabio_tdt/Documents/ros2_dataset_ws/install/cartesian_motion_controller:/home/fabio_tdt/Documents/ros2_dataset_ws/install/cartesian_force_controller:/home/fabio_tdt/Documents/ros2_dataset_ws/install/cartesian_controller_utilities:/home/fabio_tdt/Documents/ros2_dataset_ws/src/install/ur5e_motion_controller:/home/fabio_tdt/Documents/ros2_dataset_ws/install/ur5e_motion_controller:/home/fabio_tdt/Documents/ros2_dataset_ws/install/ur_simulator:/home/fabio_tdt/Documents/ros2_dataset_ws/install/realsense_streamer:/home/fabio_tdt/Documents/ros2_dataset_ws/install/launch_package:/home/fabio_tdt/Documents/ros2_dataset_ws/install/berry_dataset:/home/fabio_tdt/Documents/ros2_dataset_ws/src/install/ur_simulator:/home/fabio_tdt/Documents/ros2_dataset_ws/src/install/realsense_streamer:/home/fabio_tdt/Documents/ros2_dataset_ws/src/install/launch_package:/home/fabio_tdt/Documents/ros2_dataset_ws/src/install/berry_dataset:/opt/ros/humble:/home/fabio_tdt/Documents/ros2_dataset_ws/install/cartesian_controller_tests:/home/fabio_tdt/Documents/ros2_dataset_ws/install/cartesian_controller_simulation:/home/fabio_tdt/Documents/ros2_dataset_ws/install/cartesian_controller_handles:/home/fabio_tdt/Documents/ros2_dataset_ws/install/cartesian_controller_base /usr/bin/cmake /home/fabio_tdt/Documents/ros2_dataset_ws/src/cartesian_controllers/cartesian_controller_base -DAMENT_CMAKE_SYMLINK_INSTALL=1 -DCMAKE_INSTALL_PREFIX=/home/fabio_tdt/Documents/ros2_dataset_ws/src/install/cartesian_controller_base
[2.920s] Invoking command in '/home/fabio_tdt/Documents/ros2_dataset_ws/src/build/cartesian_controller_base': CMAKE_PREFIX_PATH=/home/fabio_tdt/Documents/ros2_dataset_ws/src/install/ur_simulation_gz:/home/fabio_tdt/Documents/ros2_dataset_ws/src/install/cartesian_compliance_controller:/home/fabio_tdt/Documents/ros2_dataset_ws/src/install/cartesian_motion_controller:/home/fabio_tdt/Documents/ros2_dataset_ws/src/install/cartesian_force_controller:/home/fabio_tdt/Documents/ros2_dataset_ws/src/install/cartesian_controller_utilities:/home/fabio_tdt/Documents/ros2_dataset_ws/src/install/cartesian_controller_tests:/home/fabio_tdt/Documents/ros2_dataset_ws/src/install/cartesian_controller_simulation:/home/fabio_tdt/Documents/ros2_dataset_ws/src/install/cartesian_controller_handles:/home/fabio_tdt/Documents/ros2_dataset_ws/src/install/cartesian_controller_base:/home/fabio_tdt/Documents/ros2_dataset_ws/install/ur_simulation_gz:/home/fabio_tdt/Documents/ros2_dataset_ws/install/cartesian_compliance_controller:/home/fabio_tdt/Documents/ros2_dataset_ws/install/cartesian_motion_controller:/home/fabio_tdt/Documents/ros2_dataset_ws/install/cartesian_force_controller:/home/fabio_tdt/Documents/ros2_dataset_ws/install/cartesian_controller_utilities:/home/fabio_tdt/Documents/ros2_dataset_ws/src/install/ur5e_motion_controller:/home/fabio_tdt/Documents/ros2_dataset_ws/install/ur5e_motion_controller:/home/fabio_tdt/Documents/ros2_dataset_ws/install/ur_simulator:/home/fabio_tdt/Documents/ros2_dataset_ws/install/realsense_streamer:/home/fabio_tdt/Documents/ros2_dataset_ws/install/launch_package:/home/fabio_tdt/Documents/ros2_dataset_ws/install/berry_dataset:/home/fabio_tdt/Documents/ros2_dataset_ws/src/install/ur_simulator:/home/fabio_tdt/Documents/ros2_dataset_ws/src/install/realsense_streamer:/home/fabio_tdt/Documents/ros2_dataset_ws/src/install/launch_package:/home/fabio_tdt/Documents/ros2_dataset_ws/src/install/berry_dataset:/opt/ros/humble:/home/fabio_tdt/Documents/ros2_dataset_ws/install/cartesian_controller_tests:/home/fabio_tdt/Documents/ros2_dataset_ws/install/cartesian_controller_simulation:/home/fabio_tdt/Documents/ros2_dataset_ws/install/cartesian_controller_handles:/home/fabio_tdt/Documents/ros2_dataset_ws/install/cartesian_controller_base /usr/bin/cmake --build /home/fabio_tdt/Documents/ros2_dataset_ws/src/build/cartesian_controller_base -- -j8 -l8
[3.038s] [  9%] [32mBuilding CXX object CMakeFiles/ik_solvers.dir/src/ForwardDynamicsSolver.cpp.o[0m
[3.039s] [ 18%] [32mBuilding CXX object CMakeFiles/ik_solvers.dir/src/SelectivelyDampedLeastSquaresSolver.cpp.o[0m
[3.055s] [ 27%] [32mBuilding CXX object CMakeFiles/ik_solvers.dir/src/IKSolver.cpp.o[0m
[3.055s] [ 36%] [32mBuilding CXX object CMakeFiles/ik_solvers.dir/src/JacobianTransposeSolver.cpp.o[0m
[3.060s] [ 45%] [32mBuilding CXX object CMakeFiles/cartesian_controller_base.dir/src/SpatialPDController.cpp.o[0m
[3.062s] [ 72%] [32mBuilding CXX object CMakeFiles/cartesian_controller_base.dir/src/PDController.cpp.o[0m
[3.062s] [ 72%] [32mBuilding CXX object CMakeFiles/cartesian_controller_base.dir/src/cartesian_controller_base.cpp.o[0m
[3.070s] [ 72%] [32mBuilding CXX object CMakeFiles/ik_solvers.dir/src/DampedLeastSquaresSolver.cpp.o[0m
[9.731s] [ 81%] [32mBuilding CXX object CMakeFiles/cartesian_controller_base.dir/src/IKSolver.cpp.o[0m
[21.639s] [ 90%] [32m[1mLinking CXX shared library libcartesian_controller_base.so[0m
[21.800s] [ 90%] Built target cartesian_controller_base
[23.032s] [100%] [32m[1mLinking CXX shared library libik_solvers.so[0m
[23.167s] [100%] Built target ik_solvers
[23.178s] Invoked command in '/home/fabio_tdt/Documents/ros2_dataset_ws/src/build/cartesian_controller_base' returned '0': CMAKE_PREFIX_PATH=/home/fabio_tdt/Documents/ros2_dataset_ws/src/install/ur_simulation_gz:/home/fabio_tdt/Documents/ros2_dataset_ws/src/install/cartesian_compliance_controller:/home/fabio_tdt/Documents/ros2_dataset_ws/src/install/cartesian_motion_controller:/home/fabio_tdt/Documents/ros2_dataset_ws/src/install/cartesian_force_controller:/home/fabio_tdt/Documents/ros2_dataset_ws/src/install/cartesian_controller_utilities:/home/fabio_tdt/Documents/ros2_dataset_ws/src/install/cartesian_controller_tests:/home/fabio_tdt/Documents/ros2_dataset_ws/src/install/cartesian_controller_simulation:/home/fabio_tdt/Documents/ros2_dataset_ws/src/install/cartesian_controller_handles:/home/fabio_tdt/Documents/ros2_dataset_ws/src/install/cartesian_controller_base:/home/fabio_tdt/Documents/ros2_dataset_ws/install/ur_simulation_gz:/home/fabio_tdt/Documents/ros2_dataset_ws/install/cartesian_compliance_controller:/home/fabio_tdt/Documents/ros2_dataset_ws/install/cartesian_motion_controller:/home/fabio_tdt/Documents/ros2_dataset_ws/install/cartesian_force_controller:/home/fabio_tdt/Documents/ros2_dataset_ws/install/cartesian_controller_utilities:/home/fabio_tdt/Documents/ros2_dataset_ws/src/install/ur5e_motion_controller:/home/fabio_tdt/Documents/ros2_dataset_ws/install/ur5e_motion_controller:/home/fabio_tdt/Documents/ros2_dataset_ws/install/ur_simulator:/home/fabio_tdt/Documents/ros2_dataset_ws/install/realsense_streamer:/home/fabio_tdt/Documents/ros2_dataset_ws/install/launch_package:/home/fabio_tdt/Documents/ros2_dataset_ws/install/berry_dataset:/home/fabio_tdt/Documents/ros2_dataset_ws/src/install/ur_simulator:/home/fabio_tdt/Documents/ros2_dataset_ws/src/install/realsense_streamer:/home/fabio_tdt/Documents/ros2_dataset_ws/src/install/launch_package:/home/fabio_tdt/Documents/ros2_dataset_ws/src/install/berry_dataset:/opt/ros/humble:/home/fabio_tdt/Documents/ros2_dataset_ws/install/cartesian_controller_tests:/home/fabio_tdt/Documents/ros2_dataset_ws/install/cartesian_controller_simulation:/home/fabio_tdt/Documents/ros2_dataset_ws/install/cartesian_controller_handles:/home/fabio_tdt/Documents/ros2_dataset_ws/install/cartesian_controller_base /usr/bin/cmake --build /home/fabio_tdt/Documents/ros2_dataset_ws/src/build/cartesian_controller_base -- -j8 -l8
[23.220s] Invoking command in '/home/fabio_tdt/Documents/ros2_dataset_ws/src/build/cartesian_controller_base': CMAKE_PREFIX_PATH=/home/fabio_tdt/Documents/ros2_dataset_ws/src/install/ur_simulation_gz:/home/fabio_tdt/Documents/ros2_dataset_ws/src/install/cartesian_compliance_controller:/home/fabio_tdt/Documents/ros2_dataset_ws/src/install/cartesian_motion_controller:/home/fabio_tdt/Documents/ros2_dataset_ws/src/install/cartesian_force_controller:/home/fabio_tdt/Documents/ros2_dataset_ws/src/install/cartesian_controller_utilities:/home/fabio_tdt/Documents/ros2_dataset_ws/src/install/cartesian_controller_tests:/home/fabio_tdt/Documents/ros2_dataset_ws/src/install/cartesian_controller_simulation:/home/fabio_tdt/Documents/ros2_dataset_ws/src/install/cartesian_controller_handles:/home/fabio_tdt/Documents/ros2_dataset_ws/src/install/cartesian_controller_base:/home/fabio_tdt/Documents/ros2_dataset_ws/install/ur_simulation_gz:/home/fabio_tdt/Documents/ros2_dataset_ws/install/cartesian_compliance_controller:/home/fabio_tdt/Documents/ros2_dataset_ws/install/cartesian_motion_controller:/home/fabio_tdt/Documents/ros2_dataset_ws/install/cartesian_force_controller:/home/fabio_tdt/Documents/ros2_dataset_ws/install/cartesian_controller_utilities:/home/fabio_tdt/Documents/ros2_dataset_ws/src/install/ur5e_motion_controller:/home/fabio_tdt/Documents/ros2_dataset_ws/install/ur5e_motion_controller:/home/fabio_tdt/Documents/ros2_dataset_ws/install/ur_simulator:/home/fabio_tdt/Documents/ros2_dataset_ws/install/realsense_streamer:/home/fabio_tdt/Documents/ros2_dataset_ws/install/launch_package:/home/fabio_tdt/Documents/ros2_dataset_ws/install/berry_dataset:/home/fabio_tdt/Documents/ros2_dataset_ws/src/install/ur_simulator:/home/fabio_tdt/Documents/ros2_dataset_ws/src/install/realsense_streamer:/home/fabio_tdt/Documents/ros2_dataset_ws/src/install/launch_package:/home/fabio_tdt/Documents/ros2_dataset_ws/src/install/berry_dataset:/opt/ros/humble:/home/fabio_tdt/Documents/ros2_dataset_ws/install/cartesian_controller_tests:/home/fabio_tdt/Documents/ros2_dataset_ws/install/cartesian_controller_simulation:/home/fabio_tdt/Documents/ros2_dataset_ws/install/cartesian_controller_handles:/home/fabio_tdt/Documents/ros2_dataset_ws/install/cartesian_controller_base /usr/bin/cmake --install /home/fabio_tdt/Documents/ros2_dataset_ws/src/build/cartesian_controller_base
[23.227s] -- Install configuration: "Release"
[23.227s] -- Execute custom install script
[23.227s] -- Symlinking: /home/fabio_tdt/Documents/ros2_dataset_ws/src/install/cartesian_controller_base/share/cartesian_controller_base//ik_solver_plugin.xml
[23.235s] -- Symlinking: /home/fabio_tdt/Documents/ros2_dataset_ws/src/install/cartesian_controller_base/include/cartesian_controller_base/DampedLeastSquaresSolver.h
[23.241s] -- Symlinking: /home/fabio_tdt/Documents/ros2_dataset_ws/src/install/cartesian_controller_base/include/cartesian_controller_base/ForwardDynamicsSolver.h
[23.249s] -- Symlinking: /home/fabio_tdt/Documents/ros2_dataset_ws/src/install/cartesian_controller_base/include/cartesian_controller_base/IKSolver.h
[23.255s] -- Symlinking: /home/fabio_tdt/Documents/ros2_dataset_ws/src/install/cartesian_controller_base/include/cartesian_controller_base/JacobianTransposeSolver.h
[23.262s] -- Symlinking: /home/fabio_tdt/Documents/ros2_dataset_ws/src/install/cartesian_controller_base/include/cartesian_controller_base/PDController.h
[23.269s] -- Symlinking: /home/fabio_tdt/Documents/ros2_dataset_ws/src/install/cartesian_controller_base/include/cartesian_controller_base/ROS2VersionConfig.h.in
[23.276s] -- Symlinking: /home/fabio_tdt/Documents/ros2_dataset_ws/src/install/cartesian_controller_base/include/cartesian_controller_base/SelectivelyDampedLeastSquaresSolver.h
[23.283s] -- Symlinking: /home/fabio_tdt/Documents/ros2_dataset_ws/src/install/cartesian_controller_base/include/cartesian_controller_base/SpatialPDController.h
[23.289s] -- Symlinking: /home/fabio_tdt/Documents/ros2_dataset_ws/src/install/cartesian_controller_base/include/cartesian_controller_base/Utility.h
[23.314s] -- Symlinking: /home/fabio_tdt/Documents/ros2_dataset_ws/src/install/cartesian_controller_base/include/cartesian_controller_base/cartesian_controller_base.h
[23.326s] -- Symlinking: /home/fabio_tdt/Documents/ros2_dataset_ws/src/install/cartesian_controller_base/lib/libcartesian_controller_base.so
[23.338s] -- Symlinking: /home/fabio_tdt/Documents/ros2_dataset_ws/src/install/cartesian_controller_base/lib/libik_solvers.so
[23.347s] -- Symlinking: /home/fabio_tdt/Documents/ros2_dataset_ws/src/install/cartesian_controller_base/include/cartesian_controller_base/ROS2VersionConfig.h
[23.354s] -- Symlinking: /home/fabio_tdt/Documents/ros2_dataset_ws/src/install/cartesian_controller_base/share/cartesian_controller_base/environment/library_path.sh
[23.361s] -- Symlinking: /home/fabio_tdt/Documents/ros2_dataset_ws/src/install/cartesian_controller_base/share/cartesian_controller_base/environment/library_path.dsv
[23.369s] -- Symlinking: /home/fabio_tdt/Documents/ros2_dataset_ws/src/install/cartesian_controller_base/share/ament_index/resource_index/package_run_dependencies/cartesian_controller_base
[23.377s] -- Symlinking: /home/fabio_tdt/Documents/ros2_dataset_ws/src/install/cartesian_controller_base/share/ament_index/resource_index/parent_prefix_path/cartesian_controller_base
[23.385s] -- Symlinking: /home/fabio_tdt/Documents/ros2_dataset_ws/src/install/cartesian_controller_base/share/cartesian_controller_base/environment/ament_prefix_path.sh
[23.391s] -- Symlinking: /home/fabio_tdt/Documents/ros2_dataset_ws/src/install/cartesian_controller_base/share/cartesian_controller_base/environment/ament_prefix_path.dsv
[23.399s] -- Symlinking: /home/fabio_tdt/Documents/ros2_dataset_ws/src/install/cartesian_controller_base/share/cartesian_controller_base/environment/path.sh
[23.406s] -- Symlinking: /home/fabio_tdt/Documents/ros2_dataset_ws/src/install/cartesian_controller_base/share/cartesian_controller_base/environment/path.dsv
[23.414s] -- Symlinking: /home/fabio_tdt/Documents/ros2_dataset_ws/src/install/cartesian_controller_base/share/cartesian_controller_base/local_setup.bash
[23.421s] -- Symlinking: /home/fabio_tdt/Documents/ros2_dataset_ws/src/install/cartesian_controller_base/share/cartesian_controller_base/local_setup.sh
[23.428s] -- Symlinking: /home/fabio_tdt/Documents/ros2_dataset_ws/src/install/cartesian_controller_base/share/cartesian_controller_base/local_setup.zsh
[23.435s] -- Symlinking: /home/fabio_tdt/Documents/ros2_dataset_ws/src/install/cartesian_controller_base/share/cartesian_controller_base/local_setup.dsv
[23.442s] -- Symlinking: /home/fabio_tdt/Documents/ros2_dataset_ws/src/install/cartesian_controller_base/share/cartesian_controller_base/package.dsv
[23.449s] -- Symlinking: /home/fabio_tdt/Documents/ros2_dataset_ws/src/install/cartesian_controller_base/share/ament_index/resource_index/packages/cartesian_controller_base
[23.455s] -- Symlinking: /home/fabio_tdt/Documents/ros2_dataset_ws/src/install/cartesian_controller_base/share/ament_index/resource_index/cartesian_controller_base__pluginlib__plugin/cartesian_controller_base
[23.463s] -- Symlinking: /home/fabio_tdt/Documents/ros2_dataset_ws/src/install/cartesian_controller_base/share/cartesian_controller_base/cmake/ament_cmake_export_dependencies-extras.cmake
[23.470s] -- Symlinking: /home/fabio_tdt/Documents/ros2_dataset_ws/src/install/cartesian_controller_base/share/cartesian_controller_base/cmake/ament_cmake_export_include_directories-extras.cmake
[23.476s] -- Symlinking: /home/fabio_tdt/Documents/ros2_dataset_ws/src/install/cartesian_controller_base/share/cartesian_controller_base/cmake/ament_cmake_export_libraries-extras.cmake
[23.483s] -- Symlinking: /home/fabio_tdt/Documents/ros2_dataset_ws/src/install/cartesian_controller_base/share/cartesian_controller_base/cmake/cartesian_controller_baseConfig.cmake
[23.489s] -- Symlinking: /home/fabio_tdt/Documents/ros2_dataset_ws/src/install/cartesian_controller_base/share/cartesian_controller_base/cmake/cartesian_controller_baseConfig-version.cmake
[23.498s] -- Symlinking: /home/fabio_tdt/Documents/ros2_dataset_ws/src/install/cartesian_controller_base/share/cartesian_controller_base/package.xml
[23.505s] Invoked command in '/home/fabio_tdt/Documents/ros2_dataset_ws/src/build/cartesian_controller_base' returned '0': CMAKE_PREFIX_PATH=/home/fabio_tdt/Documents/ros2_dataset_ws/src/install/ur_simulation_gz:/home/fabio_tdt/Documents/ros2_dataset_ws/src/install/cartesian_compliance_controller:/home/fabio_tdt/Documents/ros2_dataset_ws/src/install/cartesian_motion_controller:/home/fabio_tdt/Documents/ros2_dataset_ws/src/install/cartesian_force_controller:/home/fabio_tdt/Documents/ros2_dataset_ws/src/install/cartesian_controller_utilities:/home/fabio_tdt/Documents/ros2_dataset_ws/src/install/cartesian_controller_tests:/home/fabio_tdt/Documents/ros2_dataset_ws/src/install/cartesian_controller_simulation:/home/fabio_tdt/Documents/ros2_dataset_ws/src/install/cartesian_controller_handles:/home/fabio_tdt/Documents/ros2_dataset_ws/src/install/cartesian_controller_base:/home/fabio_tdt/Documents/ros2_dataset_ws/install/ur_simulation_gz:/home/fabio_tdt/Documents/ros2_dataset_ws/install/cartesian_compliance_controller:/home/fabio_tdt/Documents/ros2_dataset_ws/install/cartesian_motion_controller:/home/fabio_tdt/Documents/ros2_dataset_ws/install/cartesian_force_controller:/home/fabio_tdt/Documents/ros2_dataset_ws/install/cartesian_controller_utilities:/home/fabio_tdt/Documents/ros2_dataset_ws/src/install/ur5e_motion_controller:/home/fabio_tdt/Documents/ros2_dataset_ws/install/ur5e_motion_controller:/home/fabio_tdt/Documents/ros2_dataset_ws/install/ur_simulator:/home/fabio_tdt/Documents/ros2_dataset_ws/install/realsense_streamer:/home/fabio_tdt/Documents/ros2_dataset_ws/install/launch_package:/home/fabio_tdt/Documents/ros2_dataset_ws/install/berry_dataset:/home/fabio_tdt/Documents/ros2_dataset_ws/src/install/ur_simulator:/home/fabio_tdt/Documents/ros2_dataset_ws/src/install/realsense_streamer:/home/fabio_tdt/Documents/ros2_dataset_ws/src/install/launch_package:/home/fabio_tdt/Documents/ros2_dataset_ws/src/install/berry_dataset:/opt/ros/humble:/home/fabio_tdt/Documents/ros2_dataset_ws/install/cartesian_controller_tests:/home/fabio_tdt/Documents/ros2_dataset_ws/install/cartesian_controller_simulation:/home/fabio_tdt/Documents/ros2_dataset_ws/install/cartesian_controller_handles:/home/fabio_tdt/Documents/ros2_dataset_ws/install/cartesian_controller_base /usr/bin/cmake --install /home/fabio_tdt/Documents/ros2_dataset_ws/src/build/cartesian_controller_base
