[2.692s] Invoking command in '/home/fabio_tdt/Documents/ros2_dataset_ws/src/build/launch_package': PYTHONPATH=/home/fabio_tdt/Documents/ros2_dataset_ws/src/build/launch_package/prefix_override:/home/fabio_tdt/Documents/ros2_dataset_ws/src/install/launch_package/lib/python3.10/site-packages:${PYTHONPATH} /usr/bin/python3 setup.py develop --editable --build-directory /home/fabio_tdt/Documents/ros2_dataset_ws/src/build/launch_package/build --no-deps install_data
[3.999s] running develop
[4.001s] /usr/lib/python3/dist-packages/setuptools/command/easy_install.py:158: EasyInstallDeprecationWarning: easy_install command is deprecated. Use build and pip and other standards-based tools.
[4.001s]   warnings.warn(
[4.007s] /usr/lib/python3/dist-packages/setuptools/command/install.py:34: SetuptoolsDeprecationWarning: setup.py install is deprecated. Use build and pip and other standards-based tools.
[4.007s]   warnings.warn(
[4.961s] running egg_info
[4.961s] creating launch_package.egg-info
[4.962s] writing launch_package.egg-info/PKG-INFO
[4.962s] writing dependency_links to launch_package.egg-info/dependency_links.txt
[4.963s] writing entry points to launch_package.egg-info/entry_points.txt
[4.963s] writing requirements to launch_package.egg-info/requires.txt
[4.963s] writing top-level names to launch_package.egg-info/top_level.txt
[4.964s] writing manifest file 'launch_package.egg-info/SOURCES.txt'
[4.967s] reading manifest file 'launch_package.egg-info/SOURCES.txt'
[4.968s] writing manifest file 'launch_package.egg-info/SOURCES.txt'
[5.045s] running build_ext
[5.045s] Creating /home/fabio_tdt/Documents/ros2_dataset_ws/src/install/launch_package/lib/python3.10/site-packages/launch-package.egg-link (link to .)
[5.047s] 
[5.047s] Installed /home/fabio_tdt/Documents/ros2_dataset_ws/src/build/launch_package
[5.047s] running install_data
[5.047s] creating /home/fabio_tdt/Documents/ros2_dataset_ws/src/install/launch_package/share/ament_index
[5.048s] creating /home/fabio_tdt/Documents/ros2_dataset_ws/src/install/launch_package/share/ament_index/resource_index
[5.048s] creating /home/fabio_tdt/Documents/ros2_dataset_ws/src/install/launch_package/share/ament_index/resource_index/packages
[5.048s] copying resource/launch_package -> /home/fabio_tdt/Documents/ros2_dataset_ws/src/install/launch_package/share/ament_index/resource_index/packages
[5.049s] copying package.xml -> /home/fabio_tdt/Documents/ros2_dataset_ws/src/install/launch_package/share/launch_package
[5.049s] creating /home/fabio_tdt/Documents/ros2_dataset_ws/src/install/launch_package/share/launch_package/launch_package
[5.049s] copying launch_package/launch_pipeline.py -> /home/fabio_tdt/Documents/ros2_dataset_ws/src/install/launch_package/share/launch_package/launch_package
[5.141s] Invoked command in '/home/fabio_tdt/Documents/ros2_dataset_ws/src/build/launch_package' returned '0': PYTHONPATH=/home/fabio_tdt/Documents/ros2_dataset_ws/src/build/launch_package/prefix_override:/home/fabio_tdt/Documents/ros2_dataset_ws/src/install/launch_package/lib/python3.10/site-packages:${PYTHONPATH} /usr/bin/python3 setup.py develop --editable --build-directory /home/fabio_tdt/Documents/ros2_dataset_ws/src/build/launch_package/build --no-deps install_data
